2025-05-05 09:51:06,151 - logger name:res/SD/trafficStream2025-05-05-09:51:06.150041/trafficStream.log
2025-05-05 09:51:06,151 - params : {'conf': 'conf/trafficStream_SD.json', 'paral': 0, 'gpuid': 5, 'logname': 'trafficStream', 'load_first_year': 0, 'first_year_model_path': '/home/bd2/ANATS/TrafficStream/res/SD/trafficStream2025-04-17-12:25:53.499043/2017/26.012.pkl', 'begin_year': 2017, 'end_year': 2020, 'dropout': 0.0, 'lr': 0.01, 'batch_size': 128, 'epoch': 100, 'loss': 'mse', 'activation': 'relu', 'scheduler': 'epo', 'train': 1, 'y_len': 12, 'x_len': 12, 'data_process': 0, 'auto_test': 1, 'raw_data_path': 'data/SD/finaldata/', 'save_data_path': 'data/SD/FastData/', 'graph_path': 'data/SD/graph/', 'model_path': 'res/SD/', 'gcn': {'in_channel': 12, 'out_channel': 12, 'hidden_channel': 64}, 'tcn': {'in_channel': 1, 'out_channel': 1, 'kernel_size': 3, 'dilation': 1}, 'strategy': 'incremental', 'init': True, 'increase': True, 'num_hops': 2, 'detect': False, 'detect_strategy': 'feature', 'ewc': True, 'ewc_strategy': 'ewc', 'ewc_lambda': 0.0001, 'replay': True, 'replay_strategy': 'random', 'repaly_num_samples': 300, 'extra_feature': True, 'time': '2025-05-05-09:51:06.150041', 'path': 'res/SD/trafficStream2025-05-05-09:51:06.150041', 'device': device(type='cuda', index=5), 'logger': <Logger __main__ (INFO)>}
2025-05-05 09:51:06,178 - [*] Year 2017 load from data/SD/FastData/2017_30day.npz
2025-05-05 09:51:19,224 - [*] Year 2017 Dataset load!
2025-05-05 09:51:19,227 - [*] Model parameter count: 8842
2025-05-05 09:51:19,228 - [*] Classifier parameter count: 4994
2025-05-05 09:51:19,228 - [*] Year 2017 Training start
2025-05-05 09:51:19,590 - node number torch.Size([91648, 24])
2025-05-05 09:51:38,328 - epoch:0, training loss:18344.5805 validation loss:38.3733, moco loss:7721.5303
2025-05-05 09:51:55,875 - epoch:1, training loss:2321.9590 validation loss:29.2223, moco loss:110.6835
2025-05-05 09:52:13,444 - epoch:2, training loss:1958.0784 validation loss:28.1851, moco loss:20.8911
2025-05-05 09:52:31,132 - epoch:3, training loss:1919.9213 validation loss:28.6950, moco loss:17.0376
2025-05-05 09:52:48,708 - epoch:4, training loss:1901.7122 validation loss:28.2403, moco loss:2.3722
2025-05-05 09:53:06,733 - epoch:5, training loss:1886.0556 validation loss:28.4244, moco loss:33.9059
2025-05-05 09:53:24,443 - epoch:6, training loss:1874.1393 validation loss:28.1024, moco loss:31.6131
2025-05-05 09:53:42,083 - epoch:7, training loss:1865.4351 validation loss:28.0793, moco loss:27.0299
2025-05-05 09:53:59,787 - epoch:8, training loss:1859.4973 validation loss:27.8165, moco loss:7.7612
2025-05-05 09:54:17,933 - epoch:9, training loss:1853.2787 validation loss:28.3267, moco loss:26.0887
2025-05-05 09:54:35,601 - epoch:10, training loss:1850.5183 validation loss:27.8610, moco loss:8.8383
2025-05-05 09:54:52,926 - epoch:11, training loss:1850.5395 validation loss:27.9871, moco loss:3.4155
2025-05-05 09:55:10,298 - epoch:12, training loss:1841.6133 validation loss:27.5537, moco loss:26.5950
2025-05-05 09:55:28,098 - epoch:13, training loss:1812.7420 validation loss:27.5051, moco loss:9.1447
2025-05-05 09:55:45,687 - epoch:14, training loss:1764.1130 validation loss:27.2520, moco loss:18.6194
2025-05-05 09:56:03,489 - epoch:15, training loss:1743.9235 validation loss:28.1051, moco loss:3.0099
2025-05-05 09:56:21,476 - epoch:16, training loss:1723.0341 validation loss:27.6316, moco loss:5.1673
2025-05-05 09:56:40,102 - epoch:17, training loss:1716.1704 validation loss:27.3034, moco loss:2.7992
2025-05-05 09:56:58,745 - epoch:18, training loss:1710.4248 validation loss:27.9665, moco loss:5.8674
2025-05-05 09:57:16,763 - epoch:19, training loss:1703.7908 validation loss:26.9960, moco loss:9.9521
2025-05-05 09:57:34,429 - epoch:20, training loss:1702.0816 validation loss:26.8447, moco loss:2.5852
2025-05-05 09:57:52,296 - epoch:21, training loss:1698.2010 validation loss:27.3908, moco loss:3.4445
2025-05-05 09:58:09,905 - epoch:22, training loss:1700.1602 validation loss:27.5603, moco loss:11.9225
2025-05-05 09:58:27,511 - epoch:23, training loss:1696.2962 validation loss:27.2892, moco loss:3.5662
2025-05-05 09:58:45,345 - epoch:24, training loss:1694.8288 validation loss:27.5866, moco loss:7.3034
2025-05-05 09:59:03,459 - epoch:25, training loss:1694.9378 validation loss:26.9116, moco loss:17.0603
2025-05-05 09:59:21,014 - epoch:26, training loss:1696.9629 validation loss:26.9157, moco loss:3.9329
2025-05-05 09:59:24,117 - [*]Test--basic_loss:1184.4971, event_loss:nan, test_loss:1635.6159
2025-05-05 09:59:24,506 - [*] Evaluating all samples:
2025-05-05 09:59:24,506 - [*] year 2017, testing
2025-05-05 09:59:26,827 - T:3	MAE	20.1809	RMSE	29.9506	MAPE	14.7966
2025-05-05 09:59:30,531 - T:6	MAE	22.5024	RMSE	33.5738	MAPE	17.1398
2025-05-05 09:59:36,211 - T:12	MAE	26.7986	RMSE	40.2027	MAPE	21.8704
2025-05-05 09:59:36,693 - [*] Evaluating basic traffic samples (prediction=0):
2025-05-05 09:59:36,693 - [*] year 2017, testing
2025-05-05 09:59:38,350 - T:3	MAE	17.6696	RMSE	26.0979	MAPE	16.0683
2025-05-05 09:59:41,000 - T:6	MAE	19.4046	RMSE	28.6220	MAPE	18.6784
2025-05-05 09:59:45,281 - T:12	MAE	22.6720	RMSE	33.3460	MAPE	24.1367
2025-05-05 09:59:45,435 - [*] Evaluating event traffic samples (prediction=1):
2025-05-05 09:59:45,435 - [*] year 2017, testing
2025-05-05 09:59:45,861 - T:3	MAE	28.0552	RMSE	39.6748	MAPE	10.8098
2025-05-05 09:59:46,532 - T:6	MAE	32.2147	RMSE	45.7469	MAPE	12.3162
2025-05-05 09:59:47,427 - T:12	MAE	39.7318	RMSE	56.5413	MAPE	14.7644
2025-05-05 09:59:47,432 - Finished optimization, total time:388.20 s, best model:res/SD/trafficStream2025-05-05-09:51:06.150041/2017/26.8447.pkl
2025-05-05 09:59:47,496 - [*] Year 2018 load from data/SD/FastData/2018_30day.npz
2025-05-05 09:59:47,523 - Secure SignIn[*] load from res/SD/trafficStream2025-05-05-09:51:06.150041/2017/26.8447.pkl
2025-05-05 09:59:47,533 - [*] replay node number 64
2025-05-05 09:59:52,948 - number of increase nodes:61, nodes after 2 hop:torch.Size([518]), total nodes this year 716
2025-05-05 10:00:15,986 - [*] Year 2018 Dataset load!
2025-05-05 10:00:15,987 - Secure SignIn[*] load from res/SD/trafficStream2025-05-05-09:51:06.150041/2017/26.8447.pkl
2025-05-05 10:00:15,994 - [*] EWC! lambda 0.000100
