2025-06-03 09:53:28,266 - logger name:log/GLA/retrain_st_sd-42/retrain_st_sd.log
2025-06-03 09:53:28,266 - params : {'conf': 'conf/GLA/retrain_st_sd.json', 'seed': 42, 'paral': 0, 'gpuid': 4, 'logname': 'retrain_st_sd', 'method': 'TrafficStream', 'load_first_year': 0, 'first_year_model_path': '/home/bd2/ANATS/Online_Baselines/log/GBA/trafficstream-42/2017/32.2186.pkl', 'device': device(type='cuda', index=4), 'methods': {'TrafficStream': <class 'src.model.model.TrafficStream_Model'>, 'EAC': <class 'src.model.model.EAC_Model'>, 'Universal': <class 'src.model.model.Universal_Model'>, 'TEAM': <class 'src.model.model.TEAM_Model'>, 'DLF': <class 'src.model.model.DLF_Model'>}, 'begin_year': 2017, 'end_year': 2020, 'dropout': 0.0, 'lr': 0.01, 'batch_size': 128, 'epoch': 100, 'loss': 'mse', 'activation': 'relu', 'scheduler': 'epo', 'y_len': 12, 'x_len': 12, 'data_process': 1, 'auto_test': 1, 'raw_data_path': 'data/GLA/finaldata/', 'save_data_path': 'data/GLA/FastData/', 'graph_path': 'data/GLA/graph/', 'model_path': 'log/GLA/', 'gcn': {'in_channel': 12, 'out_channel': 12, 'hidden_channel': 64}, 'tcn': {'in_channel': 1, 'out_channel': 1, 'kernel_size': 3, 'dilation': 1}, 'rank': 6, 'train': 1, 'strategy': 'retrain', 'init': True, 'increase': False, 'num_hops': 0, 'detect': False, 'ewc': False, 'ewc_strategy': 'ewc', 'ewc_lambda': 0.0001, 'replay': False, 'path': 'log/GLA/retrain_st_sd-42', 'logger': <Logger utils.initialize (INFO)>}
2025-06-04 05:14:27,878 - logger name:log/GLA/retrain_st_sd-42/retrain_st_sd.log
2025-06-04 05:14:27,878 - params : {'conf': 'conf/GLA/retrain_st_sd.json', 'seed': 42, 'paral': 0, 'gpuid': 4, 'logname': 'retrain_st_sd', 'method': 'TrafficStream', 'load_first_year': 1, 'first_year_model_path': '/home/bd2/ANATS/Online_Baselines/log/GBA/dlf-42/2017/30.0695.pkl', 'device': device(type='cuda', index=4), 'methods': {'TrafficStream': <class 'src.model.model.TrafficStream_Model'>, 'EAC': <class 'src.model.model.EAC_Model'>, 'Universal': <class 'src.model.model.Universal_Model'>, 'TEAM': <class 'src.model.model.TEAM_Model'>, 'DLF': <class 'src.model.model.DLF_Model'>}, 'begin_year': 2017, 'end_year': 2020, 'dropout': 0.0, 'lr': 0.01, 'batch_size': 128, 'epoch': 100, 'loss': 'mse', 'activation': 'relu', 'scheduler': 'epo', 'y_len': 12, 'x_len': 12, 'data_process': 1, 'auto_test': 1, 'raw_data_path': 'data/GLA/finaldata/', 'save_data_path': 'data/GLA/FastData/', 'graph_path': 'data/GLA/graph/', 'model_path': 'log/GLA/', 'gcn': {'in_channel': 12, 'out_channel': 12, 'hidden_channel': 64}, 'tcn': {'in_channel': 1, 'out_channel': 1, 'kernel_size': 3, 'dilation': 1}, 'rank': 6, 'train': 1, 'strategy': 'retrain', 'init': True, 'increase': False, 'num_hops': 0, 'detect': False, 'ewc': False, 'ewc_strategy': 'ewc', 'ewc_lambda': 0.0001, 'replay': False, 'path': 'log/GLA/retrain_st_sd-42', 'logger': <Logger utils.initialize (INFO)>}
2025-06-04 05:15:28,075 - [*] Year 2017 load from data/GLA/FastData/2017.npz
2025-06-04 05:15:28,445 - [*] load from /home/bd2/ANATS/Online_Baselines/log/GBA/dlf-42/2017/30.0695.pkl
2025-06-04 05:22:15,649 - logger name:log/GLA/retrain_st_sd-42/retrain_st_sd.log
2025-06-04 05:22:15,649 - params : {'conf': 'conf/GLA/retrain_st_sd.json', 'seed': 42, 'paral': 0, 'gpuid': 4, 'logname': 'retrain_st_sd', 'method': 'TrafficStream', 'load_first_year': 0, 'first_year_model_path': '/home/bd2/ANATS/Online_Baselines/log/GBA/dlf-42/2017/30.0695.pkl', 'device': device(type='cuda', index=4), 'methods': {'TrafficStream': <class 'src.model.model.TrafficStream_Model'>, 'EAC': <class 'src.model.model.EAC_Model'>, 'Universal': <class 'src.model.model.Universal_Model'>, 'TEAM': <class 'src.model.model.TEAM_Model'>, 'DLF': <class 'src.model.model.DLF_Model'>}, 'begin_year': 2017, 'end_year': 2020, 'dropout': 0.0, 'lr': 0.01, 'batch_size': 128, 'epoch': 100, 'loss': 'mse', 'activation': 'relu', 'scheduler': 'epo', 'y_len': 12, 'x_len': 12, 'data_process': 1, 'auto_test': 1, 'raw_data_path': 'data/GLA/finaldata/', 'save_data_path': 'data/GLA/FastData/', 'graph_path': 'data/GLA/graph/', 'model_path': 'log/GLA/', 'gcn': {'in_channel': 12, 'out_channel': 12, 'hidden_channel': 64}, 'tcn': {'in_channel': 1, 'out_channel': 1, 'kernel_size': 3, 'dilation': 1}, 'rank': 6, 'train': 1, 'strategy': 'retrain', 'init': True, 'increase': False, 'num_hops': 0, 'detect': False, 'ewc': False, 'ewc_strategy': 'ewc', 'ewc_lambda': 0.0001, 'replay': False, 'path': 'log/GLA/retrain_st_sd-42', 'logger': <Logger utils.initialize (INFO)>}
2025-06-04 05:23:22,328 - [*] Year 2017 load from data/GLA/FastData/2017.npz
2025-06-04 05:23:22,750 - [*] Year 2017 Dataset load!
2025-06-04 05:23:22,753 - Total Parameters: 3308
2025-06-04 05:23:22,753 - Trainable Parameters: 3308
2025-06-04 05:23:22,753 - [*] Year 2017 Training start
2025-06-04 05:23:24,207 - node number torch.Size([232960, 12])
2025-06-04 05:23:38,396 - epoch:0, training loss:27562.5982 validation loss:53.7139
2025-06-04 05:23:53,218 - epoch:1, training loss:4025.2004 validation loss:39.1351
2025-06-04 05:24:07,840 - epoch:2, training loss:3110.2453 validation loss:35.3929
2025-06-04 05:24:22,349 - epoch:3, training loss:2923.6204 validation loss:35.5533
2025-06-04 05:24:37,101 - epoch:4, training loss:2856.6721 validation loss:35.1633
2025-06-04 05:24:51,720 - epoch:5, training loss:2807.8297 validation loss:34.4115
2025-06-04 05:25:05,998 - epoch:6, training loss:2761.4823 validation loss:34.3460
2025-06-04 05:25:20,333 - epoch:7, training loss:2703.2010 validation loss:34.8162
2025-06-04 05:25:34,671 - epoch:8, training loss:2679.7735 validation loss:35.8320
2025-06-04 05:25:49,159 - epoch:9, training loss:2670.0497 validation loss:34.0532
2025-06-04 05:26:03,685 - epoch:10, training loss:2659.0799 validation loss:36.7194
2025-06-04 05:26:18,338 - epoch:11, training loss:2666.1964 validation loss:34.1698
2025-06-04 05:26:32,951 - epoch:12, training loss:2651.7370 validation loss:33.9747
2025-06-04 05:26:47,293 - epoch:13, training loss:2644.9780 validation loss:32.9984
2025-06-04 05:27:01,926 - epoch:14, training loss:2639.3696 validation loss:33.6781
2025-06-04 05:27:16,043 - epoch:15, training loss:2643.7436 validation loss:32.7259
2025-06-04 05:27:30,098 - epoch:16, training loss:2633.3074 validation loss:32.9443
2025-06-04 05:27:44,997 - epoch:17, training loss:2636.8075 validation loss:33.2857
2025-06-04 05:27:59,217 - epoch:18, training loss:2636.5434 validation loss:33.4225
2025-06-04 05:28:13,790 - epoch:19, training loss:2632.4780 validation loss:35.8333
2025-06-04 05:28:28,343 - epoch:20, training loss:2627.8545 validation loss:33.1632
2025-06-04 05:28:42,711 - epoch:21, training loss:2627.0005 validation loss:33.2578
2025-06-04 05:28:48,437 - [*] loss:2616.6538
2025-06-04 05:28:50,282 - [*] year 2017, testing
2025-06-04 05:29:05,028 - T:3	MAE	23.2157	RMSE	36.1582	MAPE	10.5783
2025-06-04 05:29:33,546 - T:6	MAE	25.9340	RMSE	40.3616	MAPE	12.2427
2025-06-04 05:31:28,778 - T:12	MAE	31.1949	RMSE	48.2748	MAPE	15.8555
2025-06-04 05:31:28,779 - T:Avg	MAE	26.3024	RMSE	40.8509	MAPE	12.6073
2025-06-04 05:31:28,787 - Finished optimization, total time:165.76 s, best model:log/GLA/retrain_st_sd-42/2017/32.7259.pkl
2025-06-04 05:32:27,030 - [*] Year 2018 load from data/GLA/FastData/2018.npz
2025-06-04 05:32:27,095 - [*] Year 2018 Dataset load!
2025-06-04 05:32:27,096 - [*] load from log/GLA/retrain_st_sd-42/2017/32.7259.pkl
2025-06-04 05:32:27,100 - Total Parameters: 3308
2025-06-04 05:32:27,100 - Trainable Parameters: 3308
2025-06-04 05:32:27,101 - [*] Year 2018 Training start
2025-06-04 05:32:29,789 - node number torch.Size([235904, 12])
2025-06-04 05:32:44,968 - epoch:0, training loss:2729.0351 validation loss:34.2944
2025-06-04 05:33:02,488 - epoch:1, training loss:2662.9901 validation loss:35.0207
2025-06-04 05:33:19,521 - epoch:2, training loss:2662.6282 validation loss:33.2079
2025-06-04 05:33:36,733 - epoch:3, training loss:2662.1752 validation loss:33.9006
2025-06-04 05:33:53,934 - epoch:4, training loss:2664.6773 validation loss:36.0349
2025-06-04 05:34:11,129 - epoch:5, training loss:2652.8117 validation loss:35.5270
2025-06-04 05:34:29,292 - epoch:6, training loss:2651.2965 validation loss:36.8865
2025-06-04 05:34:46,451 - epoch:7, training loss:2656.9349 validation loss:34.5154
2025-06-04 05:35:03,879 - epoch:8, training loss:2653.5227 validation loss:36.1310
2025-06-04 05:35:11,134 - [*] loss:2521.3772
2025-06-04 05:35:12,327 - [*] year 2018, testing
2025-06-04 05:35:25,262 - T:3	MAE	24.5458	RMSE	36.5876	MAPE	11.0914
2025-06-04 05:35:53,121 - T:6	MAE	27.0638	RMSE	40.6668	MAPE	12.5205
2025-06-04 05:37:22,991 - T:12	MAE	32.0047	RMSE	48.2539	MAPE	16.0551
2025-06-04 05:37:22,991 - T:Avg	MAE	27.4186	RMSE	41.1180	MAPE	12.9537
2025-06-04 05:37:22,998 - Finished optimization, total time:80.90 s, best model:log/GLA/retrain_st_sd-42/2018/33.2079.pkl
2025-06-04 05:38:14,870 - [*] Year 2019 load from data/GLA/FastData/2019.npz
2025-06-04 05:38:14,941 - [*] Year 2019 Dataset load!
2025-06-04 05:38:14,941 - [*] load from log/GLA/retrain_st_sd-42/2018/33.2079.pkl
2025-06-04 05:38:14,946 - Total Parameters: 3308
2025-06-04 05:38:14,946 - Trainable Parameters: 3308
2025-06-04 05:38:14,946 - [*] Year 2019 Training start
2025-06-04 05:38:18,646 - node number torch.Size([237952, 12])
2025-06-04 05:38:34,872 - epoch:0, training loss:2466.4548 validation loss:34.0075
2025-06-04 05:38:53,904 - epoch:1, training loss:2404.7442 validation loss:32.3034
2025-06-04 05:39:12,890 - epoch:2, training loss:2414.1696 validation loss:32.4056
2025-06-04 05:39:32,299 - epoch:3, training loss:2414.6027 validation loss:33.1582
2025-06-04 05:39:51,688 - epoch:4, training loss:2407.3714 validation loss:30.9789
2025-06-04 05:40:11,648 - epoch:5, training loss:2412.2439 validation loss:33.4844
2025-06-04 05:40:31,262 - epoch:6, training loss:2394.3271 validation loss:32.5906
2025-06-04 05:40:51,321 - epoch:7, training loss:2406.6376 validation loss:33.8381
2025-06-04 05:41:11,679 - epoch:8, training loss:2398.4213 validation loss:33.0105
2025-06-04 05:41:31,729 - epoch:9, training loss:2388.9093 validation loss:32.7303
2025-06-04 05:41:51,762 - epoch:10, training loss:2365.2497 validation loss:32.0611
2025-06-04 05:42:01,279 - [*] loss:2329.1255
2025-06-04 05:42:02,526 - [*] year 2019, testing
2025-06-04 05:42:15,274 - T:3	MAE	23.0182	RMSE	34.8405	MAPE	10.5344
2025-06-04 05:42:40,604 - T:6	MAE	25.6289	RMSE	38.9218	MAPE	12.4425
2025-06-04 05:44:05,954 - T:12	MAE	30.8723	RMSE	46.7650	MAPE	16.9834
2025-06-04 05:44:05,954 - T:Avg	MAE	26.0483	RMSE	39.4691	MAPE	12.9793
2025-06-04 05:44:05,962 - Finished optimization, total time:111.34 s, best model:log/GLA/retrain_st_sd-42/2019/30.9789.pkl
2025-06-04 05:44:51,580 - [*] Year 2020 load from data/GLA/FastData/2020.npz
2025-06-04 05:44:51,644 - [*] Year 2020 Dataset load!
2025-06-04 05:44:51,644 - [*] load from log/GLA/retrain_st_sd-42/2019/30.9789.pkl
2025-06-04 05:44:51,649 - Total Parameters: 3308
2025-06-04 05:44:51,649 - Trainable Parameters: 3308
2025-06-04 05:44:51,649 - [*] Year 2020 Training start
2025-06-04 05:44:55,712 - node number torch.Size([237952, 12])
2025-06-04 05:45:12,198 - epoch:0, training loss:2300.7200 validation loss:39.2030
2025-06-04 05:45:32,454 - epoch:1, training loss:2230.7110 validation loss:37.1151
2025-06-04 05:45:52,989 - epoch:2, training loss:2234.8916 validation loss:37.7089
2025-06-04 05:46:13,215 - epoch:3, training loss:2239.3600 validation loss:40.6566
2025-06-04 05:46:33,327 - epoch:4, training loss:2238.2140 validation loss:36.8782
2025-06-04 05:46:53,079 - epoch:5, training loss:2215.6269 validation loss:42.2058
2025-06-04 05:47:13,696 - epoch:6, training loss:2168.0424 validation loss:37.1427
2025-06-04 05:47:33,636 - epoch:7, training loss:2142.7558 validation loss:34.2300
2025-06-04 05:47:53,524 - epoch:8, training loss:2124.3668 validation loss:36.6809
2025-06-04 05:48:13,333 - epoch:9, training loss:2120.1762 validation loss:35.9014
2025-06-04 05:48:32,855 - epoch:10, training loss:2094.4296 validation loss:36.7765
2025-06-04 05:48:52,756 - epoch:11, training loss:2083.9150 validation loss:37.4060
2025-06-04 05:49:12,709 - epoch:12, training loss:2082.2804 validation loss:37.2308
2025-06-04 05:49:32,811 - epoch:13, training loss:2071.5279 validation loss:34.7560
2025-06-04 05:49:42,546 - [*] loss:2757.4688
2025-06-04 05:49:43,855 - [*] year 2020, testing
2025-06-04 05:49:57,160 - T:3	MAE	36.7630	RMSE	45.4300	MAPE	31.1044
2025-06-04 05:50:24,241 - T:6	MAE	38.0187	RMSE	47.6500	MAPE	32.3594
2025-06-04 05:51:51,622 - T:12	MAE	40.1746	RMSE	51.4495	MAPE	34.9442
2025-06-04 05:51:51,623 - T:Avg	MAE	38.1128	RMSE	47.8060	MAPE	32.5620
2025-06-04 05:51:51,630 - Finished optimization, total time:144.94 s, best model:log/GLA/retrain_st_sd-42/2020/34.23.pkl
2025-06-04 05:51:51,631 - 


2025-06-04 05:51:51,631 - 3   	 MAE	     23.22	     24.55	     23.02	     36.76		   26.89
2025-06-04 05:51:51,631 - 3   	RMSE	     36.16	     36.59	     34.84	     45.43		   38.25
2025-06-04 05:51:51,631 - 3   	MAPE	     10.58	     11.09	     10.53	     31.10		   15.83
2025-06-04 05:51:51,631 - 6   	 MAE	     25.93	     27.06	     25.63	     38.02		   29.16
2025-06-04 05:51:51,631 - 6   	RMSE	     40.36	     40.67	     38.92	     47.65		   41.90
2025-06-04 05:51:51,631 - 6   	MAPE	     12.24	     12.52	     12.44	     32.36		   17.39
2025-06-04 05:51:51,632 - 12  	 MAE	     31.19	     32.00	     30.87	     40.17		   33.56
2025-06-04 05:51:51,632 - 12  	RMSE	     48.27	     48.25	     46.76	     51.45		   48.69
2025-06-04 05:51:51,632 - 12  	MAPE	     15.86	     16.06	     16.98	     34.94		   20.96
2025-06-04 05:51:51,632 - Avg 	 MAE	     26.30	     27.42	     26.05	     38.11		   29.47
2025-06-04 05:51:51,632 - Avg 	RMSE	     40.85	     41.12	     39.47	     47.81		   42.31
2025-06-04 05:51:51,632 - Avg 	MAPE	     12.61	     12.95	     12.98	     32.56		   17.78
2025-06-04 05:51:51,632 - year	2017	total_time	  165.7587	average_time	    7.5345	epoch	22
2025-06-04 05:51:51,632 - year	2018	total_time	   80.9035	average_time	    8.9893	epoch	9
2025-06-04 05:51:51,632 - year	2019	total_time	  111.3429	average_time	   10.1221	epoch	11
2025-06-04 05:51:51,632 - year	2020	total_time	  144.9404	average_time	   10.3529	epoch	14
2025-06-04 05:51:51,632 - total time: 502.9456
2025-06-04 06:02:46,250 - logger name:log/GLA/retrain_st_sd-42/retrain_st_sd.log
2025-06-04 06:02:46,251 - params : {'conf': 'conf/GLA/retrain_st_sd.json', 'seed': 42, 'paral': 0, 'gpuid': 4, 'logname': 'retrain_st_sd', 'method': 'TrafficStream', 'load_first_year': 0, 'first_year_model_path': '/home/bd2/ANATS/Online_Baselines/log/GBA/dlf-42/2017/30.0695.pkl', 'device': device(type='cuda', index=4), 'methods': {'TrafficStream': <class 'src.model.model.TrafficStream_Model'>, 'EAC': <class 'src.model.model.EAC_Model'>, 'Universal': <class 'src.model.model.Universal_Model'>, 'TEAM': <class 'src.model.model.TEAM_Model'>, 'DLF': <class 'src.model.model.DLF_Model'>}, 'begin_year': 2017, 'end_year': 2020, 'dropout': 0.0, 'lr': 0.01, 'batch_size': 128, 'epoch': 100, 'loss': 'mse', 'activation': 'relu', 'scheduler': 'epo', 'y_len': 12, 'x_len': 12, 'data_process': 1, 'auto_test': 1, 'raw_data_path': 'data/GLA/finaldata/', 'save_data_path': 'data/GLA/FastData/', 'graph_path': 'data/GLA/graph/', 'model_path': 'log/GLA/', 'gcn': {'in_channel': 12, 'out_channel': 12, 'hidden_channel': 64}, 'tcn': {'in_channel': 1, 'out_channel': 1, 'kernel_size': 3, 'dilation': 1}, 'rank': 6, 'train': 1, 'strategy': 'retrain', 'init': False, 'increase': False, 'num_hops': 0, 'detect': False, 'ewc': False, 'ewc_strategy': 'ewc', 'ewc_lambda': 0.0001, 'replay': False, 'path': 'log/GLA/retrain_st_sd-42', 'logger': <Logger utils.initialize (INFO)>}
2025-06-04 06:04:07,457 - [*] Year 2017 load from data/GLA/FastData/2017.npz
2025-06-04 06:04:07,729 - [*] Year 2017 Dataset load!
2025-06-04 06:04:07,732 - Total Parameters: 3308
2025-06-04 06:04:07,732 - Trainable Parameters: 3308
2025-06-04 06:04:07,733 - [*] Year 2017 Training start
2025-06-04 06:04:09,876 - node number torch.Size([232960, 12])
2025-06-04 06:04:26,963 - epoch:0, training loss:27562.5982 validation loss:53.7139
2025-06-04 06:04:44,834 - epoch:1, training loss:4025.2004 validation loss:39.1351
2025-06-04 06:04:58,411 - epoch:2, training loss:3110.2453 validation loss:35.3929
2025-06-04 06:05:12,633 - epoch:3, training loss:2923.6204 validation loss:35.5533
2025-06-04 06:05:26,389 - epoch:4, training loss:2856.6721 validation loss:35.1633
2025-06-04 06:05:40,220 - epoch:5, training loss:2807.8297 validation loss:34.4115
2025-06-04 06:05:54,619 - epoch:6, training loss:2761.4823 validation loss:34.3460
2025-06-04 06:06:08,474 - epoch:7, training loss:2703.2010 validation loss:34.8162
2025-06-04 06:06:22,459 - epoch:8, training loss:2679.7735 validation loss:35.8320
2025-06-04 06:06:36,281 - epoch:9, training loss:2670.0497 validation loss:34.0532
2025-06-04 06:06:50,220 - epoch:10, training loss:2659.0799 validation loss:36.7194
2025-06-04 06:07:03,961 - epoch:11, training loss:2666.1964 validation loss:34.1698
2025-06-04 06:07:18,269 - epoch:12, training loss:2651.7370 validation loss:33.9747
2025-06-04 06:07:32,357 - epoch:13, training loss:2644.9780 validation loss:32.9984
2025-06-04 06:07:46,273 - epoch:14, training loss:2639.3696 validation loss:33.6781
2025-06-04 06:08:00,034 - epoch:15, training loss:2643.7436 validation loss:32.7259
2025-06-04 06:08:14,270 - epoch:16, training loss:2633.3074 validation loss:32.9443
2025-06-04 06:08:28,133 - epoch:17, training loss:2636.8075 validation loss:33.2857
2025-06-04 06:08:42,434 - epoch:18, training loss:2636.5434 validation loss:33.4225
2025-06-04 06:08:56,691 - epoch:19, training loss:2632.4780 validation loss:35.8333
2025-06-04 06:09:10,834 - epoch:20, training loss:2627.8545 validation loss:33.1632
2025-06-04 06:09:25,188 - epoch:21, training loss:2627.0005 validation loss:33.2578
2025-06-04 06:09:30,717 - [*] loss:2616.6538
2025-06-04 06:09:31,713 - [*] year 2017, testing
2025-06-04 06:09:44,996 - T:3	MAE	23.2157	RMSE	36.1582	MAPE	10.5783
2025-06-04 06:10:11,712 - T:6	MAE	25.9340	RMSE	40.3616	MAPE	12.2427
2025-06-04 06:11:37,029 - T:12	MAE	31.1949	RMSE	48.2748	MAPE	15.8555
2025-06-04 06:11:37,029 - T:Avg	MAE	26.3024	RMSE	40.8509	MAPE	12.6073
2025-06-04 06:11:37,036 - Finished optimization, total time:165.02 s, best model:log/GLA/retrain_st_sd-42/2017/32.7259.pkl
2025-06-04 06:12:19,018 - [*] Year 2018 load from data/GLA/FastData/2018.npz
2025-06-04 06:12:19,075 - [*] Year 2018 Dataset load!
2025-06-04 06:12:19,077 - Total Parameters: 3308
2025-06-04 06:12:19,077 - Trainable Parameters: 3308
2025-06-04 06:12:19,077 - [*] Year 2018 Training start
2025-06-04 06:12:21,175 - node number torch.Size([235904, 12])
2025-06-04 06:12:35,073 - epoch:0, training loss:27049.8099 validation loss:55.8957
2025-06-04 06:12:51,654 - epoch:1, training loss:4220.9862 validation loss:39.0689
2025-06-04 06:13:07,747 - epoch:2, training loss:3162.4939 validation loss:35.3353
2025-06-04 06:13:24,317 - epoch:3, training loss:2960.4475 validation loss:35.4204
2025-06-04 06:13:40,836 - epoch:4, training loss:2881.4340 validation loss:35.3524
2025-06-04 06:13:57,460 - epoch:5, training loss:2812.2616 validation loss:35.7390
2025-06-04 06:14:15,010 - epoch:6, training loss:2744.6054 validation loss:34.5630
2025-06-04 06:14:31,741 - epoch:7, training loss:2715.0932 validation loss:34.9300
2025-06-04 06:14:48,527 - epoch:8, training loss:2700.3962 validation loss:35.1826
2025-06-04 06:15:05,370 - epoch:9, training loss:2689.1421 validation loss:33.6430
2025-06-04 06:15:21,656 - epoch:10, training loss:2685.6516 validation loss:34.8118
2025-06-04 06:15:38,175 - epoch:11, training loss:2678.5020 validation loss:34.4469
2025-06-04 06:15:54,736 - epoch:12, training loss:2663.5296 validation loss:34.0898
2025-06-04 06:16:11,286 - epoch:13, training loss:2662.8002 validation loss:34.4854
2025-06-04 06:16:28,075 - epoch:14, training loss:2656.7908 validation loss:34.0007
2025-06-04 06:16:44,805 - epoch:15, training loss:2654.0554 validation loss:34.0653
2025-06-04 06:16:52,414 - [*] loss:2559.9131
2025-06-04 06:16:55,795 - [*] year 2018, testing
2025-06-04 06:17:10,771 - T:3	MAE	25.0669	RMSE	36.9147	MAPE	11.9885
2025-06-04 06:17:40,589 - T:6	MAE	27.4568	RMSE	40.9724	MAPE	13.0678
2025-06-04 06:19:02,787 - T:12	MAE	32.2066	RMSE	48.6502	MAPE	15.6793
2025-06-04 06:19:02,787 - T:Avg	MAE	27.8006	RMSE	41.4530	MAPE	13.3708
2025-06-04 06:19:02,796 - Finished optimization, total time:139.93 s, best model:log/GLA/retrain_st_sd-42/2018/33.643.pkl
2025-06-04 06:19:51,118 - [*] Year 2019 load from data/GLA/FastData/2019.npz
2025-06-04 06:19:51,198 - [*] Year 2019 Dataset load!
2025-06-04 06:19:51,200 - Total Parameters: 3308
2025-06-04 06:19:51,200 - Trainable Parameters: 3308
2025-06-04 06:19:51,200 - [*] Year 2019 Training start
2025-06-04 06:19:55,032 - node number torch.Size([237952, 12])
2025-06-04 06:20:11,132 - epoch:0, training loss:25758.7421 validation loss:36.5314
2025-06-04 06:20:31,108 - epoch:1, training loss:2517.6159 validation loss:34.8643
2025-06-04 06:20:50,310 - epoch:2, training loss:2423.3803 validation loss:33.6630
2025-06-04 06:21:09,387 - epoch:3, training loss:2372.4743 validation loss:31.8273
2025-06-04 06:21:28,577 - epoch:4, training loss:2327.2488 validation loss:33.0743
2025-06-04 06:21:47,975 - epoch:5, training loss:2291.7595 validation loss:30.4018
2025-06-04 06:22:06,939 - epoch:6, training loss:2255.3691 validation loss:31.6629
2025-06-04 06:22:26,893 - epoch:7, training loss:2236.0933 validation loss:30.9372
2025-06-04 06:22:46,769 - epoch:8, training loss:2226.4107 validation loss:32.1336
2025-06-04 06:23:06,306 - epoch:9, training loss:2218.0242 validation loss:30.4582
2025-06-04 06:23:25,968 - epoch:10, training loss:2218.0988 validation loss:32.0820
2025-06-04 06:23:45,132 - epoch:11, training loss:2205.9977 validation loss:31.4566
2025-06-04 06:23:55,387 - [*] loss:2168.7500
2025-06-04 06:23:56,525 - [*] year 2019, testing
2025-06-04 06:24:08,955 - T:3	MAE	23.0759	RMSE	34.6974	MAPE	12.5525
2025-06-04 06:24:32,093 - T:6	MAE	25.5713	RMSE	38.4025	MAPE	13.9209
2025-06-04 06:26:17,824 - T:12	MAE	30.2902	RMSE	45.1986	MAPE	16.8556
2025-06-04 06:26:17,825 - T:Avg	MAE	25.8746	RMSE	38.7857	MAPE	14.1925
2025-06-04 06:26:17,834 - Finished optimization, total time:120.27 s, best model:log/GLA/retrain_st_sd-42/2019/30.4018.pkl
2025-06-04 06:27:58,706 - [*] Year 2020 load from data/GLA/FastData/2020.npz
2025-06-04 06:27:58,770 - [*] Year 2020 Dataset load!
2025-06-04 06:27:58,772 - Total Parameters: 3308
2025-06-04 06:27:58,772 - Trainable Parameters: 3308
2025-06-04 06:27:58,772 - [*] Year 2020 Training start
2025-06-04 06:28:02,297 - node number torch.Size([237952, 12])
2025-06-04 06:28:18,456 - epoch:0, training loss:30791.7087 validation loss:40.9413
2025-06-04 06:28:37,661 - epoch:1, training loss:2471.2161 validation loss:38.8786
2025-06-04 06:28:57,134 - epoch:2, training loss:2246.3231 validation loss:40.7859
2025-06-04 06:29:16,606 - epoch:3, training loss:2180.4206 validation loss:40.6303
2025-06-04 06:29:36,339 - epoch:4, training loss:2148.4255 validation loss:39.0193
2025-06-04 06:29:56,434 - epoch:5, training loss:2124.3999 validation loss:33.7990
2025-06-04 06:30:19,487 - epoch:6, training loss:2111.0296 validation loss:38.5643
2025-06-04 06:30:42,087 - epoch:7, training loss:2093.3306 validation loss:35.4313
2025-06-04 06:31:05,292 - epoch:8, training loss:2094.9654 validation loss:40.2828
2025-06-04 06:31:27,920 - epoch:9, training loss:2070.6889 validation loss:37.8412
2025-06-04 06:31:51,652 - epoch:10, training loss:2064.6429 validation loss:37.7690
2025-06-04 06:32:14,985 - epoch:11, training loss:2059.7756 validation loss:39.7684
2025-06-04 06:32:28,586 - [*] loss:2782.7239
2025-06-04 06:34:53,489 - [*] year 2020, testing
2025-06-04 06:35:14,514 - T:3	MAE	37.3097	RMSE	46.8064	MAPE	27.4717
2025-06-04 06:35:43,045 - T:6	MAE	38.2094	RMSE	48.6228	MAPE	28.2804
2025-06-04 06:43:03,144 - T:12	MAE	39.8076	RMSE	51.7804	MAPE	30.2527
2025-06-04 06:43:03,144 - T:Avg	MAE	38.2291	RMSE	48.6994	MAPE	28.4201
2025-06-04 06:43:03,173 - Finished optimization, total time:128.65 s, best model:log/GLA/retrain_st_sd-42/2020/33.799.pkl
2025-06-04 06:43:03,174 - 


2025-06-04 06:43:03,174 - 3   	 MAE	     23.22	     25.07	     23.08	     37.31		   27.17
2025-06-04 06:43:03,174 - 3   	RMSE	     36.16	     36.91	     34.70	     46.81		   38.64
2025-06-04 06:43:03,174 - 3   	MAPE	     10.58	     11.99	     12.55	     27.47		   15.65
2025-06-04 06:43:03,174 - 6   	 MAE	     25.93	     27.46	     25.57	     38.21		   29.29
2025-06-04 06:43:03,174 - 6   	RMSE	     40.36	     40.97	     38.40	     48.62		   42.09
2025-06-04 06:43:03,174 - 6   	MAPE	     12.24	     13.07	     13.92	     28.28		   16.88
2025-06-04 06:43:03,174 - 12  	 MAE	     31.19	     32.21	     30.29	     39.81		   33.37
2025-06-04 06:43:03,174 - 12  	RMSE	     48.27	     48.65	     45.20	     51.78		   48.48
2025-06-04 06:43:03,174 - 12  	MAPE	     15.86	     15.68	     16.86	     30.25		   19.66
2025-06-04 06:43:03,174 - Avg 	 MAE	     26.30	     27.80	     25.87	     38.23		   29.55
2025-06-04 06:43:03,174 - Avg 	RMSE	     40.85	     41.45	     38.79	     48.70		   42.45
2025-06-04 06:43:03,174 - Avg 	MAPE	     12.61	     13.37	     14.19	     28.42		   17.15
2025-06-04 06:43:03,175 - year	2017	total_time	  165.0202	average_time	    7.5009	epoch	22
2025-06-04 06:43:03,175 - year	2018	total_time	  139.9318	average_time	    8.7458	epoch	16
2025-06-04 06:43:03,175 - year	2019	total_time	  120.2689	average_time	   10.0224	epoch	12
2025-06-04 06:43:03,175 - year	2020	total_time	  128.6519	average_time	   10.7210	epoch	12
2025-06-04 06:43:03,175 - total time: 553.8728
