2025-04-25 07:16:07,204 - logger name:res/SD/trafficStream2025-04-25-07:16:07.203086/trafficStream.log
2025-04-25 07:16:07,204 - params : {'conf': 'conf/trafficStream_SD.json', 'paral': 0, 'gpuid': 5, 'logname': 'trafficStream', 'load_first_year': 0, 'first_year_model_path': '/home/bd2/ANATS/TrafficStream/res/SD/trafficStream2025-04-17-12:25:53.499043/2017/26.012.pkl', 'begin_year': 2017, 'end_year': 2020, 'dropout': 0.0, 'lr': 0.01, 'batch_size': 128, 'epoch': 100, 'loss': 'mse', 'activation': 'relu', 'scheduler': 'epo', 'train': 1, 'y_len': 12, 'x_len': 12, 'data_process': 0, 'auto_test': 1, 'raw_data_path': 'data/SD/finaldata/', 'save_data_path': 'data/SD/FastData/', 'graph_path': 'data/SD/graph/', 'model_path': 'res/SD/', 'gcn': {'in_channel': 12, 'out_channel': 12, 'hidden_channel': 64}, 'tcn': {'in_channel': 1, 'out_channel': 1, 'kernel_size': 3, 'dilation': 1}, 'strategy': 'incremental', 'init': True, 'increase': True, 'num_hops': 2, 'detect': False, 'detect_strategy': 'feature', 'ewc': True, 'ewc_strategy': 'ewc', 'ewc_lambda': 0.0001, 'replay': True, 'replay_strategy': 'random', 'repaly_num_samples': 300, 'time': '2025-04-25-07:16:07.203086', 'path': 'res/SD/trafficStream2025-04-25-07:16:07.203086', 'device': device(type='cuda', index=5), 'logger': <Logger __main__ (INFO)>}
2025-04-25 07:16:07,232 - [*] Year 2017 load from data/SD/FastData/2017_30day.npz
2025-04-25 07:16:16,679 - [*] Year 2017 Dataset load!
2025-04-25 07:16:16,682 - [*] Model parameter count: 7306
2025-04-25 07:16:16,683 - [*] Year 2017 Training start
2025-04-25 07:16:17,068 - node number torch.Size([91648, 12])
2025-04-25 07:16:32,648 - [*]Train--basic_loss:6647.2537, event_loss:18171.6911, classification_loss:0.3499
2025-04-25 07:16:32,648 - [*]Validation--basic_loss:1318.7434, event_loss:4171.7497
2025-04-25 07:16:32,649 - epoch:0, training loss:8885.1811 validation loss:29.4587
2025-04-25 07:16:48,255 - [*]Train--basic_loss:1516.7931, event_loss:4699.2393, classification_loss:0.3311
2025-04-25 07:16:48,255 - [*]Validation--basic_loss:1248.1904, event_loss:4100.8981
2025-04-25 07:16:48,255 - epoch:1, training loss:2068.9007 validation loss:28.2819
2025-04-25 07:17:03,624 - [*]Train--basic_loss:1443.0683, event_loss:4629.2423, classification_loss:0.3164
2025-04-25 07:17:03,624 - [*]Validation--basic_loss:1401.4445, event_loss:4814.6279
2025-04-25 07:17:03,624 - epoch:2, training loss:1963.3908 validation loss:27.9492
2025-04-25 07:17:18,998 - [*]Train--basic_loss:1434.6802, event_loss:4579.4702, classification_loss:0.3129
2025-04-25 07:17:18,998 - [*]Validation--basic_loss:1352.7606, event_loss:4650.2169
2025-04-25 07:17:18,998 - epoch:3, training loss:1920.0140 validation loss:27.8744
2025-04-25 07:17:34,276 - [*]Train--basic_loss:1433.8632, event_loss:4494.9101, classification_loss:0.3150
2025-04-25 07:17:34,276 - [*]Validation--basic_loss:1385.3628, event_loss:4862.7033
2025-04-25 07:17:34,276 - epoch:4, training loss:1900.2894 validation loss:27.9866
2025-04-25 07:17:49,785 - [*]Train--basic_loss:1423.9569, event_loss:4473.4273, classification_loss:0.3067
2025-04-25 07:17:49,785 - [*]Validation--basic_loss:1325.9080, event_loss:4252.6681
2025-04-25 07:17:49,785 - epoch:5, training loss:1885.5010 validation loss:27.5971
2025-04-25 07:18:05,336 - [*]Train--basic_loss:1413.6782, event_loss:4361.2678, classification_loss:0.3081
2025-04-25 07:18:05,337 - [*]Validation--basic_loss:1308.4455, event_loss:4223.6576
2025-04-25 07:18:05,337 - epoch:6, training loss:1874.1273 validation loss:27.5023
2025-04-25 07:18:20,954 - [*]Train--basic_loss:1411.2646, event_loss:4286.5254, classification_loss:0.3076
2025-04-25 07:18:20,954 - [*]Validation--basic_loss:1296.3855, event_loss:3822.2038
2025-04-25 07:18:20,954 - epoch:7, training loss:1868.7406 validation loss:27.7674
2025-04-25 07:18:36,144 - [*]Train--basic_loss:1395.9809, event_loss:4237.4912, classification_loss:0.3050
2025-04-25 07:18:36,144 - [*]Validation--basic_loss:1372.3107, event_loss:4302.3300
2025-04-25 07:18:36,145 - epoch:8, training loss:1858.5749 validation loss:27.9731
2025-04-25 07:18:51,330 - [*]Train--basic_loss:1376.1499, event_loss:4100.8498, classification_loss:0.3033
2025-04-25 07:18:51,330 - [*]Validation--basic_loss:1295.6314, event_loss:3873.2741
2025-04-25 07:18:51,330 - epoch:9, training loss:1853.5395 validation loss:27.3005
2025-04-25 07:19:06,712 - [*]Train--basic_loss:1383.2438, event_loss:4164.4699, classification_loss:0.3021
2025-04-25 07:19:06,712 - [*]Validation--basic_loss:1334.5620, event_loss:4309.3679
2025-04-25 07:19:06,712 - epoch:10, training loss:1852.2576 validation loss:27.7713
2025-04-25 07:19:22,265 - [*]Train--basic_loss:1415.3918, event_loss:4266.2252, classification_loss:0.3073
2025-04-25 07:19:22,265 - [*]Validation--basic_loss:1340.9588, event_loss:4383.6856
2025-04-25 07:19:22,265 - epoch:11, training loss:1850.3113 validation loss:27.5584
2025-04-25 07:19:37,737 - [*]Train--basic_loss:1396.5770, event_loss:4246.5134, classification_loss:0.3040
2025-04-25 07:19:37,738 - [*]Validation--basic_loss:1350.8962, event_loss:4291.1793
2025-04-25 07:19:37,738 - epoch:12, training loss:1845.1811 validation loss:27.9081
2025-04-25 07:19:52,981 - [*]Train--basic_loss:1358.5314, event_loss:4042.5407, classification_loss:0.3014
2025-04-25 07:19:52,981 - [*]Validation--basic_loss:1142.9840, event_loss:3417.5258
2025-04-25 07:19:52,981 - epoch:13, training loss:1816.8718 validation loss:27.0724
2025-04-25 07:20:08,284 - [*]Train--basic_loss:1301.0824, event_loss:3701.7350, classification_loss:0.2965
2025-04-25 07:20:08,284 - [*]Validation--basic_loss:1212.4604, event_loss:3620.3327
2025-04-25 07:20:08,284 - epoch:14, training loss:1763.3705 validation loss:27.1242
2025-04-25 07:20:24,131 - [*]Train--basic_loss:1287.9904, event_loss:3617.6868, classification_loss:0.2966
2025-04-25 07:20:24,132 - [*]Validation--basic_loss:1205.4697, event_loss:3544.2544
2025-04-25 07:20:24,132 - epoch:15, training loss:1739.8391 validation loss:26.6182
2025-04-25 07:20:39,804 - [*]Train--basic_loss:1264.9158, event_loss:3511.9612, classification_loss:0.2912
2025-04-25 07:20:39,804 - [*]Validation--basic_loss:1258.2835, event_loss:3621.7575
2025-04-25 07:20:39,804 - epoch:16, training loss:1720.9725 validation loss:27.0293
2025-04-25 07:20:55,316 - [*]Train--basic_loss:1258.3123, event_loss:3498.4324, classification_loss:0.2927
2025-04-25 07:20:55,317 - [*]Validation--basic_loss:1250.5750, event_loss:3641.6218
2025-04-25 07:20:55,317 - epoch:17, training loss:1710.4888 validation loss:26.8275
2025-04-25 07:21:10,566 - [*]Train--basic_loss:1260.9904, event_loss:3464.8590, classification_loss:0.2936
2025-04-25 07:21:10,567 - [*]Validation--basic_loss:1223.2369, event_loss:3466.5606
2025-04-25 07:21:10,567 - epoch:18, training loss:1709.8274 validation loss:26.4300
2025-04-25 07:21:26,118 - [*]Train--basic_loss:1254.4491, event_loss:3441.1773, classification_loss:0.2935
2025-04-25 07:21:26,118 - [*]Validation--basic_loss:1119.8417, event_loss:3274.7206
2025-04-25 07:21:26,118 - epoch:19, training loss:1701.9840 validation loss:26.4149
2025-04-25 07:21:41,595 - [*]Train--basic_loss:1250.7197, event_loss:3425.7733, classification_loss:0.2944
2025-04-25 07:21:41,596 - [*]Validation--basic_loss:1192.4063, event_loss:3492.4744
2025-04-25 07:21:41,596 - epoch:20, training loss:1695.9626 validation loss:26.7045
2025-04-25 07:21:57,283 - [*]Train--basic_loss:1256.9222, event_loss:3425.3450, classification_loss:0.2936
2025-04-25 07:21:57,284 - [*]Validation--basic_loss:1124.2191, event_loss:3344.4653
2025-04-25 07:21:57,284 - epoch:21, training loss:1698.7269 validation loss:26.3880
2025-04-25 07:22:12,612 - [*]Train--basic_loss:1246.7889, event_loss:3430.5894, classification_loss:0.2928
2025-04-25 07:22:12,612 - [*]Validation--basic_loss:1078.3523, event_loss:3199.2961
2025-04-25 07:22:12,612 - epoch:22, training loss:1689.3531 validation loss:26.6033
2025-04-25 07:22:28,072 - [*]Train--basic_loss:1238.4280, event_loss:3400.3867, classification_loss:0.2894
2025-04-25 07:22:28,072 - [*]Validation--basic_loss:1171.4261, event_loss:3436.0211
2025-04-25 07:22:28,072 - epoch:23, training loss:1685.5054 validation loss:26.3509
2025-04-25 07:22:43,806 - [*]Train--basic_loss:1247.5793, event_loss:3402.5787, classification_loss:0.2929
2025-04-25 07:22:43,806 - [*]Validation--basic_loss:1115.6964, event_loss:3197.9494
2025-04-25 07:22:43,806 - epoch:24, training loss:1685.5826 validation loss:26.7183
2025-04-25 07:22:59,074 - [*]Train--basic_loss:1235.0651, event_loss:3384.1758, classification_loss:0.2928
2025-04-25 07:22:59,074 - [*]Validation--basic_loss:1212.9867, event_loss:3525.8693
2025-04-25 07:22:59,074 - epoch:25, training loss:1683.3962 validation loss:26.5818
2025-04-25 07:23:14,768 - [*]Train--basic_loss:1230.7482, event_loss:3383.0072, classification_loss:0.2901
2025-04-25 07:23:14,769 - [*]Validation--basic_loss:1075.9816, event_loss:3147.5720
2025-04-25 07:23:14,769 - epoch:26, training loss:1678.4607 validation loss:26.3247
2025-04-25 07:23:30,082 - [*]Train--basic_loss:1232.7054, event_loss:3364.5092, classification_loss:0.2917
2025-04-25 07:23:30,082 - [*]Validation--basic_loss:1163.4238, event_loss:3370.9720
2025-04-25 07:23:30,082 - epoch:27, training loss:1675.4174 validation loss:26.4267
2025-04-25 07:23:45,539 - [*]Train--basic_loss:1227.1449, event_loss:3365.9039, classification_loss:0.2924
2025-04-25 07:23:45,539 - [*]Validation--basic_loss:1121.7408, event_loss:3281.8766
2025-04-25 07:23:45,539 - epoch:28, training loss:1670.4130 validation loss:26.3776
2025-04-25 07:24:01,044 - [*]Train--basic_loss:1228.0480, event_loss:3357.5572, classification_loss:0.2895
2025-04-25 07:24:01,044 - [*]Validation--basic_loss:1093.7397, event_loss:3157.7326
2025-04-25 07:24:01,044 - epoch:29, training loss:1670.0062 validation loss:26.4522
2025-04-25 07:24:16,339 - [*]Train--basic_loss:1229.6129, event_loss:3342.7369, classification_loss:0.2928
2025-04-25 07:24:16,339 - [*]Validation--basic_loss:1228.9541, event_loss:3645.7464
2025-04-25 07:24:16,339 - epoch:30, training loss:1671.0963 validation loss:26.1066
2025-04-25 07:24:31,637 - [*]Train--basic_loss:1225.3359, event_loss:3348.7664, classification_loss:0.2921
2025-04-25 07:24:31,637 - [*]Validation--basic_loss:1220.4342, event_loss:3485.1379
2025-04-25 07:24:31,637 - epoch:31, training loss:1671.1854 validation loss:27.2517
2025-04-25 07:24:47,040 - [*]Train--basic_loss:1213.3399, event_loss:3342.1077, classification_loss:0.2885
2025-04-25 07:24:47,040 - [*]Validation--basic_loss:1156.8489, event_loss:3384.7555
2025-04-25 07:24:47,040 - epoch:32, training loss:1663.9578 validation loss:26.3031
2025-04-25 07:25:02,543 - [*]Train--basic_loss:1219.3064, event_loss:3337.0074, classification_loss:0.2922
2025-04-25 07:25:02,544 - [*]Validation--basic_loss:1184.2876, event_loss:3445.4009
2025-04-25 07:25:02,544 - epoch:33, training loss:1661.3636 validation loss:26.0369
2025-04-25 07:25:17,599 - [*]Train--basic_loss:1215.9644, event_loss:3335.2428, classification_loss:0.2890
2025-04-25 07:25:17,600 - [*]Validation--basic_loss:1032.4339, event_loss:3179.6340
2025-04-25 07:25:17,600 - epoch:34, training loss:1662.3542 validation loss:26.1155
2025-04-25 07:25:32,962 - [*]Train--basic_loss:1227.9653, event_loss:3336.2853, classification_loss:0.2911
2025-04-25 07:25:32,962 - [*]Validation--basic_loss:1219.5863, event_loss:3558.5403
2025-04-25 07:25:32,962 - epoch:35, training loss:1675.1548 validation loss:26.5169
2025-04-25 07:25:48,520 - [*]Train--basic_loss:1221.0317, event_loss:3341.6562, classification_loss:0.2885
2025-04-25 07:25:48,520 - [*]Validation--basic_loss:1165.5138, event_loss:3373.7588
2025-04-25 07:25:48,520 - epoch:36, training loss:1666.5110 validation loss:26.1117
2025-04-25 07:26:03,950 - [*]Train--basic_loss:1226.8383, event_loss:3351.1976, classification_loss:0.2909
2025-04-25 07:26:03,950 - [*]Validation--basic_loss:1148.3356, event_loss:3338.6944
2025-04-25 07:26:03,950 - epoch:37, training loss:1667.8062 validation loss:26.2991
2025-04-25 07:26:19,080 - [*]Train--basic_loss:1213.0273, event_loss:3325.3067, classification_loss:0.2879
2025-04-25 07:26:19,080 - [*]Validation--basic_loss:1066.2233, event_loss:3157.8672
2025-04-25 07:26:19,080 - epoch:38, training loss:1658.6550 validation loss:26.0432
2025-04-25 07:26:34,593 - [*]Train--basic_loss:1214.1854, event_loss:3333.4974, classification_loss:0.2879
2025-04-25 07:26:34,593 - [*]Validation--basic_loss:1171.4927, event_loss:3432.1727
2025-04-25 07:26:34,593 - epoch:39, training loss:1661.8396 validation loss:26.0645
2025-04-25 07:26:37,254 - [*]Test--basic_loss:1179.1866, event_loss:3409.2272, test_loss:1584.9481
2025-04-25 07:26:37,733 - [*] Evaluating all samples:
2025-04-25 07:26:37,733 - [*] year 2017, testing
2025-04-25 07:26:40,034 - T:3	MAE	19.6393	RMSE	29.4039	MAPE	12.5931
2025-04-25 07:26:43,727 - T:6	MAE	21.7683	RMSE	32.8989	MAPE	14.3039
2025-04-25 07:26:49,285 - T:12	MAE	25.9416	RMSE	39.4885	MAPE	18.1156
2025-04-25 07:26:49,825 - [*] Evaluating basic traffic samples (prediction=0):
2025-04-25 07:26:49,825 - [*] year 2017, testing
2025-04-25 07:26:51,708 - T:3	MAE	17.8239	RMSE	26.5691	MAPE	13.0868
2025-04-25 07:26:54,712 - T:6	MAE	19.4790	RMSE	29.1749	MAPE	14.8677
2025-04-25 07:26:59,252 - T:12	MAE	22.8810	RMSE	34.4242	MAPE	19.0138
2025-04-25 07:26:59,377 - [*] Evaluating event traffic samples (prediction=1):
2025-04-25 07:26:59,378 - [*] year 2017, testing
2025-04-25 07:26:59,703 - T:3	MAE	27.7936	RMSE	39.7156	MAPE	10.3757
2025-04-25 07:27:00,212 - T:6	MAE	32.0509	RMSE	46.0500	MAPE	11.7714
2025-04-25 07:27:00,907 - T:12	MAE	39.6862	RMSE	56.9242	MAPE	14.0811
2025-04-25 07:27:00,913 - Finished optimization, total time:506.65 s, best model:res/SD/trafficStream2025-04-25-07:16:07.203086/2017/26.0369.pkl
2025-04-25 07:27:00,965 - [*] Year 2018 load from data/SD/FastData/2018_30day.npz
2025-04-25 07:27:00,990 - Secure SignIn[*] load from res/SD/trafficStream2025-04-25-07:16:07.203086/2017/26.0369.pkl
2025-04-25 07:27:00,998 - [*] replay node number 64
2025-04-25 07:27:03,649 - number of increase nodes:61, nodes after 2 hop:torch.Size([518]), total nodes this year 716
2025-04-25 07:27:18,397 - [*] Year 2018 Dataset load!
2025-04-25 07:27:18,397 - Secure SignIn[*] load from res/SD/trafficStream2025-04-25-07:16:07.203086/2017/26.0369.pkl
2025-04-25 07:27:18,402 - [*] EWC! lambda 0.000100
