2025-06-03 09:53:28,187 - logger name:log/GLA/trafficstream-42/trafficstream.log
2025-06-03 09:53:28,188 - params : {'conf': 'conf/GLA/trafficstream.json', 'seed': 42, 'paral': 0, 'gpuid': 1, 'logname': 'trafficstream', 'method': 'TrafficStream', 'load_first_year': 0, 'first_year_model_path': '/home/bd2/ANATS/Online_Baselines/log/GBA/trafficstream-42/2017/32.2186.pkl', 'device': device(type='cuda', index=1), 'methods': {'TrafficStream': <class 'src.model.model.TrafficStream_Model'>, 'EAC': <class 'src.model.model.EAC_Model'>, 'Universal': <class 'src.model.model.Universal_Model'>, 'TEAM': <class 'src.model.model.TEAM_Model'>, 'DLF': <class 'src.model.model.DLF_Model'>}, 'begin_year': 2017, 'end_year': 2020, 'dropout': 0.0, 'lr': 0.01, 'batch_size': 128, 'epoch': 100, 'loss': 'mse', 'activation': 'relu', 'scheduler': 'epo', 'y_len': 12, 'x_len': 12, 'data_process': 1, 'auto_test': 1, 'raw_data_path': 'data/GLA/finaldata/', 'save_data_path': 'data/GLA/FastData/', 'graph_path': 'data/GLA/graph/', 'model_path': 'log/GLA/', 'gcn': {'in_channel': 12, 'out_channel': 12, 'hidden_channel': 64}, 'tcn': {'in_channel': 1, 'out_channel': 1, 'kernel_size': 3, 'dilation': 1}, 'rank': 6, 'train': 1, 'strategy': 'incremental', 'init': True, 'increase': True, 'num_hops': 2, 'detect': True, 'detect_strategy': 'feature', 'ewc': True, 'ewc_strategy': 'ewc', 'ewc_lambda': 0.0001, 'replay': True, 'replay_strategy': 'random', 'replay_num_samples': 300, 'extra_feature': True, 'momentum_type': 'linear', 'memory_size': 32, 'path': 'log/GLA/trafficstream-42', 'logger': <Logger utils.initialize (INFO)>}
2025-06-03 09:58:01,357 - logger name:log/GLA/trafficstream-42/trafficstream.log
2025-06-03 09:58:01,357 - params : {'conf': 'conf/GLA/trafficstream.json', 'seed': 42, 'paral': 0, 'gpuid': 1, 'logname': 'trafficstream', 'method': 'TrafficStream', 'load_first_year': 0, 'first_year_model_path': '/home/bd2/ANATS/Online_Baselines/log/GBA/trafficstream-42/2017/32.2186.pkl', 'device': device(type='cuda', index=1), 'methods': {'TrafficStream': <class 'src.model.model.TrafficStream_Model'>, 'EAC': <class 'src.model.model.EAC_Model'>, 'Universal': <class 'src.model.model.Universal_Model'>, 'TEAM': <class 'src.model.model.TEAM_Model'>, 'DLF': <class 'src.model.model.DLF_Model'>}, 'begin_year': 2017, 'end_year': 2020, 'dropout': 0.0, 'lr': 0.01, 'batch_size': 128, 'epoch': 100, 'loss': 'mse', 'activation': 'relu', 'scheduler': 'epo', 'y_len': 12, 'x_len': 12, 'data_process': 1, 'auto_test': 1, 'raw_data_path': 'data/GLA/finaldata/', 'save_data_path': 'data/GLA/FastData/', 'graph_path': 'data/GLA/graph/', 'model_path': 'log/GLA/', 'gcn': {'in_channel': 12, 'out_channel': 12, 'hidden_channel': 64}, 'tcn': {'in_channel': 1, 'out_channel': 1, 'kernel_size': 3, 'dilation': 1}, 'rank': 6, 'train': 1, 'strategy': 'incremental', 'init': True, 'increase': True, 'num_hops': 2, 'detect': True, 'detect_strategy': 'feature', 'ewc': True, 'ewc_strategy': 'ewc', 'ewc_lambda': 0.0001, 'replay': True, 'replay_strategy': 'random', 'replay_num_samples': 300, 'extra_feature': True, 'momentum_type': 'linear', 'memory_size': 32, 'path': 'log/GLA/trafficstream-42', 'logger': <Logger utils.initialize (INFO)>}
2025-06-04 05:14:27,611 - logger name:log/GLA/trafficstream-42/trafficstream.log
2025-06-04 05:14:27,611 - params : {'conf': 'conf/GLA/trafficstream.json', 'seed': 42, 'paral': 0, 'gpuid': 1, 'logname': 'trafficstream', 'method': 'TrafficStream', 'load_first_year': 1, 'first_year_model_path': '/home/bd2/ANATS/Online_Baselines/log/GBA/dlf-42/2017/30.0695.pkl', 'device': device(type='cuda', index=1), 'methods': {'TrafficStream': <class 'src.model.model.TrafficStream_Model'>, 'EAC': <class 'src.model.model.EAC_Model'>, 'Universal': <class 'src.model.model.Universal_Model'>, 'TEAM': <class 'src.model.model.TEAM_Model'>, 'DLF': <class 'src.model.model.DLF_Model'>}, 'begin_year': 2017, 'end_year': 2020, 'dropout': 0.0, 'lr': 0.01, 'batch_size': 128, 'epoch': 100, 'loss': 'mse', 'activation': 'relu', 'scheduler': 'epo', 'y_len': 12, 'x_len': 12, 'data_process': 1, 'auto_test': 1, 'raw_data_path': 'data/GLA/finaldata/', 'save_data_path': 'data/GLA/FastData/', 'graph_path': 'data/GLA/graph/', 'model_path': 'log/GLA/', 'gcn': {'in_channel': 12, 'out_channel': 12, 'hidden_channel': 64}, 'tcn': {'in_channel': 1, 'out_channel': 1, 'kernel_size': 3, 'dilation': 1}, 'rank': 6, 'train': 1, 'strategy': 'incremental', 'init': True, 'increase': True, 'num_hops': 2, 'detect': True, 'detect_strategy': 'feature', 'ewc': True, 'ewc_strategy': 'ewc', 'ewc_lambda': 0.0001, 'replay': True, 'replay_strategy': 'random', 'replay_num_samples': 300, 'extra_feature': True, 'momentum_type': 'linear', 'memory_size': 32, 'path': 'log/GLA/trafficstream-42', 'logger': <Logger utils.initialize (INFO)>}
2025-06-04 05:15:30,049 - [*] Year 2017 load from data/GLA/FastData/2017.npz
2025-06-04 05:15:30,369 - [*] load from /home/bd2/ANATS/Online_Baselines/log/GBA/dlf-42/2017/30.0695.pkl
2025-06-04 05:17:43,118 - logger name:log/GLA/trafficstream-42/trafficstream.log
2025-06-04 05:17:43,119 - params : {'conf': 'conf/GLA/trafficstream.json', 'seed': 42, 'paral': 0, 'gpuid': 1, 'logname': 'trafficstream', 'method': 'TrafficStream', 'load_first_year': 1, 'first_year_model_path': '/home/bd2/ANATS/Online_Baselines/log/GBA/dlf-42/2017/30.0695.pkl', 'device': device(type='cuda', index=1), 'methods': {'TrafficStream': <class 'src.model.model.TrafficStream_Model'>, 'EAC': <class 'src.model.model.EAC_Model'>, 'Universal': <class 'src.model.model.Universal_Model'>, 'TEAM': <class 'src.model.model.TEAM_Model'>, 'DLF': <class 'src.model.model.DLF_Model'>}, 'begin_year': 2017, 'end_year': 2020, 'dropout': 0.0, 'lr': 0.01, 'batch_size': 128, 'epoch': 100, 'loss': 'mse', 'activation': 'relu', 'scheduler': 'epo', 'y_len': 12, 'x_len': 12, 'data_process': 1, 'auto_test': 1, 'raw_data_path': 'data/GLA/finaldata/', 'save_data_path': 'data/GLA/FastData/', 'graph_path': 'data/GLA/graph/', 'model_path': 'log/GLA/', 'gcn': {'in_channel': 12, 'out_channel': 12, 'hidden_channel': 64}, 'tcn': {'in_channel': 1, 'out_channel': 1, 'kernel_size': 3, 'dilation': 1}, 'rank': 6, 'train': 1, 'strategy': 'incremental', 'init': True, 'increase': True, 'num_hops': 2, 'detect': True, 'detect_strategy': 'feature', 'ewc': True, 'ewc_strategy': 'ewc', 'ewc_lambda': 0.0001, 'replay': True, 'replay_strategy': 'random', 'replay_num_samples': 300, 'extra_feature': True, 'momentum_type': 'linear', 'memory_size': 32, 'path': 'log/GLA/trafficstream-42', 'logger': <Logger utils.initialize (INFO)>}
2025-06-04 05:17:55,170 - logger name:log/GLA/trafficstream-42/trafficstream.log
2025-06-04 05:17:55,170 - params : {'conf': 'conf/GLA/trafficstream.json', 'seed': 42, 'paral': 0, 'gpuid': 1, 'logname': 'trafficstream', 'method': 'TrafficStream', 'load_first_year': 0, 'first_year_model_path': '/home/bd2/ANATS/Online_Baselines/log/GBA/dlf-42/2017/30.0695.pkl', 'device': device(type='cuda', index=1), 'methods': {'TrafficStream': <class 'src.model.model.TrafficStream_Model'>, 'EAC': <class 'src.model.model.EAC_Model'>, 'Universal': <class 'src.model.model.Universal_Model'>, 'TEAM': <class 'src.model.model.TEAM_Model'>, 'DLF': <class 'src.model.model.DLF_Model'>}, 'begin_year': 2017, 'end_year': 2020, 'dropout': 0.0, 'lr': 0.01, 'batch_size': 128, 'epoch': 100, 'loss': 'mse', 'activation': 'relu', 'scheduler': 'epo', 'y_len': 12, 'x_len': 12, 'data_process': 1, 'auto_test': 1, 'raw_data_path': 'data/GLA/finaldata/', 'save_data_path': 'data/GLA/FastData/', 'graph_path': 'data/GLA/graph/', 'model_path': 'log/GLA/', 'gcn': {'in_channel': 12, 'out_channel': 12, 'hidden_channel': 64}, 'tcn': {'in_channel': 1, 'out_channel': 1, 'kernel_size': 3, 'dilation': 1}, 'rank': 6, 'train': 1, 'strategy': 'incremental', 'init': True, 'increase': True, 'num_hops': 2, 'detect': True, 'detect_strategy': 'feature', 'ewc': True, 'ewc_strategy': 'ewc', 'ewc_lambda': 0.0001, 'replay': True, 'replay_strategy': 'random', 'replay_num_samples': 300, 'extra_feature': True, 'momentum_type': 'linear', 'memory_size': 32, 'path': 'log/GLA/trafficstream-42', 'logger': <Logger utils.initialize (INFO)>}
2025-06-04 05:18:45,123 - [*] Year 2017 load from data/GLA/FastData/2017.npz
2025-06-04 05:18:45,387 - [*] Year 2017 Dataset load!
2025-06-04 05:18:45,390 - [*] Year 2017 Training start
2025-06-04 05:18:47,581 - node number torch.Size([232960, 12])
2025-06-04 05:19:02,208 - epoch:0, training loss:27562.5982 validation loss:53.7139
2025-06-04 05:19:15,387 - epoch:1, training loss:4025.2004 validation loss:39.1351
2025-06-04 05:22:15,690 - logger name:log/GLA/trafficstream-42/trafficstream.log
2025-06-04 05:22:15,690 - params : {'conf': 'conf/GLA/trafficstream.json', 'seed': 42, 'paral': 0, 'gpuid': 1, 'logname': 'trafficstream', 'method': 'TrafficStream', 'load_first_year': 0, 'first_year_model_path': '/home/bd2/ANATS/Online_Baselines/log/GBA/dlf-42/2017/30.0695.pkl', 'device': device(type='cuda', index=1), 'methods': {'TrafficStream': <class 'src.model.model.TrafficStream_Model'>, 'EAC': <class 'src.model.model.EAC_Model'>, 'Universal': <class 'src.model.model.Universal_Model'>, 'TEAM': <class 'src.model.model.TEAM_Model'>, 'DLF': <class 'src.model.model.DLF_Model'>}, 'begin_year': 2017, 'end_year': 2020, 'dropout': 0.0, 'lr': 0.01, 'batch_size': 128, 'epoch': 100, 'loss': 'mse', 'activation': 'relu', 'scheduler': 'epo', 'y_len': 12, 'x_len': 12, 'data_process': 1, 'auto_test': 1, 'raw_data_path': 'data/GLA/finaldata/', 'save_data_path': 'data/GLA/FastData/', 'graph_path': 'data/GLA/graph/', 'model_path': 'log/GLA/', 'gcn': {'in_channel': 12, 'out_channel': 12, 'hidden_channel': 64}, 'tcn': {'in_channel': 1, 'out_channel': 1, 'kernel_size': 3, 'dilation': 1}, 'rank': 6, 'train': 1, 'strategy': 'incremental', 'init': True, 'increase': True, 'num_hops': 2, 'detect': True, 'detect_strategy': 'feature', 'ewc': True, 'ewc_strategy': 'ewc', 'ewc_lambda': 0.0001, 'replay': True, 'replay_strategy': 'random', 'replay_num_samples': 300, 'extra_feature': True, 'momentum_type': 'linear', 'memory_size': 32, 'path': 'log/GLA/trafficstream-42', 'logger': <Logger utils.initialize (INFO)>}
2025-06-04 05:23:21,700 - [*] Year 2017 load from data/GLA/FastData/2017.npz
2025-06-04 05:23:22,004 - [*] Year 2017 Dataset load!
2025-06-04 05:23:22,007 - [*] Year 2017 Training start
2025-06-04 05:23:24,303 - node number torch.Size([232960, 12])
2025-06-04 05:23:38,567 - epoch:0, training loss:27562.5982 validation loss:53.7139
2025-06-04 05:23:53,113 - epoch:1, training loss:4025.2004 validation loss:39.1351
2025-06-04 05:24:10,729 - epoch:2, training loss:3110.2453 validation loss:35.3929
2025-06-04 05:24:28,260 - epoch:3, training loss:2923.6204 validation loss:35.5533
2025-06-04 05:24:45,132 - epoch:4, training loss:2856.6721 validation loss:35.1633
2025-06-04 05:25:02,743 - epoch:5, training loss:2807.8297 validation loss:34.4115
2025-06-04 05:25:19,794 - epoch:6, training loss:2761.4823 validation loss:34.3460
2025-06-04 05:25:37,728 - epoch:7, training loss:2703.2010 validation loss:34.8162
2025-06-04 05:25:55,001 - epoch:8, training loss:2679.7735 validation loss:35.8320
2025-06-04 05:26:12,115 - epoch:9, training loss:2670.0497 validation loss:34.0532
2025-06-04 05:26:29,658 - epoch:10, training loss:2659.0799 validation loss:36.7194
2025-06-04 05:26:47,066 - epoch:11, training loss:2666.1964 validation loss:34.1698
2025-06-04 05:27:04,918 - epoch:12, training loss:2651.7370 validation loss:33.9747
2025-06-04 05:27:22,002 - epoch:13, training loss:2644.9780 validation loss:32.9984
2025-06-04 05:27:39,417 - epoch:14, training loss:2639.3696 validation loss:33.6781
2025-06-04 05:27:56,992 - epoch:15, training loss:2643.7436 validation loss:32.7259
2025-06-04 05:28:14,454 - epoch:16, training loss:2633.3074 validation loss:32.9443
2025-06-04 05:28:31,903 - epoch:17, training loss:2636.8075 validation loss:33.2857
2025-06-04 05:28:49,078 - epoch:18, training loss:2636.5434 validation loss:33.4225
2025-06-04 05:29:06,209 - epoch:19, training loss:2632.4780 validation loss:35.8333
2025-06-04 05:29:23,298 - epoch:20, training loss:2627.8545 validation loss:33.1632
2025-06-04 05:29:40,286 - epoch:21, training loss:2627.0005 validation loss:33.2578
2025-06-04 05:29:45,968 - [*] loss:2616.6538
2025-06-04 05:29:47,757 - [*] year 2017, testing
2025-06-04 05:30:07,772 - T:3	MAE	23.2157	RMSE	36.1582	MAPE	10.5783
2025-06-04 05:30:45,625 - T:6	MAE	25.9340	RMSE	40.3616	MAPE	12.2427
2025-06-04 05:32:48,451 - T:12	MAE	31.1949	RMSE	48.2748	MAPE	15.8555
2025-06-04 05:32:48,452 - T:Avg	MAE	26.3024	RMSE	40.8509	MAPE	12.6073
2025-06-04 05:32:48,460 - Finished optimization, total time:165.50 s, best model:log/GLA/trafficstream-42/2017/32.7259.pkl
2025-06-04 05:33:36,803 - [*] Year 2018 load from data/GLA/FastData/2018.npz
2025-06-04 05:33:36,874 - [*] load from log/GLA/trafficstream-42/2017/32.7259.pkl
2025-06-04 05:33:48,667 - number of increase nodes:373, nodes after 2 hop:torch.Size([1682]), total nodes this year 1843
2025-06-04 05:33:59,159 - [*] Year 2018 Dataset load!
2025-06-04 05:33:59,159 - [*] load from log/GLA/trafficstream-42/2017/32.7259.pkl
2025-06-04 05:33:59,164 - [*] EWC! lambda 0.000100
2025-06-04 05:34:08,185 - [*] Year 2018 Training start
2025-06-04 05:34:10,766 - node number torch.Size([215296, 12])
2025-06-04 05:34:22,419 - epoch:0, training loss:3128.0935 validation loss:35.8685
2025-06-04 05:34:36,794 - epoch:1, training loss:3059.0009 validation loss:36.6228
2025-06-04 05:34:51,077 - epoch:2, training loss:3055.6034 validation loss:36.9570
2025-06-04 05:35:05,427 - epoch:3, training loss:3049.1879 validation loss:35.5170
2025-06-04 05:35:20,755 - epoch:4, training loss:3069.4539 validation loss:38.7741
2025-06-04 05:35:35,228 - epoch:5, training loss:3066.2630 validation loss:33.7244
2025-06-04 05:35:49,779 - epoch:6, training loss:3069.2929 validation loss:36.0382
2025-06-04 05:36:04,557 - epoch:7, training loss:3055.9395 validation loss:34.4627
2025-06-04 05:36:19,484 - epoch:8, training loss:3053.6120 validation loss:34.9124
2025-06-04 05:36:33,973 - epoch:9, training loss:3063.7250 validation loss:35.0948
2025-06-04 05:36:48,715 - epoch:10, training loss:3066.5500 validation loss:37.0470
2025-06-04 05:37:04,127 - epoch:11, training loss:3065.0751 validation loss:34.2667
2025-06-04 05:37:12,363 - [*] loss:2506.4236
2025-06-04 05:37:13,479 - [*] year 2018, testing
2025-06-04 05:37:25,687 - T:3	MAE	23.9936	RMSE	36.1177	MAPE	11.7604
2025-06-04 05:37:50,963 - T:6	MAE	26.8219	RMSE	40.2770	MAPE	13.8685
2025-06-04 05:39:13,582 - T:12	MAE	32.2085	RMSE	48.1085	MAPE	18.2225
2025-06-04 05:39:13,582 - T:Avg	MAE	27.1925	RMSE	40.7780	MAPE	14.2626
2025-06-04 05:39:13,590 - Finished optimization, total time:105.82 s, best model:log/GLA/trafficstream-42/2018/33.7244.pkl
2025-06-04 05:40:31,577 - [*] Year 2019 load from data/GLA/FastData/2019.npz
2025-06-04 05:40:31,663 - [*] load from log/GLA/trafficstream-42/2018/33.7244.pkl
2025-06-04 05:40:48,081 - number of increase nodes:372, nodes after 2 hop:torch.Size([1731]), total nodes this year 1859
2025-06-04 05:41:06,727 - [*] Year 2019 Dataset load!
2025-06-04 05:41:06,728 - [*] load from log/GLA/trafficstream-42/2018/33.7244.pkl
2025-06-04 05:41:06,737 - [*] EWC! lambda 0.000100
2025-06-04 05:41:17,600 - [*] Year 2019 Training start
2025-06-04 05:41:22,324 - node number torch.Size([221568, 12])
2025-06-04 05:41:35,470 - epoch:0, training loss:2084.9981 validation loss:29.9587
2025-06-04 05:41:52,251 - epoch:1, training loss:2066.8615 validation loss:30.5276
2025-06-04 05:42:08,824 - epoch:2, training loss:2075.2179 validation loss:30.5538
2025-06-04 05:42:25,249 - epoch:3, training loss:2067.0208 validation loss:29.6114
2025-06-04 05:42:41,913 - epoch:4, training loss:2070.9898 validation loss:30.1276
2025-06-04 05:42:58,707 - epoch:5, training loss:2072.8573 validation loss:30.3994
2025-06-04 05:43:15,284 - epoch:6, training loss:2070.6384 validation loss:33.8276
2025-06-04 05:43:31,953 - epoch:7, training loss:2071.0455 validation loss:30.3449
2025-06-04 05:43:48,829 - epoch:8, training loss:2066.0240 validation loss:31.5838
2025-06-04 05:44:05,738 - epoch:9, training loss:2079.7104 validation loss:33.7432
2025-06-04 05:44:15,131 - [*] loss:2318.5676
2025-06-04 05:44:20,406 - [*] year 2019, testing
2025-06-04 05:44:40,002 - T:3	MAE	22.7057	RMSE	34.6411	MAPE	10.5204
2025-06-04 05:45:12,574 - T:6	MAE	25.4604	RMSE	38.9175	MAPE	12.2237
2025-06-04 05:46:43,589 - T:12	MAE	30.5155	RMSE	46.6855	MAPE	15.7299
2025-06-04 05:46:43,590 - T:Avg	MAE	25.7572	RMSE	39.3534	MAPE	12.5342
2025-06-04 05:46:43,600 - Finished optimization, total time:100.38 s, best model:log/GLA/trafficstream-42/2019/29.6114.pkl
2025-06-04 05:47:34,836 - [*] Year 2020 load from data/GLA/FastData/2020.npz
2025-06-04 05:47:34,922 - [*] load from log/GLA/trafficstream-42/2019/29.6114.pkl
2025-06-04 05:47:48,964 - number of increase nodes:355, nodes after 2 hop:torch.Size([1696]), total nodes this year 1859
2025-06-04 05:47:59,769 - [*] Year 2020 Dataset load!
2025-06-04 05:47:59,769 - [*] load from log/GLA/trafficstream-42/2019/29.6114.pkl
2025-06-04 05:47:59,773 - [*] EWC! lambda 0.000100
2025-06-04 05:48:10,477 - [*] Year 2020 Training start
2025-06-04 05:48:14,666 - node number torch.Size([217088, 12])
2025-06-04 05:48:26,497 - epoch:0, training loss:2355.8438 validation loss:35.6084
2025-06-04 05:48:40,989 - epoch:1, training loss:2324.5334 validation loss:38.9429
2025-06-04 05:48:55,549 - epoch:2, training loss:2318.1693 validation loss:36.6812
2025-06-04 05:49:09,974 - epoch:3, training loss:2334.4380 validation loss:38.2555
2025-06-04 05:49:24,401 - epoch:4, training loss:2328.2273 validation loss:37.0481
2025-06-04 05:49:39,109 - epoch:5, training loss:2322.8590 validation loss:39.1046
2025-06-04 05:49:53,658 - epoch:6, training loss:2324.3831 validation loss:40.3276
2025-06-04 05:50:01,490 - [*] loss:3309.3269
2025-06-04 05:50:02,610 - [*] year 2020, testing
2025-06-04 05:50:15,005 - T:3	MAE	39.4422	RMSE	50.5738	MAPE	25.5599
2025-06-04 05:50:39,411 - T:6	MAE	40.7817	RMSE	52.6790	MAPE	27.7748
2025-06-04 05:52:04,129 - T:12	MAE	43.2725	RMSE	56.5134	MAPE	32.0930
2025-06-04 05:52:04,129 - T:Avg	MAE	41.0400	RMSE	52.9881	MAPE	28.1547
2025-06-04 05:52:04,136 - Finished optimization, total time:63.16 s, best model:log/GLA/trafficstream-42/2020/35.6084.pkl
2025-06-04 05:52:04,174 - 


2025-06-04 05:52:04,174 - 3   	 MAE	     23.22	     23.99	     22.71	     39.44		   27.34
2025-06-04 05:52:04,174 - 3   	RMSE	     36.16	     36.12	     34.64	     50.57		   39.37
2025-06-04 05:52:04,174 - 3   	MAPE	     10.58	     11.76	     10.52	     25.56		   14.60
2025-06-04 05:52:04,174 - 6   	 MAE	     25.93	     26.82	     25.46	     40.78		   29.75
2025-06-04 05:52:04,174 - 6   	RMSE	     40.36	     40.28	     38.92	     52.68		   43.06
2025-06-04 05:52:04,174 - 6   	MAPE	     12.24	     13.87	     12.22	     27.77		   16.53
2025-06-04 05:52:04,174 - 12  	 MAE	     31.19	     32.21	     30.52	     43.27		   34.30
2025-06-04 05:52:04,174 - 12  	RMSE	     48.27	     48.11	     46.69	     56.51		   49.90
2025-06-04 05:52:04,174 - 12  	MAPE	     15.86	     18.22	     15.73	     32.09		   20.48
2025-06-04 05:52:04,175 - Avg 	 MAE	     26.30	     27.19	     25.76	     41.04		   30.07
2025-06-04 05:52:04,175 - Avg 	RMSE	     40.85	     40.78	     39.35	     52.99		   43.49
2025-06-04 05:52:04,175 - Avg 	MAPE	     12.61	     14.26	     12.53	     28.15		   16.89
2025-06-04 05:52:04,175 - year	2017	total_time	  165.4968	average_time	    7.5226	epoch	22
2025-06-04 05:52:04,175 - year	2018	total_time	  105.8231	average_time	    8.8186	epoch	12
2025-06-04 05:52:04,175 - year	2019	total_time	  100.3806	average_time	   10.0381	epoch	10
2025-06-04 05:52:04,175 - year	2020	total_time	   63.1575	average_time	    9.0225	epoch	7
2025-06-04 05:52:04,175 - total time: 434.8581
