2025-06-03 09:07:27,802 - logger name:log/GBA/eac-42/eac.log
2025-06-03 09:07:27,802 - params : {'conf': 'conf/GBA/eac.json', 'seed': 42, 'paral': 0, 'gpuid': 5, 'logname': 'eac', 'method': 'EAC', 'load_first_year': 0, 'first_year_model_path': '/home/bd2/ANATS/Online_Baselines/log/GBA/trafficstream-42/2019/34.045.pkl', 'device': device(type='cuda', index=5), 'methods': {'TrafficStream': <class 'src.model.model.TrafficStream_Model'>, 'EAC': <class 'src.model.model.EAC_Model'>, 'Universal': <class 'src.model.model.Universal_Model'>, 'TEAM': <class 'src.model.model.TEAM_Model'>, 'DLF': <class 'src.model.model.DLF_Model'>}, 'begin_year': 2017, 'end_year': 2020, 'dropout': 0.0, 'lr': 0.01, 'batch_size': 128, 'epoch': 100, 'loss': 'mse', 'activation': 'relu', 'scheduler': 'epo', 'y_len': 12, 'x_len': 12, 'data_process': 1, 'auto_test': 1, 'raw_data_path': 'data/GBA/finaldata/', 'save_data_path': 'data/GBA/FastData/', 'graph_path': 'data/GBA/graph/', 'model_path': 'log/GBA/', 'gcn': {'in_channel': 12, 'out_channel': 12, 'hidden_channel': 64}, 'tcn': {'in_channel': 1, 'out_channel': 1, 'kernel_size': 3, 'dilation': 1}, 'rank': 6, 'train': 1, 'strategy': 'retrain', 'init': True, 'increase': True, 'num_hops': 2, 'detect': False, 'detect_strategy': 'feature', 'ewc': False, 'ewc_strategy': 'ewc', 'ewc_lambda': 0.0001, 'replay': False, 'replay_strategy': 'random', 'repaly_num_samples': 300, 'extra_feature': True, 'momentum_type': 'linear', 'memory_size': 32, 'path': 'log/GBA/eac-42', 'logger': <Logger utils.initialize (INFO)>}
2025-06-03 09:08:51,212 - [*] Year 2017 load from data/GBA/FastData/2017.npz
2025-06-03 09:08:52,017 - [*] Year 2017 Dataset load!
2025-06-03 09:08:52,027 - Total Parameters: 17144
2025-06-03 09:08:52,027 - Trainable Parameters: 17144
2025-06-03 09:08:52,028 - [*] Year 2017 Training start
2025-06-03 09:08:53,552 - node number torch.Size([293632, 12])
2025-06-03 09:09:13,861 - epoch:0, training loss:14342.5609 validation loss:40.9273
2025-06-03 09:09:36,196 - epoch:1, training loss:2430.0053 validation loss:34.7046
2025-06-03 09:09:56,228 - epoch:2, training loss:2101.9178 validation loss:33.3513
2025-06-03 09:10:19,032 - epoch:3, training loss:2007.8682 validation loss:35.9916
2025-06-03 09:10:42,204 - epoch:4, training loss:1935.5774 validation loss:34.0990
2025-06-03 09:11:06,350 - epoch:5, training loss:1892.5153 validation loss:34.3137
2025-06-03 09:11:29,404 - epoch:6, training loss:1877.5731 validation loss:34.6032
2025-06-03 09:11:52,563 - epoch:7, training loss:1872.7524 validation loss:39.5259
2025-06-03 09:12:16,113 - epoch:8, training loss:1858.7904 validation loss:33.8806
2025-06-03 09:12:23,652 - [*] loss:2233.2693
2025-06-03 09:12:25,876 - [*] year 2017, testing
2025-06-03 09:12:44,458 - T:3	MAE	25.2232	RMSE	38.4430	MAPE	23.1109
2025-06-03 09:13:19,745 - T:6	MAE	26.6638	RMSE	40.8375	MAPE	23.6788
2025-06-03 09:15:10,666 - T:12	MAE	30.7678	RMSE	47.0807	MAPE	26.0296
2025-06-03 09:15:10,667 - T:Avg	MAE	27.2271	RMSE	41.6027	MAPE	24.0695
2025-06-03 09:15:10,675 - Finished optimization, total time:105.28 s, best model:log/GBA/eac-42/2017/33.3513.pkl
2025-06-03 09:16:10,281 - [*] Year 2018 load from data/GBA/FastData/2018.npz
2025-06-03 09:16:10,357 - [*] Year 2018 Dataset load!
2025-06-03 09:16:10,357 - [*] load from log/GBA/eac-42/2017/33.3513.pkl
2025-06-03 09:16:10,366 - Total Parameters: 17306
2025-06-03 09:16:10,366 - Trainable Parameters: 13998
2025-06-03 09:16:10,366 - [*] Year 2018 Training start
2025-06-03 09:16:12,956 - node number torch.Size([297088, 12])
2025-06-03 09:16:31,636 - epoch:0, training loss:2231.5585 validation loss:30.6226
2025-06-03 09:16:52,266 - epoch:1, training loss:2165.4975 validation loss:32.0131
2025-06-03 09:17:13,174 - epoch:2, training loss:2167.9123 validation loss:30.1161
2025-06-03 09:17:33,886 - epoch:3, training loss:2159.8998 validation loss:30.5391
2025-06-03 09:17:55,358 - epoch:4, training loss:2161.7609 validation loss:31.1134
2025-06-03 09:18:17,213 - epoch:5, training loss:2158.6505 validation loss:30.5422
2025-06-03 09:18:38,641 - epoch:6, training loss:2163.6593 validation loss:30.5240
2025-06-03 09:18:59,798 - epoch:7, training loss:2158.0259 validation loss:30.7114
2025-06-03 09:19:21,272 - epoch:8, training loss:2161.0941 validation loss:30.5694
2025-06-03 09:19:30,405 - [*] loss:2373.6255
2025-06-03 09:19:31,793 - [*] year 2018, testing
2025-06-03 09:19:47,179 - T:3	MAE	25.4626	RMSE	38.9765	MAPE	25.5762
2025-06-03 09:20:18,682 - T:6	MAE	27.0037	RMSE	41.4775	MAPE	26.4903
2025-06-03 09:22:03,768 - T:12	MAE	31.1001	RMSE	47.4804	MAPE	29.3517
2025-06-03 09:22:03,769 - T:Avg	MAE	27.5203	RMSE	42.1233	MAPE	26.8830
2025-06-03 09:22:03,778 - Finished optimization, total time:97.36 s, best model:log/GBA/eac-42/2018/30.1161.pkl
2025-06-03 09:22:58,725 - [*] Year 2019 load from data/GBA/FastData/2019.npz
2025-06-03 09:22:58,805 - [*] Year 2019 Dataset load!
2025-06-03 09:22:58,805 - [*] load from log/GBA/eac-42/2018/30.1161.pkl
2025-06-03 09:22:58,811 - Total Parameters: 17492
2025-06-03 09:22:58,811 - Trainable Parameters: 14184
2025-06-03 09:22:58,811 - [*] Year 2019 Training start
2025-06-03 09:23:03,003 - node number torch.Size([301056, 12])
2025-06-03 09:23:23,251 - epoch:0, training loss:2245.5508 validation loss:32.1037
2025-06-03 09:23:47,868 - epoch:1, training loss:2200.6398 validation loss:33.9863
2025-06-03 09:24:12,119 - epoch:2, training loss:2200.7670 validation loss:33.9072
2025-06-03 09:24:36,720 - epoch:3, training loss:2203.4543 validation loss:32.6598
2025-06-03 09:25:01,391 - epoch:4, training loss:2200.6362 validation loss:34.0466
2025-06-03 09:25:26,451 - epoch:5, training loss:2198.1088 validation loss:33.5136
2025-06-03 09:25:51,712 - epoch:6, training loss:2193.4766 validation loss:34.5533
2025-06-03 09:26:05,139 - [*] loss:2043.4510
2025-06-03 09:26:06,837 - [*] year 2019, testing
2025-06-03 09:26:23,424 - T:3	MAE	23.9078	RMSE	35.8952	MAPE	21.5192
2025-06-03 09:26:54,170 - T:6	MAE	25.3068	RMSE	38.5110	MAPE	22.0979
2025-06-03 09:28:36,413 - T:12	MAE	29.2615	RMSE	44.7131	MAPE	24.4085
2025-06-03 09:28:36,414 - T:Avg	MAE	25.8407	RMSE	39.1706	MAPE	22.4742
2025-06-03 09:28:36,423 - Finished optimization, total time:86.82 s, best model:log/GBA/eac-42/2019/32.1037.pkl
2025-06-03 09:29:30,127 - [*] Year 2020 load from data/GBA/FastData/2020.npz
2025-06-03 09:29:30,221 - [*] Year 2020 Dataset load!
2025-06-03 09:29:30,221 - [*] load from log/GBA/eac-42/2019/32.1037.pkl
2025-06-03 09:29:30,229 - Total Parameters: 17492
2025-06-03 09:29:30,229 - Trainable Parameters: 14184
2025-06-03 09:29:30,230 - [*] Year 2020 Training start
2025-06-03 09:29:34,610 - node number torch.Size([301056, 12])
2025-06-03 09:29:55,477 - epoch:0, training loss:2031.4908 validation loss:35.5576
2025-06-03 09:30:20,946 - epoch:1, training loss:2024.8803 validation loss:31.9053
2025-06-03 09:30:45,985 - epoch:2, training loss:2025.6574 validation loss:34.4961
2025-06-03 09:31:10,810 - epoch:3, training loss:2023.5013 validation loss:36.8967
2025-06-03 09:31:35,756 - epoch:4, training loss:2021.7242 validation loss:33.2280
2025-06-03 09:32:00,458 - epoch:5, training loss:2020.6704 validation loss:29.0162
2025-06-03 09:32:25,481 - epoch:6, training loss:2021.8334 validation loss:35.5950
2025-06-03 09:32:50,456 - epoch:7, training loss:2019.6516 validation loss:32.8877
2025-06-03 09:33:15,728 - epoch:8, training loss:2021.1785 validation loss:32.5332
2025-06-03 09:33:41,052 - epoch:9, training loss:2018.0051 validation loss:33.0918
2025-06-03 09:34:06,028 - epoch:10, training loss:2019.7903 validation loss:33.4908
2025-06-03 09:34:30,994 - epoch:11, training loss:2021.6016 validation loss:33.8761
2025-06-03 09:34:44,873 - [*] loss:1893.7762
2025-06-03 09:34:46,602 - [*] year 2020, testing
2025-06-03 09:35:03,508 - T:3	MAE	27.0881	RMSE	37.7807	MAPE	24.9353
2025-06-03 09:35:38,302 - T:6	MAE	27.9613	RMSE	39.1769	MAPE	25.5713
2025-06-03 09:37:39,118 - T:12	MAE	30.6135	RMSE	43.2800	MAPE	27.8105
2025-06-03 09:37:39,119 - T:Avg	MAE	28.3266	RMSE	39.6970	MAPE	25.8917
2025-06-03 09:37:39,128 - Finished optimization, total time:151.05 s, best model:log/GBA/eac-42/2020/29.0162.pkl
2025-06-03 09:37:39,130 - 


2025-06-03 09:37:39,130 - 3   	 MAE	     25.22	     25.46	     23.91	     27.09		   25.42
2025-06-03 09:37:39,130 - 3   	RMSE	     38.44	     38.98	     35.90	     37.78		   37.77
2025-06-03 09:37:39,130 - 3   	MAPE	     23.11	     25.58	     21.52	     24.94		   23.79
2025-06-03 09:37:39,130 - 6   	 MAE	     26.66	     27.00	     25.31	     27.96		   26.73
2025-06-03 09:37:39,130 - 6   	RMSE	     40.84	     41.48	     38.51	     39.18		   40.00
2025-06-03 09:37:39,130 - 6   	MAPE	     23.68	     26.49	     22.10	     25.57		   24.46
2025-06-03 09:37:39,130 - 12  	 MAE	     30.77	     31.10	     29.26	     30.61		   30.44
2025-06-03 09:37:39,130 - 12  	RMSE	     47.08	     47.48	     44.71	     43.28		   45.64
2025-06-03 09:37:39,131 - 12  	MAPE	     26.03	     29.35	     24.41	     27.81		   26.90
2025-06-03 09:37:39,131 - Avg 	 MAE	     27.23	     27.52	     25.84	     28.33		   27.23
2025-06-03 09:37:39,131 - Avg 	RMSE	     41.60	     42.12	     39.17	     39.70		   40.65
2025-06-03 09:37:39,131 - Avg 	MAPE	     24.07	     26.88	     22.47	     25.89		   24.83
2025-06-03 09:37:39,131 - year	2017	total_time	  105.2815	average_time	   11.6980	epoch	9
2025-06-03 09:37:39,131 - year	2018	total_time	   97.3618	average_time	   10.8180	epoch	9
2025-06-03 09:37:39,131 - year	2019	total_time	   86.8216	average_time	   12.4031	epoch	7
2025-06-03 09:37:39,131 - year	2020	total_time	  151.0471	average_time	   12.5873	epoch	12
2025-06-03 09:37:39,131 - total time: 440.5120
