2025-06-01 23:50:56,162 - logger name:log/SD/dlf-42/dlf.log
2025-06-01 23:50:56,162 - params : {'conf': 'conf/SD/dlf.json', 'seed': 42, 'paral': 0, 'gpuid': 3, 'logname': 'dlf', 'method': 'DLF', 'load_first_year': 0, 'first_year_model_path': '/home/bd2/ANATS/Online_Baselines/log/SD/dlf-42/2017/38.6019.pkl', 'device': device(type='cuda', index=3), 'methods': {'TrafficStream': <class 'src.model.model.TrafficStream_Model'>, 'STKEC': <class 'src.model.model.STKEC_Model'>, 'EAC': <class 'src.model.model.EAC_Model'>, 'Universal': <class 'src.model.model.Universal_Model'>, 'TEAM': <class 'src.model.model.TEAM_Model'>, 'DLF': <class 'src.model.model.DLF_Model'>}, 'begin_year': 2017, 'end_year': 2020, 'dropout': 0.0, 'lr': 0.01, 'batch_size': 128, 'epoch': 100, 'loss': 'mse', 'activation': 'relu', 'scheduler': 'epo', 'y_len': 12, 'x_len': 12, 'data_process': 1, 'auto_test': 1, 'raw_data_path': 'data/SD/finaldata/', 'save_data_path': 'data/SD/FastData/', 'graph_path': 'data/SD/graph/', 'model_path': 'log/SD/', 'hidden_channel': 64, 'dilation_channels': 32, 'skip_channels': 32, 'end_channels': 32, 'supports_len': 2, 'kernel_size': 2, 'blocks': 4, 'layers': 2, 'rank': 6, 'train': 1, 'strategy': 'retrain', 'init': True, 'increase': True, 'num_hops': 2, 'detect': False, 'detect_strategy': 'feature', 'ewc': False, 'ewc_strategy': 'ewc', 'ewc_lambda': 0.0001, 'replay': False, 'replay_strategy': 'random', 'repaly_num_samples': 300, 'extra_feature': True, 'momentum_type': 'linear', 'memory_size': 32, 'path': 'log/SD/dlf-42', 'logger': <Logger utils.initialize (INFO)>}
2025-06-01 23:51:10,622 - [*] Year 2017 load from data/SD/FastData/2017.npz
2025-06-01 23:51:10,909 - [*] Year 2017 Dataset load!
2025-06-01 23:51:32,908 - logger name:log/SD/dlf-42/dlf.log
2025-06-01 23:51:32,908 - params : {'conf': 'conf/SD/dlf.json', 'seed': 42, 'paral': 0, 'gpuid': 3, 'logname': 'dlf', 'method': 'DLF', 'load_first_year': 0, 'first_year_model_path': '/home/bd2/ANATS/Online_Baselines/log/SD/dlf-42/2017/38.6019.pkl', 'device': device(type='cuda', index=3), 'methods': {'TrafficStream': <class 'src.model.model.TrafficStream_Model'>, 'STKEC': <class 'src.model.model.STKEC_Model'>, 'EAC': <class 'src.model.model.EAC_Model'>, 'Universal': <class 'src.model.model.Universal_Model'>, 'TEAM': <class 'src.model.model.TEAM_Model'>, 'DLF': <class 'src.model.model.DLF_Model'>}, 'begin_year': 2017, 'end_year': 2020, 'dropout': 0.0, 'lr': 0.01, 'batch_size': 128, 'epoch': 100, 'loss': 'mse', 'activation': 'relu', 'scheduler': 'epo', 'y_len': 12, 'x_len': 12, 'data_process': 1, 'auto_test': 1, 'raw_data_path': 'data/SD/finaldata/', 'save_data_path': 'data/SD/FastData/', 'graph_path': 'data/SD/graph/', 'model_path': 'log/SD/', 'hidden_channels': 64, 'dilation_channels': 32, 'skip_channels': 32, 'end_channels': 32, 'supports_len': 2, 'kernel_size': 2, 'blocks': 4, 'layers': 2, 'rank': 6, 'train': 1, 'strategy': 'retrain', 'init': True, 'increase': True, 'num_hops': 2, 'detect': False, 'detect_strategy': 'feature', 'ewc': False, 'ewc_strategy': 'ewc', 'ewc_lambda': 0.0001, 'replay': False, 'replay_strategy': 'random', 'repaly_num_samples': 300, 'extra_feature': True, 'momentum_type': 'linear', 'memory_size': 32, 'path': 'log/SD/dlf-42', 'logger': <Logger utils.initialize (INFO)>}
2025-06-01 23:51:47,704 - [*] Year 2017 load from data/SD/FastData/2017.npz
2025-06-01 23:51:47,986 - [*] Year 2017 Dataset load!
2025-06-01 23:53:02,560 - logger name:log/SD/dlf-42/dlf.log
2025-06-01 23:53:02,561 - params : {'conf': 'conf/SD/dlf.json', 'seed': 42, 'paral': 0, 'gpuid': 3, 'logname': 'dlf', 'method': 'DLF', 'load_first_year': 0, 'first_year_model_path': '/home/bd2/ANATS/Online_Baselines/log/SD/dlf-42/2017/38.6019.pkl', 'device': device(type='cuda', index=3), 'methods': {'TrafficStream': <class 'src.model.model.TrafficStream_Model'>, 'STKEC': <class 'src.model.model.STKEC_Model'>, 'EAC': <class 'src.model.model.EAC_Model'>, 'Universal': <class 'src.model.model.Universal_Model'>, 'TEAM': <class 'src.model.model.TEAM_Model'>, 'DLF': <class 'src.model.model.DLF_Model'>}, 'begin_year': 2017, 'end_year': 2020, 'dropout': 0.0, 'lr': 0.01, 'batch_size': 128, 'epoch': 100, 'loss': 'mse', 'activation': 'relu', 'scheduler': 'epo', 'y_len': 12, 'x_len': 12, 'data_process': 1, 'auto_test': 1, 'raw_data_path': 'data/SD/finaldata/', 'save_data_path': 'data/SD/FastData/', 'graph_path': 'data/SD/graph/', 'model_path': 'log/SD/', 'hidden_channels': 64, 'dilation_channels': 32, 'skip_channels': 32, 'end_channels': 32, 'supports_len': 2, 'kernel_size': 2, 'blocks': 4, 'layers': 2, 'rank': 6, 'train': 1, 'strategy': 'retrain', 'init': True, 'increase': True, 'num_hops': 2, 'detect': False, 'detect_strategy': 'feature', 'ewc': False, 'ewc_strategy': 'ewc', 'ewc_lambda': 0.0001, 'replay': False, 'replay_strategy': 'random', 'repaly_num_samples': 300, 'extra_feature': True, 'momentum_type': 'linear', 'memory_size': 32, 'path': 'log/SD/dlf-42', 'logger': <Logger utils.initialize (INFO)>}
2025-06-01 23:53:17,950 - [*] Year 2017 load from data/SD/FastData/2017.npz
2025-06-01 23:53:18,208 - [*] Year 2017 Dataset load!
2025-06-01 23:53:18,212 - Total Parameters: 65356
2025-06-01 23:53:18,212 - Trainable Parameters: 65356
2025-06-01 23:53:18,213 - [*] Year 2017 Training start
2025-06-01 23:53:18,702 - node number torch.Size([90240, 12])
2025-06-01 23:54:47,920 - logger name:log/SD/dlf-42/dlf.log
2025-06-01 23:54:47,920 - params : {'conf': 'conf/SD/dlf.json', 'seed': 42, 'paral': 0, 'gpuid': 3, 'logname': 'dlf', 'method': 'DLF', 'load_first_year': 0, 'first_year_model_path': '/home/bd2/ANATS/Online_Baselines/log/SD/dlf-42/2017/38.6019.pkl', 'device': device(type='cuda', index=3), 'methods': {'TrafficStream': <class 'src.model.model.TrafficStream_Model'>, 'STKEC': <class 'src.model.model.STKEC_Model'>, 'EAC': <class 'src.model.model.EAC_Model'>, 'Universal': <class 'src.model.model.Universal_Model'>, 'TEAM': <class 'src.model.model.TEAM_Model'>, 'DLF': <class 'src.model.model.DLF_Model'>}, 'begin_year': 2017, 'end_year': 2020, 'dropout': 0.0, 'lr': 0.01, 'batch_size': 128, 'epoch': 100, 'loss': 'mse', 'activation': 'relu', 'scheduler': 'epo', 'y_len': 12, 'x_len': 12, 'data_process': 1, 'auto_test': 1, 'raw_data_path': 'data/SD/finaldata/', 'save_data_path': 'data/SD/FastData/', 'graph_path': 'data/SD/graph/', 'model_path': 'log/SD/', 'hidden_channels': 64, 'dilation_channels': 32, 'skip_channels': 32, 'end_channels': 32, 'supports_len': 2, 'kernel_size': 2, 'blocks': 4, 'layers': 2, 'rank': 6, 'train': 1, 'strategy': 'retrain', 'init': True, 'increase': True, 'num_hops': 2, 'detect': False, 'detect_strategy': 'feature', 'ewc': False, 'ewc_strategy': 'ewc', 'ewc_lambda': 0.0001, 'replay': False, 'replay_strategy': 'random', 'repaly_num_samples': 300, 'extra_feature': True, 'momentum_type': 'linear', 'memory_size': 32, 'path': 'log/SD/dlf-42', 'logger': <Logger utils.initialize (INFO)>}
2025-06-01 23:55:03,242 - [*] Year 2017 load from data/SD/FastData/2017.npz
2025-06-01 23:55:03,501 - [*] Year 2017 Dataset load!
2025-06-01 23:55:03,505 - Total Parameters: 65356
2025-06-01 23:55:03,505 - Trainable Parameters: 65356
2025-06-01 23:55:03,506 - [*] Year 2017 Training start
2025-06-01 23:55:04,065 - node number torch.Size([90240, 12])
2025-06-01 23:56:25,936 - epoch:0, training loss:7196.6323 validation loss:31.6710
2025-06-01 23:57:01,791 - logger name:log/SD/dlf-42/dlf.log
2025-06-01 23:57:01,791 - params : {'conf': 'conf/SD/dlf.json', 'seed': 42, 'paral': 0, 'gpuid': 3, 'logname': 'dlf', 'method': 'DLF', 'load_first_year': 0, 'first_year_model_path': '/home/bd2/ANATS/Online_Baselines/log/SD/dlf-42/2017/38.6019.pkl', 'device': device(type='cuda', index=3), 'methods': {'TrafficStream': <class 'src.model.model.TrafficStream_Model'>, 'STKEC': <class 'src.model.model.STKEC_Model'>, 'EAC': <class 'src.model.model.EAC_Model'>, 'Universal': <class 'src.model.model.Universal_Model'>, 'TEAM': <class 'src.model.model.TEAM_Model'>, 'DLF': <class 'src.model.model.DLF_Model'>}, 'begin_year': 2017, 'end_year': 2020, 'dropout': 0.0, 'lr': 0.01, 'batch_size': 128, 'epoch': 1, 'loss': 'mse', 'activation': 'relu', 'scheduler': 'epo', 'y_len': 12, 'x_len': 12, 'data_process': 1, 'auto_test': 1, 'raw_data_path': 'data/SD/finaldata/', 'save_data_path': 'data/SD/FastData/', 'graph_path': 'data/SD/graph/', 'model_path': 'log/SD/', 'hidden_channels': 64, 'dilation_channels': 32, 'skip_channels': 32, 'end_channels': 32, 'supports_len': 2, 'kernel_size': 2, 'blocks': 4, 'layers': 2, 'rank': 6, 'train': 1, 'strategy': 'retrain', 'init': True, 'increase': True, 'num_hops': 2, 'detect': False, 'detect_strategy': 'feature', 'ewc': False, 'ewc_strategy': 'ewc', 'ewc_lambda': 0.0001, 'replay': False, 'replay_strategy': 'random', 'repaly_num_samples': 300, 'extra_feature': True, 'momentum_type': 'linear', 'memory_size': 32, 'path': 'log/SD/dlf-42', 'logger': <Logger utils.initialize (INFO)>}
2025-06-01 23:57:16,602 - [*] Year 2017 load from data/SD/FastData/2017.npz
2025-06-01 23:57:16,870 - [*] Year 2017 Dataset load!
2025-06-01 23:57:16,874 - Total Parameters: 65356
2025-06-01 23:57:16,875 - Trainable Parameters: 65356
2025-06-01 23:57:16,875 - [*] Year 2017 Training start
2025-06-01 23:57:17,452 - node number torch.Size([90240, 12])
2025-06-01 23:58:13,845 - logger name:log/SD/dlf-42/dlf.log
2025-06-01 23:58:13,845 - params : {'conf': 'conf/SD/dlf.json', 'seed': 42, 'paral': 0, 'gpuid': 3, 'logname': 'dlf', 'method': 'DLF', 'load_first_year': 0, 'first_year_model_path': '/home/bd2/ANATS/Online_Baselines/log/SD/dlf-42/2017/38.6019.pkl', 'device': device(type='cuda', index=3), 'methods': {'TrafficStream': <class 'src.model.model.TrafficStream_Model'>, 'STKEC': <class 'src.model.model.STKEC_Model'>, 'EAC': <class 'src.model.model.EAC_Model'>, 'Universal': <class 'src.model.model.Universal_Model'>, 'TEAM': <class 'src.model.model.TEAM_Model'>, 'DLF': <class 'src.model.model.DLF_Model'>}, 'begin_year': 2017, 'end_year': 2020, 'dropout': 0.0, 'lr': 0.01, 'batch_size': 128, 'epoch': 1, 'loss': 'mse', 'activation': 'relu', 'scheduler': 'epo', 'y_len': 12, 'x_len': 12, 'data_process': 1, 'auto_test': 1, 'raw_data_path': 'data/SD/finaldata/', 'save_data_path': 'data/SD/FastData/', 'graph_path': 'data/SD/graph/', 'model_path': 'log/SD/', 'hidden_channels': 64, 'dilation_channels': 32, 'skip_channels': 32, 'end_channels': 32, 'supports_len': 2, 'kernel_size': 2, 'blocks': 4, 'layers': 2, 'rank': 6, 'train': 1, 'strategy': 'incremental', 'init': True, 'increase': True, 'num_hops': 2, 'detect': True, 'detect_strategy': 'feature', 'ewc': True, 'ewc_strategy': 'ewc', 'ewc_lambda': 0.0001, 'replay': True, 'replay_strategy': 'random', 'repaly_num_samples': 300, 'extra_feature': True, 'momentum_type': 'linear', 'memory_size': 32, 'path': 'log/SD/dlf-42', 'logger': <Logger utils.initialize (INFO)>}
2025-06-01 23:58:28,847 - [*] Year 2017 load from data/SD/FastData/2017.npz
2025-06-01 23:58:29,119 - [*] Year 2017 Dataset load!
2025-06-01 23:58:29,127 - Total Parameters: 65356
2025-06-01 23:58:29,127 - Trainable Parameters: 65356
2025-06-01 23:58:29,127 - [*] Year 2017 Training start
2025-06-01 23:58:29,487 - node number torch.Size([90240, 12])
2025-06-01 23:59:53,042 - epoch:0, training loss:7196.6323 validation loss:31.6710
2025-06-02 00:00:15,752 - [*] loss:2247.4675
2025-06-02 00:00:16,271 - [*] year 2017, testing
2025-06-02 00:00:21,227 - T:3	MAE	23.5428	RMSE	34.1038	MAPE	18.4450
2025-06-02 00:00:30,767 - T:6	MAE	26.4065	RMSE	38.4616	MAPE	20.9504
2025-06-02 00:01:01,741 - T:12	MAE	32.0533	RMSE	47.0150	MAPE	25.9530
2025-06-02 00:01:01,741 - T:Avg	MAE	26.8866	RMSE	39.1409	MAPE	21.4446
2025-06-02 00:01:01,744 - Finished optimization, total time:60.25 s, best model:log/SD/dlf-42/2017/31.671.pkl
2025-06-02 00:01:17,144 - [*] Year 2018 load from data/SD/FastData/2018.npz
2025-06-02 00:01:17,176 - [*] load from log/SD/dlf-42/2017/31.671.pkl
2025-06-02 00:02:25,699 - logger name:log/SD/dlf-42/dlf.log
2025-06-02 00:02:25,699 - params : {'conf': 'conf/SD/dlf.json', 'seed': 42, 'paral': 0, 'gpuid': 3, 'logname': 'dlf', 'method': 'DLF', 'load_first_year': 0, 'first_year_model_path': '/home/bd2/ANATS/Online_Baselines/log/SD/dlf-42/2017/38.6019.pkl', 'device': device(type='cuda', index=3), 'methods': {'TrafficStream': <class 'src.model.model.TrafficStream_Model'>, 'STKEC': <class 'src.model.model.STKEC_Model'>, 'EAC': <class 'src.model.model.EAC_Model'>, 'Universal': <class 'src.model.model.Universal_Model'>, 'TEAM': <class 'src.model.model.TEAM_Model'>, 'DLF': <class 'src.model.model.DLF_Model'>}, 'begin_year': 2017, 'end_year': 2020, 'dropout': 0.0, 'lr': 0.01, 'batch_size': 128, 'epoch': 1, 'loss': 'mse', 'activation': 'relu', 'scheduler': 'epo', 'y_len': 12, 'x_len': 12, 'data_process': 1, 'auto_test': 1, 'raw_data_path': 'data/SD/finaldata/', 'save_data_path': 'data/SD/FastData/', 'graph_path': 'data/SD/graph/', 'model_path': 'log/SD/', 'hidden_channels': 64, 'dilation_channels': 32, 'skip_channels': 32, 'end_channels': 32, 'supports_len': 2, 'kernel_size': 2, 'blocks': 4, 'layers': 2, 'rank': 6, 'train': 1, 'strategy': 'incremental', 'init': True, 'increase': True, 'num_hops': 2, 'detect': True, 'detect_strategy': 'feature', 'ewc': True, 'ewc_strategy': 'ewc', 'ewc_lambda': 0.0001, 'replay': True, 'replay_strategy': 'random', 'repaly_num_samples': 300, 'extra_feature': True, 'momentum_type': 'linear', 'memory_size': 32, 'path': 'log/SD/dlf-42', 'logger': <Logger utils.initialize (INFO)>}
2025-06-02 00:02:40,973 - [*] Year 2017 load from data/SD/FastData/2017.npz
2025-06-02 00:02:41,257 - [*] Year 2017 Dataset load!
2025-06-02 00:02:41,264 - Total Parameters: 65356
2025-06-02 00:02:41,264 - Trainable Parameters: 65356
2025-06-02 00:02:41,264 - [*] Year 2017 Training start
2025-06-02 00:02:41,732 - node number torch.Size([90240, 12])
2025-06-02 00:04:04,449 - epoch:0, training loss:7196.6323 validation loss:31.6710
2025-06-02 00:04:27,480 - [*] loss:2247.4675
2025-06-02 00:04:28,007 - [*] year 2017, testing
2025-06-02 00:04:32,903 - T:3	MAE	23.5428	RMSE	34.1038	MAPE	18.4450
2025-06-02 00:04:42,276 - T:6	MAE	26.4065	RMSE	38.4616	MAPE	20.9504
2025-06-02 00:05:12,598 - T:12	MAE	32.0533	RMSE	47.0150	MAPE	25.9530
2025-06-02 00:05:12,599 - T:Avg	MAE	26.8866	RMSE	39.1409	MAPE	21.4446
2025-06-02 00:05:12,602 - Finished optimization, total time:59.63 s, best model:log/SD/dlf-42/2017/31.671.pkl
2025-06-02 00:05:28,705 - [*] Year 2018 load from data/SD/FastData/2018.npz
2025-06-02 00:05:28,742 - [*] load from log/SD/dlf-42/2017/31.671.pkl
2025-06-02 00:06:09,589 - logger name:log/SD/dlf-42/dlf.log
2025-06-02 00:06:09,590 - params : {'conf': 'conf/SD/dlf.json', 'seed': 42, 'paral': 0, 'gpuid': 3, 'logname': 'dlf', 'method': 'DLF', 'load_first_year': 0, 'first_year_model_path': '/home/bd2/ANATS/Online_Baselines/log/SD/dlf-42/2017/38.6019.pkl', 'device': device(type='cuda', index=3), 'methods': {'TrafficStream': <class 'src.model.model.TrafficStream_Model'>, 'STKEC': <class 'src.model.model.STKEC_Model'>, 'EAC': <class 'src.model.model.EAC_Model'>, 'Universal': <class 'src.model.model.Universal_Model'>, 'TEAM': <class 'src.model.model.TEAM_Model'>, 'DLF': <class 'src.model.model.DLF_Model'>}, 'begin_year': 2017, 'end_year': 2020, 'dropout': 0.0, 'lr': 0.01, 'batch_size': 128, 'epoch': 1, 'loss': 'mse', 'activation': 'relu', 'scheduler': 'epo', 'y_len': 12, 'x_len': 12, 'data_process': 1, 'auto_test': 1, 'raw_data_path': 'data/SD/finaldata/', 'save_data_path': 'data/SD/FastData/', 'graph_path': 'data/SD/graph/', 'model_path': 'log/SD/', 'hidden_channels': 64, 'dilation_channels': 32, 'skip_channels': 32, 'end_channels': 32, 'supports_len': 2, 'kernel_size': 2, 'blocks': 4, 'layers': 2, 'rank': 6, 'train': 1, 'strategy': 'incremental', 'init': True, 'increase': True, 'num_hops': 2, 'detect': True, 'detect_strategy': 'feature', 'ewc': True, 'ewc_strategy': 'ewc', 'ewc_lambda': 0.0001, 'replay': True, 'replay_strategy': 'random', 'replay_num_samples': 300, 'extra_feature': True, 'momentum_type': 'linear', 'memory_size': 32, 'path': 'log/SD/dlf-42', 'logger': <Logger utils.initialize (INFO)>}
2025-06-02 00:06:26,713 - [*] Year 2017 load from data/SD/FastData/2017.npz
2025-06-02 00:06:26,983 - [*] Year 2017 Dataset load!
2025-06-02 00:06:26,994 - Total Parameters: 65356
2025-06-02 00:06:26,994 - Trainable Parameters: 65356
2025-06-02 00:06:26,994 - [*] Year 2017 Training start
2025-06-02 00:06:27,463 - node number torch.Size([90240, 12])
2025-06-02 00:07:25,543 - logger name:log/SD/dlf-42/dlf.log
2025-06-02 00:07:25,543 - params : {'conf': 'conf/SD/dlf.json', 'seed': 42, 'paral': 0, 'gpuid': 3, 'logname': 'dlf', 'method': 'DLF', 'load_first_year': 1, 'first_year_model_path': '/home/bd2/ANATS/Online_Baselines/log/SD/dlf-42/2017/31.671.pkl', 'device': device(type='cuda', index=3), 'methods': {'TrafficStream': <class 'src.model.model.TrafficStream_Model'>, 'STKEC': <class 'src.model.model.STKEC_Model'>, 'EAC': <class 'src.model.model.EAC_Model'>, 'Universal': <class 'src.model.model.Universal_Model'>, 'TEAM': <class 'src.model.model.TEAM_Model'>, 'DLF': <class 'src.model.model.DLF_Model'>}, 'begin_year': 2017, 'end_year': 2020, 'dropout': 0.0, 'lr': 0.01, 'batch_size': 128, 'epoch': 1, 'loss': 'mse', 'activation': 'relu', 'scheduler': 'epo', 'y_len': 12, 'x_len': 12, 'data_process': 1, 'auto_test': 1, 'raw_data_path': 'data/SD/finaldata/', 'save_data_path': 'data/SD/FastData/', 'graph_path': 'data/SD/graph/', 'model_path': 'log/SD/', 'hidden_channels': 64, 'dilation_channels': 32, 'skip_channels': 32, 'end_channels': 32, 'supports_len': 2, 'kernel_size': 2, 'blocks': 4, 'layers': 2, 'rank': 6, 'train': 1, 'strategy': 'incremental', 'init': True, 'increase': True, 'num_hops': 2, 'detect': True, 'detect_strategy': 'feature', 'ewc': True, 'ewc_strategy': 'ewc', 'ewc_lambda': 0.0001, 'replay': True, 'replay_strategy': 'random', 'replay_num_samples': 300, 'extra_feature': True, 'momentum_type': 'linear', 'memory_size': 32, 'path': 'log/SD/dlf-42', 'logger': <Logger utils.initialize (INFO)>}
2025-06-02 00:07:42,758 - [*] Year 2017 load from data/SD/FastData/2017.npz
2025-06-02 00:07:43,018 - [*] load from /home/bd2/ANATS/Online_Baselines/log/SD/dlf-42/2017/31.671.pkl
2025-06-02 00:08:05,834 - [*] loss:2247.4675
2025-06-02 00:08:06,269 - [*] year 2017, testing
2025-06-02 00:08:11,341 - T:3	MAE	23.5428	RMSE	34.1038	MAPE	18.4450
2025-06-02 00:08:21,103 - T:6	MAE	26.4065	RMSE	38.4616	MAPE	20.9504
2025-06-02 00:08:52,524 - T:12	MAE	32.0533	RMSE	47.0150	MAPE	25.9530
2025-06-02 00:08:52,524 - T:Avg	MAE	26.8866	RMSE	39.1409	MAPE	21.4446
2025-06-02 00:09:09,198 - [*] Year 2018 load from data/SD/FastData/2018.npz
2025-06-02 00:09:09,235 - [*] load from /home/bd2/ANATS/Online_Baselines/log/SD/dlf-42/2017/31.671.pkl
2025-06-02 00:09:14,079 - number of increase nodes:259, nodes after 2 hop:torch.Size([675]), total nodes this year 708
2025-06-02 00:09:17,229 - [*] Year 2018 Dataset load!
2025-06-02 00:09:17,229 - [*] load from /home/bd2/ANATS/Online_Baselines/log/SD/dlf-42/2017/31.671.pkl
2025-06-02 00:09:17,235 - [*] EWC! lambda 0.000100
2025-06-02 00:10:15,869 - Total Parameters: 65356
2025-06-02 00:10:15,869 - Trainable Parameters: 65356
2025-06-02 00:10:15,869 - [*] Year 2018 Training start
2025-06-02 00:10:17,126 - node number torch.Size([86400, 12])
2025-06-02 00:11:33,374 - epoch:0, training loss:2804.4568 validation loss:29.8948
2025-06-02 00:11:56,698 - [*] loss:1869.5460
2025-06-02 00:11:57,406 - [*] year 2018, testing
2025-06-02 00:12:02,467 - T:3	MAE	21.4235	RMSE	31.3915	MAPE	16.7013
2025-06-02 00:12:12,233 - T:6	MAE	23.9926	RMSE	35.4791	MAPE	18.3511
2025-06-02 00:12:43,550 - T:12	MAE	28.5268	RMSE	42.6816	MAPE	21.1318
2025-06-02 00:12:43,551 - T:Avg	MAE	24.2814	RMSE	35.9023	MAPE	18.5713
2025-06-02 00:12:43,554 - Finished optimization, total time:57.33 s, best model:log/SD/dlf-42/2018/29.8948.pkl
2025-06-02 00:13:05,563 - logger name:log/SD/dlf-42/dlf.log
2025-06-02 00:13:05,563 - params : {'conf': 'conf/SD/dlf.json', 'seed': 42, 'paral': 0, 'gpuid': 3, 'logname': 'dlf', 'method': 'DLF', 'load_first_year': 0, 'first_year_model_path': '/home/bd2/ANATS/Online_Baselines/log/SD/dlf-42/2017/31.671.pkl', 'device': device(type='cuda', index=3), 'methods': {'TrafficStream': <class 'src.model.model.TrafficStream_Model'>, 'STKEC': <class 'src.model.model.STKEC_Model'>, 'EAC': <class 'src.model.model.EAC_Model'>, 'Universal': <class 'src.model.model.Universal_Model'>, 'TEAM': <class 'src.model.model.TEAM_Model'>, 'DLF': <class 'src.model.model.DLF_Model'>}, 'begin_year': 2017, 'end_year': 2020, 'dropout': 0.0, 'lr': 0.01, 'batch_size': 128, 'epoch': 1, 'loss': 'mse', 'activation': 'relu', 'scheduler': 'epo', 'y_len': 12, 'x_len': 12, 'data_process': 1, 'auto_test': 1, 'raw_data_path': 'data/SD/finaldata/', 'save_data_path': 'data/SD/FastData/', 'graph_path': 'data/SD/graph/', 'model_path': 'log/SD/', 'hidden_channels': 64, 'dilation_channels': 32, 'skip_channels': 32, 'end_channels': 32, 'supports_len': 2, 'kernel_size': 2, 'blocks': 4, 'layers': 2, 'rank': 6, 'train': 1, 'strategy': 'incremental', 'init': True, 'increase': True, 'num_hops': 2, 'detect': True, 'detect_strategy': 'feature', 'ewc': True, 'ewc_strategy': 'ewc', 'ewc_lambda': 0.0001, 'replay': True, 'replay_strategy': 'random', 'replay_num_samples': 300, 'extra_feature': True, 'momentum_type': 'linear', 'memory_size': 32, 'path': 'log/SD/dlf-42', 'logger': <Logger utils.initialize (INFO)>}
2025-06-02 00:13:21,868 - [*] Year 2017 load from data/SD/FastData/2017.npz
2025-06-02 00:13:22,142 - [*] Year 2017 Dataset load!
2025-06-02 00:13:22,149 - Total Parameters: 65356
2025-06-02 00:13:22,149 - Trainable Parameters: 65356
2025-06-02 00:13:22,149 - [*] Year 2017 Training start
2025-06-02 00:13:22,661 - node number torch.Size([90240, 12])
2025-06-02 00:14:45,576 - epoch:0, training loss:7196.6323 validation loss:31.6710
2025-06-02 00:15:08,225 - [*] loss:2247.4675
2025-06-02 00:15:08,823 - [*] year 2017, testing
2025-06-02 00:15:13,735 - T:3	MAE	23.5428	RMSE	34.1038	MAPE	18.4450
2025-06-02 00:15:23,186 - T:6	MAE	26.4065	RMSE	38.4616	MAPE	20.9504
2025-06-02 00:15:53,609 - T:12	MAE	32.0533	RMSE	47.0150	MAPE	25.9530
2025-06-02 00:15:53,610 - T:Avg	MAE	26.8866	RMSE	39.1409	MAPE	21.4446
2025-06-02 00:15:53,613 - Finished optimization, total time:59.79 s, best model:log/SD/dlf-42/2017/31.671.pkl
2025-06-02 00:16:08,391 - [*] Year 2018 load from data/SD/FastData/2018.npz
2025-06-02 00:16:08,425 - [*] load from log/SD/dlf-42/2017/31.671.pkl
2025-06-02 00:16:13,341 - number of increase nodes:259, nodes after 2 hop:torch.Size([675]), total nodes this year 708
2025-06-02 00:16:16,569 - [*] Year 2018 Dataset load!
2025-06-02 00:16:16,570 - [*] load from log/SD/dlf-42/2017/31.671.pkl
2025-06-02 00:16:16,587 - [*] EWC! lambda 0.000100
2025-06-02 00:17:14,984 - Total Parameters: 65356
2025-06-02 00:17:14,984 - Trainable Parameters: 65356
2025-06-02 00:17:14,985 - [*] Year 2018 Training start
2025-06-02 00:17:16,085 - node number torch.Size([86400, 12])
2025-06-02 00:18:31,930 - epoch:0, training loss:2940.8485 validation loss:28.6843
2025-06-02 00:18:55,008 - [*] loss:1965.9445
2025-06-02 00:18:55,612 - [*] year 2018, testing
2025-06-02 00:18:59,964 - T:3	MAE	22.0456	RMSE	32.2007	MAPE	14.5897
2025-06-02 00:19:09,023 - T:6	MAE	24.7186	RMSE	36.4195	MAPE	16.5017
2025-06-02 00:19:37,815 - T:12	MAE	29.5722	RMSE	43.7775	MAPE	21.0761
2025-06-02 00:19:37,815 - T:Avg	MAE	25.0111	RMSE	36.7961	MAPE	16.9936
2025-06-02 00:19:37,818 - Finished optimization, total time:57.11 s, best model:log/SD/dlf-42/2018/28.6843.pkl
2025-06-02 00:19:53,151 - [*] Year 2019 load from data/SD/FastData/2019.npz
2025-06-02 00:19:53,184 - [*] load from log/SD/dlf-42/2018/28.6843.pkl
2025-06-02 00:19:58,973 - number of increase nodes:281, nodes after 2 hop:torch.Size([704]), total nodes this year 716
2025-06-02 00:20:02,366 - [*] Year 2019 Dataset load!
2025-06-02 00:20:02,366 - [*] load from log/SD/dlf-42/2018/28.6843.pkl
2025-06-02 00:20:02,373 - [*] EWC! lambda 0.000100
2025-06-02 00:21:02,044 - Total Parameters: 65356
2025-06-02 00:21:02,044 - Trainable Parameters: 65356
2025-06-02 00:21:02,044 - [*] Year 2019 Training start
2025-06-02 00:21:03,485 - node number torch.Size([90112, 12])
2025-06-02 00:22:21,874 - epoch:0, training loss:2508.2504 validation loss:31.5853
2025-06-02 00:22:46,402 - [*] loss:1855.5870
2025-06-02 00:22:47,036 - [*] year 2019, testing
2025-06-02 00:22:51,364 - T:3	MAE	22.4008	RMSE	32.5677	MAPE	20.7584
2025-06-02 00:23:00,451 - T:6	MAE	24.6466	RMSE	36.3151	MAPE	21.7902
2025-06-02 00:23:30,361 - T:12	MAE	28.7462	RMSE	43.0584	MAPE	23.9216
2025-06-02 00:23:30,361 - T:Avg	MAE	24.9042	RMSE	36.7078	MAPE	21.9676
2025-06-02 00:23:30,364 - Finished optimization, total time:58.60 s, best model:log/SD/dlf-42/2019/31.5853.pkl
2025-06-02 00:23:44,674 - [*] Year 2020 load from data/SD/FastData/2020.npz
2025-06-02 00:23:44,705 - [*] load from log/SD/dlf-42/2019/31.5853.pkl
2025-06-02 00:23:45,537 - The number of data points in the previous year is greater than the current year, skipping detection and replay.
2025-06-02 00:23:45,606 - number of increase nodes:238, nodes after 2 hop:torch.Size([653]), total nodes this year 697
2025-06-02 00:23:48,506 - [*] Year 2020 Dataset load!
2025-06-02 00:23:48,506 - [*] load from log/SD/dlf-42/2019/31.5853.pkl
2025-06-02 00:23:48,514 - [*] EWC! lambda 0.000100
2025-06-02 00:24:47,284 - Total Parameters: 65356
2025-06-02 00:24:47,284 - Trainable Parameters: 65356
2025-06-02 00:24:47,284 - [*] Year 2020 Training start
2025-06-02 00:24:48,687 - node number torch.Size([83584, 12])
2025-06-02 00:26:04,865 - logger name:log/SD/dlf-42/dlf.log
2025-06-02 00:26:04,865 - params : {'conf': 'conf/SD/dlf.json', 'seed': 42, 'paral': 0, 'gpuid': 3, 'logname': 'dlf', 'method': 'DLF', 'load_first_year': 0, 'first_year_model_path': '/home/bd2/ANATS/Online_Baselines/log/SD/dlf-42/2017/31.671.pkl', 'device': device(type='cuda', index=3), 'methods': {'TrafficStream': <class 'src.model.model.TrafficStream_Model'>, 'STKEC': <class 'src.model.model.STKEC_Model'>, 'EAC': <class 'src.model.model.EAC_Model'>, 'Universal': <class 'src.model.model.Universal_Model'>, 'TEAM': <class 'src.model.model.TEAM_Model'>, 'DLF': <class 'src.model.model.DLF_Model'>}, 'begin_year': 2017, 'end_year': 2020, 'dropout': 0.0, 'lr': 0.01, 'batch_size': 128, 'epoch': 100, 'loss': 'mse', 'activation': 'relu', 'scheduler': 'epo', 'y_len': 12, 'x_len': 12, 'data_process': 1, 'auto_test': 1, 'raw_data_path': 'data/SD/finaldata/', 'save_data_path': 'data/SD/FastData/', 'graph_path': 'data/SD/graph/', 'model_path': 'log/SD/', 'hidden_channels': 64, 'dilation_channels': 32, 'skip_channels': 32, 'end_channels': 32, 'supports_len': 2, 'kernel_size': 2, 'blocks': 4, 'layers': 2, 'rank': 6, 'train': 1, 'strategy': 'incremental', 'init': True, 'increase': True, 'num_hops': 2, 'detect': True, 'detect_strategy': 'feature', 'ewc': True, 'ewc_strategy': 'ewc', 'ewc_lambda': 0.0001, 'replay': True, 'replay_strategy': 'random', 'replay_num_samples': 300, 'extra_feature': True, 'momentum_type': 'linear', 'memory_size': 32, 'path': 'log/SD/dlf-42', 'logger': <Logger utils.initialize (INFO)>}
2025-06-02 00:26:19,806 - [*] Year 2017 load from data/SD/FastData/2017.npz
2025-06-02 00:26:20,098 - [*] Year 2017 Dataset load!
2025-06-02 00:26:20,110 - Total Parameters: 65356
2025-06-02 00:26:20,110 - Trainable Parameters: 65356
2025-06-02 00:26:20,110 - [*] Year 2017 Training start
2025-06-02 00:26:20,728 - node number torch.Size([90240, 12])
2025-06-02 00:27:44,237 - epoch:0, training loss:7196.6323 validation loss:31.6710
2025-06-02 00:29:08,223 - epoch:1, training loss:2104.6924 validation loss:40.4166
2025-06-02 00:30:32,636 - epoch:2, training loss:1930.7860 validation loss:31.7446
2025-06-02 00:31:56,983 - epoch:3, training loss:1844.0051 validation loss:28.2482
2025-06-02 00:33:21,478 - epoch:4, training loss:1800.9172 validation loss:45.2169
2025-06-02 00:34:45,785 - epoch:5, training loss:1792.4544 validation loss:30.6545
2025-06-02 00:36:10,737 - epoch:6, training loss:1777.4417 validation loss:31.5215
2025-06-02 00:37:35,134 - epoch:7, training loss:1743.9149 validation loss:34.0433
2025-06-02 00:38:59,622 - epoch:8, training loss:1705.0685 validation loss:33.6474
2025-06-02 00:40:24,262 - epoch:9, training loss:1705.7145 validation loss:56.2629
2025-06-02 00:40:47,620 - [*] loss:1847.6704
2025-06-02 00:40:48,268 - [*] year 2017, testing
2025-06-02 00:40:53,326 - T:3	MAE	22.1317	RMSE	32.4090	MAPE	14.4053
2025-06-02 00:41:03,054 - T:6	MAE	24.2099	RMSE	36.0276	MAPE	15.3224
2025-06-02 00:41:33,608 - T:12	MAE	28.1551	RMSE	42.5165	MAPE	17.5778
2025-06-02 00:41:33,609 - T:Avg	MAE	24.4584	RMSE	36.3658	MAPE	15.5460
2025-06-02 00:41:33,612 - Finished optimization, total time:606.53 s, best model:log/SD/dlf-42/2017/28.2482.pkl
2025-06-02 00:41:50,532 - [*] Year 2018 load from data/SD/FastData/2018.npz
2025-06-02 00:41:50,562 - [*] load from log/SD/dlf-42/2017/28.2482.pkl
2025-06-02 00:41:55,953 - number of increase nodes:257, nodes after 2 hop:torch.Size([672]), total nodes this year 708
2025-06-02 00:41:59,338 - [*] Year 2018 Dataset load!
2025-06-02 00:41:59,338 - [*] load from log/SD/dlf-42/2017/28.2482.pkl
2025-06-02 00:41:59,344 - [*] EWC! lambda 0.000100
2025-06-02 00:42:57,987 - Total Parameters: 65356
2025-06-02 00:42:57,987 - Trainable Parameters: 65356
2025-06-02 00:42:57,988 - [*] Year 2018 Training start
2025-06-02 00:42:59,365 - node number torch.Size([86016, 12])
2025-06-02 00:44:14,073 - epoch:0, training loss:2509.0505 validation loss:30.4772
2025-06-02 00:45:29,840 - epoch:1, training loss:1851.7660 validation loss:30.9340
2025-06-02 00:46:45,833 - epoch:2, training loss:1881.0195 validation loss:28.9639
2025-06-02 00:48:01,634 - epoch:3, training loss:1869.9861 validation loss:30.9686
2025-06-02 00:49:17,199 - epoch:4, training loss:1873.2658 validation loss:27.6727
2025-06-02 00:50:32,925 - epoch:5, training loss:1845.5599 validation loss:30.7919
2025-06-02 00:51:48,586 - epoch:6, training loss:1851.0169 validation loss:31.2532
2025-06-02 00:53:04,701 - epoch:7, training loss:1884.0265 validation loss:30.0359
2025-06-02 00:54:21,270 - epoch:8, training loss:1814.3454 validation loss:27.9502
2025-06-02 00:55:37,966 - epoch:9, training loss:1833.7571 validation loss:31.7728
2025-06-02 00:56:54,757 - epoch:10, training loss:1850.3220 validation loss:26.9738
2025-06-02 00:58:11,198 - epoch:11, training loss:1827.5216 validation loss:37.4960
2025-06-02 00:59:27,279 - epoch:12, training loss:1852.1778 validation loss:33.8409
2025-06-02 01:00:43,286 - epoch:13, training loss:1838.3743 validation loss:28.1975
2025-06-02 01:01:59,747 - epoch:14, training loss:1816.2119 validation loss:26.6384
2025-06-02 01:03:16,723 - epoch:15, training loss:1807.5202 validation loss:33.1939
2025-06-02 01:04:33,210 - epoch:16, training loss:1778.6210 validation loss:27.2122
2025-06-02 01:05:49,819 - epoch:17, training loss:1791.6584 validation loss:49.5714
2025-06-02 01:07:06,117 - epoch:18, training loss:1949.7983 validation loss:28.7293
2025-06-02 01:08:22,631 - epoch:19, training loss:1841.0365 validation loss:38.0953
2025-06-02 01:09:38,853 - epoch:20, training loss:1831.3413 validation loss:34.2402
2025-06-02 01:10:02,333 - [*] loss:1884.7456
2025-06-02 01:10:03,036 - [*] year 2018, testing
2025-06-02 01:10:08,084 - T:3	MAE	23.1710	RMSE	32.6413	MAPE	15.6562
2025-06-02 01:10:17,789 - T:6	MAE	25.1825	RMSE	36.1195	MAPE	16.4318
2025-06-02 01:10:48,208 - T:12	MAE	29.2605	RMSE	42.8137	MAPE	18.2449
2025-06-02 01:10:48,208 - T:Avg	MAE	25.5626	RMSE	36.6578	MAPE	16.6565
2025-06-02 01:10:48,211 - Finished optimization, total time:1184.66 s, best model:log/SD/dlf-42/2018/26.6384.pkl
2025-06-02 01:11:03,256 - [*] Year 2019 load from data/SD/FastData/2019.npz
2025-06-02 01:11:03,288 - [*] load from log/SD/dlf-42/2018/26.6384.pkl
2025-06-02 01:11:08,735 - number of increase nodes:278, nodes after 2 hop:torch.Size([705]), total nodes this year 716
2025-06-02 01:11:12,167 - [*] Year 2019 Dataset load!
2025-06-02 01:11:12,167 - [*] load from log/SD/dlf-42/2018/26.6384.pkl
2025-06-02 01:11:12,175 - [*] EWC! lambda 0.000100
2025-06-02 01:12:11,927 - Total Parameters: 65356
2025-06-02 01:12:11,927 - Trainable Parameters: 65356
2025-06-02 01:12:11,928 - [*] Year 2019 Training start
2025-06-02 01:12:13,195 - node number torch.Size([90240, 12])
2025-06-02 01:13:33,574 - epoch:0, training loss:2113.3819 validation loss:29.9758
2025-06-02 01:14:55,208 - epoch:1, training loss:1653.3108 validation loss:26.5892
2025-06-02 01:16:16,871 - epoch:2, training loss:1599.9435 validation loss:27.4907
2025-06-02 01:17:38,425 - epoch:3, training loss:1635.6971 validation loss:30.1147
2025-06-02 01:19:00,083 - epoch:4, training loss:1618.4038 validation loss:30.3949
2025-06-02 01:20:21,838 - epoch:5, training loss:1642.9984 validation loss:26.2347
2025-06-02 01:21:43,530 - epoch:6, training loss:1601.1373 validation loss:27.5474
2025-06-02 01:23:05,291 - epoch:7, training loss:1579.9563 validation loss:29.8453
2025-06-02 01:24:27,025 - epoch:8, training loss:1580.5638 validation loss:26.8440
2025-06-02 01:25:48,579 - epoch:9, training loss:1563.3874 validation loss:26.5572
2025-06-02 01:27:10,336 - epoch:10, training loss:1601.8382 validation loss:25.4796
2025-06-02 01:28:31,981 - epoch:11, training loss:1620.8848 validation loss:29.5006
2025-06-02 01:29:53,842 - epoch:12, training loss:1615.1679 validation loss:26.8030
2025-06-02 01:31:15,701 - epoch:13, training loss:1568.7212 validation loss:28.0253
2025-06-02 01:32:37,534 - epoch:14, training loss:1529.8779 validation loss:26.3450
2025-06-02 01:33:59,418 - epoch:15, training loss:1566.8313 validation loss:26.4343
2025-06-02 01:35:21,139 - epoch:16, training loss:1620.7155 validation loss:27.7142
2025-06-02 01:35:45,640 - [*] loss:1927.9308
2025-06-02 01:35:46,291 - [*] year 2019, testing
2025-06-02 01:35:51,356 - T:3	MAE	22.3071	RMSE	32.7992	MAPE	15.1691
2025-06-02 01:36:01,024 - T:6	MAE	24.7901	RMSE	36.7774	MAPE	16.4047
2025-06-02 01:36:32,325 - T:12	MAE	29.1893	RMSE	43.7997	MAPE	19.0613
2025-06-02 01:36:32,326 - T:Avg	MAE	25.0117	RMSE	37.1242	MAPE	16.6733
2025-06-02 01:36:32,329 - Finished optimization, total time:1028.87 s, best model:log/SD/dlf-42/2019/25.4796.pkl
2025-06-02 01:36:47,621 - [*] Year 2020 load from data/SD/FastData/2020.npz
2025-06-02 01:36:47,663 - [*] load from log/SD/dlf-42/2019/25.4796.pkl
2025-06-02 01:36:48,518 - The number of data points in the previous year is greater than the current year, skipping detection and replay.
2025-06-02 01:36:48,573 - number of increase nodes:238, nodes after 2 hop:torch.Size([653]), total nodes this year 697
2025-06-02 01:36:51,647 - [*] Year 2020 Dataset load!
2025-06-02 01:36:51,648 - [*] load from log/SD/dlf-42/2019/25.4796.pkl
2025-06-02 01:36:51,657 - [*] EWC! lambda 0.000100
2025-06-02 01:37:50,277 - Total Parameters: 65356
2025-06-02 01:37:50,277 - Trainable Parameters: 65356
2025-06-02 01:37:50,277 - [*] Year 2020 Training start
2025-06-02 01:37:51,615 - node number torch.Size([83584, 12])
2025-06-02 01:39:04,289 - epoch:0, training loss:2314.4644 validation loss:38.5985
2025-06-02 01:40:19,071 - epoch:1, training loss:1793.0200 validation loss:31.9612
2025-06-02 01:41:33,927 - epoch:2, training loss:1752.7867 validation loss:37.7423
2025-06-02 01:42:49,169 - epoch:3, training loss:1800.2883 validation loss:33.0579
2025-06-02 01:44:04,472 - epoch:4, training loss:1750.2913 validation loss:29.2194
2025-06-02 01:45:19,807 - epoch:5, training loss:1790.9523 validation loss:37.1418
2025-06-02 01:46:35,086 - epoch:6, training loss:1731.8607 validation loss:35.4781
2025-06-02 01:47:50,590 - epoch:7, training loss:1739.1734 validation loss:30.4070
2025-06-02 01:49:05,850 - epoch:8, training loss:1762.5835 validation loss:49.5665
2025-06-02 01:50:20,842 - epoch:9, training loss:1725.2193 validation loss:36.3240
2025-06-02 01:51:35,868 - epoch:10, training loss:1682.9189 validation loss:34.0991
2025-06-02 01:52:00,529 - [*] loss:3518.0488
2025-06-02 01:52:01,169 - [*] year 2020, testing
2025-06-02 01:52:06,133 - T:3	MAE	42.3264	RMSE	53.4463	MAPE	46.3636
2025-06-02 01:52:15,664 - T:6	MAE	43.4221	RMSE	55.3639	MAPE	48.4725
2025-06-02 01:52:46,063 - T:12	MAE	45.9162	RMSE	59.3954	MAPE	53.2939
2025-06-02 01:52:46,064 - T:Avg	MAE	43.6753	RMSE	55.7285	MAPE	48.8355
2025-06-02 01:52:46,066 - Finished optimization, total time:610.40 s, best model:log/SD/dlf-42/2020/29.2194.pkl
2025-06-02 01:52:46,079 - 


2025-06-02 01:52:46,079 - 3   	 MAE	     22.13	     23.17	     22.31	     42.33		   27.48
2025-06-02 01:52:46,079 - 3   	RMSE	     32.41	     32.64	     32.80	     53.45		   37.82
2025-06-02 01:52:46,079 - 3   	MAPE	     14.41	     15.66	     15.17	     46.36		   22.90
2025-06-02 01:52:46,079 - 6   	 MAE	     24.21	     25.18	     24.79	     43.42		   29.40
2025-06-02 01:52:46,079 - 6   	RMSE	     36.03	     36.12	     36.78	     55.36		   41.07
2025-06-02 01:52:46,079 - 6   	MAPE	     15.32	     16.43	     16.40	     48.47		   24.16
2025-06-02 01:52:46,079 - 12  	 MAE	     28.16	     29.26	     29.19	     45.92		   33.13
2025-06-02 01:52:46,079 - 12  	RMSE	     42.52	     42.81	     43.80	     59.40		   47.13
2025-06-02 01:52:46,080 - 12  	MAPE	     17.58	     18.24	     19.06	     53.29		   27.04
2025-06-02 01:52:46,080 - Avg 	 MAE	     24.46	     25.56	     25.01	     43.68		   29.68
2025-06-02 01:52:46,080 - Avg 	RMSE	     36.37	     36.66	     37.12	     55.73		   41.47
2025-06-02 01:52:46,080 - Avg 	MAPE	     15.55	     16.66	     16.67	     48.84		   24.43
2025-06-02 01:52:46,080 - year	2017	total_time	  606.5290	average_time	   60.6529	epoch	10
2025-06-02 01:52:46,080 - year	2018	total_time	 1184.6645	average_time	   56.4126	epoch	21
2025-06-02 01:52:46,080 - year	2019	total_time	 1028.8709	average_time	   60.5218	epoch	17
2025-06-02 01:52:46,080 - year	2020	total_time	  610.4007	average_time	   55.4910	epoch	11
2025-06-02 01:52:46,080 - total time: 3430.4651
