2025-06-03 09:07:27,885 - logger name:log/GBA/retrain_st_sd-42/retrain_st_sd.log
2025-06-03 09:07:27,885 - params : {'conf': 'conf/GBA/retrain_st_sd.json', 'seed': 42, 'paral': 0, 'gpuid': 3, 'logname': 'retrain_st_sd', 'method': 'TrafficStream', 'load_first_year': 0, 'first_year_model_path': '/home/bd2/ANATS/Online_Baselines/log/GBA/trafficstream-42/2019/34.045.pkl', 'device': device(type='cuda', index=3), 'methods': {'TrafficStream': <class 'src.model.model.TrafficStream_Model'>, 'EAC': <class 'src.model.model.EAC_Model'>, 'Universal': <class 'src.model.model.Universal_Model'>, 'TEAM': <class 'src.model.model.TEAM_Model'>, 'DLF': <class 'src.model.model.DLF_Model'>}, 'begin_year': 2017, 'end_year': 2020, 'dropout': 0.0, 'lr': 0.01, 'batch_size': 128, 'epoch': 100, 'loss': 'mse', 'activation': 'relu', 'scheduler': 'epo', 'y_len': 12, 'x_len': 12, 'data_process': 1, 'auto_test': 1, 'raw_data_path': 'data/GBA/finaldata/', 'save_data_path': 'data/GBA/FastData/', 'graph_path': 'data/GBA/graph/', 'model_path': 'log/GBA/', 'gcn': {'in_channel': 12, 'out_channel': 12, 'hidden_channel': 64}, 'tcn': {'in_channel': 1, 'out_channel': 1, 'kernel_size': 3, 'dilation': 1}, 'rank': 6, 'train': 1, 'strategy': 'retrain', 'init': True, 'increase': False, 'num_hops': 0, 'detect': False, 'ewc': False, 'ewc_strategy': 'ewc', 'ewc_lambda': 0.0001, 'replay': False, 'path': 'log/GBA/retrain_st_sd-42', 'logger': <Logger utils.initialize (INFO)>}
2025-06-03 09:08:51,007 - [*] Year 2017 load from data/GBA/FastData/2017.npz
2025-06-03 09:08:51,846 - [*] Year 2017 Dataset load!
2025-06-03 09:08:51,856 - Total Parameters: 3308
2025-06-03 09:08:51,856 - Trainable Parameters: 3308
2025-06-03 09:08:51,856 - [*] Year 2017 Training start
2025-06-03 09:08:53,258 - node number torch.Size([293632, 12])
2025-06-03 09:09:14,075 - epoch:0, training loss:16396.3282 validation loss:47.9856
2025-06-03 09:09:35,386 - epoch:1, training loss:2738.1846 validation loss:35.2383
2025-06-03 09:09:56,480 - epoch:2, training loss:2198.9132 validation loss:33.4468
2025-06-03 09:10:17,743 - epoch:3, training loss:2114.3922 validation loss:34.4024
2025-06-03 09:10:38,996 - epoch:4, training loss:2083.2391 validation loss:35.0049
2025-06-03 09:11:00,290 - epoch:5, training loss:2039.5095 validation loss:32.2186
2025-06-03 09:11:21,280 - epoch:6, training loss:1997.3384 validation loss:33.0389
2025-06-03 09:11:44,716 - epoch:7, training loss:1962.1166 validation loss:33.1921
2025-06-03 09:12:05,844 - epoch:8, training loss:1953.7240 validation loss:33.5607
2025-06-03 09:12:27,681 - epoch:9, training loss:1947.6575 validation loss:33.2057
2025-06-03 09:12:49,355 - epoch:10, training loss:1946.4764 validation loss:35.2369
2025-06-03 09:13:12,171 - epoch:11, training loss:1943.0056 validation loss:32.3416
2025-06-03 09:13:19,383 - [*] loss:2038.3776
2025-06-03 09:13:21,587 - [*] year 2017, testing
2025-06-03 09:13:43,080 - T:3	MAE	24.0150	RMSE	35.6573	MAPE	18.0147
2025-06-03 09:14:17,899 - T:6	MAE	25.4486	RMSE	38.3750	MAPE	18.8558
2025-06-03 09:16:16,587 - T:12	MAE	29.4858	RMSE	45.0165	MAPE	21.8401
2025-06-03 09:16:16,588 - T:Avg	MAE	25.9958	RMSE	39.1326	MAPE	19.3291
2025-06-03 09:16:16,598 - Finished optimization, total time:121.37 s, best model:log/GBA/retrain_st_sd-42/2017/32.2186.pkl
2025-06-03 09:17:34,508 - [*] Year 2018 load from data/GBA/FastData/2018.npz
2025-06-03 09:17:34,588 - [*] Year 2018 Dataset load!
2025-06-03 09:17:34,588 - [*] load from log/GBA/retrain_st_sd-42/2017/32.2186.pkl
2025-06-03 09:17:34,594 - Total Parameters: 3308
2025-06-03 09:17:34,594 - Trainable Parameters: 3308
2025-06-03 09:17:34,595 - [*] Year 2018 Training start
2025-06-03 09:17:37,268 - node number torch.Size([297088, 12])
2025-06-03 09:17:57,492 - epoch:0, training loss:2184.9766 validation loss:30.9055
2025-06-03 09:18:19,790 - epoch:1, training loss:2102.3134 validation loss:29.4489
2025-06-03 09:18:42,144 - epoch:2, training loss:2091.5673 validation loss:29.3334
2025-06-03 09:19:04,482 - epoch:3, training loss:2094.7339 validation loss:29.6000
2025-06-03 09:19:26,635 - epoch:4, training loss:2090.1191 validation loss:30.6925
2025-06-03 09:19:48,734 - epoch:5, training loss:2090.0615 validation loss:32.8204
2025-06-03 09:20:11,339 - epoch:6, training loss:2090.8582 validation loss:31.2958
2025-06-03 09:20:33,942 - epoch:7, training loss:2083.5308 validation loss:28.6162
2025-06-03 09:20:56,350 - epoch:8, training loss:2083.2302 validation loss:30.3214
2025-06-03 09:21:18,638 - epoch:9, training loss:2075.1385 validation loss:29.9552
2025-06-03 09:21:40,802 - epoch:10, training loss:2076.1915 validation loss:29.1999
2025-06-03 09:22:03,221 - epoch:11, training loss:2038.1060 validation loss:29.3615
2025-06-03 09:22:25,885 - epoch:12, training loss:2021.1344 validation loss:28.9944
2025-06-03 09:22:48,028 - epoch:13, training loss:2012.1960 validation loss:29.4578
2025-06-03 09:22:57,012 - [*] loss:2383.8684
2025-06-03 09:22:58,292 - [*] year 2018, testing
2025-06-03 09:23:12,116 - T:3	MAE	24.5260	RMSE	37.9046	MAPE	17.8163
2025-06-03 09:23:41,220 - T:6	MAE	26.8246	RMSE	41.2615	MAPE	21.0659
2025-06-03 09:25:22,960 - T:12	MAE	31.3093	RMSE	47.6506	MAPE	27.5345
2025-06-03 09:25:22,960 - T:Avg	MAE	27.1759	RMSE	41.7177	MAPE	21.6104
2025-06-03 09:25:22,973 - Finished optimization, total time:167.67 s, best model:log/GBA/retrain_st_sd-42/2018/28.6162.pkl
2025-06-03 09:26:27,265 - [*] Year 2019 load from data/GBA/FastData/2019.npz
2025-06-03 09:26:27,358 - [*] Year 2019 Dataset load!
2025-06-03 09:26:27,358 - [*] load from log/GBA/retrain_st_sd-42/2018/28.6162.pkl
2025-06-03 09:26:27,362 - Total Parameters: 3308
2025-06-03 09:26:27,362 - Trainable Parameters: 3308
2025-06-03 09:26:27,362 - [*] Year 2019 Training start
2025-06-03 09:26:30,607 - node number torch.Size([301056, 12])
2025-06-03 09:26:51,824 - epoch:0, training loss:2154.7807 validation loss:33.7527
2025-06-03 09:27:15,630 - epoch:1, training loss:2114.7084 validation loss:33.1943
2025-06-03 09:27:39,896 - epoch:2, training loss:2115.7427 validation loss:30.5398
2025-06-03 09:28:03,836 - epoch:3, training loss:2102.6380 validation loss:31.7012
2025-06-03 09:28:28,074 - epoch:4, training loss:2090.9755 validation loss:33.6812
2025-06-03 09:28:52,421 - epoch:5, training loss:2067.5702 validation loss:36.8865
2025-06-03 09:29:16,281 - epoch:6, training loss:2066.0797 validation loss:31.7224
2025-06-03 09:29:40,681 - epoch:7, training loss:2044.1744 validation loss:32.7946
2025-06-03 09:30:05,476 - epoch:8, training loss:2043.4634 validation loss:33.2711
2025-06-03 09:30:16,689 - [*] loss:1929.9658
2025-06-03 09:30:18,308 - [*] year 2019, testing
2025-06-03 09:30:33,131 - T:3	MAE	22.0713	RMSE	33.4729	MAPE	14.3502
2025-06-03 09:31:03,306 - T:6	MAE	24.0210	RMSE	36.9176	MAPE	15.7450
2025-06-03 09:32:45,348 - T:12	MAE	28.0876	RMSE	43.4621	MAPE	19.6859
2025-06-03 09:32:45,349 - T:Avg	MAE	24.3500	RMSE	37.3459	MAPE	16.2790
2025-06-03 09:32:45,359 - Finished optimization, total time:116.24 s, best model:log/GBA/retrain_st_sd-42/2019/30.5398.pkl
2025-06-03 09:33:44,658 - [*] Year 2020 load from data/GBA/FastData/2020.npz
2025-06-03 09:33:44,740 - [*] Year 2020 Dataset load!
2025-06-03 09:33:44,740 - [*] load from log/GBA/retrain_st_sd-42/2019/30.5398.pkl
2025-06-03 09:33:44,744 - Total Parameters: 3308
2025-06-03 09:33:44,744 - Trainable Parameters: 3308
2025-06-03 09:33:44,745 - [*] Year 2020 Training start
2025-06-03 09:33:48,887 - node number torch.Size([301056, 12])
2025-06-03 09:34:10,518 - epoch:0, training loss:1944.4653 validation loss:30.6780
2025-06-03 09:34:36,639 - epoch:1, training loss:1887.2035 validation loss:30.5556
2025-06-03 09:35:02,530 - epoch:2, training loss:1860.3493 validation loss:32.0095
2025-06-03 09:35:28,717 - epoch:3, training loss:1839.2223 validation loss:32.2634
2025-06-03 09:35:55,067 - epoch:4, training loss:1828.0700 validation loss:29.9549
2025-06-03 09:36:21,935 - epoch:5, training loss:1830.2292 validation loss:29.8670
2025-06-03 09:36:48,627 - epoch:6, training loss:1819.8308 validation loss:31.4721
2025-06-03 09:37:15,220 - epoch:7, training loss:1832.8387 validation loss:33.9802
2025-06-03 09:37:42,795 - epoch:8, training loss:1808.6114 validation loss:33.2773
2025-06-03 09:38:08,594 - epoch:9, training loss:1808.2906 validation loss:32.6002
2025-06-03 09:38:34,500 - epoch:10, training loss:1805.7189 validation loss:31.6376
2025-06-03 09:39:00,990 - epoch:11, training loss:1804.5857 validation loss:31.4772
2025-06-03 09:39:15,146 - [*] loss:1809.6583
2025-06-03 09:39:23,325 - [*] year 2020, testing
2025-06-03 09:39:41,701 - T:3	MAE	30.1319	RMSE	37.7354	MAPE	32.9795
2025-06-03 09:40:20,719 - T:6	MAE	30.7004	RMSE	39.1395	MAPE	33.7417
2025-06-03 09:42:14,152 - T:12	MAE	32.3473	RMSE	42.3019	MAPE	35.8631
2025-06-03 09:42:14,153 - T:Avg	MAE	30.9068	RMSE	39.4215	MAPE	34.0071
2025-06-03 09:42:14,173 - Finished optimization, total time:164.00 s, best model:log/GBA/retrain_st_sd-42/2020/29.867.pkl
2025-06-03 09:42:14,175 - 


2025-06-03 09:42:14,176 - 3   	 MAE	     24.02	     24.53	     22.07	     30.13		   25.19
2025-06-03 09:42:14,176 - 3   	RMSE	     35.66	     37.90	     33.47	     37.74		   36.19
2025-06-03 09:42:14,176 - 3   	MAPE	     18.01	     17.82	     14.35	     32.98		   20.79
2025-06-03 09:42:14,176 - 6   	 MAE	     25.45	     26.82	     24.02	     30.70		   26.75
2025-06-03 09:42:14,176 - 6   	RMSE	     38.38	     41.26	     36.92	     39.14		   38.92
2025-06-03 09:42:14,176 - 6   	MAPE	     18.86	     21.07	     15.74	     33.74		   22.35
2025-06-03 09:42:14,176 - 12  	 MAE	     29.49	     31.31	     28.09	     32.35		   30.31
2025-06-03 09:42:14,176 - 12  	RMSE	     45.02	     47.65	     43.46	     42.30		   44.61
2025-06-03 09:42:14,176 - 12  	MAPE	     21.84	     27.53	     19.69	     35.86		   26.23
2025-06-03 09:42:14,176 - Avg 	 MAE	     26.00	     27.18	     24.35	     30.91		   27.11
2025-06-03 09:42:14,176 - Avg 	RMSE	     39.13	     41.72	     37.35	     39.42		   39.40
2025-06-03 09:42:14,176 - Avg 	MAPE	     19.33	     21.61	     16.28	     34.01		   22.81
2025-06-03 09:42:14,176 - year	2017	total_time	  121.3655	average_time	   10.1138	epoch	12
2025-06-03 09:42:14,176 - year	2018	total_time	  167.6706	average_time	   11.9765	epoch	14
2025-06-03 09:42:14,176 - year	2019	total_time	  116.2391	average_time	   12.9155	epoch	9
2025-06-03 09:42:14,176 - year	2020	total_time	  164.0017	average_time	   13.6668	epoch	12
2025-06-03 09:42:14,176 - total time: 569.2768
2025-06-04 06:03:08,638 - logger name:log/GBA/retrain_st_sd-42/retrain_st_sd.log
2025-06-04 06:03:08,639 - params : {'conf': 'conf/GBA/retrain_st_sd.json', 'seed': 42, 'paral': 0, 'gpuid': 1, 'logname': 'retrain_st_sd', 'method': 'TrafficStream', 'load_first_year': 0, 'first_year_model_path': '/home/bd2/ANATS/Online_Baselines/log/GBA/dlf-42/2017/30.0695.pkl', 'device': device(type='cuda', index=1), 'methods': {'TrafficStream': <class 'src.model.model.TrafficStream_Model'>, 'EAC': <class 'src.model.model.EAC_Model'>, 'Universal': <class 'src.model.model.Universal_Model'>, 'TEAM': <class 'src.model.model.TEAM_Model'>, 'DLF': <class 'src.model.model.DLF_Model'>}, 'begin_year': 2017, 'end_year': 2020, 'dropout': 0.0, 'lr': 0.01, 'batch_size': 128, 'epoch': 100, 'loss': 'mse', 'activation': 'relu', 'scheduler': 'epo', 'y_len': 12, 'x_len': 12, 'data_process': 1, 'auto_test': 1, 'raw_data_path': 'data/GBA/finaldata/', 'save_data_path': 'data/GBA/FastData/', 'graph_path': 'data/GBA/graph/', 'model_path': 'log/GBA/', 'gcn': {'in_channel': 12, 'out_channel': 12, 'hidden_channel': 64}, 'tcn': {'in_channel': 1, 'out_channel': 1, 'kernel_size': 3, 'dilation': 1}, 'rank': 6, 'train': 1, 'strategy': 'retrain', 'init': False, 'increase': False, 'num_hops': 0, 'detect': False, 'ewc': False, 'ewc_strategy': 'ewc', 'ewc_lambda': 0.0001, 'replay': False, 'path': 'log/GBA/retrain_st_sd-42', 'logger': <Logger utils.initialize (INFO)>}
2025-06-04 06:04:03,566 - [*] Year 2017 load from data/GBA/FastData/2017.npz
2025-06-04 06:04:03,871 - [*] Year 2017 Dataset load!
2025-06-04 06:04:03,878 - Total Parameters: 3308
2025-06-04 06:04:03,878 - Trainable Parameters: 3308
2025-06-04 06:04:03,878 - [*] Year 2017 Training start
2025-06-04 06:04:06,170 - node number torch.Size([293632, 12])
2025-06-04 06:04:25,844 - epoch:0, training loss:16396.3282 validation loss:47.9856
2025-06-04 06:04:46,633 - epoch:1, training loss:2738.1846 validation loss:35.2383
2025-06-04 06:05:07,533 - epoch:2, training loss:2198.9132 validation loss:33.4468
2025-06-04 06:05:28,656 - epoch:3, training loss:2114.3922 validation loss:34.4024
2025-06-04 06:05:49,907 - epoch:4, training loss:2083.2391 validation loss:35.0049
2025-06-04 06:06:10,540 - epoch:5, training loss:2039.5095 validation loss:32.2186
2025-06-04 06:06:31,363 - epoch:6, training loss:1997.3384 validation loss:33.0389
2025-06-04 06:06:52,469 - epoch:7, training loss:1962.1166 validation loss:33.1921
2025-06-04 06:07:12,629 - epoch:8, training loss:1953.7240 validation loss:33.5607
2025-06-04 06:07:32,731 - epoch:9, training loss:1947.6575 validation loss:33.2057
2025-06-04 06:07:52,971 - epoch:10, training loss:1946.4764 validation loss:35.2369
2025-06-04 06:08:13,806 - epoch:11, training loss:1943.0056 validation loss:32.3416
2025-06-04 06:08:20,974 - [*] loss:2038.3776
2025-06-04 06:08:22,339 - [*] year 2017, testing
2025-06-04 06:08:40,430 - T:3	MAE	24.0150	RMSE	35.6573	MAPE	18.0147
2025-06-04 06:09:14,062 - T:6	MAE	25.4486	RMSE	38.3750	MAPE	18.8558
2025-06-04 06:11:01,601 - T:12	MAE	29.4858	RMSE	45.0165	MAPE	21.8401
2025-06-04 06:11:01,601 - T:Avg	MAE	25.9958	RMSE	39.1326	MAPE	19.3291
2025-06-04 06:11:01,609 - Finished optimization, total time:119.83 s, best model:log/GBA/retrain_st_sd-42/2017/32.2186.pkl
2025-06-04 06:11:49,459 - [*] Year 2018 load from data/GBA/FastData/2018.npz
2025-06-04 06:11:49,535 - [*] Year 2018 Dataset load!
2025-06-04 06:11:49,537 - Total Parameters: 3308
2025-06-04 06:11:49,537 - Trainable Parameters: 3308
2025-06-04 06:11:49,537 - [*] Year 2018 Training start
2025-06-04 06:11:52,243 - node number torch.Size([297088, 12])
2025-06-04 06:12:10,790 - epoch:0, training loss:16040.3041 validation loss:33.2756
2025-06-04 06:12:32,060 - epoch:1, training loss:2202.2005 validation loss:30.3466
2025-06-04 06:12:53,314 - epoch:2, training loss:2127.0995 validation loss:31.3866
2025-06-04 06:13:15,322 - epoch:3, training loss:2068.8721 validation loss:30.5028
2025-06-04 06:13:38,071 - epoch:4, training loss:2024.5482 validation loss:30.6288
2025-06-04 06:14:00,486 - epoch:5, training loss:2011.2143 validation loss:30.3637
2025-06-04 06:14:22,368 - epoch:6, training loss:1996.5142 validation loss:29.1373
2025-06-04 06:14:44,102 - epoch:7, training loss:1997.6539 validation loss:28.2941
2025-06-04 06:15:07,033 - epoch:8, training loss:1987.4707 validation loss:28.6986
2025-06-04 06:15:28,529 - epoch:9, training loss:1977.9033 validation loss:28.6387
2025-06-04 06:15:50,217 - epoch:10, training loss:1980.6852 validation loss:28.9035
2025-06-04 06:16:11,559 - epoch:11, training loss:1967.9499 validation loss:28.3672
2025-06-04 06:16:33,332 - epoch:12, training loss:1968.5614 validation loss:27.8513
2025-06-04 06:16:54,981 - epoch:13, training loss:1963.9136 validation loss:30.0835
2025-06-04 06:17:16,937 - epoch:14, training loss:1962.8853 validation loss:28.5516
2025-06-04 06:17:38,268 - epoch:15, training loss:1951.7443 validation loss:29.7634
2025-06-04 06:17:59,942 - epoch:16, training loss:1949.1488 validation loss:29.7942
2025-06-04 06:18:21,762 - epoch:17, training loss:1945.6269 validation loss:28.8753
2025-06-04 06:18:43,159 - epoch:18, training loss:1942.6245 validation loss:28.6294
2025-06-04 06:18:51,694 - [*] loss:2229.6216
2025-06-04 06:18:53,109 - [*] year 2018, testing
2025-06-04 06:19:08,290 - T:3	MAE	24.3473	RMSE	37.2909	MAPE	19.8003
2025-06-04 06:19:38,515 - T:6	MAE	26.4207	RMSE	40.4094	MAPE	22.0232
2025-06-04 06:21:23,156 - T:12	MAE	30.3386	RMSE	46.0017	MAPE	26.7280
2025-06-04 06:21:23,157 - T:Avg	MAE	26.6709	RMSE	40.7052	MAPE	22.4108
2025-06-04 06:21:23,168 - Finished optimization, total time:220.04 s, best model:log/GBA/retrain_st_sd-42/2018/27.8513.pkl
2025-06-04 06:22:17,733 - [*] Year 2019 load from data/GBA/FastData/2019.npz
2025-06-04 06:22:17,832 - [*] Year 2019 Dataset load!
2025-06-04 06:22:17,834 - Total Parameters: 3308
2025-06-04 06:22:17,834 - Trainable Parameters: 3308
2025-06-04 06:22:17,834 - [*] Year 2019 Training start
2025-06-04 06:22:21,947 - node number torch.Size([301056, 12])
2025-06-04 06:22:42,919 - epoch:0, training loss:17318.5378 validation loss:33.7923
2025-06-04 06:23:07,960 - epoch:1, training loss:2177.2929 validation loss:31.6167
2025-06-04 06:23:32,635 - epoch:2, training loss:2092.7949 validation loss:31.8103
2025-06-04 06:23:57,286 - epoch:3, training loss:2072.6079 validation loss:32.3432
2025-06-04 06:24:22,173 - epoch:4, training loss:2063.2225 validation loss:30.4226
2025-06-04 06:24:46,375 - epoch:5, training loss:2051.0551 validation loss:33.7896
2025-06-04 06:25:10,815 - epoch:6, training loss:2037.2979 validation loss:30.4538
2025-06-04 06:25:37,638 - epoch:7, training loss:2031.5178 validation loss:32.3627
2025-06-04 06:26:02,909 - epoch:8, training loss:2028.2277 validation loss:32.7335
2025-06-04 06:26:28,456 - epoch:9, training loss:2027.1471 validation loss:31.7931
2025-06-04 06:26:54,598 - epoch:10, training loss:2025.0114 validation loss:33.1831
2025-06-04 06:27:05,421 - [*] loss:1859.3242
2025-06-04 06:27:06,764 - [*] year 2019, testing
2025-06-04 06:27:30,563 - T:3	MAE	21.6428	RMSE	33.3660	MAPE	13.3422
2025-06-04 06:28:01,175 - T:6	MAE	23.6872	RMSE	36.6363	MAPE	14.6467
2025-06-04 06:29:46,867 - T:12	MAE	27.6816	RMSE	42.7058	MAPE	17.5627
2025-06-04 06:29:46,868 - T:Avg	MAE	23.9809	RMSE	37.0152	MAPE	14.9232
2025-06-04 06:29:46,878 - Finished optimization, total time:145.21 s, best model:log/GBA/retrain_st_sd-42/2019/30.4226.pkl
2025-06-04 06:42:34,220 - [*] Year 2020 load from data/GBA/FastData/2020.npz
2025-06-04 06:42:34,316 - [*] Year 2020 Dataset load!
2025-06-04 06:42:34,317 - Total Parameters: 3308
2025-06-04 06:42:34,317 - Trainable Parameters: 3308
2025-06-04 06:42:34,317 - [*] Year 2020 Training start
2025-06-04 06:42:39,555 - node number torch.Size([301056, 12])
2025-06-04 06:43:02,440 - epoch:0, training loss:18721.7966 validation loss:38.2584
2025-06-04 06:43:30,165 - epoch:1, training loss:2049.4519 validation loss:33.7185
2025-06-04 06:43:57,586 - epoch:2, training loss:1933.2266 validation loss:35.0491
2025-06-04 06:44:25,479 - epoch:3, training loss:1884.2959 validation loss:33.4234
2025-06-04 06:44:53,633 - epoch:4, training loss:1857.7040 validation loss:32.0275
2025-06-04 06:45:21,367 - epoch:5, training loss:1841.4335 validation loss:33.1995
2025-06-04 06:45:49,563 - epoch:6, training loss:1816.5660 validation loss:30.7406
2025-06-04 06:46:17,632 - epoch:7, training loss:1808.1389 validation loss:30.5223
2025-06-04 06:46:45,799 - epoch:8, training loss:1802.2347 validation loss:32.8203
2025-06-04 06:47:14,041 - epoch:9, training loss:1794.3565 validation loss:33.1365
2025-06-04 06:47:42,088 - epoch:10, training loss:1788.9445 validation loss:29.2386
2025-06-04 06:48:11,612 - epoch:11, training loss:1789.4025 validation loss:33.5696
2025-06-04 06:48:42,009 - epoch:12, training loss:1783.8410 validation loss:32.7762
2025-06-04 06:49:10,571 - epoch:13, training loss:1781.6929 validation loss:27.1353
2025-06-04 06:49:41,278 - epoch:14, training loss:1778.2306 validation loss:33.9597
2025-06-04 06:50:12,744 - epoch:15, training loss:1772.3139 validation loss:31.3798
2025-06-04 06:50:42,718 - epoch:16, training loss:1772.4624 validation loss:34.1631
2025-06-04 06:51:12,042 - epoch:17, training loss:1769.2327 validation loss:33.5672
2025-06-04 06:51:42,257 - epoch:18, training loss:1765.5480 validation loss:29.6030
2025-06-04 06:52:10,839 - epoch:19, training loss:1766.7122 validation loss:33.2828
2025-06-04 06:52:26,253 - [*] loss:1663.4651
2025-06-04 06:53:05,370 - [*] year 2020, testing
2025-06-04 06:53:26,472 - T:3	MAE	25.4539	RMSE	35.2202	MAPE	17.5362
2025-06-04 06:56:34,558 - T:6	MAE	26.7854	RMSE	37.2161	MAPE	19.4536
2025-06-04 07:02:50,429 - T:12	MAE	28.8695	RMSE	40.5590	MAPE	22.6644
2025-06-04 07:02:50,430 - T:Avg	MAE	26.8023	RMSE	37.3030	MAPE	19.5210
2025-06-04 07:02:50,440 - Finished optimization, total time:297.38 s, best model:log/GBA/retrain_st_sd-42/2020/27.1353.pkl
2025-06-04 07:02:50,441 - 


2025-06-04 07:02:50,441 - 3   	 MAE	     24.02	     24.35	     21.64	     25.45		   23.86
2025-06-04 07:02:50,441 - 3   	RMSE	     35.66	     37.29	     33.37	     35.22		   35.38
2025-06-04 07:02:50,441 - 3   	MAPE	     18.01	     19.80	     13.34	     17.54		   17.17
2025-06-04 07:02:50,441 - 6   	 MAE	     25.45	     26.42	     23.69	     26.79		   25.59
2025-06-04 07:02:50,441 - 6   	RMSE	     38.38	     40.41	     36.64	     37.22		   38.16
2025-06-04 07:02:50,441 - 6   	MAPE	     18.86	     22.02	     14.65	     19.45		   18.74
2025-06-04 07:02:50,441 - 12  	 MAE	     29.49	     30.34	     27.68	     28.87		   29.09
2025-06-04 07:02:50,441 - 12  	RMSE	     45.02	     46.00	     42.71	     40.56		   43.57
2025-06-04 07:02:50,441 - 12  	MAPE	     21.84	     26.73	     17.56	     22.66		   22.20
2025-06-04 07:02:50,441 - Avg 	 MAE	     26.00	     26.67	     23.98	     26.80		   25.86
2025-06-04 07:02:50,441 - Avg 	RMSE	     39.13	     40.71	     37.02	     37.30		   38.54
2025-06-04 07:02:50,442 - Avg 	MAPE	     19.33	     22.41	     14.92	     19.52		   19.05
2025-06-04 07:02:50,442 - year	2017	total_time	  119.8300	average_time	    9.9858	epoch	12
2025-06-04 07:02:50,442 - year	2018	total_time	  220.0450	average_time	   11.5813	epoch	19
2025-06-04 07:02:50,442 - year	2019	total_time	  145.2125	average_time	   13.2012	epoch	11
2025-06-04 07:02:50,442 - year	2020	total_time	  297.3786	average_time	   14.8689	epoch	20
2025-06-04 07:02:50,442 - total time: 782.4660
