2025-04-25 07:29:26,268 - logger name:res/SD/trafficStream2025-04-25-07:29:26.266706/trafficStream.log
2025-04-25 07:29:26,268 - params : {'conf': 'conf/trafficStream_SD.json', 'paral': 0, 'gpuid': 5, 'logname': 'trafficStream', 'load_first_year': 0, 'first_year_model_path': '/home/bd2/ANATS/TrafficStream/res/SD/trafficStream2025-04-17-12:25:53.499043/2017/26.012.pkl', 'begin_year': 2017, 'end_year': 2020, 'dropout': 0.0, 'lr': 0.01, 'batch_size': 128, 'epoch': 100, 'loss': 'mse', 'activation': 'relu', 'scheduler': 'epo', 'train': 1, 'y_len': 12, 'x_len': 12, 'data_process': 0, 'auto_test': 1, 'raw_data_path': 'data/SD/finaldata/', 'save_data_path': 'data/SD/FastData/', 'graph_path': 'data/SD/graph/', 'model_path': 'res/SD/', 'gcn': {'in_channel': 12, 'out_channel': 12, 'hidden_channel': 64}, 'tcn': {'in_channel': 1, 'out_channel': 1, 'kernel_size': 3, 'dilation': 1}, 'strategy': 'incremental', 'init': True, 'increase': True, 'num_hops': 2, 'detect': False, 'detect_strategy': 'feature', 'ewc': True, 'ewc_strategy': 'ewc', 'ewc_lambda': 0.0001, 'replay': True, 'replay_strategy': 'random', 'repaly_num_samples': 300, 'time': '2025-04-25-07:29:26.266706', 'path': 'res/SD/trafficStream2025-04-25-07:29:26.266706', 'device': device(type='cuda', index=5), 'logger': <Logger __main__ (INFO)>}
2025-04-25 07:29:26,296 - [*] Year 2017 load from data/SD/FastData/2017_30day.npz
2025-04-25 07:29:35,619 - [*] Year 2017 Dataset load!
2025-04-25 07:29:35,623 - [*] Model parameter count: 7306
2025-04-25 07:29:35,623 - [*] Year 2017 Training start
2025-04-25 07:29:35,917 - node number torch.Size([91648, 12])
2025-04-25 07:29:51,540 - [*]Train--basic_loss:4276.4942, event_loss:13055.1536, classification_loss:0.3690
2025-04-25 07:29:51,540 - [*]Validation--basic_loss:836.6939, event_loss:3007.3992
2025-04-25 07:29:51,540 - epoch:0, training loss:8885.2001 validation loss:29.4587
2025-04-25 07:30:06,654 - [*]Train--basic_loss:988.6431, event_loss:3108.6169, classification_loss:0.3608
2025-04-25 07:30:06,654 - [*]Validation--basic_loss:843.5149, event_loss:2901.8280
2025-04-25 07:30:06,654 - epoch:1, training loss:2068.9303 validation loss:28.2819
2025-04-25 07:30:21,966 - [*]Train--basic_loss:907.7293, event_loss:2933.5400, classification_loss:0.3494
2025-04-25 07:30:21,966 - [*]Validation--basic_loss:948.7337, event_loss:2792.8304
2025-04-25 07:30:21,966 - epoch:2, training loss:1963.4238 validation loss:27.9492
2025-04-25 07:30:36,997 - [*]Train--basic_loss:845.5778, event_loss:2830.1743, classification_loss:0.3409
2025-04-25 07:30:36,997 - [*]Validation--basic_loss:731.2156, event_loss:2789.1168
2025-04-25 07:30:36,997 - epoch:3, training loss:1920.0420 validation loss:27.8744
2025-04-25 07:30:52,106 - [*]Train--basic_loss:829.1128, event_loss:2793.0992, classification_loss:0.3386
2025-04-25 07:30:52,106 - [*]Validation--basic_loss:774.1650, event_loss:2913.4223
2025-04-25 07:30:52,106 - epoch:4, training loss:1900.3129 validation loss:27.9866
2025-04-25 07:31:07,597 - [*]Train--basic_loss:820.2956, event_loss:2773.4370, classification_loss:0.3383
2025-04-25 07:31:07,598 - [*]Validation--basic_loss:740.5122, event_loss:2713.5228
2025-04-25 07:31:07,598 - epoch:5, training loss:1885.5325 validation loss:27.5971
2025-04-25 07:31:22,837 - [*]Train--basic_loss:822.9560, event_loss:2761.5384, classification_loss:0.3356
2025-04-25 07:31:22,838 - [*]Validation--basic_loss:755.6049, event_loss:2728.6407
2025-04-25 07:31:22,838 - epoch:6, training loss:1874.1547 validation loss:27.5023
2025-04-25 07:31:38,584 - [*]Train--basic_loss:820.7931, event_loss:2747.5972, classification_loss:0.3371
2025-04-25 07:31:38,584 - [*]Validation--basic_loss:643.5656, event_loss:2555.1274
2025-04-25 07:31:38,584 - epoch:7, training loss:1868.7700 validation loss:27.7674
2025-04-25 07:31:54,009 - [*]Train--basic_loss:816.9084, event_loss:2725.4717, classification_loss:0.3347
2025-04-25 07:31:54,009 - [*]Validation--basic_loss:820.7532, event_loss:2680.8020
2025-04-25 07:31:54,009 - epoch:8, training loss:1858.6046 validation loss:27.9731
2025-04-25 07:32:09,228 - [*]Train--basic_loss:835.4647, event_loss:2741.5119, classification_loss:0.3363
2025-04-25 07:32:09,229 - [*]Validation--basic_loss:698.9394, event_loss:2636.7270
2025-04-25 07:32:09,229 - epoch:9, training loss:1853.5725 validation loss:27.3005
2025-04-25 07:32:24,753 - [*]Train--basic_loss:821.6723, event_loss:2727.6270, classification_loss:0.3320
2025-04-25 07:32:24,753 - [*]Validation--basic_loss:829.4850, event_loss:2707.8303
2025-04-25 07:32:24,753 - epoch:10, training loss:1852.2875 validation loss:27.7713
2025-04-25 07:32:40,334 - [*]Train--basic_loss:833.7985, event_loss:2729.9555, classification_loss:0.3376
2025-04-25 07:32:40,334 - [*]Validation--basic_loss:702.3932, event_loss:2596.7738
2025-04-25 07:32:40,334 - epoch:11, training loss:1850.3416 validation loss:27.5584
2025-04-25 07:32:55,934 - [*]Train--basic_loss:816.0335, event_loss:2722.8339, classification_loss:0.3321
2025-04-25 07:32:55,934 - [*]Validation--basic_loss:720.8733, event_loss:2698.1155
2025-04-25 07:32:55,934 - epoch:12, training loss:1845.2092 validation loss:27.9081
2025-04-25 07:33:11,135 - [*]Train--basic_loss:810.5121, event_loss:2700.5468, classification_loss:0.3305
2025-04-25 07:33:11,136 - [*]Validation--basic_loss:718.5229, event_loss:2608.7095
2025-04-25 07:33:11,136 - epoch:13, training loss:1816.9008 validation loss:27.0724
2025-04-25 07:33:26,611 - [*]Train--basic_loss:817.4475, event_loss:2619.6013, classification_loss:0.3389
2025-04-25 07:33:26,611 - [*]Validation--basic_loss:759.9948, event_loss:2653.4978
2025-04-25 07:33:26,612 - epoch:14, training loss:1763.4129 validation loss:27.1242
2025-04-25 07:33:42,504 - [*]Train--basic_loss:806.7436, event_loss:2585.5120, classification_loss:0.3333
2025-04-25 07:33:42,504 - [*]Validation--basic_loss:795.5297, event_loss:2620.9203
2025-04-25 07:33:42,504 - epoch:15, training loss:1739.8758 validation loss:26.6182
2025-04-25 07:33:58,092 - [*]Train--basic_loss:802.8783, event_loss:2567.7177, classification_loss:0.3306
2025-04-25 07:33:58,093 - [*]Validation--basic_loss:777.7694, event_loss:2616.1921
2025-04-25 07:33:58,093 - epoch:16, training loss:1721.0119 validation loss:27.0293
2025-04-25 07:34:13,576 - [*]Train--basic_loss:795.3405, event_loss:2556.3384, classification_loss:0.3286
2025-04-25 07:34:13,576 - [*]Validation--basic_loss:706.8164, event_loss:2516.3764
2025-04-25 07:34:13,576 - epoch:17, training loss:1710.5246 validation loss:26.8275
2025-04-25 07:34:29,082 - [*]Train--basic_loss:798.7077, event_loss:2543.5730, classification_loss:0.3322
2025-04-25 07:34:29,082 - [*]Validation--basic_loss:675.9690, event_loss:2446.8629
2025-04-25 07:34:29,082 - epoch:18, training loss:1709.8660 validation loss:26.4300
2025-04-25 07:34:44,767 - [*]Train--basic_loss:787.8685, event_loss:2538.0294, classification_loss:0.3284
2025-04-25 07:34:44,767 - [*]Validation--basic_loss:642.3958, event_loss:2410.7182
2025-04-25 07:34:44,767 - epoch:19, training loss:1702.0188 validation loss:26.4149
2025-04-25 07:35:00,389 - [*]Train--basic_loss:790.4445, event_loss:2545.4956, classification_loss:0.3262
2025-04-25 07:35:00,390 - [*]Validation--basic_loss:655.7751, event_loss:2396.1433
2025-04-25 07:35:00,390 - epoch:20, training loss:1695.9943 validation loss:26.7045
2025-04-25 07:35:15,971 - [*]Train--basic_loss:798.5714, event_loss:2542.1661, classification_loss:0.3280
2025-04-25 07:35:15,972 - [*]Validation--basic_loss:650.6242, event_loss:2414.1319
2025-04-25 07:35:15,972 - epoch:21, training loss:1698.7613 validation loss:26.3880
2025-04-25 07:35:31,348 - [*]Train--basic_loss:796.1945, event_loss:2531.1163, classification_loss:0.3290
2025-04-25 07:35:31,348 - [*]Validation--basic_loss:671.7777, event_loss:2412.5475
2025-04-25 07:35:31,348 - epoch:22, training loss:1689.3893 validation loss:26.6033
2025-04-25 07:35:46,948 - [*]Train--basic_loss:792.1750, event_loss:2530.8606, classification_loss:0.3260
2025-04-25 07:35:46,949 - [*]Validation--basic_loss:647.8478, event_loss:2397.4481
2025-04-25 07:35:46,949 - epoch:23, training loss:1685.5419 validation loss:26.3509
2025-04-25 07:36:02,250 - [*]Train--basic_loss:789.2110, event_loss:2523.0406, classification_loss:0.3260
2025-04-25 07:36:02,250 - [*]Validation--basic_loss:706.4528, event_loss:2542.3533
2025-04-25 07:36:02,250 - epoch:24, training loss:1685.6156 validation loss:26.7183
2025-04-25 07:36:17,848 - [*]Train--basic_loss:781.9115, event_loss:2515.3541, classification_loss:0.3236
2025-04-25 07:36:17,848 - [*]Validation--basic_loss:689.2219, event_loss:2494.9225
2025-04-25 07:36:17,848 - epoch:25, training loss:1683.4269 validation loss:26.5818
2025-04-25 07:36:33,251 - [*]Train--basic_loss:785.3882, event_loss:2516.2415, classification_loss:0.3251
2025-04-25 07:36:33,251 - [*]Validation--basic_loss:688.6656, event_loss:2469.3115
2025-04-25 07:36:33,251 - epoch:26, training loss:1678.4956 validation loss:26.3247
2025-04-25 07:36:48,750 - [*]Train--basic_loss:790.6263, event_loss:2508.5306, classification_loss:0.3285
2025-04-25 07:36:48,750 - [*]Validation--basic_loss:696.1107, event_loss:2452.0744
2025-04-25 07:36:48,750 - epoch:27, training loss:1675.4541 validation loss:26.4267
2025-04-25 07:37:03,898 - [*]Train--basic_loss:780.6367, event_loss:2495.7150, classification_loss:0.3265
2025-04-25 07:37:03,899 - [*]Validation--basic_loss:723.5300, event_loss:2464.9518
2025-04-25 07:37:03,899 - epoch:28, training loss:1670.4470 validation loss:26.3776
2025-04-25 07:37:19,653 - [*]Train--basic_loss:793.1309, event_loss:2514.9464, classification_loss:0.3281
2025-04-25 07:37:19,653 - [*]Validation--basic_loss:680.7460, event_loss:2404.3203
2025-04-25 07:37:19,654 - epoch:29, training loss:1670.0446 validation loss:26.4522
2025-04-25 07:37:35,178 - [*]Train--basic_loss:789.4035, event_loss:2507.2113, classification_loss:0.3262
2025-04-25 07:37:35,178 - [*]Validation--basic_loss:765.8542, event_loss:2556.4062
2025-04-25 07:37:35,178 - epoch:30, training loss:1671.1297 validation loss:26.1066
2025-04-25 07:37:50,422 - [*]Train--basic_loss:787.3464, event_loss:2506.3842, classification_loss:0.3227
2025-04-25 07:37:50,422 - [*]Validation--basic_loss:730.4628, event_loss:2500.3378
2025-04-25 07:37:50,423 - epoch:31, training loss:1671.2159 validation loss:27.2517
2025-04-25 07:38:05,696 - [*]Train--basic_loss:778.5525, event_loss:2495.9211, classification_loss:0.3211
2025-04-25 07:38:05,696 - [*]Validation--basic_loss:732.0441, event_loss:2454.5902
2025-04-25 07:38:05,696 - epoch:32, training loss:1663.9904 validation loss:26.3031
2025-04-25 07:38:21,085 - [*]Train--basic_loss:784.6762, event_loss:2498.5315, classification_loss:0.3244
2025-04-25 07:38:21,085 - [*]Validation--basic_loss:722.2621, event_loss:2484.5327
2025-04-25 07:38:21,085 - epoch:33, training loss:1661.3958 validation loss:26.0369
2025-04-25 07:38:36,282 - [*]Train--basic_loss:786.6141, event_loss:2495.1872, classification_loss:0.3241
2025-04-25 07:38:36,282 - [*]Validation--basic_loss:804.0072, event_loss:2569.1169
2025-04-25 07:38:36,282 - epoch:34, training loss:1662.3892 validation loss:26.1155
2025-04-25 07:38:52,030 - [*]Train--basic_loss:785.5608, event_loss:2512.9549, classification_loss:0.3220
2025-04-25 07:38:52,030 - [*]Validation--basic_loss:775.6510, event_loss:2560.0444
2025-04-25 07:38:52,030 - epoch:35, training loss:1675.1856 validation loss:26.5169
2025-04-25 07:39:07,098 - [*]Train--basic_loss:783.5018, event_loss:2507.5198, classification_loss:0.3230
2025-04-25 07:39:07,098 - [*]Validation--basic_loss:677.5478, event_loss:2423.2777
2025-04-25 07:39:07,098 - epoch:36, training loss:1666.5454 validation loss:26.1117
2025-04-25 07:39:22,118 - [*]Train--basic_loss:782.4542, event_loss:2511.3496, classification_loss:0.3196
2025-04-25 07:39:22,118 - [*]Validation--basic_loss:696.3964, event_loss:2441.4663
2025-04-25 07:39:22,118 - epoch:37, training loss:1667.8348 validation loss:26.2991
2025-04-25 07:39:37,667 - [*]Train--basic_loss:782.5182, event_loss:2501.0638, classification_loss:0.3214
2025-04-25 07:39:37,668 - [*]Validation--basic_loss:675.2890, event_loss:2409.6448
2025-04-25 07:39:37,668 - epoch:38, training loss:1658.6885 validation loss:26.0432
2025-04-25 07:39:53,099 - [*]Train--basic_loss:777.5598, event_loss:2497.0487, classification_loss:0.3193
2025-04-25 07:39:53,099 - [*]Validation--basic_loss:661.3179, event_loss:2392.1276
2025-04-25 07:39:53,099 - epoch:39, training loss:1661.8710 validation loss:26.0645
2025-04-25 07:39:55,783 - [*]Test--basic_loss:701.5356, event_loss:2464.1510, test_loss:1584.9481
2025-04-25 07:39:56,250 - [*] Evaluating all samples:
2025-04-25 07:39:56,250 - [*] year 2017, testing
2025-04-25 07:39:58,574 - T:3	MAE	19.6393	RMSE	29.4039	MAPE	12.5931
2025-04-25 07:40:02,287 - T:6	MAE	21.7683	RMSE	32.8989	MAPE	14.3039
2025-04-25 07:40:07,899 - T:12	MAE	25.9416	RMSE	39.4885	MAPE	18.1156
2025-04-25 07:40:08,235 - [*] Evaluating basic traffic samples (prediction=0):
2025-04-25 07:40:08,235 - [*] year 2017, testing
2025-04-25 07:40:09,347 - T:3	MAE	13.8472	RMSE	20.7407	MAPE	15.8486
2025-04-25 07:40:11,172 - T:6	MAE	15.0221	RMSE	22.6202	MAPE	18.1715
2025-04-25 07:40:13,988 - T:12	MAE	17.6492	RMSE	26.6659	MAPE	23.8968
2025-04-25 07:40:14,324 - [*] Evaluating event traffic samples (prediction=1):
2025-04-25 07:40:14,324 - [*] year 2017, testing
2025-04-25 07:40:15,249 - T:3	MAE	25.4008	RMSE	36.0100	MAPE	9.3547
2025-04-25 07:40:16,662 - T:6	MAE	28.4788	RMSE	40.6199	MAPE	10.4568
2025-04-25 07:40:18,705 - T:12	MAE	34.1891	RMSE	49.0208	MAPE	12.3649
2025-04-25 07:40:18,711 - Finished optimization, total time:508.83 s, best model:res/SD/trafficStream2025-04-25-07:29:26.266706/2017/26.0369.pkl
2025-04-25 07:40:18,763 - [*] Year 2018 load from data/SD/FastData/2018_30day.npz
2025-04-25 07:40:18,787 - Secure SignIn[*] load from res/SD/trafficStream2025-04-25-07:29:26.266706/2017/26.0369.pkl
2025-04-25 07:40:18,795 - [*] replay node number 64
2025-04-25 07:40:21,469 - number of increase nodes:61, nodes after 2 hop:torch.Size([518]), total nodes this year 716
2025-04-25 07:40:35,756 - [*] Year 2018 Dataset load!
2025-04-25 07:40:35,756 - Secure SignIn[*] load from res/SD/trafficStream2025-04-25-07:29:26.266706/2017/26.0369.pkl
2025-04-25 07:40:35,761 - [*] EWC! lambda 0.000100
