2025-05-29 01:24:50,787 - logger name:log/SD/pecpm-42/pecpm.log
2025-05-29 01:24:50,788 - params : {'conf': 'conf/SD/pecpm.json', 'seed': 42, 'paral': 0, 'gpuid': 2, 'logname': 'pecpm', 'method': 'PECPM', 'load_first_year': 0, 'first_year_model_path': 'log/SD/pecpm-42/2017/25.5492.pkl', 'device': device(type='cuda', index=2), 'methods': {'TrafficStream': <class 'src.model.model.TrafficStream_Model'>, 'STKEC': <class 'src.model.model.STKEC_Model'>, 'PECPM': <class 'src.model.model.PECPM_Model'>}, 'begin_year': 2017, 'end_year': 2020, 'dropout': 0.0, 'lr': 0.01, 'batch_size': 128, 'epoch': 100, 'loss': 'mse', 'activation': 'relu', 'scheduler': 'epo', 'y_len': 12, 'x_len': 12, 'data_process': 0, 'auto_test': 1, 'beita': 1.0, 'cluster': 32, 'raw_data_path': 'data/SD/finaldata/', 'save_data_path': 'data/SD/FastData/', 'graph_path': 'data/SD/graph/', 'model_path': 'log/SD/', 'gcn': {'in_channel': 12, 'out_channel': 12, 'hidden_channel': 64}, 'tcn': {'in_channel': 1, 'out_channel': 1, 'kernel_size': 3, 'dilation': 1}, 'train': 1, 'strategy': 'incremental', 'init': True, 'increase': True, 'num_hops': 2, 'detect': True, 'detect_strategy': 'feature', 'adp_adj': False, 'skip_dim': 64, 'end_dim': 64, 'hidden_channels': 32, 'dilation_channels': 64, 'residual_channels': 64, 'input_dim': 1, 'output_dim': 1, 'ewc': True, 'ewc_strategy': 'ewc', 'ewc_lambda': 0.0001, 'replay': True, 'replay_strategy': 'random', 'repaly_num_samples': 300, 'path': 'log/SD/pecpm-42', 'logger': <Logger utils.initialize (INFO)>}
2025-05-29 01:24:50,820 - [*] Year 2017 load from data/SD/FastData/2017.npz
2025-05-29 01:25:13,272 - [*] Year 2017 Dataset load!
2025-05-29 01:25:13,305 - [*] Year 2017 Training start
2025-05-29 01:25:14,144 - node number torch.Size([1536, 705])
2025-05-29 01:28:38,017 - logger name:log/SD/pecpm-42/pecpm.log
2025-05-29 01:28:38,017 - params : {'conf': 'conf/SD/pecpm.json', 'seed': 42, 'paral': 0, 'gpuid': 2, 'logname': 'pecpm', 'method': 'PECPM', 'load_first_year': 0, 'first_year_model_path': 'log/SD/pecpm-42/2017/25.5492.pkl', 'device': device(type='cuda', index=2), 'methods': {'TrafficStream': <class 'src.model.model.TrafficStream_Model'>, 'STKEC': <class 'src.model.model.STKEC_Model'>, 'PECPM': <class 'src.model.model.PECPM_Model'>}, 'begin_year': 2017, 'end_year': 2020, 'dropout': 0.0, 'lr': 0.01, 'batch_size': 128, 'epoch': 100, 'loss': 'mse', 'activation': 'relu', 'scheduler': 'epo', 'y_len': 12, 'x_len': 12, 'data_process': 0, 'auto_test': 1, 'beita': 1.0, 'cluster': 32, 'raw_data_path': 'data/SD/finaldata/', 'save_data_path': 'data/SD/FastData/', 'graph_path': 'data/SD/graph/', 'model_path': 'log/SD/', 'gcn': {'in_channel': 12, 'out_channel': 12, 'hidden_channel': 64}, 'tcn': {'in_channel': 1, 'out_channel': 1, 'kernel_size': 3, 'dilation': 1}, 'train': 1, 'strategy': 'incremental', 'init': True, 'increase': True, 'num_hops': 2, 'detect': True, 'detect_strategy': 'feature', 'adp_adj': False, 'skip_dim': 64, 'end_dim': 64, 'hidden_channels': 32, 'dilation_channels': 64, 'residual_channels': 64, 'input_dim': 1, 'output_dim': 1, 'ewc': True, 'ewc_strategy': 'ewc', 'ewc_lambda': 0.0001, 'replay': True, 'replay_strategy': 'random', 'repaly_num_samples': 300, 'path': 'log/SD/pecpm-42', 'logger': <Logger utils.initialize (INFO)>}
2025-05-29 01:28:38,048 - [*] Year 2017 load from data/SD/FastData/2017.npz
2025-05-29 01:28:51,743 - [*] Year 2017 Dataset load!
2025-05-29 01:28:51,749 - [*] Year 2017 Training start
2025-05-29 01:28:52,686 - node number torch.Size([1536, 705])
2025-05-29 01:32:30,367 - logger name:log/SD/pecpm-42/pecpm.log
2025-05-29 01:32:30,369 - params : {'conf': 'conf/SD/pecpm.json', 'seed': 42, 'paral': 0, 'gpuid': 2, 'logname': 'pecpm', 'method': 'PECPM', 'load_first_year': 0, 'first_year_model_path': 'log/SD/pecpm-42/2017/25.5492.pkl', 'device': device(type='cuda', index=2), 'methods': {'TrafficStream': <class 'src.model.model.TrafficStream_Model'>, 'STKEC': <class 'src.model.model.STKEC_Model'>, 'PECPM': <class 'src.model.model.PECPM_Model'>}, 'begin_year': 2017, 'end_year': 2020, 'dropout': 0.0, 'lr': 0.01, 'batch_size': 128, 'epoch': 100, 'loss': 'mse', 'activation': 'relu', 'scheduler': 'epo', 'y_len': 12, 'x_len': 12, 'data_process': 0, 'auto_test': 1, 'beita': 1.0, 'cluster': 32, 'raw_data_path': 'data/SD/finaldata/', 'save_data_path': 'data/SD/FastData/', 'graph_path': 'data/SD/graph/', 'model_path': 'log/SD/', 'gcn': {'in_channel': 12, 'out_channel': 12, 'hidden_channel': 64}, 'tcn': {'in_channel': 1, 'out_channel': 1, 'kernel_size': 3, 'dilation': 1}, 'train': 1, 'strategy': 'incremental', 'init': True, 'increase': True, 'num_hops': 2, 'detect': True, 'detect_strategy': 'feature', 'adp_adj': False, 'skip_dim': 64, 'end_dim': 64, 'hidden_channels': 32, 'dilation_channels': 64, 'residual_channels': 64, 'input_dim': 1, 'output_dim': 1, 'ewc': True, 'ewc_strategy': 'ewc', 'ewc_lambda': 0.0001, 'replay': True, 'replay_strategy': 'random', 'repaly_num_samples': 300, 'path': 'log/SD/pecpm-42', 'logger': <Logger utils.initialize (INFO)>}
2025-05-29 01:32:30,442 - [*] Year 2017 load from data/SD/FastData/2017.npz
2025-05-29 01:33:42,241 - [*] Year 2017 Dataset load!
2025-05-29 01:33:42,263 - [*] Year 2017 Training start
2025-05-29 01:33:44,831 - node number torch.Size([1536, 705])
2025-05-29 01:36:45,224 - logger name:log/SD/pecpm-42/pecpm.log
2025-05-29 01:36:45,225 - params : {'conf': 'conf/SD/pecpm.json', 'seed': 42, 'paral': 0, 'gpuid': 2, 'logname': 'pecpm', 'method': 'PECPM', 'load_first_year': 0, 'first_year_model_path': 'log/SD/pecpm-42/2017/25.5492.pkl', 'device': device(type='cuda', index=2), 'methods': {'TrafficStream': <class 'src.model.model.TrafficStream_Model'>, 'STKEC': <class 'src.model.model.STKEC_Model'>, 'PECPM': <class 'src.model.model.PECPM_Model'>}, 'begin_year': 2017, 'end_year': 2020, 'dropout': 0.0, 'lr': 0.01, 'batch_size': 128, 'epoch': 100, 'loss': 'mse', 'activation': 'relu', 'scheduler': 'epo', 'y_len': 12, 'x_len': 12, 'data_process': 0, 'auto_test': 1, 'beita': 1.0, 'cluster': 32, 'raw_data_path': 'data/SD/finaldata/', 'save_data_path': 'data/SD/FastData/', 'graph_path': 'data/SD/graph/', 'model_path': 'log/SD/', 'gcn': {'in_channel': 12, 'out_channel': 12, 'hidden_channel': 64}, 'tcn': {'in_channel': 1, 'out_channel': 1, 'kernel_size': 3, 'dilation': 1}, 'train': 1, 'strategy': 'incremental', 'init': True, 'increase': True, 'num_hops': 2, 'detect': True, 'detect_strategy': 'feature', 'adp_adj': False, 'skip_dim': 64, 'end_dim': 64, 'hidden_channels': 32, 'dilation_channels': 64, 'residual_channels': 64, 'input_dim': 1, 'output_dim': 1, 'ewc': True, 'ewc_strategy': 'ewc', 'ewc_lambda': 0.0001, 'replay': True, 'replay_strategy': 'random', 'repaly_num_samples': 300, 'path': 'log/SD/pecpm-42', 'logger': <Logger utils.initialize (INFO)>}
2025-05-29 01:36:45,288 - [*] Year 2017 load from data/SD/FastData/2017.npz
2025-05-29 01:37:17,983 - [*] Year 2017 Dataset load!
2025-05-29 01:37:18,053 - [*] Year 2017 Training start
2025-05-29 01:37:20,395 - node number torch.Size([90240, 12])
2025-05-29 01:42:26,980 - logger name:log/SD/pecpm-42/pecpm.log
2025-05-29 01:42:26,981 - params : {'conf': 'conf/SD/pecpm.json', 'seed': 42, 'paral': 0, 'gpuid': 2, 'logname': 'pecpm', 'method': 'PECPM', 'load_first_year': 0, 'first_year_model_path': 'log/SD/pecpm-42/2017/25.5492.pkl', 'device': device(type='cuda', index=2), 'methods': {'TrafficStream': <class 'src.model.model.TrafficStream_Model'>, 'STKEC': <class 'src.model.model.STKEC_Model'>, 'PECPM': <class 'src.model.model.PECPM_Model'>}, 'begin_year': 2017, 'end_year': 2020, 'dropout': 0.0, 'lr': 0.01, 'batch_size': 128, 'epoch': 100, 'loss': 'mse', 'activation': 'relu', 'scheduler': 'epo', 'y_len': 12, 'x_len': 12, 'data_process': 0, 'auto_test': 1, 'beita': 1.0, 'cluster': 32, 'raw_data_path': 'data/SD/finaldata/', 'save_data_path': 'data/SD/FastData/', 'graph_path': 'data/SD/graph/', 'model_path': 'log/SD/', 'gcn': {'in_channel': 12, 'out_channel': 12, 'hidden_channel': 64}, 'tcn': {'in_channel': 1, 'out_channel': 1, 'kernel_size': 3, 'dilation': 1}, 'train': 1, 'strategy': 'incremental', 'init': True, 'increase': True, 'num_hops': 2, 'detect': True, 'detect_strategy': 'feature', 'adp_adj': False, 'skip_dim': 64, 'end_dim': 64, 'hidden_channels': 32, 'dilation_channels': 64, 'residual_channels': 64, 'input_dim': 1, 'output_dim': 1, 'ewc': True, 'ewc_strategy': 'ewc', 'ewc_lambda': 0.0001, 'replay': True, 'replay_strategy': 'random', 'repaly_num_samples': 300, 'path': 'log/SD/pecpm-42', 'logger': <Logger utils.initialize (INFO)>}
2025-05-29 01:42:27,038 - [*] Year 2017 load from data/SD/FastData/2017.npz
2025-05-29 01:42:54,896 - [*] Year 2017 Dataset load!
2025-05-29 01:42:54,937 - [*] Year 2017 Training start
2025-05-29 01:42:56,456 - node number torch.Size([90240, 12])
2025-05-29 01:42:57,463 - attention_pred shape: torch.Size([90240, 32])
2025-05-29 01:42:57,463 - attention_label shape: torch.Size([1536, 32])
2025-05-29 01:42:57,463 - data.x shape: torch.Size([90240, 12])
2025-05-29 01:42:57,464 - data.y shape: torch.Size([90240, 12])
2025-05-29 01:44:35,193 - logger name:log/SD/pecpm-42/pecpm.log
2025-05-29 01:44:35,193 - params : {'conf': 'conf/SD/pecpm.json', 'seed': 42, 'paral': 0, 'gpuid': 2, 'logname': 'pecpm', 'method': 'PECPM', 'load_first_year': 0, 'first_year_model_path': 'log/SD/pecpm-42/2017/25.5492.pkl', 'device': device(type='cuda', index=2), 'methods': {'TrafficStream': <class 'src.model.model.TrafficStream_Model'>, 'STKEC': <class 'src.model.model.STKEC_Model'>, 'PECPM': <class 'src.model.model.PECPM_Model'>}, 'begin_year': 2017, 'end_year': 2020, 'dropout': 0.0, 'lr': 0.01, 'batch_size': 128, 'epoch': 100, 'loss': 'mse', 'activation': 'relu', 'scheduler': 'epo', 'y_len': 12, 'x_len': 12, 'data_process': 0, 'auto_test': 1, 'beita': 1.0, 'cluster': 32, 'raw_data_path': 'data/SD/finaldata/', 'save_data_path': 'data/SD/FastData/', 'graph_path': 'data/SD/graph/', 'model_path': 'log/SD/', 'gcn': {'in_channel': 12, 'out_channel': 12, 'hidden_channel': 64}, 'tcn': {'in_channel': 1, 'out_channel': 1, 'kernel_size': 3, 'dilation': 1}, 'train': 1, 'strategy': 'incremental', 'init': True, 'increase': True, 'num_hops': 2, 'detect': True, 'detect_strategy': 'feature', 'adp_adj': False, 'skip_dim': 64, 'end_dim': 64, 'hidden_channels': 32, 'dilation_channels': 64, 'residual_channels': 64, 'input_dim': 1, 'output_dim': 1, 'ewc': True, 'ewc_strategy': 'ewc', 'ewc_lambda': 0.0001, 'replay': True, 'replay_strategy': 'random', 'repaly_num_samples': 300, 'path': 'log/SD/pecpm-42', 'logger': <Logger utils.initialize (INFO)>}
2025-05-29 01:44:35,255 - [*] Year 2017 load from data/SD/FastData/2017.npz
2025-05-29 01:45:02,327 - [*] Year 2017 Dataset load!
2025-05-29 01:45:02,400 - [*] Year 2017 Training start
2025-05-29 01:45:03,863 - node number torch.Size([90240, 12])
2025-05-29 01:45:04,858 - attention_pred shape: torch.Size([90240, 32])
2025-05-29 01:45:04,858 - attention_label shape: torch.Size([1536, 32])
2025-05-29 01:45:04,859 - data.x shape: torch.Size([90240, 12])
2025-05-29 01:45:04,859 - data.y shape: torch.Size([90240, 12])
2025-05-29 01:45:16,680 - epoch:0, training loss:18116.4642 validation loss:48.7357
2025-05-29 01:45:28,364 - epoch:1, training loss:2853.1325 validation loss:36.2958
2025-05-29 01:45:40,937 - epoch:2, training loss:2221.4247 validation loss:34.4193
2025-05-29 01:45:53,676 - epoch:3, training loss:2140.8777 validation loss:35.3845
2025-05-29 01:46:06,321 - epoch:4, training loss:2095.6588 validation loss:34.4799
2025-05-29 01:46:19,435 - epoch:5, training loss:2044.8572 validation loss:34.7171
2025-05-29 01:46:32,299 - epoch:6, training loss:1978.9422 validation loss:35.4674
2025-05-29 01:46:45,589 - epoch:7, training loss:1951.2050 validation loss:32.9125
2025-05-29 01:46:58,492 - epoch:8, training loss:1933.6352 validation loss:33.7687
2025-05-29 01:47:11,114 - epoch:9, training loss:1932.7302 validation loss:33.3828
2025-05-29 01:47:25,111 - epoch:10, training loss:1938.2733 validation loss:31.5668
2025-05-29 01:47:37,895 - epoch:11, training loss:1912.4391 validation loss:35.1571
2025-05-29 01:47:51,204 - epoch:12, training loss:1893.1626 validation loss:32.1292
2025-05-29 01:48:04,624 - epoch:13, training loss:1901.8753 validation loss:32.4470
2025-05-29 01:48:17,362 - epoch:14, training loss:1876.8640 validation loss:32.9419
2025-05-29 01:48:30,365 - epoch:15, training loss:1862.6696 validation loss:33.3341
2025-05-29 01:48:44,435 - epoch:16, training loss:1837.0245 validation loss:31.8653
2025-05-29 01:48:51,241 - [*] loss:1865.2968
2025-05-29 01:48:52,832 - [*] year 2017, testing
2025-05-29 01:49:02,746 - T:3	MAE	21.9112	RMSE	31.4457	MAPE	15.0672
2025-05-29 01:49:20,711 - T:6	MAE	23.8841	RMSE	35.1780	MAPE	16.4613
2025-05-29 01:50:17,221 - T:12	MAE	28.0481	RMSE	42.7311	MAPE	20.0972
2025-05-29 01:50:17,221 - T:Avg	MAE	24.2304	RMSE	35.7559	MAPE	16.9457
2025-05-29 01:50:17,227 - Finished optimization, total time:96.46 s, best model:log/SD/pecpm-42/2017/31.5668.pkl
2025-05-29 01:50:17,451 - [*] Year 2018 load from data/SD/FastData/2018.npz
2025-05-29 01:50:17,491 - [*] load from log/SD/pecpm-42/2017/31.5668.pkl
2025-05-29 01:50:17,507 - [*] detect strategy feature
2025-05-29 01:50:23,150 - number of increase nodes:72, nodes after 2 hop:torch.Size([562]), total nodes this year 708
2025-05-29 01:53:17,018 - logger name:log/SD/pecpm-42/pecpm.log
2025-05-29 01:53:17,020 - params : {'conf': 'conf/SD/pecpm.json', 'seed': 42, 'paral': 0, 'gpuid': 2, 'logname': 'pecpm', 'method': 'PECPM', 'load_first_year': 0, 'first_year_model_path': 'log/SD/pecpm-42/2017/25.5492.pkl', 'device': device(type='cuda', index=2), 'methods': {'TrafficStream': <class 'src.model.model.TrafficStream_Model'>, 'STKEC': <class 'src.model.model.STKEC_Model'>, 'PECPM': <class 'src.model.model.PECPM_Model'>}, 'begin_year': 2017, 'end_year': 2020, 'dropout': 0.0, 'lr': 0.01, 'batch_size': 128, 'epoch': 100, 'loss': 'mse', 'activation': 'relu', 'scheduler': 'epo', 'y_len': 12, 'x_len': 12, 'data_process': 0, 'auto_test': 1, 'beita': 1.0, 'cluster': 32, 'raw_data_path': 'data/SD/finaldata/', 'save_data_path': 'data/SD/FastData/', 'graph_path': 'data/SD/graph/', 'model_path': 'log/SD/', 'gcn': {'in_channel': 12, 'out_channel': 12, 'hidden_channel': 64}, 'tcn': {'in_channel': 1, 'out_channel': 1, 'kernel_size': 3, 'dilation': 1}, 'train': 1, 'strategy': 'incremental', 'init': True, 'increase': True, 'num_hops': 2, 'detect': True, 'detect_strategy': 'feature', 'adp_adj': False, 'skip_dim': 64, 'end_dim': 64, 'hidden_channels': 32, 'dilation_channels': 64, 'residual_channels': 64, 'input_dim': 1, 'output_dim': 1, 'ewc': True, 'ewc_strategy': 'ewc', 'ewc_lambda': 0.0001, 'replay': True, 'replay_strategy': 'random', 'repaly_num_samples': 300, 'path': 'log/SD/pecpm-42', 'logger': <Logger utils.initialize (INFO)>}
2025-05-29 01:53:17,090 - [*] Year 2017 load from data/SD/FastData/2017.npz
2025-05-29 01:53:48,812 - [*] Year 2017 Dataset load!
2025-05-29 01:53:48,873 - [*] Year 2017 Training start
2025-05-29 01:53:51,273 - node number torch.Size([90240, 12])
2025-05-29 01:55:34,798 - logger name:log/SD/pecpm-42/pecpm.log
2025-05-29 01:55:34,800 - params : {'conf': 'conf/SD/pecpm.json', 'seed': 42, 'paral': 0, 'gpuid': 2, 'logname': 'pecpm', 'method': 'PECPM', 'load_first_year': 0, 'first_year_model_path': 'log/SD/pecpm-42/2017/25.5492.pkl', 'device': device(type='cuda', index=2), 'methods': {'TrafficStream': <class 'src.model.model.TrafficStream_Model'>, 'STKEC': <class 'src.model.model.STKEC_Model'>, 'PECPM': <class 'src.model.model.PECPM_Model'>}, 'begin_year': 2017, 'end_year': 2020, 'dropout': 0.0, 'lr': 0.01, 'batch_size': 128, 'epoch': 100, 'loss': 'mse', 'activation': 'relu', 'scheduler': 'epo', 'y_len': 12, 'x_len': 12, 'data_process': 0, 'auto_test': 1, 'beita': 1.0, 'cluster': 32, 'raw_data_path': 'data/SD/finaldata/', 'save_data_path': 'data/SD/FastData/', 'graph_path': 'data/SD/graph/', 'model_path': 'log/SD/', 'gcn': {'in_channel': 12, 'out_channel': 12, 'hidden_channel': 64}, 'tcn': {'in_channel': 1, 'out_channel': 1, 'kernel_size': 3, 'dilation': 1}, 'train': 1, 'strategy': 'incremental', 'init': True, 'increase': True, 'num_hops': 2, 'detect': True, 'detect_strategy': 'feature', 'adp_adj': False, 'skip_dim': 64, 'end_dim': 64, 'hidden_channels': 32, 'dilation_channels': 64, 'residual_channels': 64, 'input_dim': 1, 'output_dim': 1, 'ewc': True, 'ewc_strategy': 'ewc', 'ewc_lambda': 0.0001, 'replay': True, 'replay_strategy': 'random', 'repaly_num_samples': 300, 'path': 'log/SD/pecpm-42', 'logger': <Logger utils.initialize (INFO)>}
2025-05-29 01:55:34,903 - [*] Year 2017 load from data/SD/FastData/2017.npz
2025-05-29 01:56:09,558 - [*] Year 2017 Dataset load!
2025-05-29 01:56:09,662 - [*] Year 2017 Training start
2025-05-29 02:07:32,532 - node number torch.Size([90240, 12])
2025-05-29 02:08:56,080 - logger name:log/SD/pecpm-42/pecpm.log
2025-05-29 02:08:56,081 - params : {'conf': 'conf/SD/pecpm.json', 'seed': 42, 'paral': 0, 'gpuid': 2, 'logname': 'pecpm', 'method': 'PECPM', 'load_first_year': 0, 'first_year_model_path': 'log/SD/pecpm-42/2017/25.5492.pkl', 'device': device(type='cuda', index=2), 'methods': {'TrafficStream': <class 'src.model.model.TrafficStream_Model'>, 'STKEC': <class 'src.model.model.STKEC_Model'>, 'PECPM': <class 'src.model.model.PECPM_Model'>}, 'begin_year': 2017, 'end_year': 2020, 'dropout': 0.0, 'lr': 0.01, 'batch_size': 128, 'epoch': 100, 'loss': 'mse', 'activation': 'relu', 'scheduler': 'epo', 'y_len': 12, 'x_len': 12, 'data_process': 0, 'auto_test': 1, 'beita': 1.0, 'cluster': 32, 'raw_data_path': 'data/SD/finaldata/', 'save_data_path': 'data/SD/FastData/', 'graph_path': 'data/SD/graph/', 'model_path': 'log/SD/', 'gcn': {'in_channel': 12, 'out_channel': 12, 'hidden_channel': 64}, 'tcn': {'in_channel': 1, 'out_channel': 1, 'kernel_size': 3, 'dilation': 1}, 'train': 1, 'strategy': 'incremental', 'init': True, 'increase': True, 'num_hops': 2, 'detect': True, 'detect_strategy': 'feature', 'adp_adj': False, 'skip_dim': 64, 'end_dim': 64, 'hidden_channels': 32, 'dilation_channels': 64, 'residual_channels': 64, 'input_dim': 1, 'output_dim': 1, 'ewc': True, 'ewc_strategy': 'ewc', 'ewc_lambda': 0.0001, 'replay': True, 'replay_strategy': 'random', 'repaly_num_samples': 300, 'path': 'log/SD/pecpm-42', 'logger': <Logger utils.initialize (INFO)>}
2025-05-29 02:08:56,112 - [*] Year 2017 load from data/SD/FastData/2017.npz
2025-05-29 02:10:04,812 - logger name:log/SD/pecpm-42/pecpm.log
2025-05-29 02:10:04,813 - params : {'conf': 'conf/SD/pecpm.json', 'seed': 42, 'paral': 0, 'gpuid': 2, 'logname': 'pecpm', 'method': 'PECPM', 'load_first_year': 0, 'first_year_model_path': 'log/SD/pecpm-42/2017/25.5492.pkl', 'device': device(type='cuda', index=2), 'methods': {'TrafficStream': <class 'src.model.model.TrafficStream_Model'>, 'STKEC': <class 'src.model.model.STKEC_Model'>, 'PECPM': <class 'src.model.model.PECPM_Model'>}, 'begin_year': 2017, 'end_year': 2020, 'dropout': 0.0, 'lr': 0.01, 'batch_size': 128, 'epoch': 100, 'loss': 'mse', 'activation': 'relu', 'scheduler': 'epo', 'y_len': 12, 'x_len': 12, 'data_process': 0, 'auto_test': 1, 'beita': 1.0, 'cluster': 32, 'raw_data_path': 'data/SD/finaldata/', 'save_data_path': 'data/SD/FastData/', 'graph_path': 'data/SD/graph/', 'model_path': 'log/SD/', 'gcn': {'in_channel': 12, 'out_channel': 12, 'hidden_channel': 64}, 'tcn': {'in_channel': 1, 'out_channel': 1, 'kernel_size': 3, 'dilation': 1}, 'train': 1, 'strategy': 'incremental', 'init': True, 'increase': True, 'num_hops': 2, 'detect': True, 'detect_strategy': 'feature', 'adp_adj': False, 'skip_dim': 64, 'end_dim': 64, 'hidden_channels': 32, 'dilation_channels': 64, 'residual_channels': 64, 'input_dim': 1, 'output_dim': 1, 'ewc': True, 'ewc_strategy': 'ewc', 'ewc_lambda': 0.0001, 'replay': True, 'replay_strategy': 'random', 'repaly_num_samples': 300, 'path': 'log/SD/pecpm-42', 'logger': <Logger utils.initialize (INFO)>}
2025-05-29 02:10:04,846 - [*] Year 2017 load from data/SD/FastData/2017.npz
2025-05-29 02:10:54,394 - [*] Year 2017 Dataset load!
2025-05-29 02:10:54,400 - [*] Year 2017 Training start
2025-05-29 02:11:17,383 - node number torch.Size([90240, 12])
2025-05-29 02:12:14,446 - logger name:log/SD/pecpm-42/pecpm.log
2025-05-29 02:12:14,446 - params : {'conf': 'conf/SD/pecpm.json', 'seed': 42, 'paral': 0, 'gpuid': 2, 'logname': 'pecpm', 'method': 'PECPM', 'load_first_year': 0, 'first_year_model_path': 'log/SD/pecpm-42/2017/25.5492.pkl', 'device': device(type='cuda', index=2), 'methods': {'TrafficStream': <class 'src.model.model.TrafficStream_Model'>, 'STKEC': <class 'src.model.model.STKEC_Model'>, 'PECPM': <class 'src.model.model.PECPM_Model'>}, 'begin_year': 2017, 'end_year': 2020, 'dropout': 0.0, 'lr': 0.01, 'batch_size': 128, 'epoch': 1, 'loss': 'mse', 'activation': 'relu', 'scheduler': 'epo', 'y_len': 12, 'x_len': 12, 'data_process': 0, 'auto_test': 1, 'beita': 1.0, 'cluster': 32, 'raw_data_path': 'data/SD/finaldata/', 'save_data_path': 'data/SD/FastData/', 'graph_path': 'data/SD/graph/', 'model_path': 'log/SD/', 'gcn': {'in_channel': 12, 'out_channel': 12, 'hidden_channel': 64}, 'tcn': {'in_channel': 1, 'out_channel': 1, 'kernel_size': 3, 'dilation': 1}, 'train': 1, 'strategy': 'incremental', 'init': True, 'increase': True, 'num_hops': 2, 'detect': True, 'detect_strategy': 'feature', 'adp_adj': False, 'skip_dim': 64, 'end_dim': 64, 'hidden_channels': 32, 'dilation_channels': 64, 'residual_channels': 64, 'input_dim': 1, 'output_dim': 1, 'ewc': True, 'ewc_strategy': 'ewc', 'ewc_lambda': 0.0001, 'replay': True, 'replay_strategy': 'random', 'repaly_num_samples': 300, 'path': 'log/SD/pecpm-42', 'logger': <Logger utils.initialize (INFO)>}
2025-05-29 02:12:14,473 - [*] Year 2017 load from data/SD/FastData/2017.npz
2025-05-29 02:12:27,198 - [*] Year 2017 Dataset load!
2025-05-29 02:12:27,202 - [*] Year 2017 Training start
2025-05-29 02:12:28,762 - node number torch.Size([90240, 12])
2025-05-29 02:12:35,272 - epoch:0, training loss:18116.4573 validation loss:48.7356
2025-05-29 02:12:38,050 - [*] loss:3526.0737
2025-05-29 02:12:38,461 - [*] year 2017, testing
2025-05-29 02:12:43,309 - T:3	MAE	39.9775	RMSE	49.1971	MAPE	77.6409
2025-05-29 02:12:52,768 - T:6	MAE	41.1190	RMSE	51.7151	MAPE	77.7044
2025-05-29 02:13:23,030 - T:12	MAE	44.6055	RMSE	58.6012	MAPE	78.4129
2025-05-29 02:13:23,030 - T:Avg	MAE	41.5935	RMSE	52.5821	MAPE	77.8279
2025-05-29 02:13:23,033 - Finished optimization, total time:4.17 s, best model:log/SD/pecpm-42/2017/48.7356.pkl
2025-05-29 02:13:23,108 - [*] Year 2018 load from data/SD/FastData/2018.npz
2025-05-29 02:13:23,135 - [*] load from log/SD/pecpm-42/2017/31.5668.pkl
2025-05-29 02:13:23,144 - [*] detect strategy feature
2025-05-29 02:13:24,747 - number of increase nodes:72, nodes after 2 hop:torch.Size([562]), total nodes this year 708
2025-05-29 02:15:08,143 - logger name:log/SD/pecpm-42/pecpm.log
2025-05-29 02:15:08,143 - params : {'conf': 'conf/SD/pecpm.json', 'seed': 42, 'paral': 0, 'gpuid': 2, 'logname': 'pecpm', 'method': 'PECPM', 'load_first_year': 1, 'first_year_model_path': 'log/SD/pecpm-42/2017/31.5668.pkl', 'device': device(type='cuda', index=2), 'methods': {'TrafficStream': <class 'src.model.model.TrafficStream_Model'>, 'STKEC': <class 'src.model.model.STKEC_Model'>, 'PECPM': <class 'src.model.model.PECPM_Model'>}, 'begin_year': 2017, 'end_year': 2020, 'dropout': 0.0, 'lr': 0.01, 'batch_size': 128, 'epoch': 1, 'loss': 'mse', 'activation': 'relu', 'scheduler': 'epo', 'y_len': 12, 'x_len': 12, 'data_process': 0, 'auto_test': 1, 'beita': 1.0, 'cluster': 32, 'raw_data_path': 'data/SD/finaldata/', 'save_data_path': 'data/SD/FastData/', 'graph_path': 'data/SD/graph/', 'model_path': 'log/SD/', 'gcn': {'in_channel': 12, 'out_channel': 12, 'hidden_channel': 64}, 'tcn': {'in_channel': 1, 'out_channel': 1, 'kernel_size': 3, 'dilation': 1}, 'train': 1, 'strategy': 'incremental', 'init': True, 'increase': True, 'num_hops': 2, 'detect': True, 'detect_strategy': 'feature', 'adp_adj': False, 'skip_dim': 64, 'end_dim': 64, 'hidden_channels': 32, 'dilation_channels': 64, 'residual_channels': 64, 'input_dim': 1, 'output_dim': 1, 'ewc': True, 'ewc_strategy': 'ewc', 'ewc_lambda': 0.0001, 'replay': True, 'replay_strategy': 'random', 'repaly_num_samples': 300, 'path': 'log/SD/pecpm-42', 'logger': <Logger utils.initialize (INFO)>}
2025-05-29 02:15:08,170 - [*] Year 2017 load from data/SD/FastData/2017.npz
2025-05-29 02:15:08,413 - [*] load from log/SD/pecpm-42/2017/31.5668.pkl
2025-05-29 02:15:19,875 - logger name:log/SD/pecpm-42/pecpm.log
2025-05-29 02:15:19,875 - params : {'conf': 'conf/SD/pecpm.json', 'seed': 42, 'paral': 0, 'gpuid': 2, 'logname': 'pecpm', 'method': 'PECPM', 'load_first_year': 0, 'first_year_model_path': 'log/SD/pecpm-42/2017/31.5668.pkl', 'device': device(type='cuda', index=2), 'methods': {'TrafficStream': <class 'src.model.model.TrafficStream_Model'>, 'STKEC': <class 'src.model.model.STKEC_Model'>, 'PECPM': <class 'src.model.model.PECPM_Model'>}, 'begin_year': 2017, 'end_year': 2020, 'dropout': 0.0, 'lr': 0.01, 'batch_size': 128, 'epoch': 1, 'loss': 'mse', 'activation': 'relu', 'scheduler': 'epo', 'y_len': 12, 'x_len': 12, 'data_process': 0, 'auto_test': 1, 'beita': 1.0, 'cluster': 32, 'raw_data_path': 'data/SD/finaldata/', 'save_data_path': 'data/SD/FastData/', 'graph_path': 'data/SD/graph/', 'model_path': 'log/SD/', 'gcn': {'in_channel': 12, 'out_channel': 12, 'hidden_channel': 64}, 'tcn': {'in_channel': 1, 'out_channel': 1, 'kernel_size': 3, 'dilation': 1}, 'train': 1, 'strategy': 'incremental', 'init': True, 'increase': True, 'num_hops': 2, 'detect': True, 'detect_strategy': 'feature', 'adp_adj': False, 'skip_dim': 64, 'end_dim': 64, 'hidden_channels': 32, 'dilation_channels': 64, 'residual_channels': 64, 'input_dim': 1, 'output_dim': 1, 'ewc': True, 'ewc_strategy': 'ewc', 'ewc_lambda': 0.0001, 'replay': True, 'replay_strategy': 'random', 'repaly_num_samples': 300, 'path': 'log/SD/pecpm-42', 'logger': <Logger utils.initialize (INFO)>}
2025-05-29 02:15:19,902 - [*] Year 2017 load from data/SD/FastData/2017.npz
2025-05-29 02:15:32,633 - [*] Year 2017 Dataset load!
2025-05-29 02:15:32,636 - [*] Year 2017 Training start
2025-05-29 02:15:34,416 - node number torch.Size([90240, 12])
2025-05-29 02:15:40,421 - epoch:0, training loss:18116.4573 validation loss:48.7356
2025-05-29 02:15:43,093 - [*] loss:3526.0737
2025-05-29 02:15:43,464 - [*] year 2017, testing
2025-05-29 02:15:48,272 - T:3	MAE	39.9775	RMSE	49.1971	MAPE	77.6409
2025-05-29 02:15:57,529 - T:6	MAE	41.1190	RMSE	51.7151	MAPE	77.7044
2025-05-29 02:16:27,154 - T:12	MAE	44.6055	RMSE	58.6012	MAPE	78.4129
2025-05-29 02:16:27,155 - T:Avg	MAE	41.5935	RMSE	52.5821	MAPE	77.8279
2025-05-29 02:16:27,158 - Finished optimization, total time:4.40 s, best model:log/SD/pecpm-42/2017/48.7356.pkl
2025-05-29 02:16:27,233 - [*] Year 2018 load from data/SD/FastData/2018.npz
2025-05-29 02:16:27,259 - [*] load from log/SD/pecpm-42/2017/31.5668.pkl
2025-05-29 02:16:27,267 - [*] detect strategy feature
2025-05-29 02:16:28,849 - number of increase nodes:72, nodes after 2 hop:torch.Size([562]), total nodes this year 708
2025-05-29 02:17:03,243 - [*] Year 2018 Dataset load!
2025-05-29 02:17:03,243 - [*] load from log/SD/pecpm-42/2017/31.5668.pkl
2025-05-29 02:17:03,247 - [*] EWC! lambda 0.000100
2025-05-29 02:17:09,516 - [*] Year 2018 Training start
2025-05-29 02:17:13,358 - node number torch.Size([71936, 12])
2025-05-29 02:17:20,924 - epoch:0, training loss:1985.7468 validation loss:29.0507
2025-05-29 02:17:26,680 - [*] loss:1853.0437
2025-05-29 02:17:27,029 - [*] year 2018, testing
2025-05-29 02:17:28,496 - T:3	MAE	19.6269	RMSE	28.9177	MAPE	13.1204
2025-05-29 02:17:32,494 - T:6	MAE	21.9162	RMSE	32.7982	MAPE	15.1949
2025-05-29 02:17:39,935 - T:12	MAE	26.3784	RMSE	40.3538	MAPE	19.3141
2025-05-29 02:17:39,935 - T:Avg	MAE	22.2420	RMSE	33.3336	MAPE	15.5588
2025-05-29 02:17:39,936 - Finished optimization, total time:7.09 s, best model:log/SD/pecpm-42/2018/29.0507.pkl
2025-05-29 02:17:40,091 - [*] Year 2019 load from data/SD/FastData/2019.npz
2025-05-29 02:17:40,095 - [*] load from log/SD/pecpm-42/2018/29.0507.pkl
2025-05-29 02:17:40,105 - [*] detect strategy feature
2025-05-29 02:17:42,015 - number of increase nodes:79, nodes after 2 hop:torch.Size([587]), total nodes this year 716
2025-05-29 02:18:25,429 - [*] Year 2019 Dataset load!
2025-05-29 02:18:25,430 - [*] load from log/SD/pecpm-42/2018/29.0507.pkl
2025-05-29 02:18:25,435 - [*] EWC! lambda 0.000100
2025-05-29 02:18:39,574 - [*] Year 2019 Training start
2025-05-29 02:18:42,617 - node number torch.Size([75136, 12])
2025-05-29 02:18:49,666 - epoch:0, training loss:2004.1588 validation loss:29.6153
2025-05-29 02:18:53,835 - [*] loss:1849.6326
2025-05-29 02:18:53,878 - [*] year 2019, testing
2025-05-29 02:18:54,343 - T:3	MAE	20.2304	RMSE	30.2915	MAPE	15.4895
2025-05-29 02:18:55,394 - T:6	MAE	22.5816	RMSE	33.9904	MAPE	18.0362
2025-05-29 02:19:01,183 - T:12	MAE	27.1373	RMSE	41.1907	MAPE	22.9881
2025-05-29 02:19:01,183 - T:Avg	MAE	22.9049	RMSE	34.4908	MAPE	18.4314
2025-05-29 02:19:01,184 - Finished optimization, total time:5.70 s, best model:log/SD/pecpm-42/2019/29.6153.pkl
2025-05-29 02:19:01,345 - [*] Year 2020 load from data/SD/FastData/2020.npz
2025-05-29 02:19:01,351 - [*] load from log/SD/pecpm-42/2019/29.6153.pkl
2025-05-29 02:19:01,362 - [*] detect strategy feature
2025-05-29 02:19:03,337 - number of increase nodes:65, nodes after 2 hop:torch.Size([578]), total nodes this year 697
2025-05-29 02:19:53,668 - [*] Year 2020 Dataset load!
2025-05-29 02:19:53,668 - [*] load from log/SD/pecpm-42/2019/29.6153.pkl
2025-05-29 02:19:53,673 - [*] EWC! lambda 0.000100
2025-05-29 02:20:02,764 - [*] Year 2020 Training start
2025-05-29 02:20:05,817 - node number torch.Size([73984, 12])
2025-05-29 02:20:13,129 - epoch:0, training loss:1856.7270 validation loss:35.0690
2025-05-29 02:20:17,052 - [*] loss:3133.7170
2025-05-29 02:20:17,152 - [*] year 2020, testing
2025-05-29 02:20:17,897 - T:3	MAE	42.5038	RMSE	50.3306	MAPE	51.3253
2025-05-29 02:20:18,942 - T:6	MAE	43.5217	RMSE	52.1386	MAPE	53.7401
2025-05-29 02:20:22,359 - T:12	MAE	45.3626	RMSE	55.3314	MAPE	57.9878
2025-05-29 02:20:22,359 - T:Avg	MAE	43.7105	RMSE	52.3700	MAPE	54.0454
2025-05-29 02:20:22,360 - Finished optimization, total time:6.08 s, best model:log/SD/pecpm-42/2020/35.069.pkl
2025-05-29 02:20:22,491 - 


2025-05-29 02:20:22,491 - 3   	 MAE	     39.98	     19.63	     20.23	     42.50		   30.58
2025-05-29 02:20:22,491 - 3   	RMSE	     49.20	     28.92	     30.29	     50.33		   39.68
2025-05-29 02:20:22,491 - 3   	MAPE	     77.64	     13.12	     15.49	     51.33		   39.39
2025-05-29 02:20:22,491 - 6   	 MAE	     41.12	     21.92	     22.58	     43.52		   32.28
2025-05-29 02:20:22,491 - 6   	RMSE	     51.72	     32.80	     33.99	     52.14		   42.66
2025-05-29 02:20:22,491 - 6   	MAPE	     77.70	     15.19	     18.04	     53.74		   41.17
2025-05-29 02:20:22,491 - 12  	 MAE	     44.61	     26.38	     27.14	     45.36		   35.87
2025-05-29 02:20:22,491 - 12  	RMSE	     58.60	     40.35	     41.19	     55.33		   48.87
2025-05-29 02:20:22,491 - 12  	MAPE	     78.41	     19.31	     22.99	     57.99		   44.68
2025-05-29 02:20:22,491 - Avg 	 MAE	     41.59	     22.24	     22.90	     43.71		   32.61
2025-05-29 02:20:22,491 - Avg 	RMSE	     52.58	     33.33	     34.49	     52.37		   43.19
2025-05-29 02:20:22,491 - Avg 	MAPE	     77.83	     15.56	     18.43	     54.05		   41.47
2025-05-29 02:20:22,492 - year	2017	total_time	    4.3993	average_time	    4.3994	epoch	1
2025-05-29 02:20:22,492 - year	2018	total_time	    7.0929	average_time	    7.0929	epoch	1
2025-05-29 02:20:22,492 - year	2019	total_time	    5.6971	average_time	    5.6972	epoch	1
2025-05-29 02:20:22,492 - year	2020	total_time	    6.0778	average_time	    6.0779	epoch	1
2025-05-29 02:20:22,492 - total time: 23.2672
2025-05-29 02:20:48,493 - logger name:log/SD/pecpm-42/pecpm.log
2025-05-29 02:20:48,493 - params : {'conf': 'conf/SD/pecpm.json', 'seed': 42, 'paral': 0, 'gpuid': 2, 'logname': 'pecpm', 'method': 'PECPM', 'load_first_year': 0, 'first_year_model_path': 'log/SD/pecpm-42/2017/31.5668.pkl', 'device': device(type='cuda', index=2), 'methods': {'TrafficStream': <class 'src.model.model.TrafficStream_Model'>, 'STKEC': <class 'src.model.model.STKEC_Model'>, 'PECPM': <class 'src.model.model.PECPM_Model'>}, 'begin_year': 2017, 'end_year': 2020, 'dropout': 0.0, 'lr': 0.01, 'batch_size': 128, 'epoch': 100, 'loss': 'mse', 'activation': 'relu', 'scheduler': 'epo', 'y_len': 12, 'x_len': 12, 'data_process': 0, 'auto_test': 1, 'beita': 1.0, 'cluster': 32, 'raw_data_path': 'data/SD/finaldata/', 'save_data_path': 'data/SD/FastData/', 'graph_path': 'data/SD/graph/', 'model_path': 'log/SD/', 'gcn': {'in_channel': 12, 'out_channel': 12, 'hidden_channel': 64}, 'tcn': {'in_channel': 1, 'out_channel': 1, 'kernel_size': 3, 'dilation': 1}, 'train': 1, 'strategy': 'incremental', 'init': True, 'increase': True, 'num_hops': 2, 'detect': True, 'detect_strategy': 'feature', 'adp_adj': False, 'skip_dim': 64, 'end_dim': 64, 'hidden_channels': 32, 'dilation_channels': 64, 'residual_channels': 64, 'input_dim': 1, 'output_dim': 1, 'ewc': True, 'ewc_strategy': 'ewc', 'ewc_lambda': 0.0001, 'replay': True, 'replay_strategy': 'random', 'repaly_num_samples': 300, 'path': 'log/SD/pecpm-42', 'logger': <Logger utils.initialize (INFO)>}
2025-05-29 02:20:48,540 - [*] Year 2017 load from data/SD/FastData/2017.npz
2025-05-29 02:21:01,504 - [*] Year 2017 Dataset load!
2025-05-29 02:21:01,508 - [*] Year 2017 Training start
2025-05-29 02:21:03,310 - node number torch.Size([90240, 12])
2025-05-29 02:21:09,510 - epoch:0, training loss:18116.4573 validation loss:48.7356
2025-05-29 02:21:16,180 - epoch:1, training loss:2853.1238 validation loss:36.2958
2025-05-29 02:21:22,652 - epoch:2, training loss:2221.4153 validation loss:34.4193
2025-05-29 02:21:29,421 - epoch:3, training loss:2140.8676 validation loss:35.3845
2025-05-29 02:21:36,089 - epoch:4, training loss:2095.6261 validation loss:34.4393
2025-05-29 02:21:43,097 - epoch:5, training loss:2042.8313 validation loss:34.6641
2025-05-29 02:21:49,781 - epoch:6, training loss:1975.2769 validation loss:35.4132
2025-05-29 02:21:56,305 - epoch:7, training loss:1949.2893 validation loss:32.9056
2025-05-29 02:22:02,917 - epoch:8, training loss:1931.3821 validation loss:33.6320
2025-05-29 02:22:09,566 - epoch:9, training loss:1925.1775 validation loss:33.2861
2025-05-29 02:22:16,274 - epoch:10, training loss:1926.4316 validation loss:31.6286
2025-05-29 02:22:23,139 - epoch:11, training loss:1902.6118 validation loss:35.3045
2025-05-29 02:22:29,712 - epoch:12, training loss:1895.4016 validation loss:32.1190
2025-05-29 02:22:36,412 - epoch:13, training loss:1908.2196 validation loss:31.9693
2025-05-29 02:22:42,697 - epoch:14, training loss:1884.6085 validation loss:32.5072
2025-05-29 02:22:49,331 - epoch:15, training loss:1887.4055 validation loss:32.9792
2025-05-29 02:22:55,944 - epoch:16, training loss:1880.3362 validation loss:33.9163
2025-05-29 02:22:58,731 - [*] loss:1856.0039
2025-05-29 02:22:59,106 - [*] year 2017, testing
2025-05-29 02:23:03,931 - T:3	MAE	22.0811	RMSE	31.4733	MAPE	15.7790
2025-05-29 02:23:13,226 - T:6	MAE	23.9858	RMSE	35.1588	MAPE	16.8380
2025-05-29 02:23:43,048 - T:12	MAE	28.0770	RMSE	42.6223	MAPE	20.3057
2025-05-29 02:23:43,048 - T:Avg	MAE	24.3363	RMSE	35.7310	MAPE	17.4045
2025-05-29 02:23:43,051 - Finished optimization, total time:55.79 s, best model:log/SD/pecpm-42/2017/31.6286.pkl
2025-05-29 02:23:43,126 - [*] Year 2018 load from data/SD/FastData/2018.npz
2025-05-29 02:23:43,154 - [*] load from log/SD/pecpm-42/2017/31.5668.pkl
2025-05-29 02:23:43,162 - [*] detect strategy feature
2025-05-29 02:23:44,770 - number of increase nodes:72, nodes after 2 hop:torch.Size([562]), total nodes this year 708
2025-05-29 02:24:27,664 - [*] Year 2018 Dataset load!
2025-05-29 02:24:27,664 - [*] load from log/SD/pecpm-42/2017/31.5668.pkl
2025-05-29 02:24:27,668 - [*] EWC! lambda 0.000100
2025-05-29 02:24:36,452 - [*] Year 2018 Training start
2025-05-29 02:24:40,166 - node number torch.Size([71936, 12])
2025-05-29 02:24:48,575 - epoch:0, training loss:1991.7770 validation loss:28.5345
2025-05-29 02:24:58,034 - epoch:1, training loss:1930.8792 validation loss:28.4678
2025-05-29 02:25:07,552 - epoch:2, training loss:1929.8499 validation loss:31.7958
2025-05-29 02:25:18,306 - epoch:3, training loss:1915.8881 validation loss:28.0249
2025-05-29 02:25:29,374 - epoch:4, training loss:1878.4091 validation loss:30.4537
2025-05-29 02:25:40,311 - epoch:5, training loss:1890.0546 validation loss:28.3654
2025-05-29 02:25:51,272 - epoch:6, training loss:1877.7323 validation loss:29.3239
2025-05-29 02:26:02,197 - epoch:7, training loss:1862.8350 validation loss:28.3130
2025-05-29 02:26:13,887 - epoch:8, training loss:1857.7369 validation loss:28.5585
2025-05-29 02:26:22,472 - epoch:9, training loss:1869.1283 validation loss:29.3014
2025-05-29 02:26:26,444 - [*] loss:1829.6702
2025-05-29 02:26:26,483 - [*] year 2018, testing
2025-05-29 02:26:26,911 - T:3	MAE	19.8727	RMSE	29.2953	MAPE	14.4779
2025-05-29 02:26:27,759 - T:6	MAE	22.1685	RMSE	33.0390	MAPE	16.6409
2025-05-29 02:26:30,538 - T:12	MAE	26.5282	RMSE	40.1759	MAPE	20.7708
2025-05-29 02:26:30,539 - T:Avg	MAE	22.4643	RMSE	33.5151	MAPE	16.9623
2025-05-29 02:26:30,539 - Finished optimization, total time:60.77 s, best model:log/SD/pecpm-42/2018/28.0249.pkl
2025-05-29 02:26:30,704 - [*] Year 2019 load from data/SD/FastData/2019.npz
2025-05-29 02:26:30,710 - [*] load from log/SD/pecpm-42/2018/28.0249.pkl
2025-05-29 02:26:30,725 - [*] detect strategy feature
2025-05-29 02:26:32,822 - number of increase nodes:79, nodes after 2 hop:torch.Size([587]), total nodes this year 716
2025-05-29 02:27:18,483 - [*] Year 2019 Dataset load!
2025-05-29 02:27:18,484 - [*] load from log/SD/pecpm-42/2018/28.0249.pkl
2025-05-29 02:27:18,488 - [*] EWC! lambda 0.000100
2025-05-29 02:27:27,265 - [*] Year 2019 Training start
2025-05-29 02:27:31,420 - node number torch.Size([75136, 12])
2025-05-29 02:27:41,026 - epoch:0, training loss:1970.5410 validation loss:29.4730
2025-05-29 02:27:50,865 - epoch:1, training loss:1932.7118 validation loss:28.4102
2025-05-29 02:28:02,361 - epoch:2, training loss:1932.4293 validation loss:28.1091
2025-05-29 02:28:12,119 - epoch:3, training loss:1928.6549 validation loss:28.0385
2025-05-29 02:28:20,380 - epoch:4, training loss:1922.8941 validation loss:29.4981
2025-05-29 02:28:28,918 - epoch:5, training loss:1942.2327 validation loss:28.1857
2025-05-29 02:28:39,024 - epoch:6, training loss:1930.9373 validation loss:28.2773
2025-05-29 02:28:48,523 - epoch:7, training loss:1928.0461 validation loss:29.3281
2025-05-29 02:28:59,048 - epoch:8, training loss:1921.9390 validation loss:29.5778
2025-05-29 02:29:09,555 - epoch:9, training loss:1926.1555 validation loss:28.9543
2025-05-29 02:29:13,336 - [*] loss:1848.2471
2025-05-29 02:29:13,499 - [*] year 2019, testing
2025-05-29 02:29:14,233 - T:3	MAE	20.9140	RMSE	31.0161	MAPE	16.7194
2025-05-29 02:29:16,980 - T:6	MAE	23.0909	RMSE	34.4828	MAPE	18.6198
2025-05-29 02:29:28,472 - T:12	MAE	27.4059	RMSE	41.2785	MAPE	22.5347
2025-05-29 02:29:28,473 - T:Avg	MAE	23.4218	RMSE	34.9757	MAPE	18.9653
2025-05-29 02:29:28,475 - Finished optimization, total time:57.44 s, best model:log/SD/pecpm-42/2019/28.0385.pkl
2025-05-29 02:29:28,643 - [*] Year 2020 load from data/SD/FastData/2020.npz
2025-05-29 02:29:28,654 - [*] load from log/SD/pecpm-42/2019/28.0385.pkl
2025-05-29 02:29:28,664 - [*] detect strategy feature
2025-05-29 02:29:30,387 - number of increase nodes:65, nodes after 2 hop:torch.Size([578]), total nodes this year 697
2025-05-29 02:30:12,185 - [*] Year 2020 Dataset load!
2025-05-29 02:30:12,186 - [*] load from log/SD/pecpm-42/2019/28.0385.pkl
2025-05-29 02:30:12,190 - [*] EWC! lambda 0.000100
2025-05-29 02:30:20,843 - [*] Year 2020 Training start
2025-05-29 02:30:23,297 - node number torch.Size([73984, 12])
2025-05-29 02:30:31,318 - epoch:0, training loss:1821.0969 validation loss:37.1670
2025-05-29 02:30:41,508 - epoch:1, training loss:1772.5882 validation loss:34.5862
2025-05-29 02:30:50,084 - epoch:2, training loss:1771.2748 validation loss:33.3430
2025-05-29 02:30:58,558 - epoch:3, training loss:1765.6560 validation loss:33.5241
2025-05-29 02:31:07,077 - epoch:4, training loss:1777.2841 validation loss:35.7127
2025-05-29 02:31:16,167 - epoch:5, training loss:1768.0659 validation loss:33.3349
2025-05-29 02:31:25,188 - epoch:6, training loss:1764.8791 validation loss:36.4794
2025-05-29 02:31:34,347 - epoch:7, training loss:1772.5122 validation loss:36.1998
2025-05-29 02:31:44,972 - epoch:8, training loss:1766.8204 validation loss:33.9192
2025-05-29 02:31:55,589 - epoch:9, training loss:1776.3634 validation loss:38.7947
2025-05-29 02:32:04,753 - epoch:10, training loss:1769.2178 validation loss:33.9215
2025-05-29 02:32:19,984 - epoch:11, training loss:1766.8376 validation loss:37.7438
2025-05-29 02:32:24,379 - [*] loss:2931.2944
2025-05-29 02:32:24,447 - [*] year 2020, testing
2025-05-29 02:32:24,863 - T:3	MAE	42.2826	RMSE	50.3731	MAPE	47.2463
2025-05-29 02:32:26,484 - T:6	MAE	42.5178	RMSE	51.4402	MAPE	48.1182
2025-05-29 02:32:33,087 - T:12	MAE	43.3924	RMSE	53.7057	MAPE	49.9750
2025-05-29 02:32:33,087 - T:Avg	MAE	42.6032	RMSE	51.5589	MAPE	48.2385
2025-05-29 02:32:33,088 - Finished optimization, total time:66.15 s, best model:log/SD/pecpm-42/2020/33.3349.pkl
2025-05-29 02:32:33,224 - 


2025-05-29 02:32:33,225 - 3   	 MAE	     22.08	     19.87	     20.91	     42.28		   26.29
2025-05-29 02:32:33,225 - 3   	RMSE	     31.47	     29.30	     31.02	     50.37		   35.54
2025-05-29 02:32:33,225 - 3   	MAPE	     15.78	     14.48	     16.72	     47.25		   23.56
2025-05-29 02:32:33,225 - 6   	 MAE	     23.99	     22.17	     23.09	     42.52		   27.94
2025-05-29 02:32:33,225 - 6   	RMSE	     35.16	     33.04	     34.48	     51.44		   38.53
2025-05-29 02:32:33,225 - 6   	MAPE	     16.84	     16.64	     18.62	     48.12		   25.05
2025-05-29 02:32:33,225 - 12  	 MAE	     28.08	     26.53	     27.41	     43.39		   31.35
2025-05-29 02:32:33,225 - 12  	RMSE	     42.62	     40.18	     41.28	     53.71		   44.45
2025-05-29 02:32:33,225 - 12  	MAPE	     20.31	     20.77	     22.53	     49.98		   28.40
2025-05-29 02:32:33,225 - Avg 	 MAE	     24.34	     22.46	     23.42	     42.60		   28.21
2025-05-29 02:32:33,225 - Avg 	RMSE	     35.73	     33.52	     34.98	     51.56		   38.95
2025-05-29 02:32:33,225 - Avg 	MAPE	     17.40	     16.96	     18.97	     48.24		   25.39
2025-05-29 02:32:33,225 - year	2017	total_time	   55.7861	average_time	    3.2815	epoch	17
2025-05-29 02:32:33,225 - year	2018	total_time	   60.7689	average_time	    6.0769	epoch	10
2025-05-29 02:32:33,226 - year	2019	total_time	   57.4389	average_time	    5.7439	epoch	10
2025-05-29 02:32:33,226 - year	2020	total_time	   66.1503	average_time	    5.5125	epoch	12
2025-05-29 02:32:33,226 - total time: 240.1442
