2025-05-26 12:22:42,736 - logger name:res/SD/wo_moco2025-05-26-12:22:42.735211/wo_moco.log
2025-05-26 12:22:42,736 - params : {'conf': 'conf/wo-moco.json', 'paral': 0, 'gpuid': 5, 'logname': 'wo_moco', 'load_first_year': 0, 'first_year_model_path': '/home/bd2/ANATS/TrafficStream/res/SD/linear-moco/2017/26.5761.pkl', 'begin_year': 2017, 'end_year': 2020, 'dropout': 0.0, 'lr': 0.01, 'batch_size': 128, 'epoch': 100, 'loss': 'mse', 'activation': 'relu', 'scheduler': 'epo', 'train': 1, 'y_len': 12, 'x_len': 12, 'data_process': 0, 'auto_test': 1, 'raw_data_path': 'data/SD/finaldata/', 'save_data_path': 'data/SD/FastData/', 'graph_path': 'data/SD/graph/', 'model_path': 'res/SD/', 'gcn': {'in_channel': 12, 'out_channel': 12, 'hidden_channel': 64}, 'tcn': {'in_channel': 1, 'out_channel': 1, 'kernel_size': 3, 'dilation': 1}, 'classifier': {'hidden_dim': 128}, 'strategy': 'incremental', 'init': True, 'increase': True, 'num_hops': 2, 'detect': False, 'detect_strategy': 'feature', 'ewc': True, 'ewc_strategy': 'ewc', 'ewc_lambda': 0.0001, 'replay': True, 'replay_strategy': 'random', 'repaly_num_samples': 300, 'extra_feature': False, 'momentum_type': 'wo', 'memory_size': 32, 'expand': False, 'time': '2025-05-26-12:22:42.735211', 'path': 'res/SD/wo_moco2025-05-26-12:22:42.735211', 'device': device(type='cuda', index=5), 'logger': <Logger __main__ (INFO)>}
2025-05-26 12:22:42,765 - [*] Year 2017 load from data/SD/FastData/2017_30day.npz
2025-05-26 12:22:56,808 - [*] Year 2017 Dataset load!
2025-05-26 12:22:56,831 - [*] Model parameter count: 7306
2025-05-26 12:22:56,831 - [*] Year 2017 Training start
2025-05-26 12:22:57,218 - node number torch.Size([90240, 24])
2025-05-26 12:23:20,051 - epoch:0, training loss:7942.4210 validation loss:29.9171, moco loss:102015.4531
2025-05-26 12:23:42,187 - epoch:1, training loss:2084.8769 validation loss:28.3608, moco loss:90168.8047
2025-05-26 12:24:04,471 - epoch:2, training loss:1949.3745 validation loss:28.1387, moco loss:86404.2266
2025-05-26 12:24:26,955 - epoch:3, training loss:1917.9583 validation loss:27.9723, moco loss:77423.3125
2025-05-26 12:24:49,075 - epoch:4, training loss:1905.6017 validation loss:28.5429, moco loss:103532.1953
2025-05-26 12:25:11,512 - epoch:5, training loss:1898.1401 validation loss:28.7234, moco loss:92683.7578
2025-05-26 12:25:33,361 - epoch:6, training loss:1888.1293 validation loss:27.8606, moco loss:108200.5391
2025-05-26 12:25:55,501 - epoch:7, training loss:1886.0382 validation loss:28.0082, moco loss:103354.8203
2025-05-26 12:26:17,536 - epoch:8, training loss:1883.3051 validation loss:28.2039, moco loss:90571.7656
2025-05-26 12:26:40,268 - epoch:9, training loss:1828.9807 validation loss:27.4923, moco loss:105822.7500
2025-05-26 12:27:02,405 - epoch:10, training loss:1785.2486 validation loss:28.3799, moco loss:92704.5234
2025-05-26 12:27:25,037 - epoch:11, training loss:1767.3534 validation loss:27.1851, moco loss:103208.1484
2025-05-26 12:27:47,401 - epoch:12, training loss:1744.7833 validation loss:28.2031, moco loss:98748.1328
2025-05-26 12:28:09,872 - epoch:13, training loss:1749.9707 validation loss:28.7718, moco loss:94267.2422
2025-05-26 12:28:32,569 - epoch:14, training loss:1731.6444 validation loss:27.2640, moco loss:102843.4375
2025-05-26 12:28:54,918 - epoch:15, training loss:1721.4686 validation loss:27.4559, moco loss:86421.3750
2025-05-26 12:29:17,611 - epoch:16, training loss:1716.8737 validation loss:27.1988, moco loss:97377.0078
2025-05-26 12:29:40,070 - epoch:17, training loss:1718.1371 validation loss:27.3065, moco loss:99532.7969
2025-05-26 12:29:47,173 - [*]Test--basic_loss:739.5838, event_loss:2417.0923, test_loss:1668.9101
2025-05-26 12:29:47,777 - [*] Evaluating all samples:
2025-05-26 12:29:47,777 - [*] year 2017, testing
2025-05-26 12:29:50,110 - T:3	MAE	20.4684	RMSE	30.4556	MAPE	13.2837
2025-05-26 12:29:53,786 - T:6	MAE	22.5825	RMSE	33.8807	MAPE	15.3666
2025-05-26 12:29:59,496 - T:12	MAE	26.6864	RMSE	40.3364	MAPE	19.9482
2025-05-26 12:29:59,767 - [*] Evaluating basic traffic samples (prediction=0):
2025-05-26 12:29:59,768 - [*] year 2017, testing
2025-05-26 12:30:00,786 - T:3	MAE	13.6192	RMSE	20.4019	MAPE	16.6919
2025-05-26 12:30:02,462 - T:6	MAE	14.7769	RMSE	22.1817	MAPE	19.8271
2025-05-26 12:30:05,063 - T:12	MAE	17.4242	RMSE	25.9345	MAPE	27.6354
2025-05-26 12:30:05,407 - [*] Evaluating event traffic samples (prediction=1):
2025-05-26 12:30:05,407 - [*] year 2017, testing
2025-05-26 12:30:06,426 - T:3	MAE	26.2124	RMSE	36.8286	MAPE	10.4255
2025-05-26 12:30:07,973 - T:6	MAE	29.1301	RMSE	41.2067	MAPE	11.6270
2025-05-26 12:30:10,367 - T:12	MAE	34.4545	RMSE	49.2689	MAPE	13.5036
2025-05-26 12:30:10,372 - Finished optimization, total time:308.33 s, best model:res/SD/wo_moco2025-05-26-12:22:42.735211/2017/27.1851.pkl
2025-05-26 12:30:10,440 - [*] Year 2018 load from data/SD/FastData/2018_30day.npz
2025-05-26 12:30:10,449 - Secure SignIn[*] load from res/SD/wo_moco2025-05-26-12:22:42.735211/2017/27.1851.pkl
2025-05-26 12:30:10,581 - [*] replay node number 63
2025-05-26 12:30:16,016 - number of increase nodes:63, nodes after 2 hop:torch.Size([524]), total nodes this year 708
2025-05-26 12:30:39,619 - [*] Year 2018 Dataset load!
2025-05-26 12:30:39,619 - Secure SignIn[*] load from res/SD/wo_moco2025-05-26-12:22:42.735211/2017/27.1851.pkl
2025-05-26 12:30:39,639 - [*] EWC! lambda 0.000100
2025-05-26 12:30:58,214 - [*] Model parameter count: 7306
2025-05-26 12:30:58,215 - [*] Year 2018 Training start
2025-05-26 12:30:59,088 - node number torch.Size([67072, 24])
2025-05-26 12:31:23,890 - epoch:0, training loss:1855.4693 validation loss:27.2395, moco loss:84106.8125
2025-05-26 12:31:49,763 - epoch:1, training loss:1835.6344 validation loss:26.7263, moco loss:103026.7734
2025-05-26 12:32:16,518 - epoch:2, training loss:1840.4445 validation loss:27.1736, moco loss:112258.1016
2025-05-26 12:32:43,109 - epoch:3, training loss:1838.0541 validation loss:27.0236, moco loss:86865.9844
2025-05-26 12:33:09,843 - epoch:4, training loss:1838.5150 validation loss:26.6513, moco loss:89992.1406
2025-05-26 12:33:36,635 - epoch:5, training loss:1838.0868 validation loss:26.6114, moco loss:88919.1562
2025-05-26 12:34:03,847 - epoch:6, training loss:1840.9981 validation loss:26.8710, moco loss:86438.4062
2025-05-26 12:34:30,769 - epoch:7, training loss:1839.1793 validation loss:26.7830, moco loss:87616.9219
2025-05-26 12:34:57,723 - epoch:8, training loss:1839.6933 validation loss:27.0731, moco loss:96111.0469
2025-05-26 12:35:24,538 - epoch:9, training loss:1837.8004 validation loss:26.6237, moco loss:98020.2500
2025-05-26 12:35:51,256 - epoch:10, training loss:1833.8675 validation loss:26.7924, moco loss:94945.3516
2025-05-26 12:36:17,704 - epoch:11, training loss:1840.2094 validation loss:26.6046, moco loss:95430.1016
2025-05-26 12:36:44,495 - epoch:12, training loss:1840.8149 validation loss:26.9937, moco loss:102414.0156
2025-05-26 12:37:11,459 - epoch:13, training loss:1836.2794 validation loss:27.2585, moco loss:83643.8672
2025-05-26 12:37:38,537 - epoch:14, training loss:1836.7317 validation loss:26.5531, moco loss:91415.1562
2025-05-26 12:38:05,445 - epoch:15, training loss:1837.3940 validation loss:27.0594, moco loss:101429.0312
2025-05-26 12:38:32,132 - epoch:16, training loss:1833.8430 validation loss:26.4804, moco loss:80045.2266
2025-05-26 12:38:58,759 - epoch:17, training loss:1838.4448 validation loss:26.5949, moco loss:93059.0703
2025-05-26 12:39:25,589 - epoch:18, training loss:1839.3939 validation loss:26.9877, moco loss:79458.4062
2025-05-26 12:39:52,577 - epoch:19, training loss:1834.4536 validation loss:27.9504, moco loss:95131.9219
2025-05-26 12:40:19,738 - epoch:20, training loss:1841.7113 validation loss:27.3598, moco loss:97488.5703
2025-05-26 12:40:46,476 - epoch:21, training loss:1839.6780 validation loss:27.2914, moco loss:90527.8672
2025-05-26 12:41:13,270 - epoch:22, training loss:1835.2248 validation loss:26.8730, moco loss:85269.0234
2025-05-26 12:41:20,520 - [*]Test--basic_loss:904.7964, event_loss:2845.5369, test_loss:1876.1386
2025-05-26 12:41:20,606 - [*] Evaluating all samples:
2025-05-26 12:41:20,606 - [*] year 2018, testing
2025-05-26 12:41:20,662 - T:3	MAE	25.7733	RMSE	37.6080	MAPE	25.5323
2025-05-26 12:41:20,732 - T:6	MAE	26.9132	RMSE	39.6258	MAPE	27.0800
2025-05-26 12:41:20,832 - T:12	MAE	27.3393	RMSE	40.8376	MAPE	30.7243
2025-05-26 12:41:20,862 - [*] Evaluating basic traffic samples (prediction=0):
2025-05-26 12:41:20,863 - [*] year 2018, testing
2025-05-26 12:41:20,865 - T:3	MAE	14.6277	RMSE	19.0988	MAPE	16.6980
2025-05-26 12:41:20,867 - T:6	MAE	15.8441	RMSE	20.8125	MAPE	18.3544
2025-05-26 12:41:20,870 - T:12	MAE	18.7307	RMSE	24.9975	MAPE	22.4447
2025-05-26 12:41:20,912 - [*] Evaluating event traffic samples (prediction=1):
2025-05-26 12:41:20,912 - [*] year 2018, testing
2025-05-26 12:41:20,914 - T:3	MAE	18.5938	RMSE	23.7611	MAPE	12.6265
2025-05-26 12:41:20,916 - T:6	MAE	20.1667	RMSE	25.9419	MAPE	13.5658
2025-05-26 12:41:20,919 - T:12	MAE	24.4627	RMSE	32.3150	MAPE	16.2715
2025-05-26 12:41:20,919 - Finished optimization, total time:512.87 s, best model:res/SD/wo_moco2025-05-26-12:22:42.735211/2018/26.4804.pkl
2025-05-26 12:41:20,997 - [*] Year 2019 load from data/SD/FastData/2019_30day.npz
2025-05-26 12:41:21,004 - Secure SignIn[*] load from res/SD/wo_moco2025-05-26-12:22:42.735211/2018/26.4804.pkl
2025-05-26 12:41:21,021 - [*] replay node number 64
2025-05-26 12:41:26,475 - number of increase nodes:67, nodes after 2 hop:torch.Size([533]), total nodes this year 716
2025-05-26 12:41:50,238 - [*] Year 2019 Dataset load!
2025-05-26 12:41:50,238 - Secure SignIn[*] load from res/SD/wo_moco2025-05-26-12:22:42.735211/2018/26.4804.pkl
2025-05-26 12:41:50,365 - [*] EWC! lambda 0.000100
2025-05-26 12:42:08,500 - [*] Model parameter count: 7306
2025-05-26 12:42:08,501 - [*] Year 2019 Training start
2025-05-26 12:42:09,354 - node number torch.Size([68224, 24])
2025-05-26 12:42:34,868 - epoch:0, training loss:1532.9864 validation loss:26.0119, moco loss:96610.2969
2025-05-26 12:43:01,809 - epoch:1, training loss:1504.9172 validation loss:26.4060, moco loss:72615.1562
2025-05-26 12:43:28,539 - epoch:2, training loss:1508.6552 validation loss:25.7466, moco loss:90386.8203
2025-05-26 12:43:55,334 - epoch:3, training loss:1512.7849 validation loss:26.2770, moco loss:82492.0703
2025-05-26 12:44:22,150 - epoch:4, training loss:1508.8257 validation loss:25.6930, moco loss:78578.3594
2025-05-26 12:44:48,760 - epoch:5, training loss:1504.5439 validation loss:25.7850, moco loss:88448.6797
2025-05-26 12:45:15,236 - epoch:6, training loss:1505.0285 validation loss:25.6837, moco loss:75148.3438
2025-05-26 12:45:41,442 - epoch:7, training loss:1515.5084 validation loss:26.1825, moco loss:84357.6172
2025-05-26 12:46:08,239 - epoch:8, training loss:1507.2813 validation loss:25.6251, moco loss:86397.4766
2025-05-26 12:46:34,896 - epoch:9, training loss:1508.7882 validation loss:25.6765, moco loss:68151.1641
2025-05-26 12:47:01,713 - epoch:10, training loss:1510.3520 validation loss:25.7361, moco loss:82179.9453
2025-05-26 12:47:28,524 - epoch:11, training loss:1510.2810 validation loss:25.8660, moco loss:80641.9844
2025-05-26 12:47:55,367 - epoch:12, training loss:1505.4246 validation loss:25.7428, moco loss:89442.1953
2025-05-26 12:48:22,065 - epoch:13, training loss:1511.1340 validation loss:26.0378, moco loss:76439.0312
2025-05-26 12:48:48,740 - epoch:14, training loss:1507.1127 validation loss:26.3593, moco loss:65476.4922
2025-05-26 12:48:56,082 - [*]Test--basic_loss:881.3432, event_loss:2463.4199, test_loss:1695.8289
2025-05-26 12:48:56,170 - [*] Evaluating all samples:
2025-05-26 12:48:56,170 - [*] year 2019, testing
2025-05-26 12:48:56,227 - T:3	MAE	29.4969	RMSE	41.3289	MAPE	18.9083
2025-05-26 12:48:56,298 - T:6	MAE	28.9781	RMSE	41.1100	MAPE	19.6192
2025-05-26 12:48:56,398 - T:12	MAE	28.0084	RMSE	40.0757	MAPE	21.3840
2025-05-26 12:48:56,422 - [*] Evaluating basic traffic samples (prediction=0):
2025-05-26 12:48:56,422 - [*] year 2019, testing
2025-05-26 12:48:56,424 - T:3	MAE	17.7671	RMSE	23.7703	MAPE	14.8697
2025-05-26 12:48:56,426 - T:6	MAE	18.7533	RMSE	25.4265	MAPE	15.4400
2025-05-26 12:48:56,429 - T:12	MAE	21.9729	RMSE	31.3726	MAPE	17.4852
2025-05-26 12:48:56,474 - [*] Evaluating event traffic samples (prediction=1):
2025-05-26 12:48:56,475 - [*] year 2019, testing
2025-05-26 12:48:56,477 - T:3	MAE	31.5701	RMSE	40.9194	MAPE	8.0445
2025-05-26 12:48:56,479 - T:6	MAE	32.8036	RMSE	43.1985	MAPE	8.3295
2025-05-26 12:48:56,482 - T:12	MAE	35.8789	RMSE	48.1540	MAPE	9.0798
2025-05-26 12:48:56,482 - Finished optimization, total time:335.22 s, best model:res/SD/wo_moco2025-05-26-12:22:42.735211/2019/25.6251.pkl
2025-05-26 12:48:56,561 - [*] Year 2020 load from data/SD/FastData/2020_30day.npz
2025-05-26 12:48:56,564 - Secure SignIn[*] load from res/SD/wo_moco2025-05-26-12:22:42.735211/2019/25.6251.pkl
2025-05-26 12:48:56,582 - [*] replay node number 62
2025-05-26 12:49:02,108 - number of increase nodes:59, nodes after 2 hop:torch.Size([567]), total nodes this year 697
2025-05-26 12:49:27,344 - [*] Year 2020 Dataset load!
2025-05-26 12:49:27,344 - Secure SignIn[*] load from res/SD/wo_moco2025-05-26-12:22:42.735211/2019/25.6251.pkl
2025-05-26 12:49:27,358 - [*] EWC! lambda 0.000100
2025-05-26 12:49:46,331 - [*] Model parameter count: 7306
2025-05-26 12:49:46,332 - [*] Year 2020 Training start
2025-05-26 12:49:47,249 - node number torch.Size([72576, 24])
2025-05-26 12:50:13,348 - epoch:0, training loss:1306.0352 validation loss:29.8509, moco loss:76800.6484
2025-05-26 12:50:38,539 - epoch:1, training loss:1271.0473 validation loss:27.6921, moco loss:88812.4688
2025-05-26 12:51:05,235 - epoch:2, training loss:1264.2766 validation loss:27.5266, moco loss:64822.5391
2025-05-26 12:51:32,725 - epoch:3, training loss:1261.5258 validation loss:28.7700, moco loss:71684.8828
2025-05-26 12:52:01,218 - epoch:4, training loss:1261.3707 validation loss:27.9621, moco loss:67587.6328
2025-05-26 12:52:30,199 - epoch:5, training loss:1267.6675 validation loss:30.2990, moco loss:59807.9375
2025-05-26 12:52:57,591 - epoch:6, training loss:1271.3595 validation loss:26.6002, moco loss:76071.9844
2025-05-26 12:53:24,547 - epoch:7, training loss:1261.7802 validation loss:28.5594, moco loss:68502.7031
2025-05-26 12:53:52,566 - epoch:8, training loss:1260.4134 validation loss:26.9587, moco loss:73250.6094
2025-05-26 12:54:19,477 - epoch:9, training loss:1274.3683 validation loss:28.4313, moco loss:73539.5391
2025-05-26 12:54:46,971 - epoch:10, training loss:1263.4127 validation loss:28.1877, moco loss:79367.0547
2025-05-26 12:55:16,185 - epoch:11, training loss:1261.0367 validation loss:29.0718, moco loss:75765.0000
2025-05-26 12:55:43,635 - epoch:12, training loss:1267.1657 validation loss:28.1670, moco loss:68640.8438
2025-05-26 12:55:50,944 - [*]Test--basic_loss:383.2265, event_loss:1744.4043, test_loss:1123.6507
2025-05-26 12:55:51,000 - [*] Evaluating all samples:
2025-05-26 12:55:51,001 - [*] year 2020, testing
2025-05-26 12:55:51,057 - T:3	MAE	23.6866	RMSE	35.0048	MAPE	35.3139
2025-05-26 12:55:51,126 - T:6	MAE	24.0230	RMSE	35.8723	MAPE	30.7654
2025-05-26 12:55:51,226 - T:12	MAE	23.2358	RMSE	35.3216	MAPE	33.6882
2025-05-26 12:55:51,234 - [*] Evaluating basic traffic samples (prediction=0):
2025-05-26 12:55:51,234 - [*] year 2020, testing
2025-05-26 12:55:51,236 - T:3	MAE	6.9939	RMSE	9.2498	MAPE	95.3113
2025-05-26 12:55:51,238 - T:6	MAE	7.6689	RMSE	9.9376	MAPE	116.5085
2025-05-26 12:55:51,241 - T:12	MAE	9.2497	RMSE	11.8981	MAPE	165.3404
2025-05-26 12:55:51,271 - [*] Evaluating event traffic samples (prediction=1):
2025-05-26 12:55:51,271 - [*] year 2020, testing
2025-05-26 12:55:51,273 - T:3	MAE	13.8205	RMSE	17.7275	MAPE	28.0704
2025-05-26 12:55:51,276 - T:6	MAE	15.1766	RMSE	19.5455	MAPE	30.9310
2025-05-26 12:55:51,278 - T:12	MAE	18.6295	RMSE	24.4586	MAPE	34.8650
2025-05-26 12:55:51,279 - Finished optimization, total time:299.35 s, best model:res/SD/wo_moco2025-05-26-12:22:42.735211/2020/26.6002.pkl
2025-05-26 12:55:51,330 - 3	mae	20.47	25.77	29.50	23.69	
2025-05-26 12:55:51,330 - 3	rmse	30.46	37.61	41.33	35.00	
2025-05-26 12:55:51,330 - 3	mape	13.28	25.53	18.91	35.31	
2025-05-26 12:55:51,330 - 6	mae	22.58	26.91	28.98	24.02	
2025-05-26 12:55:51,330 - 6	rmse	33.88	39.63	41.11	35.87	
2025-05-26 12:55:51,330 - 6	mape	15.37	27.08	19.62	30.77	
2025-05-26 12:55:51,330 - 12	mae	26.69	27.34	28.01	23.24	
2025-05-26 12:55:51,330 - 12	rmse	40.34	40.84	40.08	35.32	
2025-05-26 12:55:51,330 - 12	mape	19.95	30.72	21.38	33.69	