2025-05-29 11:17:38,451 - logger name:log/SD/team-42/team.log
2025-05-29 11:17:38,452 - params : {'conf': 'conf/SD/team.json', 'seed': 42, 'paral': 0, 'gpuid': 2, 'logname': 'team', 'method': 'TEAM', 'load_first_year': 1, 'first_year_model_path': '/home/bd2/ANATS/Oline_Baselines/log/SD/TEAM-42/2017/51.0326.pkl', 'device': device(type='cuda', index=2), 'methods': {'TrafficStream': <class 'src.model.model.TrafficStream_Model'>, 'STKEC': <class 'src.model.model.STKEC_Model'>, 'EAC': <class 'src.model.model.EAC_Model'>, 'Universal': <class 'src.model.model.Universal_Model'>, 'TEAM': <class 'src.model.model.TEAM_Model'>}, 'begin_year': 2017, 'end_year': 2020, 'dropout': 0.0, 'lr': 0.01, 'batch_size': 16, 'epoch': 1, 'loss': 'mse', 'activation': 'relu', 'scheduler': 'epo', 'train': 1, 'y_len': 12, 'x_len': 12, 'n_heads': 3, 'in_channels': 1, 'K': 3, 'nb_block': 1, 'nb_chev_filter': 64, 'nb_time_filter': 64, 'num_of_hours': 1, 'missing_value': 0.0, 'gcn': {'in_channel': 12, 'out_channel': 12, 'hidden_channel': 64}, 'tcn': {'in_channel': 1, 'out_channel': 1, 'kernel_size': 3, 'dilation': 1}, 'data_process': 0, 'auto_test': 1, 'raw_data_path': 'data/SD/finaldata/', 'save_data_path': 'data/SD/FastData/', 'graph_path': 'data/SD/graph', 'model_path': 'log/SD/', 'strategy': 'incremental', 'init': True, 'increase': True, 'decrease': True, 'num_hops': 2, 'detect': True, 'detect_strategy': 'original', 'ewc': True, 'ewc_strategy': 'ewc', 'ewc_lambda': 0.001, 'replay': True, 'replay_strategy': 'distribution', 'repaly_num_samples': 100, 'path': 'log/SD/team-42', 'logger': <Logger utils.initialize (INFO)>}
2025-05-29 11:17:38,483 - [*] Year 2017 load from data/SD/FastData/2017.npz
2025-05-29 11:17:38,765 - [*] load from /home/bd2/ANATS/Oline_Baselines/log/SD/TEAM-42/2017/51.0326.pkl
2025-05-29 11:19:13,134 - [*] loss:4708.8931
2025-05-29 11:19:13,839 - [*] year 2017, testing
2025-05-29 11:19:18,422 - T:3	MAE	35.8120	RMSE	56.8149	MAPE	39.0340
2025-05-29 11:19:27,292 - T:6	MAE	38.7162	RMSE	60.3181	MAPE	40.8999
2025-05-29 11:19:56,813 - T:12	MAE	44.8839	RMSE	68.2810	MAPE	45.6454
2025-05-29 11:19:56,814 - T:Avg	MAE	39.2929	RMSE	61.1426	MAPE	41.4960
2025-05-29 11:19:56,850 - [*] Year 2018 load from data/SD/FastData/2018.npz
2025-05-29 11:19:56,881 - [*] load from /home/bd2/ANATS/Oline_Baselines/log/SD/TEAM-42/2017/51.0326.pkl
2025-05-29 11:24:53,051 - logger name:log/SD/team-42/team.log
2025-05-29 11:24:53,052 - params : {'conf': 'conf/SD/team.json', 'seed': 42, 'paral': 0, 'gpuid': 2, 'logname': 'team', 'method': 'TEAM', 'load_first_year': 1, 'first_year_model_path': '/home/bd2/ANATS/Oline_Baselines/log/SD/TEAM-42/2017/51.0326.pkl', 'device': device(type='cuda', index=2), 'methods': {'TrafficStream': <class 'src.model.model.TrafficStream_Model'>, 'STKEC': <class 'src.model.model.STKEC_Model'>, 'EAC': <class 'src.model.model.EAC_Model'>, 'Universal': <class 'src.model.model.Universal_Model'>, 'TEAM': <class 'src.model.model.TEAM_Model'>}, 'begin_year': 2017, 'end_year': 2020, 'dropout': 0.0, 'lr': 0.01, 'batch_size': 16, 'epoch': 1, 'loss': 'mse', 'activation': 'relu', 'scheduler': 'epo', 'train': 1, 'y_len': 12, 'x_len': 12, 'n_heads': 3, 'in_channels': 1, 'K': 3, 'nb_block': 1, 'nb_chev_filter': 64, 'nb_time_filter': 64, 'num_of_hours': 1, 'missing_value': 0.0, 'gcn': {'in_channel': 12, 'out_channel': 12, 'hidden_channel': 64}, 'tcn': {'in_channel': 1, 'out_channel': 1, 'kernel_size': 3, 'dilation': 1}, 'data_process': 0, 'auto_test': 1, 'raw_data_path': 'data/SD/finaldata/', 'save_data_path': 'data/SD/FastData/', 'graph_path': 'data/SD/graph', 'model_path': 'log/SD/', 'strategy': 'incremental', 'init': True, 'increase': True, 'decrease': True, 'num_hops': 2, 'detect': True, 'detect_strategy': 'original', 'ewc': True, 'ewc_strategy': 'ewc', 'ewc_lambda': 0.001, 'replay': True, 'replay_strategy': 'distribution', 'repaly_num_samples': 100, 'path': 'log/SD/team-42', 'logger': <Logger utils.initialize (INFO)>}
2025-05-29 11:24:53,083 - [*] Year 2017 load from data/SD/FastData/2017.npz
2025-05-29 11:24:53,373 - [*] load from /home/bd2/ANATS/Oline_Baselines/log/SD/TEAM-42/2017/51.0326.pkl
2025-05-29 11:26:25,307 - logger name:log/SD/team-42/team.log
2025-05-29 11:26:25,307 - params : {'conf': 'conf/SD/team.json', 'seed': 42, 'paral': 0, 'gpuid': 2, 'logname': 'team', 'method': 'TEAM', 'load_first_year': 1, 'first_year_model_path': '/home/bd2/ANATS/Oline_Baselines/log/SD/TEAM-42/2017/51.0326.pkl', 'device': device(type='cuda', index=2), 'methods': {'TrafficStream': <class 'src.model.model.TrafficStream_Model'>, 'STKEC': <class 'src.model.model.STKEC_Model'>, 'EAC': <class 'src.model.model.EAC_Model'>, 'Universal': <class 'src.model.model.Universal_Model'>, 'TEAM': <class 'src.model.model.TEAM_Model'>}, 'begin_year': 2017, 'end_year': 2020, 'dropout': 0.0, 'lr': 0.01, 'batch_size': 16, 'epoch': 1, 'loss': 'mse', 'activation': 'relu', 'scheduler': 'epo', 'train': 1, 'y_len': 12, 'x_len': 12, 'n_heads': 3, 'in_channels': 1, 'K': 3, 'nb_block': 1, 'nb_chev_filter': 64, 'nb_time_filter': 64, 'num_of_hours': 1, 'missing_value': 0.0, 'gcn': {'in_channel': 12, 'out_channel': 12, 'hidden_channel': 64}, 'tcn': {'in_channel': 1, 'out_channel': 1, 'kernel_size': 3, 'dilation': 1}, 'data_process': 0, 'auto_test': 1, 'raw_data_path': 'data/SD/finaldata/', 'save_data_path': 'data/SD/FastData/', 'graph_path': 'data/SD/graph', 'model_path': 'log/SD/', 'strategy': 'incremental', 'init': True, 'increase': True, 'decrease': True, 'num_hops': 2, 'detect': True, 'detect_strategy': 'original', 'ewc': True, 'ewc_strategy': 'ewc', 'ewc_lambda': 0.001, 'replay': True, 'replay_strategy': 'distribution', 'repaly_num_samples': 100, 'path': 'log/SD/team-42', 'logger': <Logger utils.initialize (INFO)>}
2025-05-29 11:26:25,339 - [*] Year 2017 load from data/SD/FastData/2017.npz
2025-05-29 11:26:25,614 - [*] load from /home/bd2/ANATS/Oline_Baselines/log/SD/TEAM-42/2017/51.0326.pkl
2025-05-29 11:26:25,820 - [*] Year 2018 load from data/SD/FastData/2018.npz
2025-05-29 11:26:25,828 - [*] load from /home/bd2/ANATS/Oline_Baselines/log/SD/TEAM-42/2017/51.0326.pkl
2025-05-29 11:27:09,279 - logger name:log/SD/team-42/team.log
2025-05-29 11:27:09,280 - params : {'conf': 'conf/SD/team.json', 'seed': 42, 'paral': 0, 'gpuid': 2, 'logname': 'team', 'method': 'TEAM', 'load_first_year': 1, 'first_year_model_path': '/home/bd2/ANATS/Oline_Baselines/log/SD/TEAM-42/2017/51.0326.pkl', 'device': device(type='cuda', index=2), 'methods': {'TrafficStream': <class 'src.model.model.TrafficStream_Model'>, 'STKEC': <class 'src.model.model.STKEC_Model'>, 'EAC': <class 'src.model.model.EAC_Model'>, 'Universal': <class 'src.model.model.Universal_Model'>, 'TEAM': <class 'src.model.model.TEAM_Model'>}, 'begin_year': 2017, 'end_year': 2020, 'dropout': 0.0, 'lr': 0.01, 'batch_size': 16, 'epoch': 1, 'loss': 'mse', 'activation': 'relu', 'scheduler': 'epo', 'train': 1, 'y_len': 12, 'x_len': 12, 'n_heads': 3, 'in_channels': 1, 'K': 3, 'nb_block': 1, 'nb_chev_filter': 64, 'nb_time_filter': 64, 'num_of_hours': 1, 'missing_value': 0.0, 'gcn': {'in_channel': 12, 'out_channel': 12, 'hidden_channel': 64}, 'tcn': {'in_channel': 1, 'out_channel': 1, 'kernel_size': 3, 'dilation': 1}, 'data_process': 0, 'auto_test': 1, 'raw_data_path': 'data/SD/finaldata/', 'save_data_path': 'data/SD/FastData/', 'graph_path': 'data/SD/graph', 'model_path': 'log/SD/', 'strategy': 'incremental', 'init': True, 'increase': True, 'decrease': True, 'num_hops': 2, 'detect': True, 'detect_strategy': 'original', 'ewc': True, 'ewc_strategy': 'ewc', 'ewc_lambda': 0.001, 'replay': True, 'replay_strategy': 'distribution', 'repaly_num_samples': 100, 'path': 'log/SD/team-42', 'logger': <Logger utils.initialize (INFO)>}
2025-05-29 11:27:09,313 - [*] Year 2017 load from data/SD/FastData/2017.npz
2025-05-29 11:27:09,609 - [*] load from /home/bd2/ANATS/Oline_Baselines/log/SD/TEAM-42/2017/51.0326.pkl
2025-05-29 11:27:09,815 - [*] Year 2018 load from data/SD/FastData/2018.npz
2025-05-29 11:27:09,823 - [*] load from /home/bd2/ANATS/Oline_Baselines/log/SD/TEAM-42/2017/51.0326.pkl
2025-05-29 11:27:41,596 - logger name:log/SD/team-42/team.log
2025-05-29 11:27:41,597 - params : {'conf': 'conf/SD/team.json', 'seed': 42, 'paral': 0, 'gpuid': 2, 'logname': 'team', 'method': 'TEAM', 'load_first_year': 1, 'first_year_model_path': '/home/bd2/ANATS/Oline_Baselines/log/SD/TEAM-42/2017/51.0326.pkl', 'device': device(type='cuda', index=2), 'methods': {'TrafficStream': <class 'src.model.model.TrafficStream_Model'>, 'STKEC': <class 'src.model.model.STKEC_Model'>, 'EAC': <class 'src.model.model.EAC_Model'>, 'Universal': <class 'src.model.model.Universal_Model'>, 'TEAM': <class 'src.model.model.TEAM_Model'>}, 'begin_year': 2017, 'end_year': 2020, 'dropout': 0.0, 'lr': 0.01, 'batch_size': 16, 'epoch': 1, 'loss': 'mse', 'activation': 'relu', 'scheduler': 'epo', 'train': 1, 'y_len': 12, 'x_len': 12, 'n_heads': 3, 'in_channels': 1, 'K': 3, 'nb_block': 1, 'nb_chev_filter': 64, 'nb_time_filter': 64, 'num_of_hours': 1, 'missing_value': 0.0, 'gcn': {'in_channel': 12, 'out_channel': 12, 'hidden_channel': 64}, 'tcn': {'in_channel': 1, 'out_channel': 1, 'kernel_size': 3, 'dilation': 1}, 'data_process': 0, 'auto_test': 1, 'raw_data_path': 'data/SD/finaldata/', 'save_data_path': 'data/SD/FastData/', 'graph_path': 'data/SD/graph', 'model_path': 'log/SD/', 'strategy': 'incremental', 'init': True, 'increase': True, 'decrease': True, 'num_hops': 2, 'detect': True, 'detect_strategy': 'original', 'ewc': True, 'ewc_strategy': 'ewc', 'ewc_lambda': 0.001, 'replay': True, 'replay_strategy': 'distribution', 'replay_num_samples': 100, 'path': 'log/SD/team-42', 'logger': <Logger utils.initialize (INFO)>}
2025-05-29 11:27:41,628 - [*] Year 2017 load from data/SD/FastData/2017.npz
2025-05-29 11:27:41,912 - [*] load from /home/bd2/ANATS/Oline_Baselines/log/SD/TEAM-42/2017/51.0326.pkl
2025-05-29 11:27:42,117 - [*] Year 2018 load from data/SD/FastData/2018.npz
2025-05-29 11:27:42,125 - [*] load from /home/bd2/ANATS/Oline_Baselines/log/SD/TEAM-42/2017/51.0326.pkl
2025-05-29 11:28:40,950 - logger name:log/SD/team-42/team.log
2025-05-29 11:28:40,950 - params : {'conf': 'conf/SD/team.json', 'seed': 42, 'paral': 0, 'gpuid': 2, 'logname': 'team', 'method': 'TEAM', 'load_first_year': 0, 'first_year_model_path': '/home/bd2/ANATS/Oline_Baselines/log/SD/TEAM-42/2017/51.0326.pkl', 'device': device(type='cuda', index=2), 'methods': {'TrafficStream': <class 'src.model.model.TrafficStream_Model'>, 'STKEC': <class 'src.model.model.STKEC_Model'>, 'EAC': <class 'src.model.model.EAC_Model'>, 'Universal': <class 'src.model.model.Universal_Model'>, 'TEAM': <class 'src.model.model.TEAM_Model'>}, 'begin_year': 2017, 'end_year': 2020, 'dropout': 0.0, 'lr': 0.01, 'batch_size': 16, 'epoch': 100, 'loss': 'mse', 'activation': 'relu', 'scheduler': 'epo', 'train': 1, 'y_len': 12, 'x_len': 12, 'n_heads': 3, 'in_channels': 1, 'K': 3, 'nb_block': 1, 'nb_chev_filter': 64, 'nb_time_filter': 64, 'num_of_hours': 1, 'missing_value': 0.0, 'gcn': {'in_channel': 12, 'out_channel': 12, 'hidden_channel': 64}, 'tcn': {'in_channel': 1, 'out_channel': 1, 'kernel_size': 3, 'dilation': 1}, 'data_process': 0, 'auto_test': 1, 'raw_data_path': 'data/SD/finaldata/', 'save_data_path': 'data/SD/FastData/', 'graph_path': 'data/SD/graph', 'model_path': 'log/SD/', 'strategy': 'incremental', 'init': True, 'increase': True, 'decrease': True, 'num_hops': 2, 'detect': True, 'detect_strategy': 'original', 'ewc': True, 'ewc_strategy': 'ewc', 'ewc_lambda': 0.001, 'replay': True, 'replay_strategy': 'distribution', 'replay_num_samples': 100, 'path': 'log/SD/team-42', 'logger': <Logger utils.initialize (INFO)>}
2025-05-29 11:28:40,978 - [*] Year 2017 load from data/SD/FastData/2017.npz
2025-05-29 11:28:46,495 - [*] Year 2017 Dataset load!
2025-05-29 11:28:46,568 - Total Parameters: 71948
2025-05-29 11:28:46,568 - Trainable Parameters: 71948
2025-05-29 11:28:46,568 - [*] Year 2017 Training start
2025-05-29 11:28:46,917 - node number torch.Size([11280, 12])
2025-05-29 11:31:13,604 - epoch:0, training loss:5221.2297 validation loss:62.2977
2025-05-29 11:33:44,051 - epoch:1, training loss:5152.2649 validation loss:55.9722
2025-05-29 11:36:10,851 - epoch:2, training loss:6155.5198 validation loss:54.0785
2025-05-29 11:38:38,102 - epoch:3, training loss:5561.1589 validation loss:46.2101
2025-05-29 11:41:04,703 - epoch:4, training loss:4482.9777 validation loss:41.9492
2025-05-29 11:43:30,038 - epoch:5, training loss:4375.5569 validation loss:48.1124
2025-05-29 11:45:54,732 - epoch:6, training loss:3954.6944 validation loss:46.2101
2025-05-29 11:48:19,460 - epoch:7, training loss:3636.2873 validation loss:43.5587
2025-05-29 11:50:42,612 - epoch:8, training loss:3351.9523 validation loss:38.8605
2025-05-29 11:53:06,669 - epoch:9, training loss:3135.8678 validation loss:38.6019
2025-05-29 11:55:31,092 - epoch:10, training loss:4061.1279 validation loss:40.5328
2025-05-29 11:57:59,033 - epoch:11, training loss:5728.8047 validation loss:59.0892
2025-05-29 12:00:25,088 - epoch:12, training loss:10225.2986 validation loss:69.0253
2025-05-29 12:02:50,199 - epoch:13, training loss:9814.0702 validation loss:62.7199
2025-05-29 12:05:15,114 - epoch:14, training loss:11397.2299 validation loss:74.0670
2025-05-29 12:07:40,256 - epoch:15, training loss:9920.8961 validation loss:66.3954
2025-05-29 12:08:30,686 - [*] loss:2691.3208
2025-05-29 12:08:31,959 - [*] year 2017, testing
2025-05-29 12:08:39,410 - T:3	MAE	28.9929	RMSE	42.6369	MAPE	26.8138
2025-05-29 12:08:58,930 - T:6	MAE	30.7783	RMSE	45.4074	MAPE	26.6165
2025-05-29 12:10:10,070 - T:12	MAE	34.7907	RMSE	51.4867	MAPE	27.7377
2025-05-29 12:10:10,070 - T:Avg	MAE	31.1610	RMSE	45.9624	MAPE	26.9632
2025-05-29 12:10:10,073 - Finished optimization, total time:1526.87 s, best model:log/SD/team-42/2017/38.6019.pkl
2025-05-29 12:10:10,122 - [*] Year 2018 load from data/SD/FastData/2018.npz
2025-05-29 12:10:10,156 - [*] load from log/SD/team-42/2017/38.6019.pkl
2025-05-29 12:10:12,585 - number of increase nodes:137, nodes after 2 hop:torch.Size([620]), total nodes this year 708
2025-05-29 12:10:26,866 - [*] Year 2018 Dataset load!
2025-05-29 12:10:26,867 - [*] load from log/SD/team-42/2017/38.6019.pkl
2025-05-29 12:10:26,876 - [*] EWC! lambda 0.001000
2025-06-01 22:44:20,451 - logger name:log/SD/team-42/team.log
2025-06-01 22:44:20,452 - params : {'conf': 'conf/SD/team.json', 'seed': 42, 'paral': 0, 'gpuid': 2, 'logname': 'team', 'method': 'TEAM', 'load_first_year': 1, 'first_year_model_path': '/home/bd2/ANATS/Online_Baselines/log/SD/team-42/2017/38.6019.pkl', 'device': device(type='cuda', index=2), 'methods': {'TrafficStream': <class 'src.model.model.TrafficStream_Model'>, 'STKEC': <class 'src.model.model.STKEC_Model'>, 'EAC': <class 'src.model.model.EAC_Model'>, 'Universal': <class 'src.model.model.Universal_Model'>, 'TEAM': <class 'src.model.model.TEAM_Model'>}, 'begin_year': 2017, 'end_year': 2020, 'dropout': 0.0, 'lr': 0.01, 'batch_size': 16, 'epoch': 100, 'loss': 'mse', 'activation': 'relu', 'scheduler': 'epo', 'train': 1, 'y_len': 12, 'x_len': 12, 'n_heads': 3, 'in_channels': 1, 'K': 3, 'nb_block': 1, 'nb_chev_filter': 64, 'nb_time_filter': 64, 'num_of_hours': 1, 'missing_value': 0.0, 'gcn': {'in_channel': 12, 'out_channel': 12, 'hidden_channel': 64}, 'tcn': {'in_channel': 1, 'out_channel': 1, 'kernel_size': 3, 'dilation': 1}, 'data_process': 0, 'auto_test': 1, 'raw_data_path': 'data/SD/finaldata/', 'save_data_path': 'data/SD/FastData/', 'graph_path': 'data/SD/graph', 'model_path': 'log/SD/', 'strategy': 'incremental', 'init': True, 'increase': True, 'decrease': True, 'num_hops': 2, 'detect': True, 'detect_strategy': 'original', 'ewc': True, 'ewc_strategy': 'ewc', 'ewc_lambda': 0.001, 'replay': True, 'replay_strategy': 'distribution', 'replay_num_samples': 100, 'path': 'log/SD/team-42', 'logger': <Logger utils.initialize (INFO)>}
2025-06-01 22:44:20,485 - [*] Year 2017 load from data/SD/FastData/2017.npz
2025-06-01 22:44:20,743 - [*] load from /home/bd2/ANATS/Online_Baselines/log/SD/team-42/2017/38.6019.pkl
2025-06-01 22:45:13,178 - [*] loss:2691.3208
2025-06-01 22:45:13,835 - [*] year 2017, testing
2025-06-01 22:45:18,337 - T:3	MAE	28.9929	RMSE	42.6369	MAPE	26.8138
2025-06-01 22:45:27,259 - T:6	MAE	30.7783	RMSE	45.4074	MAPE	26.6165
2025-06-01 22:45:57,860 - T:12	MAE	34.7907	RMSE	51.4867	MAPE	27.7377
2025-06-01 22:45:57,861 - T:Avg	MAE	31.1610	RMSE	45.9624	MAPE	26.9632
2025-06-01 22:45:57,897 - [*] Year 2018 load from data/SD/FastData/2018.npz
2025-06-01 22:45:57,928 - [*] load from /home/bd2/ANATS/Online_Baselines/log/SD/team-42/2017/38.6019.pkl
2025-06-01 22:45:59,897 - number of increase nodes:137, nodes after 2 hop:torch.Size([620]), total nodes this year 708
2025-06-01 22:46:11,128 - [*] Year 2018 Dataset load!
2025-06-01 22:46:11,128 - [*] load from /home/bd2/ANATS/Online_Baselines/log/SD/team-42/2017/38.6019.pkl
2025-06-01 22:46:11,135 - [*] EWC! lambda 0.001000
2025-06-01 22:47:03,472 - logger name:log/SD/team-42/team.log
2025-06-01 22:47:03,472 - params : {'conf': 'conf/SD/team.json', 'seed': 42, 'paral': 0, 'gpuid': 2, 'logname': 'team', 'method': 'TEAM', 'load_first_year': 1, 'first_year_model_path': '/home/bd2/ANATS/Online_Baselines/log/SD/team-42/2017/38.6019.pkl', 'device': device(type='cuda', index=2), 'methods': {'TrafficStream': <class 'src.model.model.TrafficStream_Model'>, 'STKEC': <class 'src.model.model.STKEC_Model'>, 'EAC': <class 'src.model.model.EAC_Model'>, 'Universal': <class 'src.model.model.Universal_Model'>, 'TEAM': <class 'src.model.model.TEAM_Model'>}, 'begin_year': 2017, 'end_year': 2020, 'dropout': 0.0, 'lr': 0.01, 'batch_size': 16, 'epoch': 100, 'loss': 'mse', 'activation': 'relu', 'scheduler': 'epo', 'train': 1, 'y_len': 12, 'x_len': 12, 'n_heads': 3, 'in_channels': 1, 'K': 3, 'nb_block': 1, 'nb_chev_filter': 64, 'nb_time_filter': 64, 'num_of_hours': 1, 'missing_value': 0.0, 'gcn': {'in_channel': 12, 'out_channel': 12, 'hidden_channel': 64}, 'tcn': {'in_channel': 1, 'out_channel': 1, 'kernel_size': 3, 'dilation': 1}, 'data_process': 0, 'auto_test': 1, 'raw_data_path': 'data/SD/finaldata/', 'save_data_path': 'data/SD/FastData/', 'graph_path': 'data/SD/graph', 'model_path': 'log/SD/', 'strategy': 'incremental', 'init': True, 'increase': True, 'decrease': True, 'num_hops': 2, 'detect': True, 'detect_strategy': 'original', 'ewc': True, 'ewc_strategy': 'ewc', 'ewc_lambda': 0.001, 'replay': True, 'replay_strategy': 'distribution', 'replay_num_samples': 100, 'path': 'log/SD/team-42', 'logger': <Logger utils.initialize (INFO)>}
2025-06-01 22:47:03,501 - [*] Year 2017 load from data/SD/FastData/2017.npz
2025-06-01 22:47:03,863 - [*] load from /home/bd2/ANATS/Online_Baselines/log/SD/team-42/2017/38.6019.pkl
2025-06-01 22:47:55,963 - [*] loss:2691.3208
2025-06-01 22:47:56,596 - [*] year 2017, testing
2025-06-01 22:48:01,119 - T:3	MAE	28.9929	RMSE	42.6369	MAPE	26.8138
2025-06-01 22:48:10,081 - T:6	MAE	30.7783	RMSE	45.4074	MAPE	26.6165
2025-06-01 22:48:40,160 - T:12	MAE	34.7907	RMSE	51.4867	MAPE	27.7377
2025-06-01 22:48:40,160 - T:Avg	MAE	31.1610	RMSE	45.9624	MAPE	26.9632
2025-06-01 22:48:40,191 - [*] Year 2018 load from data/SD/FastData/2018.npz
2025-06-01 22:48:40,221 - [*] load from /home/bd2/ANATS/Online_Baselines/log/SD/team-42/2017/38.6019.pkl
2025-06-01 22:48:41,715 - number of increase nodes:137, nodes after 2 hop:torch.Size([620]), total nodes this year 708
2025-06-01 22:48:49,855 - [*] Year 2018 Dataset load!
2025-06-01 22:48:49,855 - [*] load from /home/bd2/ANATS/Online_Baselines/log/SD/team-42/2017/38.6019.pkl
2025-06-01 22:48:49,864 - [*] EWC! lambda 0.001000
2025-06-01 22:49:59,517 - logger name:log/SD/team-42/team.log
2025-06-01 22:49:59,517 - params : {'conf': 'conf/SD/team.json', 'seed': 42, 'paral': 0, 'gpuid': 2, 'logname': 'team', 'method': 'TEAM', 'load_first_year': 1, 'first_year_model_path': '/home/bd2/ANATS/Online_Baselines/log/SD/team-42/2017/38.6019.pkl', 'device': device(type='cuda', index=2), 'methods': {'TrafficStream': <class 'src.model.model.TrafficStream_Model'>, 'STKEC': <class 'src.model.model.STKEC_Model'>, 'EAC': <class 'src.model.model.EAC_Model'>, 'Universal': <class 'src.model.model.Universal_Model'>, 'TEAM': <class 'src.model.model.TEAM_Model'>}, 'begin_year': 2017, 'end_year': 2020, 'dropout': 0.0, 'lr': 0.01, 'batch_size': 16, 'epoch': 100, 'loss': 'mse', 'activation': 'relu', 'scheduler': 'epo', 'train': 1, 'y_len': 12, 'x_len': 12, 'n_heads': 3, 'in_channels': 1, 'K': 3, 'nb_block': 1, 'nb_chev_filter': 64, 'nb_time_filter': 64, 'num_of_hours': 1, 'missing_value': 0.0, 'gcn': {'in_channel': 12, 'out_channel': 12, 'hidden_channel': 64}, 'tcn': {'in_channel': 1, 'out_channel': 1, 'kernel_size': 3, 'dilation': 1}, 'data_process': 0, 'auto_test': 1, 'raw_data_path': 'data/SD/finaldata/', 'save_data_path': 'data/SD/FastData/', 'graph_path': 'data/SD/graph', 'model_path': 'log/SD/', 'strategy': 'incremental', 'init': True, 'increase': True, 'decrease': True, 'num_hops': 2, 'detect': True, 'detect_strategy': 'original', 'ewc': True, 'ewc_strategy': 'ewc', 'ewc_lambda': 0.001, 'replay': True, 'replay_strategy': 'distribution', 'replay_num_samples': 100, 'path': 'log/SD/team-42', 'logger': <Logger utils.initialize (INFO)>}
2025-06-01 22:49:59,544 - [*] Year 2017 load from data/SD/FastData/2017.npz
2025-06-01 22:49:59,803 - [*] load from /home/bd2/ANATS/Online_Baselines/log/SD/team-42/2017/38.6019.pkl
2025-06-01 22:50:51,177 - [*] loss:2691.3208
2025-06-01 22:50:51,835 - [*] year 2017, testing
2025-06-01 22:50:56,290 - T:3	MAE	28.9929	RMSE	42.6369	MAPE	26.8138
2025-06-01 22:51:05,150 - T:6	MAE	30.7783	RMSE	45.4074	MAPE	26.6165
2025-06-01 22:51:34,803 - T:12	MAE	34.7907	RMSE	51.4867	MAPE	27.7377
2025-06-01 22:51:34,803 - T:Avg	MAE	31.1610	RMSE	45.9624	MAPE	26.9632
2025-06-01 22:51:34,833 - [*] Year 2018 load from data/SD/FastData/2018.npz
2025-06-01 22:51:34,863 - [*] load from /home/bd2/ANATS/Online_Baselines/log/SD/team-42/2017/38.6019.pkl
2025-06-01 22:51:36,318 - number of increase nodes:137, nodes after 2 hop:torch.Size([620]), total nodes this year 708
2025-06-01 22:51:44,337 - [*] Year 2018 Dataset load!
2025-06-01 22:51:44,337 - [*] load from /home/bd2/ANATS/Online_Baselines/log/SD/team-42/2017/38.6019.pkl
2025-06-01 22:51:44,344 - [*] EWC! lambda 0.001000
2025-06-01 22:56:08,961 - logger name:log/SD/team-42/team.log
2025-06-01 22:56:08,962 - params : {'conf': 'conf/SD/team.json', 'seed': 42, 'paral': 0, 'gpuid': 2, 'logname': 'team', 'method': 'TEAM', 'load_first_year': 1, 'first_year_model_path': '/home/bd2/ANATS/Online_Baselines/log/SD/team-42/2017/38.6019.pkl', 'device': device(type='cuda', index=2), 'methods': {'TrafficStream': <class 'src.model.model.TrafficStream_Model'>, 'STKEC': <class 'src.model.model.STKEC_Model'>, 'EAC': <class 'src.model.model.EAC_Model'>, 'Universal': <class 'src.model.model.Universal_Model'>, 'TEAM': <class 'src.model.model.TEAM_Model'>}, 'begin_year': 2017, 'end_year': 2020, 'dropout': 0.0, 'lr': 0.01, 'batch_size': 16, 'epoch': 100, 'loss': 'mse', 'activation': 'relu', 'scheduler': 'epo', 'train': 1, 'y_len': 12, 'x_len': 12, 'n_heads': 3, 'in_channels': 1, 'K': 3, 'nb_block': 1, 'nb_chev_filter': 64, 'nb_time_filter': 64, 'num_of_hours': 1, 'missing_value': 0.0, 'gcn': {'in_channel': 12, 'out_channel': 12, 'hidden_channel': 64}, 'tcn': {'in_channel': 1, 'out_channel': 1, 'kernel_size': 3, 'dilation': 1}, 'data_process': 0, 'auto_test': 1, 'raw_data_path': 'data/SD/finaldata/', 'save_data_path': 'data/SD/FastData/', 'graph_path': 'data/SD/graph', 'model_path': 'log/SD/', 'strategy': 'incremental', 'init': True, 'increase': True, 'decrease': True, 'num_hops': 2, 'detect': True, 'detect_strategy': 'original', 'ewc': True, 'ewc_strategy': 'ewc', 'ewc_lambda': 0.001, 'replay': True, 'replay_strategy': 'distribution', 'replay_num_samples': 100, 'path': 'log/SD/team-42', 'logger': <Logger utils.initialize (INFO)>}
2025-06-01 22:56:08,990 - [*] Year 2017 load from data/SD/FastData/2017.npz
2025-06-01 22:56:09,245 - [*] load from /home/bd2/ANATS/Online_Baselines/log/SD/team-42/2017/38.6019.pkl
2025-06-01 22:56:11,095 - [*] Year 2018 load from data/SD/FastData/2018.npz
2025-06-01 22:56:11,105 - [*] load from /home/bd2/ANATS/Online_Baselines/log/SD/team-42/2017/38.6019.pkl
2025-06-01 22:56:12,571 - number of increase nodes:137, nodes after 2 hop:torch.Size([620]), total nodes this year 708
2025-06-01 22:56:20,670 - [*] Year 2018 Dataset load!
2025-06-01 22:56:20,670 - [*] load from /home/bd2/ANATS/Online_Baselines/log/SD/team-42/2017/38.6019.pkl
2025-06-01 22:56:20,678 - [*] EWC! lambda 0.001000
2025-06-01 22:57:25,540 - logger name:log/SD/team-42/team.log
2025-06-01 22:57:25,540 - params : {'conf': 'conf/SD/team.json', 'seed': 42, 'paral': 0, 'gpuid': 2, 'logname': 'team', 'method': 'TEAM', 'load_first_year': 1, 'first_year_model_path': '/home/bd2/ANATS/Online_Baselines/log/SD/team-42/2017/38.6019.pkl', 'device': device(type='cuda', index=2), 'methods': {'TrafficStream': <class 'src.model.model.TrafficStream_Model'>, 'STKEC': <class 'src.model.model.STKEC_Model'>, 'EAC': <class 'src.model.model.EAC_Model'>, 'Universal': <class 'src.model.model.Universal_Model'>, 'TEAM': <class 'src.model.model.TEAM_Model'>}, 'begin_year': 2017, 'end_year': 2020, 'dropout': 0.0, 'lr': 0.01, 'batch_size': 16, 'epoch': 100, 'loss': 'mse', 'activation': 'relu', 'scheduler': 'epo', 'train': 1, 'y_len': 12, 'x_len': 12, 'n_heads': 3, 'in_channels': 1, 'K': 3, 'nb_block': 1, 'nb_chev_filter': 64, 'nb_time_filter': 64, 'num_of_hours': 1, 'missing_value': 0.0, 'gcn': {'in_channel': 12, 'out_channel': 12, 'hidden_channel': 64}, 'tcn': {'in_channel': 1, 'out_channel': 1, 'kernel_size': 3, 'dilation': 1}, 'data_process': 0, 'auto_test': 1, 'raw_data_path': 'data/SD/finaldata/', 'save_data_path': 'data/SD/FastData/', 'graph_path': 'data/SD/graph', 'model_path': 'log/SD/', 'strategy': 'incremental', 'init': True, 'increase': True, 'decrease': True, 'num_hops': 2, 'detect': True, 'detect_strategy': 'original', 'ewc': True, 'ewc_strategy': 'ewc', 'ewc_lambda': 0.001, 'replay': True, 'replay_strategy': 'distribution', 'replay_num_samples': 100, 'path': 'log/SD/team-42', 'logger': <Logger utils.initialize (INFO)>}
2025-06-01 22:57:25,568 - [*] Year 2017 load from data/SD/FastData/2017.npz
2025-06-01 22:57:25,831 - [*] load from /home/bd2/ANATS/Online_Baselines/log/SD/team-42/2017/38.6019.pkl
2025-06-01 22:57:27,683 - [*] Year 2018 load from data/SD/FastData/2018.npz
2025-06-01 22:57:27,694 - [*] load from /home/bd2/ANATS/Online_Baselines/log/SD/team-42/2017/38.6019.pkl
2025-06-01 22:57:29,150 - number of increase nodes:137, nodes after 2 hop:torch.Size([620]), total nodes this year 708
2025-06-01 22:57:37,258 - [*] Year 2018 Dataset load!
2025-06-01 22:57:37,258 - [*] load from /home/bd2/ANATS/Online_Baselines/log/SD/team-42/2017/38.6019.pkl
2025-06-01 22:57:37,265 - [*] EWC! lambda 0.001000
2025-06-01 23:00:17,158 - logger name:log/SD/team-42/team.log
2025-06-01 23:00:17,159 - params : {'conf': 'conf/SD/team.json', 'seed': 42, 'paral': 0, 'gpuid': 2, 'logname': 'team', 'method': 'TEAM', 'load_first_year': 1, 'first_year_model_path': '/home/bd2/ANATS/Online_Baselines/log/SD/team-42/2017/38.6019.pkl', 'device': device(type='cuda', index=2), 'methods': {'TrafficStream': <class 'src.model.model.TrafficStream_Model'>, 'STKEC': <class 'src.model.model.STKEC_Model'>, 'EAC': <class 'src.model.model.EAC_Model'>, 'Universal': <class 'src.model.model.Universal_Model'>, 'TEAM': <class 'src.model.model.TEAM_Model'>}, 'begin_year': 2017, 'end_year': 2020, 'dropout': 0.0, 'lr': 0.01, 'batch_size': 16, 'epoch': 100, 'loss': 'mse', 'activation': 'relu', 'scheduler': 'epo', 'train': 1, 'y_len': 12, 'x_len': 12, 'n_heads': 3, 'in_channels': 1, 'K': 3, 'nb_block': 1, 'nb_chev_filter': 64, 'nb_time_filter': 64, 'num_of_hours': 1, 'missing_value': 0.0, 'gcn': {'in_channel': 12, 'out_channel': 12, 'hidden_channel': 64}, 'tcn': {'in_channel': 1, 'out_channel': 1, 'kernel_size': 3, 'dilation': 1}, 'data_process': 0, 'auto_test': 1, 'raw_data_path': 'data/SD/finaldata/', 'save_data_path': 'data/SD/FastData/', 'graph_path': 'data/SD/graph', 'model_path': 'log/SD/', 'strategy': 'incremental', 'init': True, 'increase': True, 'decrease': True, 'num_hops': 2, 'detect': True, 'detect_strategy': 'original', 'ewc': True, 'ewc_strategy': 'ewc', 'ewc_lambda': 0.001, 'replay': True, 'replay_strategy': 'distribution', 'replay_num_samples': 100, 'path': 'log/SD/team-42', 'logger': <Logger utils.initialize (INFO)>}
2025-06-01 23:00:17,187 - [*] Year 2017 load from data/SD/FastData/2017.npz
2025-06-01 23:00:17,450 - [*] load from /home/bd2/ANATS/Online_Baselines/log/SD/team-42/2017/38.6019.pkl
2025-06-01 23:00:19,307 - [*] Year 2018 load from data/SD/FastData/2018.npz
2025-06-01 23:00:19,316 - [*] load from /home/bd2/ANATS/Online_Baselines/log/SD/team-42/2017/38.6019.pkl
2025-06-01 23:00:20,777 - number of increase nodes:137, nodes after 2 hop:torch.Size([620]), total nodes this year 708
2025-06-01 23:00:28,888 - [*] Year 2018 Dataset load!
2025-06-01 23:00:28,889 - [*] load from /home/bd2/ANATS/Online_Baselines/log/SD/team-42/2017/38.6019.pkl
2025-06-01 23:00:28,896 - [*] EWC! lambda 0.001000
2025-06-01 23:02:02,751 - Total Parameters: 71948
2025-06-01 23:02:02,751 - Trainable Parameters: 71948
2025-06-01 23:02:02,751 - [*] Year 2018 Training start
2025-06-01 23:02:03,457 - node number torch.Size([9920, 12])
2025-06-01 23:03:05,035 - logger name:log/SD/team-42/team.log
2025-06-01 23:03:05,036 - params : {'conf': 'conf/SD/team.json', 'seed': 42, 'paral': 0, 'gpuid': 2, 'logname': 'team', 'method': 'TEAM', 'load_first_year': 1, 'first_year_model_path': '/home/bd2/ANATS/Online_Baselines/log/SD/team-42/2017/38.6019.pkl', 'device': device(type='cuda', index=2), 'methods': {'TrafficStream': <class 'src.model.model.TrafficStream_Model'>, 'STKEC': <class 'src.model.model.STKEC_Model'>, 'EAC': <class 'src.model.model.EAC_Model'>, 'Universal': <class 'src.model.model.Universal_Model'>, 'TEAM': <class 'src.model.model.TEAM_Model'>}, 'begin_year': 2017, 'end_year': 2020, 'dropout': 0.0, 'lr': 0.01, 'batch_size': 16, 'epoch': 100, 'loss': 'mse', 'activation': 'relu', 'scheduler': 'epo', 'train': 1, 'y_len': 12, 'x_len': 12, 'n_heads': 3, 'in_channels': 1, 'K': 3, 'nb_block': 1, 'nb_chev_filter': 64, 'nb_time_filter': 64, 'num_of_hours': 1, 'missing_value': 0.0, 'gcn': {'in_channel': 12, 'out_channel': 12, 'hidden_channel': 64}, 'tcn': {'in_channel': 1, 'out_channel': 1, 'kernel_size': 3, 'dilation': 1}, 'data_process': 0, 'auto_test': 1, 'raw_data_path': 'data/SD/finaldata/', 'save_data_path': 'data/SD/FastData/', 'graph_path': 'data/SD/graph', 'model_path': 'log/SD/', 'strategy': 'incremental', 'init': True, 'increase': True, 'decrease': True, 'num_hops': 2, 'detect': True, 'detect_strategy': 'original', 'ewc': True, 'ewc_strategy': 'ewc', 'ewc_lambda': 0.001, 'replay': True, 'replay_strategy': 'distribution', 'replay_num_samples': 100, 'path': 'log/SD/team-42', 'logger': <Logger utils.initialize (INFO)>}
2025-06-01 23:03:05,063 - [*] Year 2017 load from data/SD/FastData/2017.npz
2025-06-01 23:03:05,323 - [*] load from /home/bd2/ANATS/Online_Baselines/log/SD/team-42/2017/38.6019.pkl
2025-06-01 23:03:07,199 - [*] Year 2018 load from data/SD/FastData/2018.npz
2025-06-01 23:03:07,209 - [*] load from /home/bd2/ANATS/Online_Baselines/log/SD/team-42/2017/38.6019.pkl
2025-06-01 23:03:08,705 - number of increase nodes:137, nodes after 2 hop:torch.Size([620]), total nodes this year 708
2025-06-01 23:03:16,987 - [*] Year 2018 Dataset load!
2025-06-01 23:03:16,987 - [*] load from /home/bd2/ANATS/Online_Baselines/log/SD/team-42/2017/38.6019.pkl
2025-06-01 23:03:16,995 - [*] EWC! lambda 0.001000
2025-06-01 23:04:54,459 - Total Parameters: 71948
2025-06-01 23:04:54,459 - Trainable Parameters: 71948
2025-06-01 23:04:54,460 - [*] Year 2018 Training start
2025-06-01 23:04:55,189 - node number torch.Size([9920, 12])
2025-06-01 23:07:10,411 - epoch:0, training loss:11891.3055 validation loss:34.8502
2025-06-01 23:09:29,976 - epoch:1, training loss:11534.6765 validation loss:41.6082
2025-06-01 23:11:50,272 - epoch:2, training loss:15841.4659 validation loss:36.1186
2025-06-01 23:14:01,352 - epoch:3, training loss:7888.3878 validation loss:34.9483
2025-06-01 23:16:12,435 - epoch:4, training loss:9630.1387 validation loss:33.7260
2025-06-01 23:18:30,132 - epoch:5, training loss:8502.6288 validation loss:34.6038
2025-06-01 23:20:44,670 - epoch:6, training loss:16071.8021 validation loss:34.8886
2025-06-01 23:22:46,718 - epoch:7, training loss:8198.7352 validation loss:32.9150
2025-06-01 23:25:02,335 - epoch:8, training loss:7974.2052 validation loss:33.2141
2025-06-01 23:27:23,113 - epoch:9, training loss:28562.3469 validation loss:33.6578
2025-06-01 23:29:40,131 - epoch:10, training loss:12281.9570 validation loss:35.3514
2025-06-01 23:32:05,347 - epoch:11, training loss:8946.6857 validation loss:35.4718
2025-06-01 23:34:26,387 - epoch:12, training loss:11569.8339 validation loss:34.3218
2025-06-01 23:36:41,639 - epoch:13, training loss:14334.5379 validation loss:35.2262
2025-06-01 23:38:10,403 - logger name:log/SD/team-42/team.log
2025-06-01 23:38:10,403 - params : {'conf': 'conf/SD/team.json', 'seed': 42, 'paral': 0, 'gpuid': 2, 'logname': 'team', 'method': 'TEAM', 'load_first_year': 1, 'first_year_model_path': '/home/bd2/ANATS/Online_Baselines/log/SD/team-42/2017/38.6019.pkl', 'device': device(type='cuda', index=2), 'methods': {'TrafficStream': <class 'src.model.model.TrafficStream_Model'>, 'STKEC': <class 'src.model.model.STKEC_Model'>, 'EAC': <class 'src.model.model.EAC_Model'>, 'Universal': <class 'src.model.model.Universal_Model'>, 'TEAM': <class 'src.model.model.TEAM_Model'>}, 'begin_year': 2017, 'end_year': 2020, 'dropout': 0.0, 'lr': 0.01, 'batch_size': 16, 'epoch': 1, 'loss': 'mse', 'activation': 'relu', 'scheduler': 'epo', 'train': 1, 'y_len': 12, 'x_len': 12, 'n_heads': 3, 'in_channels': 1, 'K': 3, 'nb_block': 1, 'nb_chev_filter': 64, 'nb_time_filter': 64, 'num_of_hours': 1, 'missing_value': 0.0, 'gcn': {'in_channel': 12, 'out_channel': 12, 'hidden_channel': 64}, 'tcn': {'in_channel': 1, 'out_channel': 1, 'kernel_size': 3, 'dilation': 1}, 'data_process': 0, 'auto_test': 1, 'raw_data_path': 'data/SD/finaldata/', 'save_data_path': 'data/SD/FastData/', 'graph_path': 'data/SD/graph', 'model_path': 'log/SD/', 'strategy': 'incremental', 'init': True, 'increase': True, 'decrease': True, 'num_hops': 2, 'detect': True, 'detect_strategy': 'original', 'ewc': True, 'ewc_strategy': 'ewc', 'ewc_lambda': 0.001, 'replay': True, 'replay_strategy': 'distribution', 'replay_num_samples': 100, 'path': 'log/SD/team-42', 'logger': <Logger utils.initialize (INFO)>}
2025-06-01 23:38:10,431 - [*] Year 2017 load from data/SD/FastData/2017.npz
2025-06-01 23:38:10,692 - [*] load from /home/bd2/ANATS/Online_Baselines/log/SD/team-42/2017/38.6019.pkl
2025-06-01 23:38:12,547 - [*] Year 2018 load from data/SD/FastData/2018.npz
2025-06-01 23:38:12,556 - [*] load from /home/bd2/ANATS/Online_Baselines/log/SD/team-42/2017/38.6019.pkl
2025-06-01 23:38:14,024 - number of increase nodes:137, nodes after 2 hop:torch.Size([620]), total nodes this year 708
2025-06-01 23:38:22,171 - [*] Year 2018 Dataset load!
2025-06-01 23:38:22,171 - [*] load from /home/bd2/ANATS/Online_Baselines/log/SD/team-42/2017/38.6019.pkl
2025-06-01 23:38:22,179 - [*] EWC! lambda 0.001000
2025-06-01 23:39:12,331 - logger name:log/SD/team-42/team.log
2025-06-01 23:39:12,331 - params : {'conf': 'conf/SD/team.json', 'seed': 42, 'paral': 0, 'gpuid': 2, 'logname': 'team', 'method': 'TEAM', 'load_first_year': 1, 'first_year_model_path': '/home/bd2/ANATS/Online_Baselines/log/SD/team-42/2017/38.6019.pkl', 'device': device(type='cuda', index=2), 'methods': {'TrafficStream': <class 'src.model.model.TrafficStream_Model'>, 'STKEC': <class 'src.model.model.STKEC_Model'>, 'EAC': <class 'src.model.model.EAC_Model'>, 'Universal': <class 'src.model.model.Universal_Model'>, 'TEAM': <class 'src.model.model.TEAM_Model'>}, 'begin_year': 2017, 'end_year': 2020, 'dropout': 0.0, 'lr': 0.01, 'batch_size': 16, 'epoch': 1, 'loss': 'mse', 'activation': 'relu', 'scheduler': 'epo', 'train': 1, 'y_len': 12, 'x_len': 12, 'n_heads': 3, 'in_channels': 1, 'K': 3, 'nb_block': 1, 'nb_chev_filter': 64, 'nb_time_filter': 64, 'num_of_hours': 1, 'missing_value': 0.0, 'gcn': {'in_channel': 12, 'out_channel': 12, 'hidden_channel': 64}, 'tcn': {'in_channel': 1, 'out_channel': 1, 'kernel_size': 3, 'dilation': 1}, 'data_process': 0, 'auto_test': 1, 'raw_data_path': 'data/SD/finaldata/', 'save_data_path': 'data/SD/FastData/', 'graph_path': 'data/SD/graph', 'model_path': 'log/SD/', 'strategy': 'incremental', 'init': True, 'increase': True, 'decrease': True, 'num_hops': 2, 'detect': True, 'detect_strategy': 'original', 'ewc': True, 'ewc_strategy': 'ewc', 'ewc_lambda': 0.001, 'replay': True, 'replay_strategy': 'distribution', 'replay_num_samples': 100, 'path': 'log/SD/team-42', 'logger': <Logger utils.initialize (INFO)>}
2025-06-01 23:39:12,359 - [*] Year 2017 load from data/SD/FastData/2017.npz
2025-06-01 23:39:12,622 - [*] load from /home/bd2/ANATS/Online_Baselines/log/SD/team-42/2017/38.6019.pkl
2025-06-01 23:39:14,469 - [*] Year 2018 load from data/SD/FastData/2018.npz
2025-06-01 23:39:14,480 - [*] load from /home/bd2/ANATS/Online_Baselines/log/SD/team-42/2017/38.6019.pkl
2025-06-01 23:39:15,938 - number of increase nodes:137, nodes after 2 hop:torch.Size([620]), total nodes this year 708
2025-06-01 23:39:24,049 - [*] Year 2018 Dataset load!
2025-06-01 23:39:24,049 - [*] load from /home/bd2/ANATS/Online_Baselines/log/SD/team-42/2017/38.6019.pkl
2025-06-01 23:39:24,057 - [*] EWC! lambda 0.001000
2025-06-01 23:41:00,160 - Total Parameters: 71948
2025-06-01 23:41:00,160 - Trainable Parameters: 71948
2025-06-01 23:41:00,160 - [*] Year 2018 Training start
2025-06-01 23:41:00,892 - node number torch.Size([9920, 12])
2025-06-01 23:43:09,889 - epoch:0, training loss:11812.6313 validation loss:34.3456
2025-06-01 23:43:58,930 - [*] loss:2546.6331
2025-06-01 23:43:59,569 - [*] year 2018, testing
2025-06-01 23:44:03,608 - T:3	MAE	26.3986	RMSE	41.4928	MAPE	21.8376
2025-06-01 23:44:12,047 - T:6	MAE	28.3897	RMSE	44.0994	MAPE	23.5138
2025-06-01 23:44:40,036 - T:12	MAE	32.8177	RMSE	50.0077	MAPE	28.3374
2025-06-01 23:44:40,037 - T:Avg	MAE	28.8164	RMSE	44.6904	MAPE	24.1563
2025-06-01 23:44:40,040 - Finished optimization, total time:88.39 s, best model:log/SD/team-42/2018/34.3456.pkl
2025-06-01 23:44:40,095 - [*] Year 2019 load from data/SD/FastData/2019.npz
2025-06-01 23:44:40,126 - [*] load from log/SD/team-42/2018/32.915.pkl
2025-06-01 23:44:41,828 - number of increase nodes:142, nodes after 2 hop:torch.Size([584]), total nodes this year 716
2025-06-01 23:44:52,859 - [*] Year 2019 Dataset load!
2025-06-01 23:44:52,859 - [*] load from log/SD/team-42/2018/32.915.pkl
2025-06-01 23:44:52,867 - [*] EWC! lambda 0.001000
2025-06-01 23:46:05,421 - logger name:log/SD/team-42/team.log
2025-06-01 23:46:05,421 - params : {'conf': 'conf/SD/team.json', 'seed': 42, 'paral': 0, 'gpuid': 2, 'logname': 'team', 'method': 'TEAM', 'load_first_year': 1, 'first_year_model_path': '/home/bd2/ANATS/Online_Baselines/log/SD/team-42/2017/38.6019.pkl', 'device': device(type='cuda', index=2), 'methods': {'TrafficStream': <class 'src.model.model.TrafficStream_Model'>, 'STKEC': <class 'src.model.model.STKEC_Model'>, 'EAC': <class 'src.model.model.EAC_Model'>, 'Universal': <class 'src.model.model.Universal_Model'>, 'TEAM': <class 'src.model.model.TEAM_Model'>}, 'begin_year': 2017, 'end_year': 2020, 'dropout': 0.0, 'lr': 0.01, 'batch_size': 16, 'epoch': 100, 'loss': 'mse', 'activation': 'relu', 'scheduler': 'epo', 'train': 1, 'y_len': 12, 'x_len': 12, 'n_heads': 3, 'in_channels': 1, 'K': 3, 'nb_block': 1, 'nb_chev_filter': 64, 'nb_time_filter': 64, 'num_of_hours': 1, 'missing_value': 0.0, 'gcn': {'in_channel': 12, 'out_channel': 12, 'hidden_channel': 64}, 'tcn': {'in_channel': 1, 'out_channel': 1, 'kernel_size': 3, 'dilation': 1}, 'data_process': 0, 'auto_test': 1, 'raw_data_path': 'data/SD/finaldata/', 'save_data_path': 'data/SD/FastData/', 'graph_path': 'data/SD/graph', 'model_path': 'log/SD/', 'strategy': 'incremental', 'init': True, 'increase': True, 'decrease': True, 'num_hops': 2, 'detect': True, 'detect_strategy': 'original', 'ewc': True, 'ewc_strategy': 'ewc', 'ewc_lambda': 0.001, 'replay': True, 'replay_strategy': 'distribution', 'replay_num_samples': 100, 'path': 'log/SD/team-42', 'logger': <Logger utils.initialize (INFO)>}
2025-06-01 23:46:05,450 - [*] Year 2017 load from data/SD/FastData/2017.npz
2025-06-01 23:46:05,710 - [*] load from /home/bd2/ANATS/Online_Baselines/log/SD/team-42/2017/38.6019.pkl
2025-06-01 23:46:57,006 - [*] loss:2691.3208
2025-06-01 23:46:57,624 - [*] year 2017, testing
2025-06-01 23:47:02,111 - T:3	MAE	28.9929	RMSE	42.6369	MAPE	26.8138
2025-06-01 23:47:11,088 - T:6	MAE	30.7783	RMSE	45.4074	MAPE	26.6165
2025-06-01 23:47:40,309 - T:12	MAE	34.7907	RMSE	51.4867	MAPE	27.7377
2025-06-01 23:47:40,310 - T:Avg	MAE	31.1610	RMSE	45.9624	MAPE	26.9632
2025-06-01 23:47:40,340 - [*] Year 2018 load from data/SD/FastData/2018.npz
2025-06-01 23:47:40,370 - [*] load from /home/bd2/ANATS/Online_Baselines/log/SD/team-42/2017/38.6019.pkl
2025-06-01 23:47:41,825 - number of increase nodes:137, nodes after 2 hop:torch.Size([620]), total nodes this year 708
2025-06-01 23:47:49,706 - [*] Year 2018 Dataset load!
2025-06-01 23:47:49,706 - [*] load from /home/bd2/ANATS/Online_Baselines/log/SD/team-42/2017/38.6019.pkl
2025-06-01 23:47:49,713 - [*] EWC! lambda 0.001000
2025-06-01 23:49:24,254 - Total Parameters: 71948
2025-06-01 23:49:24,255 - Trainable Parameters: 71948
2025-06-01 23:49:24,256 - [*] Year 2018 Training start
2025-06-01 23:49:25,806 - node number torch.Size([9920, 12])
2025-06-01 23:51:47,993 - epoch:0, training loss:8716.7875 validation loss:33.2417
2025-06-01 23:54:10,902 - epoch:1, training loss:8678.1395 validation loss:35.8867
2025-06-01 23:56:36,689 - epoch:2, training loss:11024.7211 validation loss:35.2883
2025-06-01 23:58:58,447 - epoch:3, training loss:15807.2635 validation loss:35.8144
2025-06-02 00:01:22,472 - epoch:4, training loss:9075.0189 validation loss:34.4341
2025-06-02 00:03:47,894 - epoch:5, training loss:16531.8675 validation loss:33.9845
2025-06-02 00:06:11,510 - epoch:6, training loss:13182.3248 validation loss:34.0297
2025-06-02 00:07:01,416 - [*] loss:2581.0906
2025-06-02 00:07:02,193 - [*] year 2018, testing
2025-06-02 00:07:07,000 - T:3	MAE	27.3490	RMSE	41.6368	MAPE	33.7161
2025-06-02 00:07:15,877 - T:6	MAE	29.8069	RMSE	44.6147	MAPE	36.5239
2025-06-02 00:07:45,622 - T:12	MAE	34.2764	RMSE	50.3339	MAPE	42.0114
2025-06-02 00:07:45,623 - T:Avg	MAE	30.0401	RMSE	44.9832	MAPE	36.8189
2025-06-02 00:07:45,626 - Finished optimization, total time:692.36 s, best model:log/SD/team-42/2018/33.2417.pkl
2025-06-02 00:07:45,686 - [*] Year 2019 load from data/SD/FastData/2019.npz
2025-06-02 00:07:45,731 - [*] load from log/SD/team-42/2018/32.915.pkl
2025-06-02 00:07:47,238 - number of increase nodes:142, nodes after 2 hop:torch.Size([584]), total nodes this year 716
2025-06-02 00:07:55,314 - [*] Year 2019 Dataset load!
2025-06-02 00:07:55,314 - [*] load from log/SD/team-42/2018/32.915.pkl
2025-06-02 00:07:55,325 - [*] EWC! lambda 0.001000
2025-06-02 00:09:29,322 - Total Parameters: 71948
2025-06-02 00:09:29,322 - Trainable Parameters: 71948
2025-06-02 00:09:29,322 - [*] Year 2019 Training start
2025-06-02 00:09:30,617 - node number torch.Size([9344, 12])
2025-06-02 00:11:44,914 - epoch:0, training loss:10669.2158 validation loss:37.4776
2025-06-02 00:14:03,353 - epoch:1, training loss:8999.3940 validation loss:34.1728
2025-06-02 00:16:23,573 - epoch:2, training loss:8622.9266 validation loss:34.5657
2025-06-02 00:18:42,676 - epoch:3, training loss:7890.2277 validation loss:37.1485
2025-06-02 00:20:59,980 - epoch:4, training loss:12499.0181 validation loss:34.0450
2025-06-02 00:23:17,592 - epoch:5, training loss:26816.4019 validation loss:34.4858
2025-06-02 00:25:38,197 - epoch:6, training loss:8871.6293 validation loss:35.9058
2025-06-02 00:27:44,493 - epoch:7, training loss:20488.7161 validation loss:35.0383
2025-06-02 00:30:00,893 - epoch:8, training loss:49244.4796 validation loss:36.0437
2025-06-02 00:32:15,843 - epoch:9, training loss:7689.8473 validation loss:37.2409
2025-06-02 00:34:34,162 - epoch:10, training loss:5708.3640 validation loss:36.5760
2025-06-02 00:35:22,007 - [*] loss:2696.8413
2025-06-02 00:35:22,620 - [*] year 2019, testing
2025-06-02 00:35:27,396 - T:3	MAE	26.8033	RMSE	42.6574	MAPE	20.8304
2025-06-02 00:35:36,839 - T:6	MAE	28.8644	RMSE	45.4132	MAPE	21.7880
2025-06-02 00:36:08,131 - T:12	MAE	33.1820	RMSE	51.3457	MAPE	24.3252
2025-06-02 00:36:08,131 - T:Avg	MAE	29.2325	RMSE	45.9412	MAPE	22.0985
2025-06-02 00:36:08,134 - Finished optimization, total time:1031.57 s, best model:log/SD/team-42/2019/34.045.pkl
2025-06-02 00:36:08,187 - [*] Year 2020 load from data/SD/FastData/2020.npz
2025-06-02 00:36:08,208 - [*] load from log/SD/team-42/2019/34.045.pkl
2025-06-02 00:36:09,044 - The number of data points in the previous year is greater than the current year, skipping detection and replay.
2025-06-02 01:17:34,664 - logger name:log/SD/team-42/team.log
2025-06-02 01:17:34,664 - params : {'conf': 'conf/SD/team.json', 'seed': 42, 'paral': 0, 'gpuid': 1, 'logname': 'team', 'method': 'TEAM', 'load_first_year': 1, 'first_year_model_path': '/home/bd2/ANATS/Online_Baselines/log/SD/team-42/2019/34.045.pkl', 'device': device(type='cuda', index=1), 'methods': {'TrafficStream': <class 'src.model.model.TrafficStream_Model'>, 'STKEC': <class 'src.model.model.STKEC_Model'>, 'EAC': <class 'src.model.model.EAC_Model'>, 'Universal': <class 'src.model.model.Universal_Model'>, 'TEAM': <class 'src.model.model.TEAM_Model'>, 'DLF': <class 'src.model.model.DLF_Model'>}, 'begin_year': 2019, 'end_year': 2020, 'dropout': 0.0, 'lr': 0.01, 'batch_size': 16, 'epoch': 100, 'loss': 'mse', 'activation': 'relu', 'scheduler': 'epo', 'train': 1, 'y_len': 12, 'x_len': 12, 'n_heads': 3, 'in_channels': 1, 'K': 3, 'nb_block': 1, 'nb_chev_filter': 64, 'nb_time_filter': 64, 'num_of_hours': 1, 'missing_value': 0.0, 'gcn': {'in_channel': 12, 'out_channel': 12, 'hidden_channel': 64}, 'tcn': {'in_channel': 1, 'out_channel': 1, 'kernel_size': 3, 'dilation': 1}, 'data_process': 0, 'auto_test': 1, 'raw_data_path': 'data/SD/finaldata/', 'save_data_path': 'data/SD/FastData/', 'graph_path': 'data/SD/graph', 'model_path': 'log/SD/', 'strategy': 'incremental', 'init': True, 'increase': True, 'decrease': True, 'num_hops': 2, 'detect': True, 'detect_strategy': 'original', 'ewc': True, 'ewc_strategy': 'ewc', 'ewc_lambda': 0.001, 'replay': True, 'replay_strategy': 'distribution', 'replay_num_samples': 100, 'path': 'log/SD/team-42', 'logger': <Logger utils.initialize (INFO)>}
2025-06-02 01:17:34,693 - [*] Year 2019 load from data/SD/FastData/2019.npz
2025-06-02 01:17:34,957 - [*] load from /home/bd2/ANATS/Online_Baselines/log/SD/team-42/2019/34.045.pkl
2025-06-02 01:18:27,029 - [*] loss:2593.5320
2025-06-02 01:18:27,679 - [*] year 2019, testing
2025-06-02 01:18:32,331 - T:3	MAE	26.4867	RMSE	42.1944	MAPE	24.6141
2025-06-02 01:18:41,703 - T:6	MAE	28.6262	RMSE	44.7892	MAPE	27.3879
2025-06-02 01:19:12,374 - T:12	MAE	32.7502	RMSE	50.1355	MAPE	32.7171
2025-06-02 01:19:12,374 - T:Avg	MAE	28.8888	RMSE	45.1895	MAPE	27.8092
2025-06-02 01:19:12,404 - [*] Year 2020 load from data/SD/FastData/2020.npz
2025-06-02 01:19:12,432 - [*] load from /home/bd2/ANATS/Online_Baselines/log/SD/team-42/2019/34.045.pkl
2025-06-02 01:19:13,244 - The number of data points in the previous year is greater than the current year, skipping detection and replay.
2025-06-02 01:19:13,245 - The number of data points in the previous year is greater than the current year, skipping replay.
2025-06-02 01:19:13,301 - number of increase nodes:91, nodes after 2 hop:torch.Size([591]), total nodes this year 697
2025-06-02 01:19:20,962 - [*] Year 2020 Dataset load!
2025-06-02 01:19:20,962 - [*] load from /home/bd2/ANATS/Online_Baselines/log/SD/team-42/2019/34.045.pkl
2025-06-02 01:19:20,970 - [*] EWC! lambda 0.001000
2025-06-02 01:20:54,908 - Total Parameters: 71948
2025-06-02 01:20:54,909 - Trainable Parameters: 71948
2025-06-02 01:20:54,910 - [*] Year 2020 Training start
2025-06-02 01:20:56,462 - node number torch.Size([9456, 12])
2025-06-02 01:23:17,339 - epoch:0, training loss:14642.9262 validation loss:34.1383
2025-06-02 01:23:52,544 - logger name:log/SD/team-42/team.log
2025-06-02 01:23:52,544 - params : {'conf': 'conf/SD/team.json', 'seed': 42, 'paral': 0, 'gpuid': 1, 'logname': 'team', 'method': 'TEAM', 'load_first_year': 0, 'first_year_model_path': '/home/bd2/ANATS/Online_Baselines/log/SD/team-42/2019/34.045.pkl', 'device': device(type='cuda', index=1), 'methods': {'TrafficStream': <class 'src.model.model.TrafficStream_Model'>, 'STKEC': <class 'src.model.model.STKEC_Model'>, 'EAC': <class 'src.model.model.EAC_Model'>, 'Universal': <class 'src.model.model.Universal_Model'>, 'TEAM': <class 'src.model.model.TEAM_Model'>, 'DLF': <class 'src.model.model.DLF_Model'>}, 'begin_year': 2019, 'end_year': 2020, 'dropout': 0.0, 'lr': 0.001, 'batch_size': 16, 'epoch': 100, 'loss': 'mse', 'activation': 'relu', 'scheduler': 'epo', 'train': 1, 'y_len': 12, 'x_len': 12, 'n_heads': 3, 'in_channels': 1, 'K': 3, 'nb_block': 1, 'nb_chev_filter': 64, 'nb_time_filter': 64, 'num_of_hours': 1, 'missing_value': 0.0, 'gcn': {'in_channel': 12, 'out_channel': 12, 'hidden_channel': 64}, 'tcn': {'in_channel': 1, 'out_channel': 1, 'kernel_size': 3, 'dilation': 1}, 'data_process': 0, 'auto_test': 1, 'raw_data_path': 'data/SD/finaldata/', 'save_data_path': 'data/SD/FastData/', 'graph_path': 'data/SD/graph', 'model_path': 'log/SD/', 'strategy': 'incremental', 'init': True, 'increase': True, 'decrease': True, 'num_hops': 2, 'detect': True, 'detect_strategy': 'original', 'ewc': True, 'ewc_strategy': 'ewc', 'ewc_lambda': 0.001, 'replay': True, 'replay_strategy': 'distribution', 'replay_num_samples': 100, 'path': 'log/SD/team-42', 'logger': <Logger utils.initialize (INFO)>}
2025-06-02 01:23:52,572 - [*] Year 2019 load from data/SD/FastData/2019.npz
2025-06-02 01:23:58,480 - [*] Year 2019 Dataset load!
2025-06-02 01:23:58,550 - Total Parameters: 71948
2025-06-02 01:23:58,550 - Trainable Parameters: 71948
2025-06-02 01:23:58,550 - [*] Year 2019 Training start
2025-06-02 01:23:58,879 - node number torch.Size([11456, 12])
2025-06-02 01:24:21,589 - logger name:log/SD/team-42/team.log
2025-06-02 01:24:21,589 - params : {'conf': 'conf/SD/team.json', 'seed': 42, 'paral': 0, 'gpuid': 1, 'logname': 'team', 'method': 'TEAM', 'load_first_year': 0, 'first_year_model_path': '/home/bd2/ANATS/Online_Baselines/log/SD/team-42/2019/34.045.pkl', 'device': device(type='cuda', index=1), 'methods': {'TrafficStream': <class 'src.model.model.TrafficStream_Model'>, 'STKEC': <class 'src.model.model.STKEC_Model'>, 'EAC': <class 'src.model.model.EAC_Model'>, 'Universal': <class 'src.model.model.Universal_Model'>, 'TEAM': <class 'src.model.model.TEAM_Model'>, 'DLF': <class 'src.model.model.DLF_Model'>}, 'begin_year': 2017, 'end_year': 2020, 'dropout': 0.0, 'lr': 0.001, 'batch_size': 16, 'epoch': 100, 'loss': 'mse', 'activation': 'relu', 'scheduler': 'epo', 'train': 1, 'y_len': 12, 'x_len': 12, 'n_heads': 3, 'in_channels': 1, 'K': 3, 'nb_block': 1, 'nb_chev_filter': 64, 'nb_time_filter': 64, 'num_of_hours': 1, 'missing_value': 0.0, 'gcn': {'in_channel': 12, 'out_channel': 12, 'hidden_channel': 64}, 'tcn': {'in_channel': 1, 'out_channel': 1, 'kernel_size': 3, 'dilation': 1}, 'data_process': 0, 'auto_test': 1, 'raw_data_path': 'data/SD/finaldata/', 'save_data_path': 'data/SD/FastData/', 'graph_path': 'data/SD/graph', 'model_path': 'log/SD/', 'strategy': 'incremental', 'init': True, 'increase': True, 'decrease': True, 'num_hops': 2, 'detect': True, 'detect_strategy': 'original', 'ewc': True, 'ewc_strategy': 'ewc', 'ewc_lambda': 0.001, 'replay': True, 'replay_strategy': 'distribution', 'replay_num_samples': 100, 'path': 'log/SD/team-42', 'logger': <Logger utils.initialize (INFO)>}
2025-06-02 01:24:21,617 - [*] Year 2017 load from data/SD/FastData/2017.npz
2025-06-02 01:24:27,699 - [*] Year 2017 Dataset load!
2025-06-02 01:24:27,769 - Total Parameters: 71948
2025-06-02 01:24:27,769 - Trainable Parameters: 71948
2025-06-02 01:24:27,769 - [*] Year 2017 Training start
2025-06-02 01:24:28,234 - node number torch.Size([11280, 12])
2025-06-02 01:26:54,276 - epoch:0, training loss:4979.5676 validation loss:33.0177
2025-06-02 01:29:21,442 - epoch:1, training loss:1998.6516 validation loss:36.3522
2025-06-02 01:31:47,504 - epoch:2, training loss:1955.6941 validation loss:31.9118
2025-06-02 01:34:15,630 - epoch:3, training loss:1946.0439 validation loss:32.3946
2025-06-02 01:36:42,166 - epoch:4, training loss:1917.2070 validation loss:32.2744
2025-06-02 01:39:04,671 - epoch:5, training loss:1904.9939 validation loss:38.6732
2025-06-02 01:41:32,167 - epoch:6, training loss:1893.2596 validation loss:34.0369
2025-06-02 01:43:55,815 - epoch:7, training loss:1884.8124 validation loss:34.2177
2025-06-02 01:46:24,601 - epoch:8, training loss:1868.5500 validation loss:34.8974
2025-06-02 01:47:14,081 - [*] loss:1852.3949
2025-06-02 01:47:14,747 - [*] year 2017, testing
2025-06-02 01:47:19,136 - T:3	MAE	22.9463	RMSE	32.4929	MAPE	16.5591
2025-06-02 01:47:27,811 - T:6	MAE	24.6977	RMSE	35.7780	MAPE	16.9448
2025-06-02 01:47:56,610 - T:12	MAE	28.6516	RMSE	42.5720	MAPE	18.2432
2025-06-02 01:47:56,611 - T:Avg	MAE	25.0682	RMSE	36.3078	MAPE	17.1384
2025-06-02 01:47:56,613 - Finished optimization, total time:863.27 s, best model:log/SD/team-42/2017/31.9118.pkl
2025-06-02 01:47:56,789 - [*] Year 2018 load from data/SD/FastData/2018.npz
2025-06-02 01:47:56,820 - [*] load from log/SD/team-42/2017/31.9118.pkl
2025-06-02 01:47:58,285 - number of increase nodes:137, nodes after 2 hop:torch.Size([620]), total nodes this year 708
2025-06-02 01:48:06,785 - [*] Year 2018 Dataset load!
2025-06-02 01:48:06,785 - [*] load from log/SD/team-42/2017/31.9118.pkl
2025-06-02 01:48:06,793 - [*] EWC! lambda 0.001000
2025-06-02 01:49:39,770 - Total Parameters: 71948
2025-06-02 01:49:39,771 - Trainable Parameters: 71948
2025-06-02 01:49:39,771 - [*] Year 2018 Training start
2025-06-02 01:49:40,966 - node number torch.Size([9920, 12])
2025-06-02 01:51:49,554 - epoch:0, training loss:1888.7280 validation loss:29.9726
2025-06-02 01:54:06,500 - epoch:1, training loss:1885.8443 validation loss:30.5649
2025-06-02 01:56:25,525 - epoch:2, training loss:1885.4710 validation loss:29.5849
2025-06-02 01:58:49,020 - epoch:3, training loss:1895.4948 validation loss:34.9627
2025-06-02 02:01:11,803 - epoch:4, training loss:1888.2290 validation loss:32.8229
2025-06-02 02:03:33,596 - epoch:5, training loss:1893.6034 validation loss:30.7962
2025-06-02 02:05:55,161 - epoch:6, training loss:1894.1057 validation loss:29.8961
2025-06-02 02:08:13,659 - epoch:7, training loss:1898.6815 validation loss:29.7115
2025-06-02 02:10:36,679 - epoch:8, training loss:1882.4778 validation loss:28.1663
2025-06-02 02:12:59,912 - epoch:9, training loss:1887.0993 validation loss:31.4377
2025-06-02 02:15:09,296 - epoch:10, training loss:1892.4514 validation loss:30.2745
2025-06-02 02:17:30,789 - epoch:11, training loss:1896.5536 validation loss:30.8891
2025-06-02 02:19:53,804 - epoch:12, training loss:1884.3618 validation loss:30.1356
2025-06-02 02:22:08,571 - epoch:13, training loss:1885.4121 validation loss:30.8773
2025-06-02 02:24:30,821 - epoch:14, training loss:1885.4688 validation loss:29.9249
2025-06-02 02:25:22,766 - [*] loss:1781.0991
2025-06-02 02:25:23,681 - [*] year 2018, testing
2025-06-02 02:25:27,789 - T:3	MAE	20.7501	RMSE	30.6542	MAPE	16.8863
2025-06-02 02:25:36,295 - T:6	MAE	23.0402	RMSE	34.4722	MAPE	18.2991
2025-06-02 02:26:04,100 - T:12	MAE	27.5590	RMSE	41.5984	MAPE	21.9250
2025-06-02 02:26:04,100 - T:Avg	MAE	23.3649	RMSE	34.9121	MAPE	18.7178
2025-06-02 02:26:04,103 - Finished optimization, total time:1440.12 s, best model:log/SD/team-42/2018/28.1663.pkl
2025-06-02 02:26:04,157 - [*] Year 2019 load from data/SD/FastData/2019.npz
2025-06-02 02:26:04,185 - [*] load from log/SD/team-42/2018/28.1663.pkl
2025-06-02 02:26:05,669 - number of increase nodes:142, nodes after 2 hop:torch.Size([584]), total nodes this year 716
2025-06-02 02:26:14,059 - [*] Year 2019 Dataset load!
2025-06-02 02:26:14,059 - [*] load from log/SD/team-42/2018/28.1663.pkl
2025-06-02 02:26:14,067 - [*] EWC! lambda 0.001000
2025-06-02 02:27:46,109 - Total Parameters: 71948
2025-06-02 02:27:46,109 - Trainable Parameters: 71948
2025-06-02 02:27:46,109 - [*] Year 2019 Training start
2025-06-02 02:27:47,404 - node number torch.Size([9344, 12])
2025-06-02 02:29:54,552 - epoch:0, training loss:1750.2411 validation loss:29.0250
2025-06-02 02:32:14,852 - epoch:1, training loss:1732.8620 validation loss:28.6144
2025-06-02 02:34:30,599 - epoch:2, training loss:1735.8886 validation loss:29.5773
2025-06-02 02:36:47,338 - epoch:3, training loss:1740.7890 validation loss:28.7907
2025-06-02 02:39:06,093 - epoch:4, training loss:1735.7045 validation loss:32.0419
2025-06-02 02:41:17,197 - epoch:5, training loss:1744.9143 validation loss:29.2988
2025-06-02 02:43:26,407 - epoch:6, training loss:1735.5141 validation loss:30.1184
2025-06-02 02:45:44,618 - epoch:7, training loss:1744.1471 validation loss:29.0988
2025-06-02 02:46:32,835 - [*] loss:1854.1050
2025-06-02 02:46:33,598 - [*] year 2019, testing
2025-06-02 02:46:37,784 - T:3	MAE	21.3695	RMSE	31.4780	MAPE	16.2417
2025-06-02 02:46:46,526 - T:6	MAE	23.9712	RMSE	35.4467	MAPE	18.3083
2025-06-02 02:47:14,233 - T:12	MAE	29.0106	RMSE	42.9614	MAPE	22.8440
2025-06-02 02:47:14,234 - T:Avg	MAE	24.3518	RMSE	35.9675	MAPE	18.7397
2025-06-02 02:47:14,236 - Finished optimization, total time:737.10 s, best model:log/SD/team-42/2019/28.6144.pkl
2025-06-02 02:47:14,284 - [*] Year 2020 load from data/SD/FastData/2020.npz
2025-06-02 02:47:14,315 - [*] load from log/SD/team-42/2019/28.6144.pkl
2025-06-02 02:47:15,117 - The number of data points in the previous year is greater than the current year, skipping detection and replay.
2025-06-02 02:47:15,117 - The number of data points in the previous year is greater than the current year, skipping replay.
2025-06-02 02:47:15,172 - number of increase nodes:91, nodes after 2 hop:torch.Size([591]), total nodes this year 697
2025-06-02 02:47:23,167 - [*] Year 2020 Dataset load!
2025-06-02 02:47:23,167 - [*] load from log/SD/team-42/2019/28.6144.pkl
2025-06-02 02:47:23,175 - [*] EWC! lambda 0.001000
2025-06-02 02:48:56,010 - Total Parameters: 71948
2025-06-02 02:48:56,010 - Trainable Parameters: 71948
2025-06-02 02:48:56,010 - [*] Year 2020 Training start
2025-06-02 02:48:57,381 - node number torch.Size([9456, 12])
2025-06-02 02:51:18,523 - epoch:0, training loss:1955.9299 validation loss:31.0646
2025-06-02 02:53:32,442 - epoch:1, training loss:1960.4324 validation loss:40.8191
2025-06-02 02:55:51,774 - epoch:2, training loss:1975.5691 validation loss:34.3476
2025-06-02 02:58:08,845 - epoch:3, training loss:1950.5559 validation loss:45.0986
2025-06-02 03:00:26,730 - epoch:4, training loss:1966.4090 validation loss:45.5159
2025-06-02 03:02:45,291 - epoch:5, training loss:1958.9281 validation loss:47.4049
2025-06-02 03:05:05,062 - epoch:6, training loss:1945.7691 validation loss:36.5958
2025-06-02 03:05:53,691 - [*] loss:3450.6313
2025-06-02 03:05:54,384 - [*] year 2020, testing
2025-06-02 03:05:59,444 - T:3	MAE	45.3529	RMSE	56.2832	MAPE	46.1551
2025-06-02 03:06:08,789 - T:6	MAE	45.9451	RMSE	57.6292	MAPE	47.3197
2025-06-02 03:06:37,754 - T:12	MAE	46.4781	RMSE	59.3995	MAPE	49.9741
2025-06-02 03:06:37,754 - T:Avg	MAE	46.0437	RMSE	57.7519	MAPE	47.7208
2025-06-02 03:06:37,757 - Finished optimization, total time:668.11 s, best model:log/SD/team-42/2020/31.0646.pkl
2025-06-02 03:06:37,777 - 


2025-06-02 03:06:37,778 - 3   	 MAE	     22.95	     20.75	     21.37	     45.35		   27.60
2025-06-02 03:06:37,778 - 3   	RMSE	     32.49	     30.65	     31.48	     56.28		   37.73
2025-06-02 03:06:37,778 - 3   	MAPE	     16.56	     16.89	     16.24	     46.16		   23.96
2025-06-02 03:06:37,778 - 6   	 MAE	     24.70	     23.04	     23.97	     45.95		   29.41
2025-06-02 03:06:37,778 - 6   	RMSE	     35.78	     34.47	     35.45	     57.63		   40.83
2025-06-02 03:06:37,778 - 6   	MAPE	     16.94	     18.30	     18.31	     47.32		   25.22
2025-06-02 03:06:37,778 - 12  	 MAE	     28.65	     27.56	     29.01	     46.48		   32.92
2025-06-02 03:06:37,778 - 12  	RMSE	     42.57	     41.60	     42.96	     59.40		   46.63
2025-06-02 03:06:37,778 - 12  	MAPE	     18.24	     21.92	     22.84	     49.97		   28.25
2025-06-02 03:06:37,778 - Avg 	 MAE	     25.07	     23.36	     24.35	     46.04		   29.71
2025-06-02 03:06:37,778 - Avg 	RMSE	     36.31	     34.91	     35.97	     57.75		   41.23
2025-06-02 03:06:37,778 - Avg 	MAPE	     17.14	     18.72	     18.74	     47.72		   25.58
2025-06-02 03:06:37,778 - year	2017	total_time	  863.2677	average_time	   95.9186	epoch	9
2025-06-02 03:06:37,778 - year	2018	total_time	 1440.1246	average_time	   96.0083	epoch	15
2025-06-02 03:06:37,778 - year	2019	total_time	  737.1050	average_time	   92.1381	epoch	8
2025-06-02 03:06:37,778 - year	2020	total_time	  668.1076	average_time	   95.4440	epoch	7
2025-06-02 03:06:37,778 - total time: 3708.6049
