2025-06-03 09:38:00,953 - logger name:log/GBA/stkec-42/stkec.log
2025-06-03 09:38:00,953 - params : {'conf': 'conf/GBA/stkec.json', 'seed': 42, 'paral': 0, 'gpuid': 0, 'logname': 'stkec', 'method': 'STKEC', 'load_first_year': 0, 'first_year_model_path': 'log/PEMS3/trafficStream-42/2011/16.6936.pkl', 'device': device(type='cuda', index=0), 'methods': {'TrafficStream': <class 'src.model.model.TrafficStream_Model'>, 'STKEC': <class 'src.model.model.STKEC_Model'>}, 'begin_year': 2017, 'end_year': 2020, 'dropout': 0.0, 'lr': 0.01, 'batch_size': 128, 'epoch': 100, 'loss': 'mse', 'activation': 'relu', 'scheduler': 'epo', 'y_len': 12, 'x_len': 12, 'data_process': 0, 'influe_length': 168, 'batch_influ_size': 4, 'beita': 1, 'cluster': 24, 'auto_test': 1, 'raw_data_path': 'data/GBA/finaldata/', 'save_data_path': 'data/GBA/FastData/', 'graph_path': 'data/GBA/graph/', 'model_path': 'log/GBA/', 'gcn': {'in_channel': 12, 'out_channel': 12, 'hidden_channel': 64}, 'tcn': {'in_channel': 1, 'out_channel': 1, 'kernel_size': 3, 'dilation': 1}, 'rank': 6, 'train': 1, 'strategy': 'incremental', 'init': True, 'increase': True, 'num_hops': 2, 'detect': True, 'detect_strategy': 'feature', 'detect_infl_strategy': True, 'infl_topk': 10, 'adp_adj': False, 'skip_dim': 64, 'end_dim': 64, 'hidden_channels': 32, 'dilation_channels': 64, 'residual_channels': 64, 'input_dim': 1, 'output_dim': 1, 'ewc': True, 'ewc_strategy': 'ewc', 'ewc_lambda': 0.0001, 'replay': True, 'replay_strategy': 'random', 'repaly_num_samples': 300, 'extra_feature': True, 'momentum_type': 'linear', 'memory_size': 32, 'path': 'log/GBA/stkec-42', 'logger': <Logger utils.initialize (INFO)>}
2025-06-03 09:38:01,098 - [*] Year 2017 load from data/GBA/FastData/2017.npz
2025-06-03 09:38:22,066 - [*] Year 2017 Dataset load!
2025-06-03 09:38:22,103 - [*] Year 2017 Training start
2025-06-03 09:38:22,876 - node number torch.Size([293632, 12])
2025-06-03 09:38:43,703 - epoch:0, training loss:11683.3376 validation loss:41.2888
2025-06-03 09:39:13,905 - epoch:1, training loss:2275.5668 validation loss:34.0305
2025-06-03 09:39:42,894 - epoch:2, training loss:2040.8881 validation loss:32.8076
2025-06-03 09:40:16,545 - epoch:3, training loss:1988.6867 validation loss:36.4517
2025-06-03 09:40:44,638 - epoch:4, training loss:1958.7395 validation loss:32.5718
2025-06-03 09:41:15,032 - epoch:5, training loss:1931.5809 validation loss:33.5667
2025-06-03 09:41:43,061 - epoch:6, training loss:1885.9933 validation loss:35.4202
2025-06-03 09:42:13,327 - epoch:7, training loss:1862.7292 validation loss:38.2871
2025-06-03 09:42:44,758 - epoch:8, training loss:1854.8007 validation loss:34.4765
2025-06-03 09:43:15,669 - epoch:9, training loss:1846.0252 validation loss:31.7964
2025-06-03 09:43:44,872 - epoch:10, training loss:1835.6321 validation loss:35.3636
2025-06-03 09:44:14,344 - epoch:11, training loss:1822.1738 validation loss:30.8536
2025-06-03 09:44:45,532 - epoch:12, training loss:1818.1390 validation loss:33.6854
2025-06-03 09:45:16,107 - epoch:13, training loss:1832.4610 validation loss:31.6657
2025-06-03 09:45:45,636 - epoch:14, training loss:1821.6750 validation loss:34.6222
2025-06-03 09:46:18,578 - epoch:15, training loss:1824.5184 validation loss:31.3168
2025-06-03 09:46:50,791 - epoch:16, training loss:1809.9057 validation loss:31.1437
2025-06-03 09:47:22,071 - epoch:17, training loss:1810.0454 validation loss:31.4379
2025-06-03 09:47:31,749 - [*] loss:1832.4797
2025-06-03 09:47:33,700 - [*] year 2017, testing
2025-06-03 09:47:52,593 - T:3	MAE	21.9616	RMSE	33.8113	MAPE	14.1791
2025-06-03 09:48:38,674 - T:6	MAE	24.0304	RMSE	36.8348	MAPE	16.0647
2025-06-03 10:09:44,749 - logger name:log/GBA/stkec-42/stkec.log
2025-06-03 10:09:44,749 - params : {'conf': 'conf/GBA/stkec.json', 'seed': 42, 'paral': 0, 'gpuid': 2, 'logname': 'stkec', 'method': 'STKEC', 'load_first_year': 0, 'first_year_model_path': 'log/PEMS3/trafficStream-42/2011/16.6936.pkl', 'device': device(type='cuda', index=2), 'methods': {'TrafficStream': <class 'src.model.model.TrafficStream_Model'>, 'STKEC': <class 'src.model.model.STKEC_Model'>}, 'begin_year': 2017, 'end_year': 2020, 'dropout': 0.0, 'lr': 0.01, 'batch_size': 128, 'epoch': 100, 'loss': 'mse', 'activation': 'relu', 'scheduler': 'epo', 'y_len': 12, 'x_len': 12, 'data_process': 0, 'influe_length': 168, 'batch_influ_size': 4, 'beita': 1, 'cluster': 24, 'auto_test': 1, 'raw_data_path': 'data/GBA/finaldata/', 'save_data_path': 'data/GBA/FastData/', 'graph_path': 'data/GBA/graph/', 'model_path': 'log/GBA/', 'gcn': {'in_channel': 12, 'out_channel': 12, 'hidden_channel': 64}, 'tcn': {'in_channel': 1, 'out_channel': 1, 'kernel_size': 3, 'dilation': 1}, 'rank': 6, 'train': 1, 'strategy': 'incremental', 'init': True, 'increase': True, 'num_hops': 2, 'detect': True, 'detect_strategy': 'feature', 'detect_infl_strategy': True, 'infl_topk': 10, 'adp_adj': False, 'skip_dim': 64, 'end_dim': 64, 'hidden_channels': 32, 'dilation_channels': 64, 'residual_channels': 64, 'input_dim': 1, 'output_dim': 1, 'ewc': True, 'ewc_strategy': 'ewc', 'ewc_lambda': 0.0001, 'replay': True, 'replay_strategy': 'random', 'repaly_num_samples': 300, 'extra_feature': True, 'momentum_type': 'linear', 'memory_size': 32, 'path': 'log/GBA/stkec-42', 'logger': <Logger utils.initialize (INFO)>}
2025-06-03 10:09:44,885 - [*] Year 2017 load from data/GBA/FastData/2017.npz
2025-06-03 10:11:20,594 - logger name:log/GBA/stkec-42/stkec.log
2025-06-03 10:11:20,595 - params : {'conf': 'conf/GBA/stkec.json', 'seed': 42, 'paral': 0, 'gpuid': 2, 'logname': 'stkec', 'method': 'STKEC', 'load_first_year': 0, 'first_year_model_path': 'log/PEMS3/trafficStream-42/2011/16.6936.pkl', 'device': device(type='cuda', index=2), 'methods': {'TrafficStream': <class 'src.model.model.TrafficStream_Model'>, 'STKEC': <class 'src.model.model.STKEC_Model'>}, 'begin_year': 2017, 'end_year': 2020, 'dropout': 0.0, 'lr': 0.01, 'batch_size': 128, 'epoch': 100, 'loss': 'mse', 'activation': 'relu', 'scheduler': 'epo', 'y_len': 12, 'x_len': 12, 'data_process': 0, 'influe_length': 168, 'batch_influ_size': 4, 'beita': 1, 'cluster': 24, 'auto_test': 1, 'raw_data_path': 'data/GBA/finaldata/', 'save_data_path': 'data/GBA/FastData/', 'graph_path': 'data/GBA/graph/', 'model_path': 'log/GBA/', 'gcn': {'in_channel': 12, 'out_channel': 12, 'hidden_channel': 64}, 'tcn': {'in_channel': 1, 'out_channel': 1, 'kernel_size': 3, 'dilation': 1}, 'rank': 6, 'train': 1, 'strategy': 'incremental', 'init': True, 'increase': True, 'num_hops': 2, 'detect': True, 'detect_strategy': 'feature', 'detect_infl_strategy': True, 'infl_topk': 10, 'adp_adj': False, 'skip_dim': 64, 'end_dim': 64, 'hidden_channels': 32, 'dilation_channels': 64, 'residual_channels': 64, 'input_dim': 1, 'output_dim': 1, 'ewc': True, 'ewc_strategy': 'ewc', 'ewc_lambda': 0.0001, 'replay': True, 'replay_strategy': 'random', 'repaly_num_samples': 300, 'extra_feature': True, 'momentum_type': 'linear', 'memory_size': 32, 'path': 'log/GBA/stkec-42', 'logger': <Logger utils.initialize (INFO)>}
2025-06-03 10:11:20,729 - [*] Year 2017 load from data/GBA/FastData/2017.npz
2025-06-03 10:11:39,567 - [*] Year 2017 Dataset load!
2025-06-03 10:11:39,583 - [*] Year 2017 Training start
2025-06-03 10:11:40,326 - node number torch.Size([293632, 12])
2025-06-03 10:12:00,916 - epoch:0, training loss:11683.3376 validation loss:41.2888
2025-06-03 10:12:16,968 - logger name:log/GBA/stkec-42/stkec.log
2025-06-03 10:12:16,968 - params : {'conf': 'conf/GBA/stkec.json', 'seed': 42, 'paral': 0, 'gpuid': 2, 'logname': 'stkec', 'method': 'STKEC', 'load_first_year': 0, 'first_year_model_path': 'log/PEMS3/trafficStream-42/2011/16.6936.pkl', 'device': device(type='cuda', index=2), 'methods': {'TrafficStream': <class 'src.model.model.TrafficStream_Model'>, 'STKEC': <class 'src.model.model.STKEC_Model'>}, 'begin_year': 2017, 'end_year': 2020, 'dropout': 0.0, 'lr': 0.01, 'batch_size': 128, 'epoch': 100, 'loss': 'mse', 'activation': 'relu', 'scheduler': 'epo', 'y_len': 12, 'x_len': 12, 'data_process': 0, 'influe_length': 168, 'batch_influ_size': 4, 'beita': 1, 'cluster': 24, 'auto_test': 1, 'raw_data_path': 'data/GBA/finaldata/', 'save_data_path': 'data/GBA/FastData/', 'graph_path': 'data/GBA/graph/', 'model_path': 'log/GBA/', 'gcn': {'in_channel': 12, 'out_channel': 12, 'hidden_channel': 64}, 'tcn': {'in_channel': 1, 'out_channel': 1, 'kernel_size': 3, 'dilation': 1}, 'rank': 6, 'train': 1, 'strategy': 'incremental', 'init': True, 'increase': True, 'num_hops': 2, 'detect': True, 'detect_strategy': 'feature', 'detect_infl_strategy': True, 'infl_topk': 10, 'adp_adj': False, 'skip_dim': 64, 'end_dim': 64, 'hidden_channels': 32, 'dilation_channels': 64, 'residual_channels': 64, 'input_dim': 1, 'output_dim': 1, 'ewc': True, 'ewc_strategy': 'ewc', 'ewc_lambda': 0.0001, 'replay': True, 'replay_strategy': 'random', 'repaly_num_samples': 300, 'extra_feature': True, 'momentum_type': 'linear', 'memory_size': 32, 'path': 'log/GBA/stkec-42', 'logger': <Logger utils.initialize (INFO)>}
2025-06-03 10:12:17,106 - [*] Year 2017 load from data/GBA/FastData/2017.npz
2025-06-03 10:12:37,212 - [*] Year 2017 Dataset load!
2025-06-03 10:12:37,229 - [*] Year 2017 Training start
2025-06-03 10:12:38,313 - node number torch.Size([293632, 12])
2025-06-03 10:12:58,177 - epoch:0, training loss:11683.3376 validation loss:41.2888
2025-06-03 10:13:20,324 - epoch:1, training loss:2275.5668 validation loss:34.0305
2025-06-03 10:13:40,439 - epoch:2, training loss:2040.8881 validation loss:32.8076
2025-06-03 10:14:00,367 - epoch:3, training loss:1988.6867 validation loss:36.4517
2025-06-03 10:14:20,272 - epoch:4, training loss:1958.7395 validation loss:32.5718
2025-06-03 10:14:42,260 - epoch:5, training loss:1931.5809 validation loss:33.5667
2025-06-03 10:15:01,991 - epoch:6, training loss:1885.9933 validation loss:35.4202
2025-06-03 10:15:31,534 - epoch:7, training loss:1862.7292 validation loss:38.2871
2025-06-03 10:15:59,291 - epoch:8, training loss:1854.8007 validation loss:34.4765
2025-06-03 10:16:26,418 - epoch:9, training loss:1846.0252 validation loss:31.7964
2025-06-03 10:16:52,054 - epoch:10, training loss:1835.6321 validation loss:35.3636
2025-06-03 10:17:19,842 - epoch:11, training loss:1822.1738 validation loss:30.8536
2025-06-03 10:17:48,941 - epoch:12, training loss:1818.1390 validation loss:33.6854
2025-06-03 10:18:17,604 - epoch:13, training loss:1832.4610 validation loss:31.6657
2025-06-03 10:18:46,803 - epoch:14, training loss:1821.6750 validation loss:34.6222
2025-06-03 10:19:16,993 - epoch:15, training loss:1824.5184 validation loss:31.3168
2025-06-03 10:19:44,935 - epoch:16, training loss:1809.9057 validation loss:31.1437
2025-06-03 10:20:13,015 - epoch:17, training loss:1810.0454 validation loss:31.4379
2025-06-03 10:20:21,185 - [*] loss:1832.4797
2025-06-03 10:20:22,805 - [*] year 2017, testing
2025-06-03 10:20:38,961 - T:3	MAE	21.9616	RMSE	33.8113	MAPE	14.1791
2025-06-03 10:21:10,493 - T:6	MAE	24.0304	RMSE	36.8348	MAPE	16.0647
2025-06-03 10:22:53,895 - T:12	MAE	28.0967	RMSE	42.6161	MAPE	20.2105
2025-06-03 10:22:53,895 - T:Avg	MAE	24.3475	RMSE	37.2432	MAPE	16.4712
2025-06-03 10:22:53,909 - Finished optimization, total time:270.53 s, best model:log/GBA/stkec-42/2017/30.8536.pkl
2025-06-03 10:22:54,143 - [*] Year 2018 load from data/GBA/FastData/2018.npz
2025-06-03 10:22:54,205 - [*] load from log/GBA/stkec-42/2017/30.8536.pkl
2025-06-03 10:22:54,283 - [*] detect strategy feature
2025-06-03 11:05:47,871 - logger name:log/GBA/stkec-42/stkec.log
2025-06-03 11:05:47,872 - params : {'conf': 'conf/GBA/stkec.json', 'seed': 42, 'paral': 0, 'gpuid': 2, 'logname': 'stkec', 'method': 'STKEC', 'load_first_year': 0, 'first_year_model_path': 'log/PEMS3/trafficStream-42/2011/16.6936.pkl', 'device': device(type='cuda', index=2), 'methods': {'TrafficStream': <class 'src.model.model.TrafficStream_Model'>, 'STKEC': <class 'src.model.model.STKEC_Model'>}, 'begin_year': 2017, 'end_year': 2020, 'dropout': 0.0, 'lr': 0.01, 'batch_size': 128, 'epoch': 1, 'loss': 'mse', 'activation': 'relu', 'scheduler': 'epo', 'y_len': 12, 'x_len': 12, 'data_process': 0, 'influe_length': 168, 'batch_influ_size': 4, 'beita': 1, 'cluster': 24, 'auto_test': 1, 'raw_data_path': 'data/GBA/finaldata/', 'save_data_path': 'data/GBA/FastData/', 'graph_path': 'data/GBA/graph/', 'model_path': 'log/GBA/', 'gcn': {'in_channel': 12, 'out_channel': 12, 'hidden_channel': 64}, 'tcn': {'in_channel': 1, 'out_channel': 1, 'kernel_size': 3, 'dilation': 1}, 'rank': 6, 'train': 1, 'strategy': 'incremental', 'init': True, 'increase': True, 'num_hops': 2, 'detect': True, 'detect_strategy': 'feature', 'detect_infl_strategy': True, 'infl_topk': 10, 'adp_adj': False, 'skip_dim': 64, 'end_dim': 64, 'hidden_channels': 32, 'dilation_channels': 64, 'residual_channels': 64, 'input_dim': 1, 'output_dim': 1, 'ewc': True, 'ewc_strategy': 'ewc', 'ewc_lambda': 0.0001, 'replay': True, 'replay_strategy': 'random', 'repaly_num_samples': 300, 'extra_feature': True, 'momentum_type': 'linear', 'memory_size': 32, 'path': 'log/GBA/stkec-42', 'logger': <Logger utils.initialize (INFO)>}
2025-06-03 11:05:48,001 - [*] Year 2017 load from data/GBA/FastData/2017.npz
2025-06-03 11:06:08,447 - [*] Year 2017 Dataset load!
2025-06-03 11:06:08,470 - [*] Year 2017 Training start
2025-06-03 11:06:09,510 - node number torch.Size([293632, 12])
2025-06-03 11:06:36,096 - epoch:0, training loss:11683.3376 validation loss:41.2888
2025-06-03 11:06:48,740 - [*] loss:2831.2688
2025-06-03 11:06:50,170 - [*] year 2017, testing
2025-06-03 11:07:07,522 - T:3	MAE	33.4017	RMSE	43.8901	MAPE	57.0600
2025-06-03 11:07:40,137 - T:6	MAE	34.5972	RMSE	46.1463	MAPE	57.4043
2025-06-03 11:09:25,950 - T:12	MAE	37.8813	RMSE	51.9601	MAPE	58.4800
2025-06-03 11:09:25,950 - T:Avg	MAE	35.0099	RMSE	46.8317	MAPE	57.5994
2025-06-03 11:09:25,960 - Finished optimization, total time:18.04 s, best model:log/GBA/stkec-42/2017/41.2888.pkl
2025-06-03 11:09:26,162 - [*] Year 2018 load from data/GBA/FastData/2018.npz
2025-06-03 11:09:26,221 - [*] load from log/GBA/stkec-42/2017/30.8536.pkl
2025-06-03 11:09:26,325 - [*] detect strategy feature
2025-06-03 11:11:04,683 - logger name:log/GBA/stkec-42/stkec.log
2025-06-03 11:11:04,684 - params : {'conf': 'conf/GBA/stkec.json', 'seed': 42, 'paral': 0, 'gpuid': 2, 'logname': 'stkec', 'method': 'STKEC', 'load_first_year': 0, 'first_year_model_path': 'log/PEMS3/trafficStream-42/2011/16.6936.pkl', 'device': device(type='cuda', index=2), 'methods': {'TrafficStream': <class 'src.model.model.TrafficStream_Model'>, 'STKEC': <class 'src.model.model.STKEC_Model'>}, 'begin_year': 2017, 'end_year': 2020, 'dropout': 0.0, 'lr': 0.01, 'batch_size': 128, 'epoch': 1, 'loss': 'mse', 'activation': 'relu', 'scheduler': 'epo', 'y_len': 12, 'x_len': 12, 'data_process': 0, 'influe_length': 168, 'batch_influ_size': 4, 'beita': 1, 'cluster': 24, 'auto_test': 1, 'raw_data_path': 'data/GBA/finaldata/', 'save_data_path': 'data/GBA/FastData/', 'graph_path': 'data/GBA/graph/', 'model_path': 'log/GBA/', 'gcn': {'in_channel': 12, 'out_channel': 12, 'hidden_channel': 64}, 'tcn': {'in_channel': 1, 'out_channel': 1, 'kernel_size': 3, 'dilation': 1}, 'rank': 6, 'train': 1, 'strategy': 'incremental', 'init': True, 'increase': True, 'num_hops': 2, 'detect': True, 'detect_strategy': 'feature', 'detect_infl_strategy': True, 'infl_topk': 10, 'adp_adj': False, 'skip_dim': 64, 'end_dim': 64, 'hidden_channels': 32, 'dilation_channels': 64, 'residual_channels': 64, 'input_dim': 1, 'output_dim': 1, 'ewc': True, 'ewc_strategy': 'ewc', 'ewc_lambda': 0.0001, 'replay': True, 'replay_strategy': 'random', 'repaly_num_samples': 300, 'extra_feature': True, 'momentum_type': 'linear', 'memory_size': 32, 'path': 'log/GBA/stkec-42', 'logger': <Logger utils.initialize (INFO)>}
2025-06-03 11:11:04,809 - [*] Year 2017 load from data/GBA/FastData/2017.npz
2025-06-03 11:11:24,385 - [*] Year 2017 Dataset load!
2025-06-03 11:11:24,413 - [*] Year 2017 Training start
2025-06-03 11:11:25,613 - node number torch.Size([293632, 12])
2025-06-03 11:11:51,964 - epoch:0, training loss:11683.3376 validation loss:41.2888
2025-06-03 11:12:04,361 - [*] loss:2831.2688
2025-06-03 11:12:06,091 - [*] year 2017, testing
2025-06-03 11:12:19,950 - T:3	MAE	33.4017	RMSE	43.8901	MAPE	57.0600
2025-06-03 11:12:47,710 - T:6	MAE	34.5972	RMSE	46.1463	MAPE	57.4043
2025-06-03 11:14:18,091 - T:12	MAE	37.8813	RMSE	51.9601	MAPE	58.4800
2025-06-03 11:14:18,091 - T:Avg	MAE	35.0099	RMSE	46.8317	MAPE	57.5994
2025-06-03 11:14:18,099 - Finished optimization, total time:18.00 s, best model:log/GBA/stkec-42/2017/41.2888.pkl
2025-06-03 11:14:18,287 - [*] Year 2018 load from data/GBA/FastData/2018.npz
2025-06-03 11:14:18,348 - [*] load from log/GBA/stkec-42/2017/30.8536.pkl
2025-06-03 11:14:18,395 - [*] detect strategy feature
2025-06-03 11:17:25,284 - logger name:log/GBA/stkec-42/stkec.log
2025-06-03 11:17:25,284 - params : {'conf': 'conf/GBA/stkec.json', 'seed': 42, 'paral': 0, 'gpuid': 2, 'logname': 'stkec', 'method': 'STKEC', 'load_first_year': 0, 'first_year_model_path': 'log/PEMS3/trafficStream-42/2011/16.6936.pkl', 'device': device(type='cuda', index=2), 'methods': {'TrafficStream': <class 'src.model.model.TrafficStream_Model'>, 'STKEC': <class 'src.model.model.STKEC_Model'>}, 'begin_year': 2017, 'end_year': 2020, 'dropout': 0.0, 'lr': 0.01, 'batch_size': 128, 'epoch': 1, 'loss': 'mse', 'activation': 'relu', 'scheduler': 'epo', 'y_len': 12, 'x_len': 12, 'data_process': 0, 'influe_length': 168, 'batch_influ_size': 4, 'beita': 1, 'cluster': 24, 'auto_test': 1, 'raw_data_path': 'data/GBA/finaldata/', 'save_data_path': 'data/GBA/FastData/', 'graph_path': 'data/GBA/graph/', 'model_path': 'log/GBA/', 'gcn': {'in_channel': 12, 'out_channel': 12, 'hidden_channel': 64}, 'tcn': {'in_channel': 1, 'out_channel': 1, 'kernel_size': 3, 'dilation': 1}, 'rank': 6, 'train': 1, 'strategy': 'incremental', 'init': True, 'increase': True, 'num_hops': 2, 'detect': True, 'detect_strategy': 'feature', 'detect_infl_strategy': True, 'infl_topk': 10, 'adp_adj': False, 'skip_dim': 64, 'end_dim': 64, 'hidden_channels': 32, 'dilation_channels': 64, 'residual_channels': 64, 'input_dim': 1, 'output_dim': 1, 'ewc': True, 'ewc_strategy': 'ewc', 'ewc_lambda': 0.0001, 'replay': True, 'replay_strategy': 'random', 'replay_num_samples': 300, 'extra_feature': True, 'momentum_type': 'linear', 'memory_size': 32, 'path': 'log/GBA/stkec-42', 'logger': <Logger utils.initialize (INFO)>}
2025-06-03 11:17:25,416 - [*] Year 2017 load from data/GBA/FastData/2017.npz
2025-06-03 11:17:58,846 - [*] Year 2017 Dataset load!
2025-06-03 11:17:58,882 - [*] Year 2017 Training start
2025-06-03 11:17:59,666 - node number torch.Size([293632, 12])
2025-06-03 11:18:20,000 - epoch:0, training loss:11683.3376 validation loss:41.2888
2025-06-03 11:18:27,089 - [*] loss:2831.2688
2025-06-03 11:18:34,918 - [*] year 2017, testing
2025-06-03 11:18:58,101 - T:3	MAE	33.4017	RMSE	43.8901	MAPE	57.0600
2025-06-03 11:19:30,810 - T:6	MAE	34.5972	RMSE	46.1463	MAPE	57.4043
2025-06-03 11:21:13,882 - T:12	MAE	37.8813	RMSE	51.9601	MAPE	58.4800
2025-06-03 11:21:13,883 - T:Avg	MAE	35.0099	RMSE	46.8317	MAPE	57.5994
2025-06-03 11:21:13,893 - Finished optimization, total time:12.42 s, best model:log/GBA/stkec-42/2017/41.2888.pkl
2025-06-03 11:21:14,108 - [*] Year 2018 load from data/GBA/FastData/2018.npz
2025-06-03 11:21:14,161 - [*] load from log/GBA/stkec-42/2017/30.8536.pkl
2025-06-03 11:21:14,224 - [*] detect strategy feature
2025-06-03 11:21:28,641 - number of increase nodes:306, nodes after 2 hop:torch.Size([2077]), total nodes this year 2321
2025-06-03 11:22:00,272 - [*] Year 2018 Dataset load!
2025-06-03 11:22:00,273 - [*] load from log/GBA/stkec-42/2017/30.8536.pkl
2025-06-03 11:22:00,278 - [*] EWC! lambda 0.000100
2025-06-03 11:23:54,355 - logger name:log/GBA/stkec-42/stkec.log
2025-06-03 11:23:54,355 - params : {'conf': 'conf/GBA/stkec.json', 'seed': 42, 'paral': 0, 'gpuid': 2, 'logname': 'stkec', 'method': 'STKEC', 'load_first_year': 0, 'first_year_model_path': 'log/PEMS3/trafficStream-42/2011/16.6936.pkl', 'device': device(type='cuda', index=2), 'methods': {'TrafficStream': <class 'src.model.model.TrafficStream_Model'>, 'STKEC': <class 'src.model.model.STKEC_Model'>}, 'begin_year': 2017, 'end_year': 2020, 'dropout': 0.0, 'lr': 0.01, 'batch_size': 128, 'epoch': 1, 'loss': 'mse', 'activation': 'relu', 'scheduler': 'epo', 'y_len': 12, 'x_len': 12, 'data_process': 0, 'influe_length': 168, 'batch_influ_size': 4, 'beita': 1, 'cluster': 24, 'auto_test': 1, 'raw_data_path': 'data/GBA/finaldata/', 'save_data_path': 'data/GBA/FastData/', 'graph_path': 'data/GBA/graph/', 'model_path': 'log/GBA/', 'gcn': {'in_channel': 12, 'out_channel': 12, 'hidden_channel': 64}, 'tcn': {'in_channel': 1, 'out_channel': 1, 'kernel_size': 3, 'dilation': 1}, 'rank': 6, 'train': 1, 'strategy': 'incremental', 'init': True, 'increase': True, 'num_hops': 2, 'detect': True, 'detect_strategy': 'feature', 'detect_infl_strategy': True, 'infl_topk': 10, 'adp_adj': False, 'skip_dim': 64, 'end_dim': 64, 'hidden_channels': 32, 'dilation_channels': 64, 'residual_channels': 64, 'input_dim': 1, 'output_dim': 1, 'ewc': True, 'ewc_strategy': 'ewc', 'ewc_lambda': 0.0001, 'replay': True, 'replay_strategy': 'random', 'replay_num_samples': 300, 'extra_feature': True, 'momentum_type': 'linear', 'memory_size': 32, 'path': 'log/GBA/stkec-42', 'logger': <Logger utils.initialize (INFO)>}
2025-06-03 11:23:54,537 - [*] Year 2017 load from data/GBA/FastData/2017.npz
2025-06-03 11:25:05,146 - [*] Year 2017 Dataset load!
2025-06-03 11:25:05,158 - [*] Year 2017 Training start
2025-06-03 11:25:06,236 - node number torch.Size([293632, 12])
2025-06-03 11:25:33,770 - epoch:0, training loss:11683.3376 validation loss:41.2888
2025-06-03 11:25:42,093 - [*] loss:2831.2688
2025-06-03 11:25:43,714 - [*] year 2017, testing
2025-06-03 11:26:02,373 - T:3	MAE	33.4017	RMSE	43.8901	MAPE	57.0600
2025-06-03 11:26:37,172 - T:6	MAE	34.5972	RMSE	46.1463	MAPE	57.4043
2025-06-03 11:28:19,454 - T:12	MAE	37.8813	RMSE	51.9601	MAPE	58.4800
2025-06-03 11:28:19,455 - T:Avg	MAE	35.0099	RMSE	46.8317	MAPE	57.5994
2025-06-03 11:28:19,464 - Finished optimization, total time:19.15 s, best model:log/GBA/stkec-42/2017/41.2888.pkl
2025-06-03 11:28:19,703 - [*] Year 2018 load from data/GBA/FastData/2018.npz
2025-06-03 11:28:19,770 - [*] load from log/GBA/stkec-42/2017/30.8536.pkl
2025-06-03 11:28:19,825 - [*] detect strategy feature
2025-06-03 11:28:33,655 - number of increase nodes:306, nodes after 2 hop:torch.Size([2077]), total nodes this year 2321
2025-06-03 11:29:01,999 - [*] Year 2018 Dataset load!
2025-06-03 11:29:02,000 - [*] load from log/GBA/stkec-42/2017/30.8536.pkl
2025-06-03 11:29:02,004 - [*] EWC! lambda 0.000100
2025-06-03 11:29:20,706 - [*] Year 2018 Training start
2025-06-03 11:29:23,637 - node number torch.Size([265856, 12])
2025-06-03 11:29:39,369 - epoch:0, training loss:1974.2276 validation loss:26.8350
2025-06-03 11:29:48,537 - [*] loss:2137.3848
2025-06-03 11:29:49,849 - [*] year 2018, testing
2025-06-03 11:30:03,908 - T:3	MAE	22.6819	RMSE	35.9039	MAPE	15.0212
2025-06-03 11:30:44,893 - T:6	MAE	24.9028	RMSE	39.1886	MAPE	17.0900
2025-06-03 11:32:55,183 - logger name:log/GBA/stkec-42/stkec.log
2025-06-03 11:32:55,183 - params : {'conf': 'conf/GBA/stkec.json', 'seed': 42, 'paral': 0, 'gpuid': 2, 'logname': 'stkec', 'method': 'STKEC', 'load_first_year': 0, 'first_year_model_path': 'log/PEMS3/trafficStream-42/2011/16.6936.pkl', 'device': device(type='cuda', index=2), 'methods': {'TrafficStream': <class 'src.model.model.TrafficStream_Model'>, 'STKEC': <class 'src.model.model.STKEC_Model'>}, 'begin_year': 2017, 'end_year': 2020, 'dropout': 0.0, 'lr': 0.01, 'batch_size': 128, 'epoch': 100, 'loss': 'mse', 'activation': 'relu', 'scheduler': 'epo', 'y_len': 12, 'x_len': 12, 'data_process': 0, 'influe_length': 168, 'batch_influ_size': 4, 'beita': 1, 'cluster': 24, 'auto_test': 1, 'raw_data_path': 'data/GBA/finaldata/', 'save_data_path': 'data/GBA/FastData/', 'graph_path': 'data/GBA/graph/', 'model_path': 'log/GBA/', 'gcn': {'in_channel': 12, 'out_channel': 12, 'hidden_channel': 64}, 'tcn': {'in_channel': 1, 'out_channel': 1, 'kernel_size': 3, 'dilation': 1}, 'rank': 6, 'train': 1, 'strategy': 'incremental', 'init': True, 'increase': True, 'num_hops': 2, 'detect': True, 'detect_strategy': 'feature', 'detect_infl_strategy': True, 'infl_topk': 10, 'adp_adj': False, 'skip_dim': 64, 'end_dim': 64, 'hidden_channels': 32, 'dilation_channels': 64, 'residual_channels': 64, 'input_dim': 1, 'output_dim': 1, 'ewc': True, 'ewc_strategy': 'ewc', 'ewc_lambda': 0.0001, 'replay': True, 'replay_strategy': 'random', 'replay_num_samples': 300, 'extra_feature': True, 'momentum_type': 'linear', 'memory_size': 32, 'path': 'log/GBA/stkec-42', 'logger': <Logger utils.initialize (INFO)>}
2025-06-03 11:32:55,308 - [*] Year 2017 load from data/GBA/FastData/2017.npz
2025-06-03 11:33:14,068 - [*] Year 2017 Dataset load!
2025-06-03 11:33:14,102 - [*] Year 2017 Training start
2025-06-03 11:33:15,437 - node number torch.Size([293632, 12])
2025-06-03 11:33:40,054 - epoch:0, training loss:11683.3376 validation loss:41.2888
2025-06-03 11:34:08,302 - epoch:1, training loss:2275.5668 validation loss:34.0305
2025-06-03 11:34:33,837 - epoch:2, training loss:2040.8881 validation loss:32.8076
2025-06-03 11:35:00,932 - epoch:3, training loss:1988.6867 validation loss:36.4517
2025-06-03 11:35:24,408 - epoch:4, training loss:1958.7395 validation loss:32.5718
2025-06-03 11:35:52,752 - epoch:5, training loss:1931.5809 validation loss:33.5667
2025-06-03 11:36:20,648 - epoch:6, training loss:1885.9933 validation loss:35.4202
2025-06-03 11:36:47,877 - epoch:7, training loss:1862.7292 validation loss:38.2871
2025-06-03 11:37:15,125 - epoch:8, training loss:1854.8007 validation loss:34.4765
2025-06-03 11:37:39,927 - epoch:9, training loss:1846.0252 validation loss:31.7964
2025-06-03 11:38:01,052 - epoch:10, training loss:1835.6321 validation loss:35.3636
2025-06-03 11:38:21,876 - epoch:11, training loss:1822.1738 validation loss:30.8536
2025-06-03 11:38:42,091 - epoch:12, training loss:1818.1390 validation loss:33.6854
2025-06-03 11:39:04,109 - epoch:13, training loss:1832.4610 validation loss:31.6657
2025-06-03 11:39:24,779 - epoch:14, training loss:1821.6750 validation loss:34.6222
2025-06-03 11:39:45,959 - epoch:15, training loss:1824.5184 validation loss:31.3168
2025-06-03 11:40:06,963 - epoch:16, training loss:1809.9057 validation loss:31.1437
2025-06-03 11:40:29,020 - epoch:17, training loss:1810.0454 validation loss:31.4379
2025-06-03 11:40:36,242 - [*] loss:1832.4797
2025-06-03 11:40:38,167 - [*] year 2017, testing
2025-06-03 11:40:54,988 - T:3	MAE	21.9616	RMSE	33.8113	MAPE	14.1791
2025-06-03 11:41:27,407 - T:6	MAE	24.0304	RMSE	36.8348	MAPE	16.0647
2025-06-03 11:43:13,986 - T:12	MAE	28.0967	RMSE	42.6161	MAPE	20.2105
2025-06-03 11:43:13,986 - T:Avg	MAE	24.3475	RMSE	37.2432	MAPE	16.4712
2025-06-03 11:43:13,994 - Finished optimization, total time:266.51 s, best model:log/GBA/stkec-42/2017/30.8536.pkl
2025-06-03 11:43:14,285 - [*] Year 2018 load from data/GBA/FastData/2018.npz
2025-06-03 11:43:14,332 - [*] load from log/GBA/stkec-42/2017/30.8536.pkl
2025-06-03 11:43:14,422 - [*] detect strategy feature
2025-06-03 11:43:27,871 - number of increase nodes:306, nodes after 2 hop:torch.Size([2077]), total nodes this year 2321
2025-06-03 11:44:21,745 - [*] Year 2018 Dataset load!
2025-06-03 11:44:21,746 - [*] load from log/GBA/stkec-42/2017/30.8536.pkl
2025-06-03 11:44:21,771 - [*] EWC! lambda 0.000100
2025-06-03 11:44:53,227 - [*] Year 2018 Training start
2025-06-03 11:44:55,288 - node number torch.Size([265856, 12])
2025-06-03 11:45:13,084 - epoch:0, training loss:1894.2764 validation loss:27.1258
2025-06-03 11:45:38,984 - epoch:1, training loss:1674.2818 validation loss:29.5308
2025-06-03 11:46:01,966 - epoch:2, training loss:1682.0733 validation loss:26.8011
2025-06-03 11:46:26,547 - epoch:3, training loss:1686.1122 validation loss:28.0806
2025-06-03 11:46:46,389 - epoch:4, training loss:1685.8518 validation loss:26.9536
2025-06-03 11:47:07,191 - epoch:5, training loss:1698.5538 validation loss:26.7426
2025-06-03 11:47:25,112 - epoch:6, training loss:1687.5042 validation loss:27.5770
2025-06-03 11:47:42,327 - epoch:7, training loss:1712.2042 validation loss:27.1849
2025-06-03 11:47:59,506 - epoch:8, training loss:1695.4079 validation loss:26.6172
2025-06-03 11:48:16,642 - epoch:9, training loss:1691.8933 validation loss:34.0483
2025-06-03 11:48:33,970 - epoch:10, training loss:1706.2378 validation loss:30.9994
2025-06-03 11:48:51,188 - epoch:11, training loss:1685.3019 validation loss:32.1459
2025-06-03 11:49:08,412 - epoch:12, training loss:1699.3936 validation loss:26.5960
2025-06-03 11:49:25,749 - epoch:13, training loss:1689.8491 validation loss:32.1799
2025-06-03 11:49:42,937 - epoch:14, training loss:1705.3482 validation loss:27.2986
2025-06-03 11:50:00,440 - epoch:15, training loss:1694.9447 validation loss:28.0287
2025-06-03 11:50:18,294 - epoch:16, training loss:1713.7159 validation loss:27.5363
2025-06-03 11:50:35,742 - epoch:17, training loss:1697.6166 validation loss:30.2730
2025-06-03 11:50:53,290 - epoch:18, training loss:1688.4737 validation loss:28.5343
2025-06-03 11:51:02,018 - [*] loss:2126.2852
2025-06-03 11:51:03,309 - [*] year 2018, testing
2025-06-03 11:51:17,607 - T:3	MAE	22.6546	RMSE	35.6351	MAPE	16.2216
2025-06-03 11:51:46,186 - T:6	MAE	24.8179	RMSE	38.8373	MAPE	18.2797
2025-06-03 11:53:23,062 - T:12	MAE	29.0797	RMSE	44.8776	MAPE	22.6158
2025-06-03 11:53:23,062 - T:Avg	MAE	25.1538	RMSE	39.2522	MAPE	18.6759
2025-06-03 11:53:23,071 - Finished optimization, total time:230.50 s, best model:log/GBA/stkec-42/2018/26.596.pkl
2025-06-03 11:53:23,375 - [*] Year 2019 load from data/GBA/FastData/2019.npz
2025-06-03 11:53:23,441 - [*] load from log/GBA/stkec-42/2018/26.596.pkl
2025-06-03 11:53:23,504 - [*] detect strategy feature
2025-06-03 11:53:38,857 - number of increase nodes:315, nodes after 2 hop:torch.Size([2070]), total nodes this year 2352
2025-06-03 11:54:22,014 - [*] Year 2019 Dataset load!
2025-06-03 11:54:22,014 - [*] load from log/GBA/stkec-42/2018/26.596.pkl
2025-06-03 11:54:22,019 - [*] EWC! lambda 0.000100
2025-06-03 11:54:41,456 - [*] Year 2019 Training start
2025-06-03 11:54:45,048 - node number torch.Size([264960, 12])
2025-06-03 11:55:01,529 - epoch:0, training loss:2075.4838 validation loss:32.1322
2025-06-03 11:55:21,150 - epoch:1, training loss:1928.1019 validation loss:31.0701
2025-06-03 11:55:40,726 - epoch:2, training loss:1914.1864 validation loss:29.3366
2025-06-03 11:56:00,296 - epoch:3, training loss:1917.6996 validation loss:31.8149
2025-06-03 11:56:20,269 - epoch:4, training loss:1916.6976 validation loss:42.0708
2025-06-03 11:56:40,117 - epoch:5, training loss:1945.2457 validation loss:27.7046
2025-06-03 11:57:00,869 - epoch:6, training loss:1927.6907 validation loss:31.5420
2025-06-03 11:57:20,914 - epoch:7, training loss:1938.1377 validation loss:28.5557
2025-06-03 11:57:40,774 - epoch:8, training loss:1929.3901 validation loss:28.1508
2025-06-03 11:58:00,476 - epoch:9, training loss:1919.9826 validation loss:37.1792
2025-06-03 11:58:20,146 - epoch:10, training loss:1930.4104 validation loss:28.3237
2025-06-03 11:58:40,030 - epoch:11, training loss:1937.1087 validation loss:31.1705
2025-06-03 11:58:50,257 - [*] loss:1783.1316
2025-06-03 11:58:51,534 - [*] year 2019, testing
2025-06-03 11:59:07,649 - T:3	MAE	20.7821	RMSE	32.5465	MAPE	13.0889
2025-06-03 11:59:39,184 - T:6	MAE	22.8684	RMSE	35.7640	MAPE	14.5550
2025-06-03 12:01:21,812 - T:12	MAE	26.9163	RMSE	41.7179	MAPE	18.0410
2025-06-03 12:01:21,812 - T:Avg	MAE	23.1603	RMSE	36.1297	MAPE	14.9350
2025-06-03 12:01:21,820 - Finished optimization, total time:145.40 s, best model:log/GBA/stkec-42/2019/27.7046.pkl
2025-06-03 12:01:22,054 - [*] Year 2020 load from data/GBA/FastData/2020.npz
2025-06-03 12:01:22,131 - [*] load from log/GBA/stkec-42/2019/27.7046.pkl
2025-06-03 12:01:22,179 - [*] detect strategy feature
2025-06-03 12:01:39,918 - number of increase nodes:286, nodes after 2 hop:torch.Size([2069]), total nodes this year 2352
2025-06-03 12:02:27,123 - [*] Year 2020 Dataset load!
2025-06-03 12:02:27,123 - [*] load from log/GBA/stkec-42/2019/27.7046.pkl
2025-06-03 12:02:27,128 - [*] EWC! lambda 0.000100
2025-06-03 12:02:47,599 - [*] Year 2020 Training start
2025-06-03 12:02:51,857 - node number torch.Size([264832, 12])
2025-06-03 12:03:08,986 - epoch:0, training loss:2145.5864 validation loss:31.3493
2025-06-03 12:03:30,448 - epoch:1, training loss:1751.5439 validation loss:29.4004
2025-06-03 12:03:52,021 - epoch:2, training loss:1744.7325 validation loss:32.4923
2025-06-03 12:04:13,034 - epoch:3, training loss:1745.4098 validation loss:32.8626
2025-06-03 12:04:34,109 - epoch:4, training loss:1744.2639 validation loss:34.0392
2025-06-03 12:04:55,434 - epoch:5, training loss:1742.8470 validation loss:27.8290
2025-06-03 12:05:16,929 - epoch:6, training loss:1747.3494 validation loss:32.1993
2025-06-03 12:05:38,244 - epoch:7, training loss:1763.0607 validation loss:33.6287
2025-06-03 12:05:59,376 - epoch:8, training loss:1765.5781 validation loss:27.3486
2025-06-03 12:06:20,851 - epoch:9, training loss:1735.9365 validation loss:33.7739
2025-06-03 12:06:41,972 - epoch:10, training loss:1751.8122 validation loss:34.8674
2025-06-03 12:07:03,233 - epoch:11, training loss:1752.7128 validation loss:30.7496
2025-06-03 12:07:24,626 - epoch:12, training loss:1741.1437 validation loss:30.8590
2025-06-03 12:07:46,022 - epoch:13, training loss:1734.3969 validation loss:31.4694
2025-06-03 12:08:07,537 - epoch:14, training loss:1739.7286 validation loss:32.7726
2025-06-03 12:08:20,650 - [*] loss:1733.0695
2025-06-03 12:08:22,242 - [*] year 2020, testing
2025-06-03 12:08:37,401 - T:3	MAE	26.3152	RMSE	37.1450	MAPE	16.3459
2025-06-03 12:09:07,821 - T:6	MAE	26.8841	RMSE	38.3368	MAPE	17.2426
2025-06-03 12:10:45,466 - T:12	MAE	28.6688	RMSE	41.4073	MAPE	19.3825
2025-06-03 12:10:45,466 - T:Avg	MAE	27.1175	RMSE	38.6582	MAPE	17.4595
2025-06-03 12:10:45,477 - Finished optimization, total time:193.25 s, best model:log/GBA/stkec-42/2020/27.3486.pkl
2025-06-03 12:10:45,543 - 


2025-06-03 12:10:45,544 - 3   	 MAE	     21.96	     22.65	     20.78	     26.32		   22.93
2025-06-03 12:10:45,544 - 3   	RMSE	     33.81	     35.64	     32.55	     37.14		   34.78
2025-06-03 12:10:45,544 - 3   	MAPE	     14.18	     16.22	     13.09	     16.35		   14.96
2025-06-03 12:10:45,544 - 6   	 MAE	     24.03	     24.82	     22.87	     26.88		   24.65
2025-06-03 12:10:45,544 - 6   	RMSE	     36.83	     38.84	     35.76	     38.34		   37.44
2025-06-03 12:10:45,544 - 6   	MAPE	     16.06	     18.28	     14.55	     17.24		   16.54
2025-06-03 12:10:45,544 - 12  	 MAE	     28.10	     29.08	     26.92	     28.67		   28.19
2025-06-03 12:10:45,544 - 12  	RMSE	     42.62	     44.88	     41.72	     41.41		   42.65
2025-06-03 12:10:45,544 - 12  	MAPE	     20.21	     22.62	     18.04	     19.38		   20.06
2025-06-03 12:10:45,544 - Avg 	 MAE	     24.35	     25.15	     23.16	     27.12		   24.94
2025-06-03 12:10:45,544 - Avg 	RMSE	     37.24	     39.25	     36.13	     38.66		   37.82
2025-06-03 12:10:45,544 - Avg 	MAPE	     16.47	     18.68	     14.93	     17.46		   16.89
2025-06-03 12:10:45,544 - year	2017	total_time	  266.5077	average_time	   14.8060	epoch	18
2025-06-03 12:10:45,544 - year	2018	total_time	  230.4952	average_time	   12.1313	epoch	19
2025-06-03 12:10:45,544 - year	2019	total_time	  145.4047	average_time	   12.1171	epoch	12
2025-06-03 12:10:45,544 - year	2020	total_time	  193.2508	average_time	   12.8834	epoch	15
2025-06-03 12:10:45,544 - total time: 835.6584
2025-06-06 17:22:58,721 - logger name:log/GBA/stkec-42/stkec.log
2025-06-06 17:22:58,721 - params : {'conf': 'conf/GBA/stkec.json', 'seed': 42, 'paral': 0, 'gpuid': 5, 'logname': 'stkec', 'method': 'STKEC', 'load_first_year': 0, 'first_year_model_path': 'log/PEMS3/trafficStream-42/2011/16.6936.pkl', 'device': device(type='cuda', index=5), 'methods': {'TrafficStream': <class 'src.model.model.TrafficStream_Model'>, 'STKEC': <class 'src.model.model.STKEC_Model'>}, 'begin_year': 2017, 'end_year': 2020, 'dropout': 0.0, 'lr': 0.01, 'batch_size': 128, 'epoch': 100, 'loss': 'mse', 'activation': 'relu', 'scheduler': 'epo', 'y_len': 12, 'x_len': 12, 'data_process': 0, 'influe_length': 168, 'batch_influ_size': 4, 'beita': 1, 'cluster': 24, 'auto_test': 1, 'raw_data_path': 'data/GBA/finaldata/', 'save_data_path': 'data/GBA/FastData/', 'graph_path': 'data/GBA/graph/', 'model_path': 'log/GBA/', 'gcn': {'in_channel': 12, 'out_channel': 12, 'hidden_channel': 64}, 'tcn': {'in_channel': 1, 'out_channel': 1, 'kernel_size': 3, 'dilation': 1}, 'rank': 6, 'train': 1, 'strategy': 'incremental', 'init': True, 'increase': True, 'num_hops': 2, 'detect': True, 'detect_strategy': 'feature', 'detect_infl_strategy': True, 'infl_topk': 10, 'adp_adj': False, 'skip_dim': 64, 'end_dim': 64, 'hidden_channels': 32, 'dilation_channels': 64, 'residual_channels': 64, 'input_dim': 1, 'output_dim': 1, 'ewc': True, 'ewc_strategy': 'ewc', 'ewc_lambda': 0.0001, 'replay': True, 'replay_strategy': 'random', 'replay_num_samples': 300, 'extra_feature': True, 'momentum_type': 'linear', 'memory_size': 32, 'path': 'log/GBA/stkec-42', 'logger': <Logger utils.initialize (INFO)>}
2025-06-06 17:22:58,883 - [*] Year 2017 load from data/GBA/FastData/2017.npz
2025-06-06 17:23:27,665 - [*] Year 2017 Dataset load!
2025-06-06 17:23:27,703 - [*] Year 2017 Training start
2025-06-06 17:23:28,735 - node number torch.Size([293632, 12])
2025-06-06 17:23:48,742 - epoch:0, training loss:11683.3376 validation loss:41.2888
2025-06-06 17:24:09,875 - epoch:1, training loss:2275.5668 validation loss:34.0305
2025-06-06 17:24:31,247 - epoch:2, training loss:2040.8881 validation loss:32.8076
2025-06-06 17:24:50,183 - epoch:3, training loss:1988.6867 validation loss:36.4517
2025-06-06 17:25:09,346 - epoch:4, training loss:1958.7395 validation loss:32.5718
2025-06-06 17:25:30,532 - epoch:5, training loss:1931.5809 validation loss:33.5667
2025-06-06 17:25:52,495 - epoch:6, training loss:1885.9933 validation loss:35.4202
2025-06-06 17:26:14,275 - epoch:7, training loss:1862.7292 validation loss:38.2871
2025-06-06 17:26:34,457 - epoch:8, training loss:1854.8007 validation loss:34.4765
2025-06-06 17:26:53,909 - epoch:9, training loss:1846.0252 validation loss:31.7964
2025-06-06 17:27:15,740 - epoch:10, training loss:1835.6321 validation loss:35.3636
2025-06-06 17:27:38,217 - epoch:11, training loss:1822.1738 validation loss:30.8536
2025-06-06 17:27:57,573 - epoch:12, training loss:1818.1390 validation loss:33.6854
2025-06-06 17:28:18,012 - epoch:13, training loss:1832.4610 validation loss:31.6657
2025-06-06 17:28:37,577 - epoch:14, training loss:1821.6750 validation loss:34.6222
2025-06-06 17:28:59,286 - epoch:15, training loss:1824.5184 validation loss:31.3168
2025-06-06 17:29:31,146 - epoch:16, training loss:1809.9057 validation loss:31.1437
2025-06-06 17:29:51,229 - epoch:17, training loss:1810.0454 validation loss:31.4379
2025-06-06 17:29:58,458 - [*] loss:1832.4797
2025-06-06 17:30:05,736 - [*] year 2017, testing
2025-06-06 17:30:35,390 - T:3	MAE	21.9616	RMSE	33.8113	MAPE	14.1791
2025-06-06 17:31:07,107 - T:6	MAE	24.0304	RMSE	36.8348	MAPE	16.0647
2025-06-06 17:34:05,363 - T:12	MAE	28.0967	RMSE	42.6161	MAPE	20.2105
2025-06-06 17:34:05,364 - T:Avg	MAE	24.3475	RMSE	37.2432	MAPE	16.4712
2025-06-06 17:34:05,374 - Finished optimization, total time:205.61 s, best model:log/GBA/stkec-42/2017/30.8536.pkl
2025-06-06 17:34:05,648 - [*] Year 2018 load from data/GBA/FastData/2018.npz
2025-06-06 17:34:05,736 - [*] load from log/GBA/stkec-42/2017/30.8536.pkl
2025-06-06 17:34:05,819 - [*] detect strategy feature
2025-06-06 17:34:24,136 - number of increase nodes:306, nodes after 2 hop:torch.Size([2077]), total nodes this year 2321
2025-06-06 17:38:35,966 - [*] Year 2018 Dataset load!
2025-06-06 17:38:35,966 - [*] load from log/GBA/stkec-42/2017/30.8536.pkl
2025-06-06 17:38:35,991 - [*] EWC! lambda 0.000100
2025-06-06 17:40:33,206 - [*] Year 2018 Training start
2025-06-06 17:40:39,523 - node number torch.Size([265856, 12])
2025-06-06 17:40:59,323 - epoch:0, training loss:1894.2764 validation loss:27.1258
2025-06-06 17:41:25,928 - epoch:1, training loss:1674.2818 validation loss:29.5308
2025-06-06 17:41:52,076 - epoch:2, training loss:1682.0733 validation loss:26.8011
2025-06-06 17:42:15,271 - epoch:3, training loss:1686.1122 validation loss:28.0806
2025-06-06 17:42:36,650 - epoch:4, training loss:1685.8518 validation loss:26.9536
2025-06-06 17:43:00,179 - epoch:5, training loss:1698.5538 validation loss:26.7426
2025-06-06 17:43:24,158 - epoch:6, training loss:1687.5042 validation loss:27.5770
2025-06-06 17:43:49,601 - epoch:7, training loss:1712.2042 validation loss:27.1849
2025-06-06 17:44:15,350 - epoch:8, training loss:1695.4079 validation loss:26.6172
2025-06-06 17:44:39,463 - epoch:9, training loss:1691.8933 validation loss:34.0483
2025-06-06 17:45:00,518 - epoch:10, training loss:1706.2378 validation loss:30.9994
2025-06-06 17:45:23,963 - epoch:11, training loss:1685.3019 validation loss:32.1459
2025-06-06 17:45:46,865 - epoch:12, training loss:1699.3936 validation loss:26.5960
2025-06-06 17:46:07,951 - epoch:13, training loss:1689.8491 validation loss:32.1799
2025-06-06 17:46:33,790 - epoch:14, training loss:1705.3482 validation loss:27.2986
2025-06-06 17:46:58,668 - epoch:15, training loss:1694.9447 validation loss:28.0287
2025-06-06 17:47:21,260 - epoch:16, training loss:1713.7159 validation loss:27.5363
2025-06-06 17:47:45,196 - epoch:17, training loss:1697.6166 validation loss:30.2730
2025-06-06 17:48:07,925 - epoch:18, training loss:1688.4737 validation loss:28.5343
2025-06-06 17:48:20,783 - [*] loss:2126.2852
2025-06-06 17:49:12,850 - [*] year 2018, testing
2025-06-06 17:49:27,218 - T:3	MAE	22.6546	RMSE	35.6351	MAPE	16.2216
2025-06-06 17:51:35,642 - T:6	MAE	24.8179	RMSE	38.8373	MAPE	18.2797
2025-06-06 17:55:17,880 - T:12	MAE	29.0797	RMSE	44.8776	MAPE	22.6158
2025-06-06 17:55:17,881 - T:Avg	MAE	25.1538	RMSE	39.2522	MAPE	18.6759
2025-06-06 17:55:17,914 - Finished optimization, total time:282.93 s, best model:log/GBA/stkec-42/2018/26.596.pkl
2025-06-06 17:55:18,239 - [*] Year 2019 load from data/GBA/FastData/2019.npz
2025-06-06 17:55:18,296 - [*] load from log/GBA/stkec-42/2018/26.596.pkl
2025-06-06 17:55:18,363 - [*] detect strategy feature
2025-06-06 17:55:38,779 - number of increase nodes:315, nodes after 2 hop:torch.Size([2070]), total nodes this year 2352
2025-06-06 17:57:10,902 - [*] Year 2019 Dataset load!
2025-06-06 17:57:10,902 - [*] load from log/GBA/stkec-42/2018/26.596.pkl
2025-06-06 17:57:10,929 - [*] EWC! lambda 0.000100
2025-06-06 18:03:35,223 - [*] Year 2019 Training start
2025-06-06 18:03:42,901 - node number torch.Size([264960, 12])
2025-06-06 18:04:05,512 - epoch:0, training loss:2075.4838 validation loss:32.1322
2025-06-06 18:04:34,045 - epoch:1, training loss:1928.1019 validation loss:31.0701
2025-06-06 18:05:01,288 - epoch:2, training loss:1914.1864 validation loss:29.3366
2025-06-06 18:05:29,443 - epoch:3, training loss:1917.6996 validation loss:31.8149
2025-06-06 18:05:57,614 - epoch:4, training loss:1916.6976 validation loss:42.0708
2025-06-06 18:06:27,347 - epoch:5, training loss:1945.2457 validation loss:27.7046
2025-06-06 18:06:56,350 - epoch:6, training loss:1927.6907 validation loss:31.5420
2025-06-06 18:07:24,820 - epoch:7, training loss:1938.1377 validation loss:28.5557
2025-06-06 18:07:54,462 - epoch:8, training loss:1929.3901 validation loss:28.1508
2025-06-06 18:08:22,520 - epoch:9, training loss:1919.9826 validation loss:37.1792
2025-06-06 18:08:51,596 - epoch:10, training loss:1930.4104 validation loss:28.3237
2025-06-06 18:09:21,582 - epoch:11, training loss:1937.1087 validation loss:31.1705
2025-06-06 18:09:35,903 - [*] loss:1783.1316
2025-06-06 18:10:26,312 - [*] year 2019, testing
2025-06-06 18:10:42,006 - T:3	MAE	20.7821	RMSE	32.5465	MAPE	13.0889
2025-06-06 18:17:16,819 - T:6	MAE	22.8684	RMSE	35.7640	MAPE	14.5550
2025-06-06 18:37:19,775 - T:12	MAE	26.9163	RMSE	41.7179	MAPE	18.0410
2025-06-06 18:37:19,776 - T:Avg	MAE	23.1603	RMSE	36.1297	MAPE	14.9350
2025-06-06 18:37:19,827 - Finished optimization, total time:206.55 s, best model:log/GBA/stkec-42/2019/27.7046.pkl
2025-06-06 18:37:20,295 - [*] Year 2020 load from data/GBA/FastData/2020.npz
2025-06-06 18:37:20,373 - [*] load from log/GBA/stkec-42/2019/27.7046.pkl
2025-06-06 18:37:20,589 - [*] detect strategy feature
2025-06-06 18:37:52,928 - number of increase nodes:286, nodes after 2 hop:torch.Size([2069]), total nodes this year 2352
2025-06-06 18:39:06,508 - [*] Year 2020 Dataset load!
2025-06-06 18:39:06,509 - [*] load from log/GBA/stkec-42/2019/27.7046.pkl
2025-06-06 18:39:06,517 - [*] EWC! lambda 0.000100
2025-06-06 18:39:40,068 - [*] Year 2020 Training start
2025-06-06 18:39:45,729 - node number torch.Size([264832, 12])
2025-06-06 18:40:04,910 - epoch:0, training loss:2145.5864 validation loss:31.3493
2025-06-06 18:40:36,130 - epoch:1, training loss:1751.5439 validation loss:29.4004
2025-06-06 18:41:09,132 - epoch:2, training loss:1744.7325 validation loss:32.4923
2025-06-06 18:41:42,030 - epoch:3, training loss:1745.4098 validation loss:32.8626
2025-06-06 18:42:14,278 - epoch:4, training loss:1744.2639 validation loss:34.0392
2025-06-06 18:42:46,871 - epoch:5, training loss:1742.8470 validation loss:27.8290
2025-06-06 18:43:19,899 - epoch:6, training loss:1747.3494 validation loss:32.1993
2025-06-06 18:43:51,033 - epoch:7, training loss:1763.0607 validation loss:33.6287
2025-06-06 18:44:22,090 - epoch:8, training loss:1765.5781 validation loss:27.3486
2025-06-06 18:44:53,383 - epoch:9, training loss:1735.9365 validation loss:33.7739
2025-06-06 18:45:27,111 - epoch:10, training loss:1751.8122 validation loss:34.8674
2025-06-06 18:46:01,029 - epoch:11, training loss:1752.7128 validation loss:30.7496
2025-06-06 18:46:29,942 - epoch:12, training loss:1741.1437 validation loss:30.8590
2025-06-06 18:47:02,386 - epoch:13, training loss:1734.3969 validation loss:31.4694
2025-06-06 18:47:37,428 - epoch:14, training loss:1739.7286 validation loss:32.7726
2025-06-06 18:47:59,145 - [*] loss:1733.0695
2025-06-06 18:55:09,523 - [*] year 2020, testing
2025-06-06 19:07:33,350 - T:3	MAE	26.3152	RMSE	37.1450	MAPE	16.3459
2025-06-06 19:18:09,838 - T:6	MAE	26.8841	RMSE	38.3368	MAPE	17.2426
2025-06-06 19:20:00,145 - T:12	MAE	28.6688	RMSE	41.4073	MAPE	19.3825
2025-06-06 19:20:00,146 - T:Avg	MAE	27.1175	RMSE	38.6582	MAPE	17.4595
2025-06-06 19:20:00,335 - Finished optimization, total time:276.23 s, best model:log/GBA/stkec-42/2020/27.3486.pkl
2025-06-06 19:20:00,420 - 


2025-06-06 19:20:00,421 - 3   	 MAE	     21.96	     22.65	     20.78	     26.32		   22.93
2025-06-06 19:20:00,421 - 3   	RMSE	     33.81	     35.64	     32.55	     37.14		   34.78
2025-06-06 19:20:00,421 - 3   	MAPE	     14.18	     16.22	     13.09	     16.35		   14.96
2025-06-06 19:20:00,421 - 6   	 MAE	     24.03	     24.82	     22.87	     26.88		   24.65
2025-06-06 19:20:00,421 - 6   	RMSE	     36.83	     38.84	     35.76	     38.34		   37.44
2025-06-06 19:20:00,421 - 6   	MAPE	     16.06	     18.28	     14.55	     17.24		   16.54
2025-06-06 19:20:00,421 - 12  	 MAE	     28.10	     29.08	     26.92	     28.67		   28.19
2025-06-06 19:20:00,421 - 12  	RMSE	     42.62	     44.88	     41.72	     41.41		   42.65
2025-06-06 19:20:00,421 - 12  	MAPE	     20.21	     22.62	     18.04	     19.38		   20.06
2025-06-06 19:20:00,421 - Avg 	 MAE	     24.35	     25.15	     23.16	     27.12		   24.94
2025-06-06 19:20:00,421 - Avg 	RMSE	     37.24	     39.25	     36.13	     38.66		   37.82
2025-06-06 19:20:00,421 - Avg 	MAPE	     16.47	     18.68	     14.93	     17.46		   16.89
2025-06-06 19:20:00,421 - year	2017	total_time	  205.6129	average_time	   11.4229	epoch	18
2025-06-06 19:20:00,421 - year	2018	total_time	  282.9348	average_time	   14.8913	epoch	19
2025-06-06 19:20:00,422 - year	2019	total_time	  206.5543	average_time	   17.2129	epoch	12
2025-06-06 19:20:00,422 - year	2020	total_time	  276.2282	average_time	   18.4153	epoch	15
2025-06-06 19:20:00,422 - total time: 971.3303
